Fold 0
Model 0 best validation rmse = 1.001525 on epoch 27
Model 0 test rmse = 1.112592
Ensemble test rmse = 1.112592
Fold 1
Model 0 best validation rmse = 1.092127 on epoch 25
Model 0 test rmse = 0.964612
Ensemble test rmse = 0.964612
Fold 2
Model 0 best validation rmse = 1.175739 on epoch 25
Model 0 test rmse = 1.109569
Ensemble test rmse = 1.109569
Fold 3
Model 0 best validation rmse = 1.159507 on epoch 27
Model 0 test rmse = 1.164833
Ensemble test rmse = 1.164833
Fold 4
Model 0 best validation rmse = 1.066814 on epoch 26
Model 0 test rmse = 1.064247
Ensemble test rmse = 1.064247
Fold 5
Model 0 best validation rmse = 1.065869 on epoch 23
Model 0 test rmse = 1.046873
Ensemble test rmse = 1.046873
Fold 6
Model 0 best validation rmse = 1.123398 on epoch 26
Model 0 test rmse = 1.099830
Ensemble test rmse = 1.099830
Fold 7
Model 0 best validation rmse = 0.998776 on epoch 29
Model 0 test rmse = 1.013270
Ensemble test rmse = 1.013270
Fold 8
Model 0 best validation rmse = 0.995420 on epoch 25
Model 0 test rmse = 1.151355
Ensemble test rmse = 1.151355
Fold 9
Model 0 best validation rmse = 1.010293 on epoch 10
Model 0 test rmse = 1.114658
Ensemble test rmse = 1.114658
10-fold cross validation
	Seed 0 ==> test rmse = 1.112592
	Seed 1 ==> test rmse = 0.964612
	Seed 2 ==> test rmse = 1.109569
	Seed 3 ==> test rmse = 1.164833
	Seed 4 ==> test rmse = 1.064247
	Seed 5 ==> test rmse = 1.046873
	Seed 6 ==> test rmse = 1.099830
	Seed 7 ==> test rmse = 1.013270
	Seed 8 ==> test rmse = 1.151355
	Seed 9 ==> test rmse = 1.114658
Overall test rmse = 1.084184 +/- 0.058955
Elapsed time = 0:40:17
Fold 0
Model 0 best validation rmse = 1.059239 on epoch 15
Model 0 test rmse = 1.138246
Ensemble test rmse = 1.138246
Fold 1
Model 0 best validation rmse = 1.117270 on epoch 29
Model 0 test rmse = 1.059795
Ensemble test rmse = 1.059795
Fold 2
Model 0 best validation rmse = 1.169284 on epoch 23
Model 0 test rmse = 1.175911
Ensemble test rmse = 1.175911
Fold 3
Model 0 best validation rmse = 1.216270 on epoch 16
Model 0 test rmse = 1.136367
Ensemble test rmse = 1.136367
Fold 4
Model 0 best validation rmse = 1.100571 on epoch 18
Model 0 test rmse = 1.129840
Ensemble test rmse = 1.129840
Fold 5
Model 0 best validation rmse = 1.109402 on epoch 26
Model 0 test rmse = 1.302109
Ensemble test rmse = 1.302109
Fold 6
Model 0 best validation rmse = 1.110181 on epoch 28
Model 0 test rmse = 1.136149
Ensemble test rmse = 1.136149
Fold 7
Model 0 best validation rmse = 1.075572 on epoch 22
Model 0 test rmse = 1.104215
Ensemble test rmse = 1.104215
Fold 8
Model 0 best validation rmse = 0.999528 on epoch 20
Model 0 test rmse = 1.222038
Ensemble test rmse = 1.222038
Fold 9
Model 0 best validation rmse = 1.020239 on epoch 14
Model 0 test rmse = 1.126298
Ensemble test rmse = 1.126298
10-fold cross validation
	Seed 0 ==> test rmse = 1.138246
	Seed 1 ==> test rmse = 1.059795
	Seed 2 ==> test rmse = 1.175911
	Seed 3 ==> test rmse = 1.136367
	Seed 4 ==> test rmse = 1.129840
	Seed 5 ==> test rmse = 1.302109
	Seed 6 ==> test rmse = 1.136149
	Seed 7 ==> test rmse = 1.104215
	Seed 8 ==> test rmse = 1.222038
	Seed 9 ==> test rmse = 1.126298
Overall test rmse = 1.153097 +/- 0.063733
Elapsed time = 0:37:55
Fold 0
Model 0 best validation rmse = 1.002497 on epoch 15
Model 0 test rmse = 1.145865
Ensemble test rmse = 1.145865
Fold 1
Model 0 best validation rmse = 1.070247 on epoch 25
Model 0 test rmse = 0.949260
Ensemble test rmse = 0.949260
Fold 2
Model 0 best validation rmse = 1.194291 on epoch 14
Model 0 test rmse = 1.142721
Ensemble test rmse = 1.142721
Fold 3
Model 0 best validation rmse = 1.154552 on epoch 13
Model 0 test rmse = 1.176818
Ensemble test rmse = 1.176818
Fold 4
Model 0 best validation rmse = 1.067885 on epoch 20
Model 0 test rmse = 1.120126
Ensemble test rmse = 1.120126
Fold 5
Model 0 best validation rmse = 1.089846 on epoch 18
Model 0 test rmse = 1.068827
Ensemble test rmse = 1.068827
Fold 6
Model 0 best validation rmse = 1.078639 on epoch 28
Model 0 test rmse = 1.106671
Ensemble test rmse = 1.106671
Fold 7
Model 0 best validation rmse = 0.994322 on epoch 29
Model 0 test rmse = 1.007123
Ensemble test rmse = 1.007123
Fold 8
Model 0 best validation rmse = 0.981965 on epoch 20
Model 0 test rmse = 1.156067
Ensemble test rmse = 1.156067
Fold 9
Model 0 best validation rmse = 0.991493 on epoch 17
Model 0 test rmse = 1.111422
Ensemble test rmse = 1.111422
10-fold cross validation
	Seed 0 ==> test rmse = 1.145865
	Seed 1 ==> test rmse = 0.949260
	Seed 2 ==> test rmse = 1.142721
	Seed 3 ==> test rmse = 1.176818
	Seed 4 ==> test rmse = 1.120126
	Seed 5 ==> test rmse = 1.068827
	Seed 6 ==> test rmse = 1.106671
	Seed 7 ==> test rmse = 1.007123
	Seed 8 ==> test rmse = 1.156067
	Seed 9 ==> test rmse = 1.111422
Overall test rmse = 1.098490 +/- 0.067713
Elapsed time = 0:39:02
Fold 0
Model 0 best validation rmse = 1.052082 on epoch 24
Model 0 test rmse = 1.151967
Ensemble test rmse = 1.151967
Fold 1
Model 0 best validation rmse = 1.135331 on epoch 29
Model 0 test rmse = 1.016178
Ensemble test rmse = 1.016178
Fold 2
Model 0 best validation rmse = 1.196253 on epoch 26
Model 0 test rmse = 1.209364
Ensemble test rmse = 1.209364
Fold 3
Model 0 best validation rmse = 1.249729 on epoch 25
Model 0 test rmse = 1.156371
Ensemble test rmse = 1.156371
Fold 4
Model 0 best validation rmse = 1.122244 on epoch 28
Model 0 test rmse = 1.109285
Ensemble test rmse = 1.109285
Fold 5
Model 0 best validation rmse = 1.151765 on epoch 28
Model 0 test rmse = 1.018423
Ensemble test rmse = 1.018423
Fold 6
Model 0 best validation rmse = 1.138150 on epoch 28
Model 0 test rmse = 1.176045
Ensemble test rmse = 1.176045
Fold 7
Model 0 best validation rmse = 1.142900 on epoch 10
Model 0 test rmse = 1.130683
Ensemble test rmse = 1.130683
Fold 8
Model 0 best validation rmse = 0.998918 on epoch 17
Model 0 test rmse = 1.221985
Ensemble test rmse = 1.221985
Fold 9
Model 0 best validation rmse = 1.033636 on epoch 17
Model 0 test rmse = 1.094188
Ensemble test rmse = 1.094188
10-fold cross validation
	Seed 0 ==> test rmse = 1.151967
	Seed 1 ==> test rmse = 1.016178
	Seed 2 ==> test rmse = 1.209364
	Seed 3 ==> test rmse = 1.156371
	Seed 4 ==> test rmse = 1.109285
	Seed 5 ==> test rmse = 1.018423
	Seed 6 ==> test rmse = 1.176045
	Seed 7 ==> test rmse = 1.130683
	Seed 8 ==> test rmse = 1.221985
	Seed 9 ==> test rmse = 1.094188
Overall test rmse = 1.128449 +/- 0.067194
Elapsed time = 0:36:04
Fold 0
Model 0 best validation rmse = 1.011803 on epoch 17
Model 0 test rmse = 1.104542
Ensemble test rmse = 1.104542
Fold 1
Model 0 best validation rmse = 1.099576 on epoch 13
Model 0 test rmse = 0.936894
Ensemble test rmse = 0.936894
Fold 2
Model 0 best validation rmse = 1.173826 on epoch 15
Model 0 test rmse = 1.131461
Ensemble test rmse = 1.131461
Fold 3
Model 0 best validation rmse = 1.152201 on epoch 17
Model 0 test rmse = 1.133776
Ensemble test rmse = 1.133776
Fold 4
Model 0 best validation rmse = 1.069913 on epoch 16
Model 0 test rmse = 1.157275
Ensemble test rmse = 1.157275
Fold 5
Model 0 best validation rmse = 1.048166 on epoch 18
Model 0 test rmse = 1.169598
Ensemble test rmse = 1.169598
Fold 6
Model 0 best validation rmse = 1.071541 on epoch 28
Model 0 test rmse = 1.065293
Ensemble test rmse = 1.065293
Fold 7
Model 0 best validation rmse = 1.004237 on epoch 29
Model 0 test rmse = 1.016160
Ensemble test rmse = 1.016160
Fold 8
Model 0 best validation rmse = 0.963338 on epoch 26
Model 0 test rmse = 1.155687
Ensemble test rmse = 1.155687
Fold 9
Model 0 best validation rmse = 1.020601 on epoch 13
Model 0 test rmse = 1.055289
Ensemble test rmse = 1.055289
10-fold cross validation
	Seed 0 ==> test rmse = 1.104542
	Seed 1 ==> test rmse = 0.936894
	Seed 2 ==> test rmse = 1.131461
	Seed 3 ==> test rmse = 1.133776
	Seed 4 ==> test rmse = 1.157275
	Seed 5 ==> test rmse = 1.169598
	Seed 6 ==> test rmse = 1.065293
	Seed 7 ==> test rmse = 1.016160
	Seed 8 ==> test rmse = 1.155687
	Seed 9 ==> test rmse = 1.055289
Overall test rmse = 1.092598 +/- 0.070473
Elapsed time = 0:45:54
Fold 0
Model 0 best validation rmse = 1.027947 on epoch 15
Model 0 test rmse = 1.086235
Ensemble test rmse = 1.086235
Fold 1
Model 0 best validation rmse = 1.090074 on epoch 12
Model 0 test rmse = 0.945790
Ensemble test rmse = 0.945790
Fold 2
Model 0 best validation rmse = 1.189890 on epoch 12
Model 0 test rmse = 1.131870
Ensemble test rmse = 1.131870
Fold 3
Model 0 best validation rmse = 1.149667 on epoch 11
Model 0 test rmse = 1.138875
Ensemble test rmse = 1.138875
Fold 4
Model 0 best validation rmse = 1.088600 on epoch 11
Model 0 test rmse = 1.089289
Ensemble test rmse = 1.089289
Fold 5
Model 0 best validation rmse = 1.066282 on epoch 12
Model 0 test rmse = 1.008984
Ensemble test rmse = 1.008984
Fold 6
Model 0 best validation rmse = 1.085644 on epoch 28
Model 0 test rmse = 1.122487
Ensemble test rmse = 1.122487
Fold 7
Model 0 best validation rmse = 1.003966 on epoch 15
Model 0 test rmse = 1.023723
Ensemble test rmse = 1.023723
Fold 8
Model 0 best validation rmse = 0.994231 on epoch 20
Model 0 test rmse = 1.172024
Ensemble test rmse = 1.172024
Fold 9
Model 0 best validation rmse = 0.982426 on epoch 12
Model 0 test rmse = 1.049994
Ensemble test rmse = 1.049994
10-fold cross validation
	Seed 0 ==> test rmse = 1.086235
	Seed 1 ==> test rmse = 0.945790
	Seed 2 ==> test rmse = 1.131870
	Seed 3 ==> test rmse = 1.138875
	Seed 4 ==> test rmse = 1.089289
	Seed 5 ==> test rmse = 1.008984
	Seed 6 ==> test rmse = 1.122487
	Seed 7 ==> test rmse = 1.023723
	Seed 8 ==> test rmse = 1.172024
	Seed 9 ==> test rmse = 1.049994
Overall test rmse = 1.076927 +/- 0.066018
Elapsed time = 0:43:55
Fold 0
Model 0 best validation rmse = 1.033377 on epoch 25
Model 0 test rmse = 1.095641
Ensemble test rmse = 1.095641
Fold 1
Model 0 best validation rmse = 1.110306 on epoch 29
Model 0 test rmse = 0.952629
Ensemble test rmse = 0.952629
Fold 2
Model 0 best validation rmse = 1.217308 on epoch 26
Model 0 test rmse = 1.169071
Ensemble test rmse = 1.169071
Fold 3
Model 0 best validation rmse = 1.193552 on epoch 19
Model 0 test rmse = 1.180988
Ensemble test rmse = 1.180988
Fold 4
Model 0 best validation rmse = 1.077988 on epoch 24
Model 0 test rmse = 1.085689
Ensemble test rmse = 1.085689
Fold 5
Model 0 best validation rmse = 1.088723 on epoch 26
Model 0 test rmse = 1.030892
Ensemble test rmse = 1.030892
Fold 6
Model 0 best validation rmse = 1.136534 on epoch 20
Model 0 test rmse = 1.157936
Ensemble test rmse = 1.157936
Fold 7
Model 0 best validation rmse = 1.072585 on epoch 29
Model 0 test rmse = 1.009246
Ensemble test rmse = 1.009246
Fold 8
Model 0 best validation rmse = 0.981589 on epoch 25
Model 0 test rmse = 1.229859
Ensemble test rmse = 1.229859
Fold 9
Model 0 best validation rmse = 1.005270 on epoch 14
Model 0 test rmse = 1.046146
Ensemble test rmse = 1.046146
10-fold cross validation
	Seed 0 ==> test rmse = 1.095641
	Seed 1 ==> test rmse = 0.952629
	Seed 2 ==> test rmse = 1.169071
	Seed 3 ==> test rmse = 1.180988
	Seed 4 ==> test rmse = 1.085689
	Seed 5 ==> test rmse = 1.030892
	Seed 6 ==> test rmse = 1.157936
	Seed 7 ==> test rmse = 1.009246
	Seed 8 ==> test rmse = 1.229859
	Seed 9 ==> test rmse = 1.046146
Overall test rmse = 1.095810 +/- 0.083204
Elapsed time = 0:37:13
Fold 0
Model 0 best validation rmse = 0.997297 on epoch 15
Model 0 test rmse = 1.231444
Ensemble test rmse = 1.231444
Fold 1
Model 0 best validation rmse = 1.122875 on epoch 26
Model 0 test rmse = 0.963193
Ensemble test rmse = 0.963193
Fold 2
Model 0 best validation rmse = 1.260397 on epoch 9
Model 0 test rmse = 1.189845
Ensemble test rmse = 1.189845
Fold 3
Model 0 best validation rmse = 1.206633 on epoch 11
Model 0 test rmse = 1.159415
Ensemble test rmse = 1.159415
Fold 4
Model 0 best validation rmse = 1.064721 on epoch 29
Model 0 test rmse = 1.034169
Ensemble test rmse = 1.034169
Fold 5
Model 0 best validation rmse = 1.065681 on epoch 23
Model 0 test rmse = 1.236140
Ensemble test rmse = 1.236140
Fold 6
Model 0 best validation rmse = 1.112792 on epoch 18
Model 0 test rmse = 1.071060
Ensemble test rmse = 1.071060
Fold 7
Model 0 best validation rmse = 1.022165 on epoch 29
Model 0 test rmse = 2.634060
Ensemble test rmse = 2.634060
Fold 8
Model 0 best validation rmse = 0.993515 on epoch 25
Model 0 test rmse = 1.157190
Ensemble test rmse = 1.157190
Fold 9
Model 0 best validation rmse = 1.003473 on epoch 14
Model 0 test rmse = 1.060872
Ensemble test rmse = 1.060872
10-fold cross validation
	Seed 0 ==> test rmse = 1.231444
	Seed 1 ==> test rmse = 0.963193
	Seed 2 ==> test rmse = 1.189845
	Seed 3 ==> test rmse = 1.159415
	Seed 4 ==> test rmse = 1.034169
	Seed 5 ==> test rmse = 1.236140
	Seed 6 ==> test rmse = 1.071060
	Seed 7 ==> test rmse = 2.634060
	Seed 8 ==> test rmse = 1.157190
	Seed 9 ==> test rmse = 1.060872
Overall test rmse = 1.273739 +/- 0.461258
Elapsed time = 0:41:55
Fold 0
Model 0 best validation rmse = 1.007817 on epoch 15
Model 0 test rmse = 1.122554
Ensemble test rmse = 1.122554
Fold 1
Model 0 best validation rmse = 1.082563 on epoch 13
Model 0 test rmse = 0.905856
Ensemble test rmse = 0.905856
Fold 2
Model 0 best validation rmse = 1.173832 on epoch 15
Model 0 test rmse = 1.106742
Ensemble test rmse = 1.106742
Fold 3
Model 0 best validation rmse = 1.159843 on epoch 15
Model 0 test rmse = 1.158856
Ensemble test rmse = 1.158856
Fold 4
Model 0 best validation rmse = 1.036983 on epoch 24
Model 0 test rmse = 1.129067
Ensemble test rmse = 1.129067
Fold 5
Model 0 best validation rmse = 1.043916 on epoch 12
Model 0 test rmse = 1.483842
Ensemble test rmse = 1.483842
Fold 6
Model 0 best validation rmse = 1.063574 on epoch 28
Model 0 test rmse = 1.065564
Ensemble test rmse = 1.065564
Fold 7
Model 0 best validation rmse = 0.996761 on epoch 10
Model 0 test rmse = 1.122661
Ensemble test rmse = 1.122661
Fold 8
Model 0 best validation rmse = 0.953219 on epoch 26
Model 0 test rmse = 1.131374
Ensemble test rmse = 1.131374
Fold 9
Model 0 best validation rmse = 0.970229 on epoch 17
Model 0 test rmse = 1.068025
Ensemble test rmse = 1.068025
10-fold cross validation
	Seed 0 ==> test rmse = 1.122554
	Seed 1 ==> test rmse = 0.905856
	Seed 2 ==> test rmse = 1.106742
	Seed 3 ==> test rmse = 1.158856
	Seed 4 ==> test rmse = 1.129067
	Seed 5 ==> test rmse = 1.483842
	Seed 6 ==> test rmse = 1.065564
	Seed 7 ==> test rmse = 1.122661
	Seed 8 ==> test rmse = 1.131374
	Seed 9 ==> test rmse = 1.068025
Overall test rmse = 1.129454 +/- 0.135985
Elapsed time = 0:41:18
Fold 0
Model 0 best validation rmse = 1.012677 on epoch 15
Model 0 test rmse = 1.117293
Ensemble test rmse = 1.117293
Fold 1
Model 0 best validation rmse = 1.083320 on epoch 13
Model 0 test rmse = 0.896680
Ensemble test rmse = 0.896680
Fold 2
Model 0 best validation rmse = 1.204857 on epoch 7
Model 0 test rmse = 1.189577
Ensemble test rmse = 1.189577
Fold 3
Model 0 best validation rmse = 1.156868 on epoch 12
Model 0 test rmse = 1.146237
Ensemble test rmse = 1.146237
Fold 4
Model 0 best validation rmse = 1.082402 on epoch 12
Model 0 test rmse = 1.121411
Ensemble test rmse = 1.121411
Fold 5
Model 0 best validation rmse = 1.077816 on epoch 13
Model 0 test rmse = 0.990182
Ensemble test rmse = 0.990182
Fold 6
Model 0 best validation rmse = 1.060082 on epoch 28
Model 0 test rmse = 1.116352
Ensemble test rmse = 1.116352
Fold 7
Model 0 best validation rmse = 0.987026 on epoch 25
Model 0 test rmse = 0.991431
Ensemble test rmse = 0.991431
Fold 8
Model 0 best validation rmse = 0.964935 on epoch 4
Model 0 test rmse = 1.222571
Ensemble test rmse = 1.222571
Fold 9
Model 0 best validation rmse = 0.991126 on epoch 16
Model 0 test rmse = 1.050146
Ensemble test rmse = 1.050146
10-fold cross validation
	Seed 0 ==> test rmse = 1.117293
	Seed 1 ==> test rmse = 0.896680
	Seed 2 ==> test rmse = 1.189577
	Seed 3 ==> test rmse = 1.146237
	Seed 4 ==> test rmse = 1.121411
	Seed 5 ==> test rmse = 0.990182
	Seed 6 ==> test rmse = 1.116352
	Seed 7 ==> test rmse = 0.991431
	Seed 8 ==> test rmse = 1.222571
	Seed 9 ==> test rmse = 1.050146
Overall test rmse = 1.084188 +/- 0.095594
Elapsed time = 0:39:08
Fold 0
Model 0 best validation rmse = 1.023769 on epoch 15
Model 0 test rmse = 1.111071
Ensemble test rmse = 1.111071
Fold 1
Model 0 best validation rmse = 1.105743 on epoch 25
Model 0 test rmse = 1.043908
Ensemble test rmse = 1.043908
Fold 2
Model 0 best validation rmse = 1.192233 on epoch 23
Model 0 test rmse = 1.175084
Ensemble test rmse = 1.175084
Fold 3
Model 0 best validation rmse = 1.183293 on epoch 18
Model 0 test rmse = 1.133778
Ensemble test rmse = 1.133778
Fold 4
Model 0 best validation rmse = 1.071633 on epoch 20
Model 0 test rmse = 1.174563
Ensemble test rmse = 1.174563
Fold 5
Model 0 best validation rmse = 1.057650 on epoch 19
Model 0 test rmse = 1.284740
Ensemble test rmse = 1.284740
Fold 6
Model 0 best validation rmse = 1.066607 on epoch 28
Model 0 test rmse = 1.122501
Ensemble test rmse = 1.122501
Fold 7
Model 0 best validation rmse = 1.045964 on epoch 10
Model 0 test rmse = 1.108176
Ensemble test rmse = 1.108176
Fold 8
Model 0 best validation rmse = 0.996812 on epoch 9
Model 0 test rmse = 1.227727
Ensemble test rmse = 1.227727
Fold 9
Model 0 best validation rmse = 1.007352 on epoch 17
Model 0 test rmse = 1.211467
Ensemble test rmse = 1.211467
10-fold cross validation
	Seed 0 ==> test rmse = 1.111071
	Seed 1 ==> test rmse = 1.043908
	Seed 2 ==> test rmse = 1.175084
	Seed 3 ==> test rmse = 1.133778
	Seed 4 ==> test rmse = 1.174563
	Seed 5 ==> test rmse = 1.284740
	Seed 6 ==> test rmse = 1.122501
	Seed 7 ==> test rmse = 1.108176
	Seed 8 ==> test rmse = 1.227727
	Seed 9 ==> test rmse = 1.211467
Overall test rmse = 1.159301 +/- 0.066243
Elapsed time = 0:40:41
Fold 0
Model 0 best validation rmse = 1.012619 on epoch 15
Model 0 test rmse = 1.184284
Ensemble test rmse = 1.184284
Fold 1
Model 0 best validation rmse = 1.090182 on epoch 28
Model 0 test rmse = 0.991594
Ensemble test rmse = 0.991594
Fold 2
Model 0 best validation rmse = 1.173835 on epoch 13
Model 0 test rmse = 1.145756
Ensemble test rmse = 1.145756
Fold 3
Model 0 best validation rmse = 1.142020 on epoch 27
Model 0 test rmse = 1.164285
Ensemble test rmse = 1.164285
Fold 4
Model 0 best validation rmse = 1.052657 on epoch 24
Model 0 test rmse = 1.101650
Ensemble test rmse = 1.101650
Fold 5
Model 0 best validation rmse = 1.065250 on epoch 23
Model 0 test rmse = 1.175789
Ensemble test rmse = 1.175789
Fold 6
Model 0 best validation rmse = 1.127354 on epoch 28
Model 0 test rmse = 1.120500
Ensemble test rmse = 1.120500
Fold 7
Model 0 best validation rmse = 1.023134 on epoch 24
Model 0 test rmse = 1.036854
Ensemble test rmse = 1.036854
Fold 8
Model 0 best validation rmse = 0.977850 on epoch 21
Model 0 test rmse = 1.190464
Ensemble test rmse = 1.190464
Fold 9
Model 0 best validation rmse = 0.992774 on epoch 22
Model 0 test rmse = 1.089779
Ensemble test rmse = 1.089779
10-fold cross validation
	Seed 0 ==> test rmse = 1.184284
	Seed 1 ==> test rmse = 0.991594
	Seed 2 ==> test rmse = 1.145756
	Seed 3 ==> test rmse = 1.164285
	Seed 4 ==> test rmse = 1.101650
	Seed 5 ==> test rmse = 1.175789
	Seed 6 ==> test rmse = 1.120500
	Seed 7 ==> test rmse = 1.036854
	Seed 8 ==> test rmse = 1.190464
	Seed 9 ==> test rmse = 1.089779
Overall test rmse = 1.120096 +/- 0.062838
Elapsed time = 0:42:57
Fold 0
Model 0 best validation rmse = 1.010668 on epoch 15
Model 0 test rmse = 1.140826
Ensemble test rmse = 1.140826
Fold 1
Model 0 best validation rmse = 1.110735 on epoch 25
Model 0 test rmse = 1.014347
Ensemble test rmse = 1.014347
Fold 2
Model 0 best validation rmse = 1.168860 on epoch 15
Model 0 test rmse = 1.148183
Ensemble test rmse = 1.148183
Fold 3
Model 0 best validation rmse = 1.184671 on epoch 9
Model 0 test rmse = 1.175192
Ensemble test rmse = 1.175192
Fold 4
Model 0 best validation rmse = 1.051245 on epoch 24
Model 0 test rmse = 1.158867
Ensemble test rmse = 1.158867
Fold 5
Model 0 best validation rmse = 1.073197 on epoch 14
Model 0 test rmse = 1.058690
Ensemble test rmse = 1.058690
Fold 6
Model 0 best validation rmse = 1.082318 on epoch 28
Model 0 test rmse = 1.093608
Ensemble test rmse = 1.093608
Fold 7
Model 0 best validation rmse = 1.047621 on epoch 12
Model 0 test rmse = 1.352343
Ensemble test rmse = 1.352343
Fold 8
Model 0 best validation rmse = 0.970026 on epoch 20
Model 0 test rmse = 1.169449
Ensemble test rmse = 1.169449
Fold 9
Model 0 best validation rmse = 1.016553 on epoch 13
Model 0 test rmse = 1.096972
Ensemble test rmse = 1.096972
10-fold cross validation
	Seed 0 ==> test rmse = 1.140826
	Seed 1 ==> test rmse = 1.014347
	Seed 2 ==> test rmse = 1.148183
	Seed 3 ==> test rmse = 1.175192
	Seed 4 ==> test rmse = 1.158867
	Seed 5 ==> test rmse = 1.058690
	Seed 6 ==> test rmse = 1.093608
	Seed 7 ==> test rmse = 1.352343
	Seed 8 ==> test rmse = 1.169449
	Seed 9 ==> test rmse = 1.096972
Overall test rmse = 1.140848 +/- 0.086032
Elapsed time = 0:43:45
Fold 0
Model 0 best validation rmse = 1.020674 on epoch 15
Model 0 test rmse = 1.247560
Ensemble test rmse = 1.247560
Fold 1
Model 0 best validation rmse = 1.095206 on epoch 25
Model 0 test rmse = 0.966423
Ensemble test rmse = 0.966423
Fold 2
Model 0 best validation rmse = 1.202269 on epoch 12
Model 0 test rmse = 1.136513
Ensemble test rmse = 1.136513
Fold 3
Model 0 best validation rmse = 1.164767 on epoch 26
Model 0 test rmse = 1.143974
Ensemble test rmse = 1.143974
Fold 4
Model 0 best validation rmse = 1.060508 on epoch 24
Model 0 test rmse = 1.071910
Ensemble test rmse = 1.071910
Fold 5
Model 0 best validation rmse = 1.086102 on epoch 23
Model 0 test rmse = 1.069663
Ensemble test rmse = 1.069663
Fold 6
Model 0 best validation rmse = 1.103393 on epoch 28
Model 0 test rmse = 1.099179
Ensemble test rmse = 1.099179
Fold 7
Model 0 best validation rmse = 1.027475 on epoch 29
Model 0 test rmse = 1.015097
Ensemble test rmse = 1.015097
Fold 8
Model 0 best validation rmse = 0.985280 on epoch 9
Model 0 test rmse = 1.175347
Ensemble test rmse = 1.175347
Fold 9
Model 0 best validation rmse = 0.994839 on epoch 16
Model 0 test rmse = 1.068545
Ensemble test rmse = 1.068545
10-fold cross validation
	Seed 0 ==> test rmse = 1.247560
	Seed 1 ==> test rmse = 0.966423
	Seed 2 ==> test rmse = 1.136513
	Seed 3 ==> test rmse = 1.143974
	Seed 4 ==> test rmse = 1.071910
	Seed 5 ==> test rmse = 1.069663
	Seed 6 ==> test rmse = 1.099179
	Seed 7 ==> test rmse = 1.015097
	Seed 8 ==> test rmse = 1.175347
	Seed 9 ==> test rmse = 1.068545
Overall test rmse = 1.099421 +/- 0.076463
Elapsed time = 0:38:23
Fold 0
Model 0 best validation rmse = 1.018002 on epoch 20
Model 0 test rmse = 1.117084
Ensemble test rmse = 1.117084
Fold 1
Model 0 best validation rmse = 1.073922 on epoch 25
Model 0 test rmse = 0.896360
Ensemble test rmse = 0.896360
Fold 2
Model 0 best validation rmse = 1.200354 on epoch 13
Model 0 test rmse = 1.187926
Ensemble test rmse = 1.187926
Fold 3
Model 0 best validation rmse = 1.144756 on epoch 20
Model 0 test rmse = 1.182758
Ensemble test rmse = 1.182758
Fold 4
Model 0 best validation rmse = 1.063488 on epoch 24
Model 0 test rmse = 1.127926
Ensemble test rmse = 1.127926
Fold 5
Model 0 best validation rmse = 1.070069 on epoch 15
Model 0 test rmse = 0.991017
Ensemble test rmse = 0.991017
Fold 6
Model 0 best validation rmse = 1.086638 on epoch 28
Model 0 test rmse = 1.085511
Ensemble test rmse = 1.085511
Fold 7
Model 0 best validation rmse = 1.000545 on epoch 27
Model 0 test rmse = 1.062945
Ensemble test rmse = 1.062945
Fold 8
Model 0 best validation rmse = 0.973550 on epoch 26
Model 0 test rmse = 1.176014
Ensemble test rmse = 1.176014
Fold 9
Model 0 best validation rmse = 0.988009 on epoch 16
Model 0 test rmse = 1.016036
Ensemble test rmse = 1.016036
10-fold cross validation
	Seed 0 ==> test rmse = 1.117084
	Seed 1 ==> test rmse = 0.896360
	Seed 2 ==> test rmse = 1.187926
	Seed 3 ==> test rmse = 1.182758
	Seed 4 ==> test rmse = 1.127926
	Seed 5 ==> test rmse = 0.991017
	Seed 6 ==> test rmse = 1.085511
	Seed 7 ==> test rmse = 1.062945
	Seed 8 ==> test rmse = 1.176014
	Seed 9 ==> test rmse = 1.016036
Overall test rmse = 1.084358 +/- 0.089979
Elapsed time = 0:42:21
Fold 0
Model 0 best validation rmse = 1.020116 on epoch 7
Model 0 test rmse = 1.303192
Ensemble test rmse = 1.303192
Fold 1
Model 0 best validation rmse = 1.100811 on epoch 26
Model 0 test rmse = 0.906324
Ensemble test rmse = 0.906324
Fold 2
Model 0 best validation rmse = 1.176663 on epoch 25
Model 0 test rmse = 1.161373
Ensemble test rmse = 1.161373
Fold 3
Model 0 best validation rmse = 1.171471 on epoch 6
Model 0 test rmse = 1.170218
Ensemble test rmse = 1.170218
Fold 4
Model 0 best validation rmse = 1.044459 on epoch 17
Model 0 test rmse = 1.132114
Ensemble test rmse = 1.132114
Fold 5
Model 0 best validation rmse = 1.048698 on epoch 14
Model 0 test rmse = 1.378146
Ensemble test rmse = 1.378146
Fold 6
Model 0 best validation rmse = 1.067067 on epoch 29
Model 0 test rmse = 1.093382
Ensemble test rmse = 1.093382
Fold 7
Model 0 best validation rmse = 0.993637 on epoch 10
Model 0 test rmse = 1.028163
Ensemble test rmse = 1.028163
Fold 8
Model 0 best validation rmse = 0.957906 on epoch 26
Model 0 test rmse = 1.129091
Ensemble test rmse = 1.129091
Fold 9
Model 0 best validation rmse = 0.994293 on epoch 14
Model 0 test rmse = 1.064254
Ensemble test rmse = 1.064254
10-fold cross validation
	Seed 0 ==> test rmse = 1.303192
	Seed 1 ==> test rmse = 0.906324
	Seed 2 ==> test rmse = 1.161373
	Seed 3 ==> test rmse = 1.170218
	Seed 4 ==> test rmse = 1.132114
	Seed 5 ==> test rmse = 1.378146
	Seed 6 ==> test rmse = 1.093382
	Seed 7 ==> test rmse = 1.028163
	Seed 8 ==> test rmse = 1.129091
	Seed 9 ==> test rmse = 1.064254
Overall test rmse = 1.136626 +/- 0.126414
Elapsed time = 0:47:17
Fold 0
Model 0 best validation rmse = 1.025017 on epoch 15
Model 0 test rmse = 1.103328
Ensemble test rmse = 1.103328
Fold 1
Model 0 best validation rmse = 1.082530 on epoch 25
Model 0 test rmse = 0.947447
Ensemble test rmse = 0.947447
Fold 2
Model 0 best validation rmse = 1.164369 on epoch 7
Model 0 test rmse = 1.194635
Ensemble test rmse = 1.194635
Fold 3
Model 0 best validation rmse = 1.193552 on epoch 18
Model 0 test rmse = 1.132322
Ensemble test rmse = 1.132322
Fold 4
Model 0 best validation rmse = 1.043112 on epoch 20
Model 0 test rmse = 1.175796
Ensemble test rmse = 1.175796
Fold 5
Model 0 best validation rmse = 1.057909 on epoch 23
Model 0 test rmse = 1.641067
Ensemble test rmse = 1.641067
Fold 6
Model 0 best validation rmse = 1.059213 on epoch 28
Model 0 test rmse = 1.114417
Ensemble test rmse = 1.114417
Fold 7
Model 0 best validation rmse = 1.034425 on epoch 12
Model 0 test rmse = 1.070213
Ensemble test rmse = 1.070213
Fold 8
Model 0 best validation rmse = 0.950356 on epoch 26
Model 0 test rmse = 1.195699
Ensemble test rmse = 1.195699
Fold 9
Model 0 best validation rmse = 0.988442 on epoch 13
Model 0 test rmse = 1.073569
Ensemble test rmse = 1.073569
10-fold cross validation
	Seed 0 ==> test rmse = 1.103328
	Seed 1 ==> test rmse = 0.947447
	Seed 2 ==> test rmse = 1.194635
	Seed 3 ==> test rmse = 1.132322
	Seed 4 ==> test rmse = 1.175796
	Seed 5 ==> test rmse = 1.641067
	Seed 6 ==> test rmse = 1.114417
	Seed 7 ==> test rmse = 1.070213
	Seed 8 ==> test rmse = 1.195699
	Seed 9 ==> test rmse = 1.073569
Overall test rmse = 1.164849 +/- 0.173401
Elapsed time = 0:39:33
Fold 0
Model 0 best validation rmse = 1.017414 on epoch 15
Model 0 test rmse = 1.132789
Ensemble test rmse = 1.132789
Fold 1
Model 0 best validation rmse = 1.094290 on epoch 22
Model 0 test rmse = 0.919556
Ensemble test rmse = 0.919556
Fold 2
Model 0 best validation rmse = 1.198052 on epoch 20
Model 0 test rmse = 1.102006
Ensemble test rmse = 1.102006
Fold 3
Model 0 best validation rmse = 1.176030 on epoch 8
Model 0 test rmse = 1.156137
Ensemble test rmse = 1.156137
Fold 4
Model 0 best validation rmse = 1.057279 on epoch 14
Model 0 test rmse = 1.088607
Ensemble test rmse = 1.088607
Fold 5
Model 0 best validation rmse = 1.060753 on epoch 15
Model 0 test rmse = 0.975199
Ensemble test rmse = 0.975199
Fold 6
Model 0 best validation rmse = 1.084489 on epoch 28
Model 0 test rmse = 1.075515
Ensemble test rmse = 1.075515
Fold 7
Model 0 best validation rmse = 1.018755 on epoch 18
Model 0 test rmse = 1.021998
Ensemble test rmse = 1.021998
Fold 8
Model 0 best validation rmse = 0.977937 on epoch 20
Model 0 test rmse = 1.162959
Ensemble test rmse = 1.162959
Fold 9
Model 0 best validation rmse = 0.996040 on epoch 17
Model 0 test rmse = 1.070486
Ensemble test rmse = 1.070486
10-fold cross validation
	Seed 0 ==> test rmse = 1.132789
	Seed 1 ==> test rmse = 0.919556
	Seed 2 ==> test rmse = 1.102006
	Seed 3 ==> test rmse = 1.156137
	Seed 4 ==> test rmse = 1.088607
	Seed 5 ==> test rmse = 0.975199
	Seed 6 ==> test rmse = 1.075515
	Seed 7 ==> test rmse = 1.021998
	Seed 8 ==> test rmse = 1.162959
	Seed 9 ==> test rmse = 1.070486
Overall test rmse = 1.070525 +/- 0.074382
Elapsed time = 0:38:57
