Fold 0
Command line
python train.py --data_path data/DowData/solubility/Joback_OneMol/data.csv --dataset_type regression --save_dir checkpoints/Joback_OneMol/sol_noopt-1597340102 --split_type scaffold_balanced --save_smiles_splits --epochs 30 --dropout 0 --features_path data/DowData/solubility/Joback_OneMol/features.csv
Args
{'activation': 'ReLU',
 'atom_messages': False,
 'batch_size': 50,
 'bias': False,
 'cache_cutoff': 10000,
 'checkpoint_dir': None,
 'checkpoint_path': None,
 'checkpoint_paths': None,
 'class_balance': False,
 'config_path': None,
 'crossval_index_dir': None,
 'crossval_index_file': None,
 'crossval_index_sets': None,
 'cuda': True,
 'data_path': 'data/DowData/solubility/Joback_OneMol/data.csv',
 'dataset_type': 'regression',
 'depth': 3,
 'device': device(type='cuda'),
 'dropout': 0.0,
 'ensemble_size': 1,
 'epochs': 30,
 'features_generator': None,
 'features_only': False,
 'features_path': ['data/DowData/solubility/Joback_OneMol/features.csv'],
 'features_scaling': True,
 'features_size': None,
 'ffn_hidden_size': 300,
 'ffn_num_layers': 2,
 'final_lr': 0.0001,
 'folds_file': None,
 'gpu': None,
 'grad_clip': None,
 'hidden_size': 300,
 'ignore_columns': None,
 'init_lr': 0.0001,
 'log_frequency': 10,
 'max_data_size': None,
 'max_lr': 0.001,
 'metric': 'rmse',
 'minimize_score': True,
 'multiclass_num_classes': 3,
 'no_cuda': False,
 'no_features_scaling': False,
 'num_folds': 1,
 'num_lrs': 1,
 'num_tasks': 1,
 'num_workers': 8,
 'pytorch_seed': 0,
 'quiet': False,
 'save_dir': 'checkpoints/Joback_OneMol/sol_noopt-1597340102/fold_0',
 'save_smiles_splits': True,
 'seed': 0,
 'separate_test_features_path': None,
 'separate_test_path': None,
 'separate_val_features_path': None,
 'separate_val_path': None,
 'show_individual_scores': False,
 'smiles_column': None,
 'split_sizes': (0.8, 0.1, 0.1),
 'split_type': 'scaffold_balanced',
 'target_columns': None,
 'task_names': ['Solubility'],
 'test': False,
 'test_fold_index': None,
 'train_data_size': None,
 'undirected': False,
 'use_input_features': True,
 'val_fold_index': None,
 'warmup_epochs': 2.0}
Loading data
Number of tasks = 1
Splitting data with seed 0
Total scaffolds = 1,588 | train scaffolds = 898 | val scaffolds = 304 | test scaffolds = 386
Label averages per scaffold, in decreasing order of scaffold frequency,capped at 10 scaffolds and 20 labels:
Scaffold 0
Task 0: count = 2,267 | target average = -2.017040


Scaffold 1
Task 0: count = 1,632 | target average = -2.598343


Scaffold 2
Task 0: count = 215 | target average = -6.971653


Scaffold 3
Task 0: count = 141 | target average = -3.937864


Scaffold 4
Task 0: count = 135 | target average = -6.824769


Scaffold 5
Task 0: count = 110 | target average = -2.684366


Scaffold 6
Task 0: count = 95 | target average = -1.321900


Scaffold 7
Task 0: count = 73 | target average = -5.256434


Scaffold 8
Task 0: count = 54 | target average = -4.558373


Scaffold 9
Task 0: count = 52 | target average = -1.722385


Total size = 8,400 | train size = 6,720 | val size = 840 | test size = 840
Fitting scaler
Building model 0
MoleculeModel(
  (encoder): MPN(
    (encoder): MPNEncoder(
      (dropout_layer): Dropout(p=0.0, inplace=False)
      (act_func): ReLU()
      (W_i): Linear(in_features=147, out_features=300, bias=False)
      (W_h): Linear(in_features=300, out_features=300, bias=False)
      (W_o): Linear(in_features=433, out_features=300, bias=True)
    )
  )
  (ffn): Sequential(
    (0): Dropout(p=0.0, inplace=False)
    (1): Linear(in_features=305, out_features=300, bias=True)
    (2): ReLU()
    (3): Dropout(p=0.0, inplace=False)
    (4): Linear(in_features=300, out_features=1, bias=True)
  )
)
Number of parameters = 356,401
Moving model to cuda
Epoch 0
Loss = 1.9977e-02, PNorm = 34.0644, GNorm = 4.0699, lr_0 = 1.3694e-04
Loss = 1.5407e-02, PNorm = 34.0669, GNorm = 1.4131, lr_0 = 1.7052e-04
Loss = 1.5842e-02, PNorm = 34.0715, GNorm = 3.4951, lr_0 = 2.0410e-04
Loss = 1.2949e-02, PNorm = 34.0794, GNorm = 1.8200, lr_0 = 2.3769e-04
Loss = 1.0799e-02, PNorm = 34.0926, GNorm = 4.1550, lr_0 = 2.7127e-04
Loss = 9.5949e-03, PNorm = 34.1077, GNorm = 2.1919, lr_0 = 3.0485e-04
Loss = 8.5386e-03, PNorm = 34.1216, GNorm = 4.2819, lr_0 = 3.3843e-04
Loss = 8.5367e-03, PNorm = 34.1345, GNorm = 9.3648, lr_0 = 3.7201e-04
Loss = 8.5364e-03, PNorm = 34.1456, GNorm = 4.2589, lr_0 = 4.0560e-04
Loss = 7.7792e-03, PNorm = 34.1605, GNorm = 7.7137, lr_0 = 4.3918e-04
Loss = 7.7758e-03, PNorm = 34.1763, GNorm = 6.1172, lr_0 = 4.7276e-04
Loss = 6.9713e-03, PNorm = 34.1935, GNorm = 4.2615, lr_0 = 5.0634e-04
Loss = 6.8799e-03, PNorm = 34.2149, GNorm = 4.8693, lr_0 = 5.3993e-04
Validation rmse = 1.147707
Epoch 1
Loss = 5.3941e-03, PNorm = 34.2464, GNorm = 3.0812, lr_0 = 5.7687e-04
Loss = 5.0550e-03, PNorm = 34.2720, GNorm = 1.0974, lr_0 = 6.1045e-04
Loss = 5.9575e-03, PNorm = 34.2910, GNorm = 5.0040, lr_0 = 6.4403e-04
Loss = 5.8179e-03, PNorm = 34.3097, GNorm = 7.0047, lr_0 = 6.7761e-04
Loss = 5.7052e-03, PNorm = 34.3387, GNorm = 1.5852, lr_0 = 7.1119e-04
Loss = 6.5786e-03, PNorm = 34.3711, GNorm = 1.5382, lr_0 = 7.4478e-04
Loss = 5.3792e-03, PNorm = 34.3982, GNorm = 10.4932, lr_0 = 7.7836e-04
Loss = 5.1643e-03, PNorm = 34.4263, GNorm = 2.4788, lr_0 = 8.1194e-04
Loss = 5.1760e-03, PNorm = 34.4590, GNorm = 4.8172, lr_0 = 8.4552e-04
Loss = 4.5382e-03, PNorm = 34.4957, GNorm = 2.5616, lr_0 = 8.7910e-04
Loss = 4.8024e-03, PNorm = 34.5227, GNorm = 1.0887, lr_0 = 9.1269e-04
Loss = 4.6832e-03, PNorm = 34.5568, GNorm = 1.6391, lr_0 = 9.4627e-04
Loss = 4.4080e-03, PNorm = 34.5860, GNorm = 5.4321, lr_0 = 9.7985e-04
Validation rmse = 1.033541
Epoch 2
Loss = 4.1535e-03, PNorm = 34.6200, GNorm = 2.0402, lr_0 = 9.9694e-04
Loss = 4.6913e-03, PNorm = 34.6519, GNorm = 0.9057, lr_0 = 9.9084e-04
Loss = 5.2003e-03, PNorm = 34.6795, GNorm = 3.9506, lr_0 = 9.8477e-04
Loss = 4.5738e-03, PNorm = 34.7128, GNorm = 1.5697, lr_0 = 9.7875e-04
Loss = 4.3919e-03, PNorm = 34.7466, GNorm = 1.7848, lr_0 = 9.7276e-04
Loss = 4.9429e-03, PNorm = 34.7794, GNorm = 1.1395, lr_0 = 9.6681e-04
Loss = 3.8245e-03, PNorm = 34.8126, GNorm = 1.6689, lr_0 = 9.6089e-04
Loss = 3.6603e-03, PNorm = 34.8371, GNorm = 2.6586, lr_0 = 9.5502e-04
Loss = 3.3617e-03, PNorm = 34.8590, GNorm = 2.0702, lr_0 = 9.4917e-04
Loss = 4.1934e-03, PNorm = 34.8779, GNorm = 2.3275, lr_0 = 9.4337e-04
Loss = 4.3222e-03, PNorm = 34.9088, GNorm = 2.3577, lr_0 = 9.3759e-04
Loss = 4.9461e-03, PNorm = 34.9340, GNorm = 2.9858, lr_0 = 9.3186e-04
Loss = 3.7734e-03, PNorm = 34.9582, GNorm = 3.2896, lr_0 = 9.2616e-04
Loss = 4.4703e-03, PNorm = 34.9869, GNorm = 1.5417, lr_0 = 9.2049e-04
Validation rmse = 1.112850
Epoch 3
Loss = 5.1409e-03, PNorm = 35.0317, GNorm = 2.4850, lr_0 = 9.1486e-04
Loss = 4.7273e-03, PNorm = 35.0636, GNorm = 1.3411, lr_0 = 9.0926e-04
Loss = 3.2820e-03, PNorm = 35.0947, GNorm = 1.0574, lr_0 = 9.0370e-04
Loss = 3.6580e-03, PNorm = 35.1185, GNorm = 2.7384, lr_0 = 8.9817e-04
Loss = 4.3613e-03, PNorm = 35.1424, GNorm = 1.3704, lr_0 = 8.9267e-04
Loss = 3.7270e-03, PNorm = 35.1654, GNorm = 1.4382, lr_0 = 8.8721e-04
Loss = 3.4533e-03, PNorm = 35.1880, GNorm = 1.3313, lr_0 = 8.8178e-04
Loss = 3.0242e-03, PNorm = 35.2098, GNorm = 1.4664, lr_0 = 8.7639e-04
Loss = 3.1458e-03, PNorm = 35.2293, GNorm = 1.5961, lr_0 = 8.7103e-04
Loss = 3.5034e-03, PNorm = 35.2511, GNorm = 1.9198, lr_0 = 8.6570e-04
Loss = 3.2366e-03, PNorm = 35.2758, GNorm = 0.8127, lr_0 = 8.6040e-04
Loss = 3.5078e-03, PNorm = 35.2917, GNorm = 1.9737, lr_0 = 8.5514e-04
Loss = 4.1709e-03, PNorm = 35.3096, GNorm = 1.5545, lr_0 = 8.4991e-04
Validation rmse = 0.978959
Epoch 4
Loss = 3.2769e-03, PNorm = 35.3317, GNorm = 1.5340, lr_0 = 8.4419e-04
Loss = 3.5100e-03, PNorm = 35.3593, GNorm = 2.6232, lr_0 = 8.3902e-04
Loss = 3.1781e-03, PNorm = 35.3898, GNorm = 3.8915, lr_0 = 8.3389e-04
Loss = 4.0582e-03, PNorm = 35.4201, GNorm = 1.2748, lr_0 = 8.2879e-04
Loss = 2.8209e-03, PNorm = 35.4495, GNorm = 0.7010, lr_0 = 8.2372e-04
Loss = 3.4082e-03, PNorm = 35.4636, GNorm = 1.9489, lr_0 = 8.1868e-04
Loss = 3.5687e-03, PNorm = 35.4794, GNorm = 1.0868, lr_0 = 8.1367e-04
Loss = 3.7240e-03, PNorm = 35.5021, GNorm = 1.6149, lr_0 = 8.0869e-04
Loss = 3.0434e-03, PNorm = 35.5324, GNorm = 0.9106, lr_0 = 8.0374e-04
Loss = 3.8088e-03, PNorm = 35.5537, GNorm = 2.6352, lr_0 = 7.9883e-04
Loss = 3.0201e-03, PNorm = 35.5764, GNorm = 2.0948, lr_0 = 7.9394e-04
Loss = 3.2301e-03, PNorm = 35.6034, GNorm = 1.2447, lr_0 = 7.8908e-04
Loss = 3.8965e-03, PNorm = 35.6194, GNorm = 4.1765, lr_0 = 7.8425e-04
Loss = 3.3459e-03, PNorm = 35.6400, GNorm = 3.3007, lr_0 = 7.7945e-04
Validation rmse = 0.961598
Epoch 5
Loss = 2.9718e-03, PNorm = 35.6691, GNorm = 0.7208, lr_0 = 7.7469e-04
Loss = 2.8263e-03, PNorm = 35.6956, GNorm = 0.7058, lr_0 = 7.6995e-04
Loss = 3.1051e-03, PNorm = 35.7197, GNorm = 1.2588, lr_0 = 7.6524e-04
Loss = 3.1600e-03, PNorm = 35.7469, GNorm = 1.0423, lr_0 = 7.6055e-04
Loss = 2.9887e-03, PNorm = 35.7695, GNorm = 0.5246, lr_0 = 7.5590e-04
Loss = 2.6039e-03, PNorm = 35.7916, GNorm = 0.7682, lr_0 = 7.5128e-04
Loss = 3.4425e-03, PNorm = 35.8146, GNorm = 3.7689, lr_0 = 7.4668e-04
Loss = 3.4281e-03, PNorm = 35.8453, GNorm = 2.0774, lr_0 = 7.4211e-04
Loss = 2.8950e-03, PNorm = 35.8680, GNorm = 0.8754, lr_0 = 7.3757e-04
Loss = 3.1479e-03, PNorm = 35.8868, GNorm = 1.7238, lr_0 = 7.3306e-04
Loss = 2.6551e-03, PNorm = 35.9078, GNorm = 0.8281, lr_0 = 7.2857e-04
Loss = 2.9718e-03, PNorm = 35.9174, GNorm = 1.3693, lr_0 = 7.2412e-04
Loss = 3.3129e-03, PNorm = 35.9351, GNorm = 1.7148, lr_0 = 7.1969e-04
Validation rmse = 0.974900
Epoch 6
Loss = 2.8426e-03, PNorm = 35.9619, GNorm = 1.7937, lr_0 = 7.1484e-04
Loss = 3.0687e-03, PNorm = 35.9853, GNorm = 2.3854, lr_0 = 7.1047e-04
Loss = 2.8695e-03, PNorm = 36.0153, GNorm = 0.6040, lr_0 = 7.0612e-04
Loss = 2.6952e-03, PNorm = 36.0397, GNorm = 1.0596, lr_0 = 7.0180e-04
Loss = 2.7446e-03, PNorm = 36.0617, GNorm = 0.7964, lr_0 = 6.9751e-04
Loss = 2.7459e-03, PNorm = 36.0740, GNorm = 1.0757, lr_0 = 6.9324e-04
Loss = 3.0482e-03, PNorm = 36.0892, GNorm = 1.4389, lr_0 = 6.8900e-04
Loss = 2.6532e-03, PNorm = 36.1001, GNorm = 1.2462, lr_0 = 6.8479e-04
Loss = 2.8910e-03, PNorm = 36.1182, GNorm = 1.3675, lr_0 = 6.8060e-04
Loss = 3.0470e-03, PNorm = 36.1408, GNorm = 1.3713, lr_0 = 6.7643e-04
Loss = 2.8228e-03, PNorm = 36.1636, GNorm = 0.9033, lr_0 = 6.7229e-04
Loss = 2.9798e-03, PNorm = 36.1848, GNorm = 1.8524, lr_0 = 6.6818e-04
Loss = 3.1776e-03, PNorm = 36.2073, GNorm = 1.5211, lr_0 = 6.6409e-04
Loss = 2.8070e-03, PNorm = 36.2293, GNorm = 0.6243, lr_0 = 6.6003e-04
Loss = 6.4515e-03, PNorm = 36.2306, GNorm = 2.0295, lr_0 = 6.5962e-04
Validation rmse = 0.949872
Epoch 7
Loss = 2.2069e-03, PNorm = 36.2431, GNorm = 0.8300, lr_0 = 6.5559e-04
Loss = 3.0956e-03, PNorm = 36.2603, GNorm = 1.7531, lr_0 = 6.5158e-04
Loss = 2.5453e-03, PNorm = 36.2864, GNorm = 0.6357, lr_0 = 6.4759e-04
Loss = 3.0353e-03, PNorm = 36.3013, GNorm = 1.6312, lr_0 = 6.4363e-04
Loss = 2.8088e-03, PNorm = 36.3203, GNorm = 0.8272, lr_0 = 6.3969e-04
Loss = 2.2189e-03, PNorm = 36.3389, GNorm = 1.6486, lr_0 = 6.3578e-04
Loss = 2.4694e-03, PNorm = 36.3530, GNorm = 1.8770, lr_0 = 6.3189e-04
Loss = 2.6870e-03, PNorm = 36.3672, GNorm = 0.5409, lr_0 = 6.2802e-04
Loss = 3.2060e-03, PNorm = 36.3924, GNorm = 2.5849, lr_0 = 6.2418e-04
Loss = 2.8625e-03, PNorm = 36.4149, GNorm = 1.8538, lr_0 = 6.2036e-04
Loss = 2.6412e-03, PNorm = 36.4319, GNorm = 0.8589, lr_0 = 6.1656e-04
Loss = 2.9523e-03, PNorm = 36.4432, GNorm = 1.1763, lr_0 = 6.1279e-04
Loss = 2.6086e-03, PNorm = 36.4548, GNorm = 1.2779, lr_0 = 6.0904e-04
Validation rmse = 0.901802
Epoch 8
Loss = 2.2136e-03, PNorm = 36.4710, GNorm = 1.2433, lr_0 = 6.0532e-04
Loss = 3.0297e-03, PNorm = 36.4927, GNorm = 0.7164, lr_0 = 6.0161e-04
Loss = 2.4333e-03, PNorm = 36.5026, GNorm = 1.0090, lr_0 = 5.9793e-04
Loss = 3.0097e-03, PNorm = 36.5093, GNorm = 1.9356, lr_0 = 5.9427e-04
Loss = 2.5860e-03, PNorm = 36.5287, GNorm = 2.7128, lr_0 = 5.9064e-04
Loss = 2.2027e-03, PNorm = 36.5477, GNorm = 0.8609, lr_0 = 5.8703e-04
Loss = 2.7492e-03, PNorm = 36.5626, GNorm = 0.7019, lr_0 = 5.8343e-04
Loss = 2.8719e-03, PNorm = 36.5739, GNorm = 2.5385, lr_0 = 5.7986e-04
Loss = 2.7314e-03, PNorm = 36.5868, GNorm = 2.4388, lr_0 = 5.7632e-04
Loss = 2.4806e-03, PNorm = 36.6123, GNorm = 0.7939, lr_0 = 5.7279e-04
Loss = 2.3829e-03, PNorm = 36.6335, GNorm = 0.5720, lr_0 = 5.6929e-04
Loss = 3.0274e-03, PNorm = 36.6459, GNorm = 1.1091, lr_0 = 5.6580e-04
Loss = 2.4532e-03, PNorm = 36.6608, GNorm = 1.2155, lr_0 = 5.6234e-04
Validation rmse = 0.952500
Epoch 9
Loss = 1.7616e-03, PNorm = 36.6764, GNorm = 0.4014, lr_0 = 5.5856e-04
Loss = 2.6774e-03, PNorm = 36.6906, GNorm = 0.8036, lr_0 = 5.5514e-04
Loss = 2.6754e-03, PNorm = 36.7082, GNorm = 0.7109, lr_0 = 5.5174e-04
Loss = 2.7096e-03, PNorm = 36.7219, GNorm = 1.0804, lr_0 = 5.4837e-04
Loss = 1.7660e-03, PNorm = 36.7383, GNorm = 0.6588, lr_0 = 5.4501e-04
Loss = 2.4546e-03, PNorm = 36.7502, GNorm = 0.7561, lr_0 = 5.4168e-04
Loss = 2.0304e-03, PNorm = 36.7651, GNorm = 0.7217, lr_0 = 5.3836e-04
Loss = 2.4529e-03, PNorm = 36.7752, GNorm = 0.8991, lr_0 = 5.3507e-04
Loss = 2.1892e-03, PNorm = 36.7884, GNorm = 1.0517, lr_0 = 5.3180e-04
Loss = 2.4835e-03, PNorm = 36.8079, GNorm = 1.2722, lr_0 = 5.2854e-04
Loss = 2.0795e-03, PNorm = 36.8224, GNorm = 0.7835, lr_0 = 5.2531e-04
Loss = 3.1538e-03, PNorm = 36.8334, GNorm = 2.3253, lr_0 = 5.2210e-04
Loss = 2.5984e-03, PNorm = 36.8492, GNorm = 0.9673, lr_0 = 5.1890e-04
Loss = 2.4468e-03, PNorm = 36.8610, GNorm = 0.9728, lr_0 = 5.1573e-04
Validation rmse = 0.919833
Epoch 10
Loss = 1.7955e-03, PNorm = 36.8708, GNorm = 0.9331, lr_0 = 5.1257e-04
Loss = 2.1329e-03, PNorm = 36.8778, GNorm = 0.3484, lr_0 = 5.0944e-04
Loss = 2.3320e-03, PNorm = 36.8882, GNorm = 1.0088, lr_0 = 5.0632e-04
Loss = 2.2353e-03, PNorm = 36.9003, GNorm = 0.6867, lr_0 = 5.0322e-04
Loss = 2.4241e-03, PNorm = 36.9163, GNorm = 0.5832, lr_0 = 5.0014e-04
Loss = 2.4369e-03, PNorm = 36.9323, GNorm = 1.6401, lr_0 = 4.9708e-04
Loss = 2.2562e-03, PNorm = 36.9449, GNorm = 1.2705, lr_0 = 4.9404e-04
Loss = 2.8428e-03, PNorm = 36.9578, GNorm = 0.9133, lr_0 = 4.9102e-04
Loss = 2.3659e-03, PNorm = 36.9722, GNorm = 0.9267, lr_0 = 4.8801e-04
Loss = 2.5477e-03, PNorm = 36.9893, GNorm = 1.2812, lr_0 = 4.8503e-04
Loss = 2.3815e-03, PNorm = 37.0010, GNorm = 1.1495, lr_0 = 4.8206e-04
Loss = 2.2734e-03, PNorm = 37.0119, GNorm = 1.0639, lr_0 = 4.7911e-04
Loss = 2.0240e-03, PNorm = 37.0214, GNorm = 1.1075, lr_0 = 4.7618e-04
Validation rmse = 0.903129
Epoch 11
Loss = 2.3813e-03, PNorm = 37.0352, GNorm = 1.4583, lr_0 = 4.7298e-04
Loss = 1.9832e-03, PNorm = 37.0505, GNorm = 1.6537, lr_0 = 4.7008e-04
Loss = 2.3269e-03, PNorm = 37.0648, GNorm = 0.9072, lr_0 = 4.6721e-04
Loss = 1.9232e-03, PNorm = 37.0769, GNorm = 1.5748, lr_0 = 4.6435e-04
Loss = 2.2497e-03, PNorm = 37.0900, GNorm = 1.2774, lr_0 = 4.6151e-04
Loss = 2.4584e-03, PNorm = 37.1021, GNorm = 0.7628, lr_0 = 4.5868e-04
Loss = 2.3904e-03, PNorm = 37.1144, GNorm = 2.2823, lr_0 = 4.5588e-04
Loss = 2.5547e-03, PNorm = 37.1269, GNorm = 0.7364, lr_0 = 4.5309e-04
Loss = 2.1634e-03, PNorm = 37.1352, GNorm = 0.8955, lr_0 = 4.5032e-04
Loss = 2.0488e-03, PNorm = 37.1425, GNorm = 0.9995, lr_0 = 4.4756e-04
Loss = 2.6773e-03, PNorm = 37.1545, GNorm = 0.5903, lr_0 = 4.4482e-04
Loss = 2.2002e-03, PNorm = 37.1698, GNorm = 2.1296, lr_0 = 4.4210e-04
Loss = 2.1510e-03, PNorm = 37.1821, GNorm = 0.9861, lr_0 = 4.3940e-04
Loss = 2.3544e-03, PNorm = 37.1920, GNorm = 2.6314, lr_0 = 4.3671e-04
Validation rmse = 0.922240
Epoch 12
Loss = 2.2578e-03, PNorm = 37.2087, GNorm = 1.9430, lr_0 = 4.3377e-04
Loss = 1.9657e-03, PNorm = 37.2210, GNorm = 1.6646, lr_0 = 4.3112e-04
Loss = 1.9656e-03, PNorm = 37.2307, GNorm = 0.8151, lr_0 = 4.2848e-04
Loss = 2.2305e-03, PNorm = 37.2454, GNorm = 1.2309, lr_0 = 4.2586e-04
Loss = 2.3694e-03, PNorm = 37.2609, GNorm = 0.9333, lr_0 = 4.2325e-04
Loss = 2.2418e-03, PNorm = 37.2744, GNorm = 0.6336, lr_0 = 4.2066e-04
Loss = 2.0856e-03, PNorm = 37.2838, GNorm = 0.5398, lr_0 = 4.1809e-04
Loss = 2.2817e-03, PNorm = 37.2968, GNorm = 1.6767, lr_0 = 4.1553e-04
Loss = 2.1949e-03, PNorm = 37.3047, GNorm = 0.5535, lr_0 = 4.1299e-04
Loss = 2.1186e-03, PNorm = 37.3124, GNorm = 1.0617, lr_0 = 4.1046e-04
Loss = 1.8645e-03, PNorm = 37.3227, GNorm = 1.2556, lr_0 = 4.0795e-04
Loss = 2.5700e-03, PNorm = 37.3299, GNorm = 1.0066, lr_0 = 4.0545e-04
Loss = 2.3672e-03, PNorm = 37.3406, GNorm = 0.6631, lr_0 = 4.0297e-04
Validation rmse = 0.923364
Epoch 13
Loss = 2.0627e-03, PNorm = 37.3563, GNorm = 1.2870, lr_0 = 4.0051e-04
Loss = 1.9861e-03, PNorm = 37.3690, GNorm = 1.5565, lr_0 = 3.9806e-04
Loss = 1.9378e-03, PNorm = 37.3787, GNorm = 0.8391, lr_0 = 3.9562e-04
Loss = 1.8248e-03, PNorm = 37.3888, GNorm = 0.6572, lr_0 = 3.9320e-04
Loss = 2.1589e-03, PNorm = 37.3966, GNorm = 0.7356, lr_0 = 3.9080e-04
Loss = 2.2294e-03, PNorm = 37.4065, GNorm = 0.6346, lr_0 = 3.8841e-04
Loss = 2.0701e-03, PNorm = 37.4184, GNorm = 1.6444, lr_0 = 3.8603e-04
Loss = 2.5561e-03, PNorm = 37.4299, GNorm = 0.8689, lr_0 = 3.8367e-04
Loss = 1.8928e-03, PNorm = 37.4399, GNorm = 0.9892, lr_0 = 3.8132e-04
Loss = 2.0028e-03, PNorm = 37.4503, GNorm = 1.0550, lr_0 = 3.7899e-04
Loss = 2.5312e-03, PNorm = 37.4642, GNorm = 0.7427, lr_0 = 3.7667e-04
Loss = 1.6940e-03, PNorm = 37.4744, GNorm = 0.9105, lr_0 = 3.7436e-04
Loss = 2.0288e-03, PNorm = 37.4851, GNorm = 1.6312, lr_0 = 3.7207e-04
Loss = 2.2972e-03, PNorm = 37.4999, GNorm = 1.1749, lr_0 = 3.6980e-04
Validation rmse = 0.932313
Epoch 14
Loss = 2.0685e-03, PNorm = 37.5085, GNorm = 0.7345, lr_0 = 3.6731e-04
Loss = 1.6259e-03, PNorm = 37.5162, GNorm = 0.9270, lr_0 = 3.6506e-04
Loss = 1.6125e-03, PNorm = 37.5264, GNorm = 0.3019, lr_0 = 3.6283e-04
Loss = 1.9081e-03, PNorm = 37.5352, GNorm = 1.4602, lr_0 = 3.6061e-04
Loss = 1.7305e-03, PNorm = 37.5436, GNorm = 0.6125, lr_0 = 3.5840e-04
Loss = 2.1268e-03, PNorm = 37.5511, GNorm = 2.0113, lr_0 = 3.5621e-04
Loss = 1.9148e-03, PNorm = 37.5592, GNorm = 0.8296, lr_0 = 3.5403e-04
Loss = 2.3481e-03, PNorm = 37.5714, GNorm = 1.4320, lr_0 = 3.5186e-04
Loss = 2.8309e-03, PNorm = 37.5882, GNorm = 1.2714, lr_0 = 3.4971e-04
Loss = 2.0621e-03, PNorm = 37.5978, GNorm = 0.8790, lr_0 = 3.4757e-04
Loss = 2.0180e-03, PNorm = 37.6049, GNorm = 0.6677, lr_0 = 3.4545e-04
Loss = 2.2758e-03, PNorm = 37.6127, GNorm = 0.8069, lr_0 = 3.4333e-04
Loss = 1.8487e-03, PNorm = 37.6210, GNorm = 1.0085, lr_0 = 3.4123e-04
Validation rmse = 0.912110
Epoch 15
Loss = 1.7742e-03, PNorm = 37.6322, GNorm = 0.7765, lr_0 = 3.3914e-04
Loss = 1.9735e-03, PNorm = 37.6438, GNorm = 1.1816, lr_0 = 3.3707e-04
Loss = 2.1964e-03, PNorm = 37.6525, GNorm = 1.5773, lr_0 = 3.3501e-04
Loss = 1.7123e-03, PNorm = 37.6592, GNorm = 0.7741, lr_0 = 3.3296e-04
Loss = 2.0546e-03, PNorm = 37.6655, GNorm = 0.8734, lr_0 = 3.3092e-04
Loss = 1.7765e-03, PNorm = 37.6778, GNorm = 0.4054, lr_0 = 3.2890e-04
Loss = 2.2944e-03, PNorm = 37.6897, GNorm = 1.1659, lr_0 = 3.2688e-04
Loss = 1.8987e-03, PNorm = 37.6974, GNorm = 0.7218, lr_0 = 3.2488e-04
Loss = 2.2019e-03, PNorm = 37.7044, GNorm = 1.2320, lr_0 = 3.2290e-04
Loss = 2.0508e-03, PNorm = 37.7132, GNorm = 0.5747, lr_0 = 3.2092e-04
Loss = 1.8737e-03, PNorm = 37.7244, GNorm = 0.6827, lr_0 = 3.1896e-04
Loss = 1.9477e-03, PNorm = 37.7311, GNorm = 0.8078, lr_0 = 3.1700e-04
Loss = 1.9901e-03, PNorm = 37.7384, GNorm = 1.6878, lr_0 = 3.1507e-04
Loss = 1.8197e-03, PNorm = 37.7470, GNorm = 1.1853, lr_0 = 3.1314e-04
Loss = 6.8415e-03, PNorm = 37.7479, GNorm = 1.3083, lr_0 = 3.1295e-04
Validation rmse = 0.930200
Epoch 16
Loss = 1.7989e-03, PNorm = 37.7587, GNorm = 0.9023, lr_0 = 3.1103e-04
Loss = 1.6739e-03, PNorm = 37.7664, GNorm = 0.7658, lr_0 = 3.0913e-04
Loss = 1.6339e-03, PNorm = 37.7734, GNorm = 0.6495, lr_0 = 3.0724e-04
Loss = 2.3325e-03, PNorm = 37.7804, GNorm = 0.9125, lr_0 = 3.0536e-04
Loss = 1.8520e-03, PNorm = 37.7874, GNorm = 0.4552, lr_0 = 3.0349e-04
Loss = 1.8682e-03, PNorm = 37.7981, GNorm = 1.2431, lr_0 = 3.0163e-04
Loss = 1.6701e-03, PNorm = 37.8047, GNorm = 0.8100, lr_0 = 2.9979e-04
Loss = 1.7655e-03, PNorm = 37.8096, GNorm = 1.8494, lr_0 = 2.9795e-04
Loss = 1.9945e-03, PNorm = 37.8204, GNorm = 0.7221, lr_0 = 2.9613e-04
Loss = 2.0887e-03, PNorm = 37.8294, GNorm = 0.6330, lr_0 = 2.9432e-04
Loss = 1.7562e-03, PNorm = 37.8366, GNorm = 1.0285, lr_0 = 2.9252e-04
Loss = 1.9841e-03, PNorm = 37.8439, GNorm = 0.7870, lr_0 = 2.9073e-04
Loss = 2.2345e-03, PNorm = 37.8512, GNorm = 1.0367, lr_0 = 2.8895e-04
Validation rmse = 0.903050
Epoch 17
Loss = 1.9652e-03, PNorm = 37.8566, GNorm = 0.5390, lr_0 = 2.8700e-04
Loss = 1.6813e-03, PNorm = 37.8653, GNorm = 0.8800, lr_0 = 2.8525e-04
Loss = 1.9691e-03, PNorm = 37.8747, GNorm = 1.0142, lr_0 = 2.8350e-04
Loss = 1.8708e-03, PNorm = 37.8821, GNorm = 0.8201, lr_0 = 2.8177e-04
Loss = 1.7385e-03, PNorm = 37.8918, GNorm = 0.7289, lr_0 = 2.8005e-04
Loss = 2.1323e-03, PNorm = 37.8988, GNorm = 0.9953, lr_0 = 2.7833e-04
Loss = 1.8716e-03, PNorm = 37.9068, GNorm = 1.2045, lr_0 = 2.7663e-04
Loss = 2.1306e-03, PNorm = 37.9177, GNorm = 0.6577, lr_0 = 2.7494e-04
Loss = 2.0437e-03, PNorm = 37.9264, GNorm = 1.5941, lr_0 = 2.7325e-04
Loss = 1.8369e-03, PNorm = 37.9374, GNorm = 0.5310, lr_0 = 2.7158e-04
Loss = 1.8739e-03, PNorm = 37.9435, GNorm = 1.6142, lr_0 = 2.6992e-04
Loss = 1.9368e-03, PNorm = 37.9490, GNorm = 1.0606, lr_0 = 2.6827e-04
Loss = 1.7644e-03, PNorm = 37.9559, GNorm = 1.0851, lr_0 = 2.6663e-04
Validation rmse = 0.919478
Epoch 18
Loss = 1.1000e-03, PNorm = 37.9611, GNorm = 1.0069, lr_0 = 2.6500e-04
Loss = 1.8718e-03, PNorm = 37.9696, GNorm = 0.6064, lr_0 = 2.6338e-04
Loss = 1.8340e-03, PNorm = 37.9767, GNorm = 0.7242, lr_0 = 2.6176e-04
Loss = 1.7142e-03, PNorm = 37.9840, GNorm = 1.0140, lr_0 = 2.6016e-04
Loss = 1.5565e-03, PNorm = 37.9906, GNorm = 0.7705, lr_0 = 2.5857e-04
Loss = 1.7848e-03, PNorm = 37.9982, GNorm = 1.3698, lr_0 = 2.5699e-04
Loss = 1.9441e-03, PNorm = 38.0073, GNorm = 0.9866, lr_0 = 2.5542e-04
Loss = 1.8454e-03, PNorm = 38.0142, GNorm = 0.8273, lr_0 = 2.5385e-04
Loss = 1.8694e-03, PNorm = 38.0196, GNorm = 1.0368, lr_0 = 2.5230e-04
Loss = 2.2682e-03, PNorm = 38.0250, GNorm = 0.8385, lr_0 = 2.5076e-04
Loss = 1.9821e-03, PNorm = 38.0315, GNorm = 0.5660, lr_0 = 2.4922e-04
Loss = 1.8050e-03, PNorm = 38.0407, GNorm = 0.7251, lr_0 = 2.4770e-04
Loss = 1.9210e-03, PNorm = 38.0489, GNorm = 0.5909, lr_0 = 2.4618e-04
Loss = 1.8083e-03, PNorm = 38.0514, GNorm = 0.4597, lr_0 = 2.4468e-04
Validation rmse = 0.918202
Epoch 19
Loss = 1.4610e-03, PNorm = 38.0593, GNorm = 0.5354, lr_0 = 2.4303e-04
Loss = 1.4817e-03, PNorm = 38.0674, GNorm = 0.8413, lr_0 = 2.4154e-04
Loss = 1.4548e-03, PNorm = 38.0738, GNorm = 0.4861, lr_0 = 2.4007e-04
Loss = 1.9029e-03, PNorm = 38.0815, GNorm = 0.7892, lr_0 = 2.3860e-04
Loss = 1.8391e-03, PNorm = 38.0891, GNorm = 1.0560, lr_0 = 2.3714e-04
Loss = 1.9920e-03, PNorm = 38.0968, GNorm = 1.2054, lr_0 = 2.3569e-04
Loss = 1.6510e-03, PNorm = 38.1012, GNorm = 0.7912, lr_0 = 2.3424e-04
Loss = 1.9304e-03, PNorm = 38.1077, GNorm = 0.8276, lr_0 = 2.3281e-04
Loss = 1.9763e-03, PNorm = 38.1156, GNorm = 1.0072, lr_0 = 2.3139e-04
Loss = 1.5734e-03, PNorm = 38.1189, GNorm = 0.7292, lr_0 = 2.2997e-04
Loss = 1.9320e-03, PNorm = 38.1257, GNorm = 0.6147, lr_0 = 2.2856e-04
Loss = 2.1658e-03, PNorm = 38.1354, GNorm = 0.9811, lr_0 = 2.2717e-04
Loss = 1.3587e-03, PNorm = 38.1423, GNorm = 1.2111, lr_0 = 2.2578e-04
Validation rmse = 0.906533
Epoch 20
Loss = 2.1339e-03, PNorm = 38.1494, GNorm = 0.9712, lr_0 = 2.2439e-04
Loss = 1.2726e-03, PNorm = 38.1580, GNorm = 0.9642, lr_0 = 2.2302e-04
Loss = 1.5663e-03, PNorm = 38.1643, GNorm = 0.9550, lr_0 = 2.2166e-04
Loss = 1.8178e-03, PNorm = 38.1715, GNorm = 1.3450, lr_0 = 2.2030e-04
Loss = 1.9115e-03, PNorm = 38.1783, GNorm = 1.0516, lr_0 = 2.1895e-04
Loss = 1.8204e-03, PNorm = 38.1831, GNorm = 0.8522, lr_0 = 2.1761e-04
Loss = 1.9883e-03, PNorm = 38.1896, GNorm = 0.9870, lr_0 = 2.1628e-04
Loss = 1.9060e-03, PNorm = 38.1966, GNorm = 1.5738, lr_0 = 2.1496e-04
Loss = 1.6613e-03, PNorm = 38.2013, GNorm = 0.3480, lr_0 = 2.1364e-04
Loss = 1.9929e-03, PNorm = 38.2076, GNorm = 0.9232, lr_0 = 2.1234e-04
Loss = 1.4402e-03, PNorm = 38.2143, GNorm = 0.9750, lr_0 = 2.1104e-04
Loss = 1.4499e-03, PNorm = 38.2195, GNorm = 0.7696, lr_0 = 2.0975e-04
Loss = 1.7761e-03, PNorm = 38.2239, GNorm = 1.1530, lr_0 = 2.0846e-04
Loss = 1.9570e-03, PNorm = 38.2291, GNorm = 1.1464, lr_0 = 2.0719e-04
Validation rmse = 0.918440
Epoch 21
Loss = 1.5534e-03, PNorm = 38.2358, GNorm = 0.9893, lr_0 = 2.0579e-04
Loss = 1.6677e-03, PNorm = 38.2455, GNorm = 0.7931, lr_0 = 2.0453e-04
Loss = 1.7632e-03, PNorm = 38.2505, GNorm = 0.5788, lr_0 = 2.0328e-04
Loss = 1.5082e-03, PNorm = 38.2567, GNorm = 0.5123, lr_0 = 2.0204e-04
Loss = 1.5190e-03, PNorm = 38.2625, GNorm = 0.5711, lr_0 = 2.0080e-04
Loss = 1.6334e-03, PNorm = 38.2681, GNorm = 0.7147, lr_0 = 1.9958e-04
Loss = 1.5209e-03, PNorm = 38.2728, GNorm = 1.5171, lr_0 = 1.9835e-04
Loss = 1.7550e-03, PNorm = 38.2764, GNorm = 0.6317, lr_0 = 1.9714e-04
Loss = 1.6555e-03, PNorm = 38.2829, GNorm = 0.7171, lr_0 = 1.9593e-04
Loss = 1.7919e-03, PNorm = 38.2892, GNorm = 1.1992, lr_0 = 1.9474e-04
Loss = 1.9408e-03, PNorm = 38.2923, GNorm = 1.0187, lr_0 = 1.9354e-04
Loss = 1.7999e-03, PNorm = 38.2965, GNorm = 1.4801, lr_0 = 1.9236e-04
Loss = 1.9478e-03, PNorm = 38.3042, GNorm = 0.5494, lr_0 = 1.9118e-04
Validation rmse = 0.916961
Epoch 22
Loss = 1.4281e-03, PNorm = 38.3116, GNorm = 0.8059, lr_0 = 1.8990e-04
Loss = 1.4788e-03, PNorm = 38.3183, GNorm = 0.3978, lr_0 = 1.8874e-04
Loss = 1.7660e-03, PNorm = 38.3239, GNorm = 0.9620, lr_0 = 1.8758e-04
Loss = 1.5478e-03, PNorm = 38.3279, GNorm = 1.0153, lr_0 = 1.8643e-04
Loss = 1.5498e-03, PNorm = 38.3329, GNorm = 0.5517, lr_0 = 1.8529e-04
Loss = 1.9768e-03, PNorm = 38.3373, GNorm = 1.4812, lr_0 = 1.8416e-04
Loss = 1.4967e-03, PNorm = 38.3441, GNorm = 0.6091, lr_0 = 1.8303e-04
Loss = 1.2866e-03, PNorm = 38.3490, GNorm = 0.3644, lr_0 = 1.8191e-04
Loss = 1.7458e-03, PNorm = 38.3531, GNorm = 1.0754, lr_0 = 1.8080e-04
Loss = 1.9742e-03, PNorm = 38.3591, GNorm = 0.9743, lr_0 = 1.7969e-04
Loss = 1.6882e-03, PNorm = 38.3640, GNorm = 1.0149, lr_0 = 1.7859e-04
Loss = 1.8531e-03, PNorm = 38.3687, GNorm = 0.8271, lr_0 = 1.7750e-04
Loss = 1.5182e-03, PNorm = 38.3744, GNorm = 0.8616, lr_0 = 1.7641e-04
Loss = 1.6650e-03, PNorm = 38.3816, GNorm = 0.9887, lr_0 = 1.7534e-04
Validation rmse = 0.955207
Epoch 23
Loss = 1.6873e-03, PNorm = 38.3889, GNorm = 0.6401, lr_0 = 1.7426e-04
Loss = 1.5982e-03, PNorm = 38.3923, GNorm = 0.5998, lr_0 = 1.7320e-04
Loss = 1.6554e-03, PNorm = 38.3964, GNorm = 0.8828, lr_0 = 1.7214e-04
Loss = 1.6063e-03, PNorm = 38.4004, GNorm = 0.6221, lr_0 = 1.7108e-04
Loss = 1.7305e-03, PNorm = 38.4080, GNorm = 0.5879, lr_0 = 1.7004e-04
Loss = 1.4791e-03, PNorm = 38.4124, GNorm = 1.0701, lr_0 = 1.6900e-04
Loss = 1.5395e-03, PNorm = 38.4156, GNorm = 1.4612, lr_0 = 1.6796e-04
Loss = 1.5914e-03, PNorm = 38.4192, GNorm = 0.5280, lr_0 = 1.6694e-04
Loss = 1.6766e-03, PNorm = 38.4234, GNorm = 1.6294, lr_0 = 1.6591e-04
Loss = 1.3875e-03, PNorm = 38.4269, GNorm = 0.6405, lr_0 = 1.6490e-04
Loss = 1.6080e-03, PNorm = 38.4303, GNorm = 1.0005, lr_0 = 1.6389e-04
Loss = 1.5306e-03, PNorm = 38.4341, GNorm = 1.5988, lr_0 = 1.6289e-04
Loss = 1.7840e-03, PNorm = 38.4403, GNorm = 0.9255, lr_0 = 1.6189e-04
Validation rmse = 0.933335
Epoch 24
Loss = 1.2957e-03, PNorm = 38.4470, GNorm = 1.0164, lr_0 = 1.6080e-04
Loss = 1.0791e-03, PNorm = 38.4512, GNorm = 0.5804, lr_0 = 1.5982e-04
Loss = 1.7271e-03, PNorm = 38.4551, GNorm = 1.0955, lr_0 = 1.5884e-04
Loss = 1.5519e-03, PNorm = 38.4596, GNorm = 0.4467, lr_0 = 1.5787e-04
Loss = 1.7630e-03, PNorm = 38.4643, GNorm = 0.7408, lr_0 = 1.5690e-04
Loss = 1.4814e-03, PNorm = 38.4670, GNorm = 0.7591, lr_0 = 1.5594e-04
Loss = 1.6807e-03, PNorm = 38.4717, GNorm = 1.0405, lr_0 = 1.5499e-04
Loss = 1.7055e-03, PNorm = 38.4753, GNorm = 0.7140, lr_0 = 1.5404e-04
Loss = 1.6082e-03, PNorm = 38.4802, GNorm = 0.7516, lr_0 = 1.5310e-04
Loss = 1.6686e-03, PNorm = 38.4867, GNorm = 1.4777, lr_0 = 1.5216e-04
Loss = 1.6480e-03, PNorm = 38.4915, GNorm = 1.1752, lr_0 = 1.5123e-04
Loss = 1.7141e-03, PNorm = 38.4949, GNorm = 0.5169, lr_0 = 1.5030e-04
Loss = 1.8035e-03, PNorm = 38.4989, GNorm = 1.0786, lr_0 = 1.4939e-04
Loss = 1.7386e-03, PNorm = 38.5043, GNorm = 0.5090, lr_0 = 1.4847e-04
Validation rmse = 0.924279
Epoch 25
Loss = 1.5032e-03, PNorm = 38.5093, GNorm = 0.9925, lr_0 = 1.4756e-04
Loss = 1.5610e-03, PNorm = 38.5147, GNorm = 1.0742, lr_0 = 1.4666e-04
Loss = 1.2726e-03, PNorm = 38.5196, GNorm = 0.6266, lr_0 = 1.4576e-04
Loss = 1.3886e-03, PNorm = 38.5234, GNorm = 1.7838, lr_0 = 1.4487e-04
Loss = 1.6023e-03, PNorm = 38.5282, GNorm = 1.2408, lr_0 = 1.4398e-04
Loss = 1.6922e-03, PNorm = 38.5334, GNorm = 0.4855, lr_0 = 1.4310e-04
Loss = 1.4010e-03, PNorm = 38.5376, GNorm = 0.5360, lr_0 = 1.4223e-04
Loss = 1.2553e-03, PNorm = 38.5415, GNorm = 0.6132, lr_0 = 1.4136e-04
Loss = 1.9707e-03, PNorm = 38.5463, GNorm = 0.5890, lr_0 = 1.4049e-04
Loss = 1.3078e-03, PNorm = 38.5501, GNorm = 0.9334, lr_0 = 1.3963e-04
Loss = 1.6688e-03, PNorm = 38.5547, GNorm = 0.9469, lr_0 = 1.3878e-04
Loss = 1.8210e-03, PNorm = 38.5595, GNorm = 1.3777, lr_0 = 1.3793e-04
Loss = 1.6750e-03, PNorm = 38.5648, GNorm = 0.8616, lr_0 = 1.3709e-04
Validation rmse = 0.935372
Epoch 26
Loss = 1.9075e-03, PNorm = 38.5692, GNorm = 1.3847, lr_0 = 1.3616e-04
Loss = 1.7189e-03, PNorm = 38.5729, GNorm = 0.6553, lr_0 = 1.3533e-04
Loss = 1.3733e-03, PNorm = 38.5766, GNorm = 0.9535, lr_0 = 1.3450e-04
Loss = 1.6604e-03, PNorm = 38.5799, GNorm = 1.0777, lr_0 = 1.3368e-04
Loss = 1.4908e-03, PNorm = 38.5846, GNorm = 0.6675, lr_0 = 1.3286e-04
Loss = 1.6880e-03, PNorm = 38.5891, GNorm = 1.1811, lr_0 = 1.3205e-04
Loss = 1.5852e-03, PNorm = 38.5936, GNorm = 0.7799, lr_0 = 1.3124e-04
Loss = 1.2677e-03, PNorm = 38.5990, GNorm = 0.7410, lr_0 = 1.3044e-04
Loss = 1.6385e-03, PNorm = 38.6036, GNorm = 1.1776, lr_0 = 1.2964e-04
Loss = 1.6442e-03, PNorm = 38.6058, GNorm = 0.8127, lr_0 = 1.2885e-04
Loss = 1.8280e-03, PNorm = 38.6081, GNorm = 0.5589, lr_0 = 1.2806e-04
Loss = 1.5474e-03, PNorm = 38.6109, GNorm = 0.7928, lr_0 = 1.2728e-04
Loss = 1.3526e-03, PNorm = 38.6152, GNorm = 0.5215, lr_0 = 1.2650e-04
Validation rmse = 0.943923
Epoch 27
Loss = 1.4198e-03, PNorm = 38.6202, GNorm = 0.6812, lr_0 = 1.2565e-04
Loss = 1.4130e-03, PNorm = 38.6237, GNorm = 1.1793, lr_0 = 1.2488e-04
Loss = 1.5395e-03, PNorm = 38.6247, GNorm = 1.1087, lr_0 = 1.2411e-04
Loss = 1.6533e-03, PNorm = 38.6283, GNorm = 0.5532, lr_0 = 1.2335e-04
Loss = 1.3847e-03, PNorm = 38.6322, GNorm = 1.0260, lr_0 = 1.2260e-04
Loss = 1.5411e-03, PNorm = 38.6378, GNorm = 0.9440, lr_0 = 1.2185e-04
Loss = 1.4389e-03, PNorm = 38.6442, GNorm = 0.6287, lr_0 = 1.2110e-04
Loss = 1.4331e-03, PNorm = 38.6491, GNorm = 0.7281, lr_0 = 1.2036e-04
Loss = 1.4387e-03, PNorm = 38.6515, GNorm = 0.9679, lr_0 = 1.1963e-04
Loss = 1.7312e-03, PNorm = 38.6543, GNorm = 0.9658, lr_0 = 1.1889e-04
Loss = 1.1552e-03, PNorm = 38.6574, GNorm = 0.6864, lr_0 = 1.1817e-04
Loss = 1.5426e-03, PNorm = 38.6599, GNorm = 0.6618, lr_0 = 1.1744e-04
Loss = 1.5063e-03, PNorm = 38.6629, GNorm = 1.2069, lr_0 = 1.1673e-04
Loss = 1.7523e-03, PNorm = 38.6669, GNorm = 0.8269, lr_0 = 1.1601e-04
Validation rmse = 0.918183
Epoch 28
Loss = 1.2827e-03, PNorm = 38.6703, GNorm = 0.6108, lr_0 = 1.1530e-04
Loss = 1.5607e-03, PNorm = 38.6734, GNorm = 0.5248, lr_0 = 1.1460e-04
Loss = 1.4615e-03, PNorm = 38.6757, GNorm = 1.1744, lr_0 = 1.1389e-04
Loss = 1.4980e-03, PNorm = 38.6795, GNorm = 0.6187, lr_0 = 1.1320e-04
Loss = 1.4451e-03, PNorm = 38.6835, GNorm = 1.1575, lr_0 = 1.1251e-04
Loss = 1.5344e-03, PNorm = 38.6875, GNorm = 0.6456, lr_0 = 1.1182e-04
Loss = 1.6365e-03, PNorm = 38.6909, GNorm = 0.8864, lr_0 = 1.1113e-04
Loss = 1.4880e-03, PNorm = 38.6943, GNorm = 0.9933, lr_0 = 1.1045e-04
Loss = 1.2399e-03, PNorm = 38.6983, GNorm = 0.6088, lr_0 = 1.0978e-04
Loss = 1.8768e-03, PNorm = 38.7012, GNorm = 1.1364, lr_0 = 1.0911e-04
Loss = 1.5426e-03, PNorm = 38.7030, GNorm = 1.4598, lr_0 = 1.0844e-04
Loss = 1.6251e-03, PNorm = 38.7064, GNorm = 0.5745, lr_0 = 1.0777e-04
Loss = 1.2668e-03, PNorm = 38.7084, GNorm = 0.4502, lr_0 = 1.0712e-04
Validation rmse = 0.927161
Epoch 29
Loss = 1.1263e-03, PNorm = 38.7123, GNorm = 0.4914, lr_0 = 1.0639e-04
Loss = 1.5654e-03, PNorm = 38.7146, GNorm = 0.9338, lr_0 = 1.0574e-04
Loss = 1.5264e-03, PNorm = 38.7188, GNorm = 1.4131, lr_0 = 1.0510e-04
Loss = 1.4756e-03, PNorm = 38.7236, GNorm = 1.1590, lr_0 = 1.0445e-04
Loss = 1.4626e-03, PNorm = 38.7285, GNorm = 1.4456, lr_0 = 1.0381e-04
Loss = 1.3478e-03, PNorm = 38.7320, GNorm = 0.9003, lr_0 = 1.0318e-04
Loss = 1.3911e-03, PNorm = 38.7353, GNorm = 0.4250, lr_0 = 1.0255e-04
Loss = 1.6597e-03, PNorm = 38.7374, GNorm = 0.7485, lr_0 = 1.0192e-04
Loss = 1.3782e-03, PNorm = 38.7395, GNorm = 1.1996, lr_0 = 1.0130e-04
Loss = 1.4080e-03, PNorm = 38.7415, GNorm = 0.6040, lr_0 = 1.0068e-04
Loss = 1.3373e-03, PNorm = 38.7437, GNorm = 0.8657, lr_0 = 1.0006e-04
Loss = 1.4363e-03, PNorm = 38.7469, GNorm = 0.7651, lr_0 = 1.0000e-04
Loss = 1.3398e-03, PNorm = 38.7505, GNorm = 0.9775, lr_0 = 1.0000e-04
Loss = 1.5100e-03, PNorm = 38.7528, GNorm = 0.4367, lr_0 = 1.0000e-04
Validation rmse = 0.933022
Model 0 best validation rmse = 0.901802 on epoch 7
Loading pretrained parameter "encoder.encoder.cached_zero_vector".
Loading pretrained parameter "encoder.encoder.W_i.weight".
Loading pretrained parameter "encoder.encoder.W_h.weight".
Loading pretrained parameter "encoder.encoder.W_o.weight".
Loading pretrained parameter "encoder.encoder.W_o.bias".
Loading pretrained parameter "ffn.1.weight".
Loading pretrained parameter "ffn.1.bias".
Loading pretrained parameter "ffn.4.weight".
Loading pretrained parameter "ffn.4.bias".
Moving model to cuda
Model 0 test rmse = 1.049781
Ensemble test rmse = 1.049781
1-fold cross validation
	Seed 0 ==> test rmse = 1.049781
Overall test rmse = 1.049781 +/- 0.000000
Elapsed time = 0:04:12
