Fold 0
Model 0 best validation rmse = 0.820557 on epoch 26
Model 0 test rmse = 0.768308
Ensemble test rmse = 0.768308
Fold 1
Model 0 best validation rmse = 0.643522 on epoch 29
Model 0 test rmse = 0.696907
Ensemble test rmse = 0.696907
Fold 2
Model 0 best validation rmse = 0.629219 on epoch 24
Model 0 test rmse = 0.658745
Ensemble test rmse = 0.658745
Fold 3
Model 0 best validation rmse = 0.640875 on epoch 27
Model 0 test rmse = 0.894170
Ensemble test rmse = 0.894170
Fold 4
Model 0 best validation rmse = 0.697758 on epoch 29
Model 0 test rmse = 1.056610
Ensemble test rmse = 1.056610
Fold 5
Model 0 best validation rmse = 0.821749 on epoch 27
Model 0 test rmse = 0.673163
Ensemble test rmse = 0.673163
Fold 6
Model 0 best validation rmse = 0.964457 on epoch 29
Model 0 test rmse = 0.746598
Ensemble test rmse = 0.746598
Fold 7
Model 0 best validation rmse = 0.720559 on epoch 26
Model 0 test rmse = 0.705750
Ensemble test rmse = 0.705750
Fold 8
Model 0 best validation rmse = 0.913432 on epoch 13
Model 0 test rmse = 0.730933
Ensemble test rmse = 0.730933
Fold 9
Model 0 best validation rmse = 0.716267 on epoch 19
Model 0 test rmse = 0.755943
Ensemble test rmse = 0.755943
10-fold cross validation
	Seed 0 ==> test rmse = 0.768308
	Seed 1 ==> test rmse = 0.696907
	Seed 2 ==> test rmse = 0.658745
	Seed 3 ==> test rmse = 0.894170
	Seed 4 ==> test rmse = 1.056610
	Seed 5 ==> test rmse = 0.673163
	Seed 6 ==> test rmse = 0.746598
	Seed 7 ==> test rmse = 0.705750
	Seed 8 ==> test rmse = 0.730933
	Seed 9 ==> test rmse = 0.755943
Overall test rmse = 0.768713 +/- 0.114476
Elapsed time = 0:08:15
Fold 0
Model 0 best validation rmse = 0.764183 on epoch 18
Model 0 test rmse = 0.784245
Ensemble test rmse = 0.784245
Fold 1
Model 0 best validation rmse = 0.645061 on epoch 26
Model 0 test rmse = 0.680039
Ensemble test rmse = 0.680039
Fold 2
Model 0 best validation rmse = 0.666671 on epoch 24
Model 0 test rmse = 0.684674
Ensemble test rmse = 0.684674
Fold 3
Model 0 best validation rmse = 0.639127 on epoch 26
Model 0 test rmse = 0.840444
Ensemble test rmse = 0.840444
Fold 4
Model 0 best validation rmse = 0.715234 on epoch 21
Model 0 test rmse = 1.024699
Ensemble test rmse = 1.024699
Fold 5
Model 0 best validation rmse = 0.828696 on epoch 27
Model 0 test rmse = 0.676174
Ensemble test rmse = 0.676174
Fold 6
Model 0 best validation rmse = 0.940947 on epoch 21
Model 0 test rmse = 0.763615
Ensemble test rmse = 0.763615
Fold 7
Model 0 best validation rmse = 0.702566 on epoch 26
Model 0 test rmse = 0.708465
Ensemble test rmse = 0.708465
Fold 8
Model 0 best validation rmse = 0.921459 on epoch 17
Model 0 test rmse = 0.698984
Ensemble test rmse = 0.698984
Fold 9
Model 0 best validation rmse = 0.736314 on epoch 19
Model 0 test rmse = 0.730803
Ensemble test rmse = 0.730803
10-fold cross validation
	Seed 0 ==> test rmse = 0.784245
	Seed 1 ==> test rmse = 0.680039
	Seed 2 ==> test rmse = 0.684674
	Seed 3 ==> test rmse = 0.840444
	Seed 4 ==> test rmse = 1.024699
	Seed 5 ==> test rmse = 0.676174
	Seed 6 ==> test rmse = 0.763615
	Seed 7 ==> test rmse = 0.708465
	Seed 8 ==> test rmse = 0.698984
	Seed 9 ==> test rmse = 0.730803
Overall test rmse = 0.759214 +/- 0.101714
Elapsed time = 0:08:30
