Fold 0
Model 0 best validation rmse = 0.915978 on epoch 15
Model 0 test rmse = 1.025711
Ensemble test rmse = 1.025711
Fold 1
Model 0 best validation rmse = 1.007840 on epoch 28
Model 0 test rmse = 0.837070
Ensemble test rmse = 0.837070
Fold 2
Model 0 best validation rmse = 1.099494 on epoch 20
Model 0 test rmse = 1.046931
Ensemble test rmse = 1.046931
Fold 3
Model 0 best validation rmse = 1.023504 on epoch 17
Model 0 test rmse = 1.043590
Ensemble test rmse = 1.043590
Fold 4
Model 0 best validation rmse = 0.962749 on epoch 20
Model 0 test rmse = 1.063413
Ensemble test rmse = 1.063413
Fold 5
Model 0 best validation rmse = 1.032064 on epoch 19
Model 0 test rmse = 0.901266
Ensemble test rmse = 0.901266
Fold 6
Model 0 best validation rmse = 1.023390 on epoch 28
Model 0 test rmse = 1.028523
Ensemble test rmse = 1.028523
Fold 7
Model 0 best validation rmse = 0.927419 on epoch 19
Model 0 test rmse = 0.931312
Ensemble test rmse = 0.931312
Fold 8
Model 0 best validation rmse = 0.879377 on epoch 16
Model 0 test rmse = 1.055544
Ensemble test rmse = 1.055544
Fold 9
Model 0 best validation rmse = 0.898666 on epoch 18
Model 0 test rmse = 0.956387
Ensemble test rmse = 0.956387
10-fold cross validation
	Seed 0 ==> test rmse = 1.025711
	Seed 1 ==> test rmse = 0.837070
	Seed 2 ==> test rmse = 1.046931
	Seed 3 ==> test rmse = 1.043590
	Seed 4 ==> test rmse = 1.063413
	Seed 5 ==> test rmse = 0.901266
	Seed 6 ==> test rmse = 1.028523
	Seed 7 ==> test rmse = 0.931312
	Seed 8 ==> test rmse = 1.055544
	Seed 9 ==> test rmse = 0.956387
Overall test rmse = 0.988975 +/- 0.073745
Elapsed time = 0:39:18
Fold 0
Model 0 best validation rmse = 0.894371 on epoch 7
Model 0 test rmse = 1.032234
Ensemble test rmse = 1.032234
Fold 1
Model 0 best validation rmse = 0.952821 on epoch 13
Model 0 test rmse = 0.830623
Ensemble test rmse = 0.830623
Fold 2
Model 0 best validation rmse = 1.097075 on epoch 10
Model 0 test rmse = 1.019462
Ensemble test rmse = 1.019462
Fold 3
Model 0 best validation rmse = 1.001047 on epoch 11
Model 0 test rmse = 1.052129
Ensemble test rmse = 1.052129
Fold 4
Model 0 best validation rmse = 0.937636 on epoch 16
Model 0 test rmse = 1.097161
Ensemble test rmse = 1.097161
Fold 5
Model 0 best validation rmse = 1.005555 on epoch 15
Model 0 test rmse = 0.885691
Ensemble test rmse = 0.885691
Fold 6
Model 0 best validation rmse = 0.982723 on epoch 14
Model 0 test rmse = 0.977313
Ensemble test rmse = 0.977313
Fold 7
Model 0 best validation rmse = 0.910314 on epoch 13
Model 0 test rmse = 0.929216
Ensemble test rmse = 0.929216
Fold 8
Model 0 best validation rmse = 0.831624 on epoch 19
Model 0 test rmse = 1.057918
Ensemble test rmse = 1.057918
Fold 9
Model 0 best validation rmse = 0.888098 on epoch 8
Model 0 test rmse = 0.920509
Ensemble test rmse = 0.920509
10-fold cross validation
	Seed 0 ==> test rmse = 1.032234
	Seed 1 ==> test rmse = 0.830623
	Seed 2 ==> test rmse = 1.019462
	Seed 3 ==> test rmse = 1.052129
	Seed 4 ==> test rmse = 1.097161
	Seed 5 ==> test rmse = 0.885691
	Seed 6 ==> test rmse = 0.977313
	Seed 7 ==> test rmse = 0.929216
	Seed 8 ==> test rmse = 1.057918
	Seed 9 ==> test rmse = 0.920509
Overall test rmse = 0.980226 +/- 0.081620
Elapsed time = 0:43:30
Fold 0
Model 0 best validation rmse = 0.907176 on epoch 7
Model 0 test rmse = 1.676260
Ensemble test rmse = 1.676260
Fold 1
Model 0 best validation rmse = 0.982237 on epoch 12
Model 0 test rmse = 0.834540
Ensemble test rmse = 0.834540
Fold 2
Model 0 best validation rmse = 1.103236 on epoch 23
Model 0 test rmse = 1.073737
Ensemble test rmse = 1.073737
Fold 3
Model 0 best validation rmse = 1.066549 on epoch 6
Model 0 test rmse = 1.026636
Ensemble test rmse = 1.026636
Fold 4
Model 0 best validation rmse = 0.946727 on epoch 17
Model 0 test rmse = 1.114383
Ensemble test rmse = 1.114383
Fold 5
Model 0 best validation rmse = 0.973870 on epoch 16
Model 0 test rmse = 1.064881
Ensemble test rmse = 1.064881
Fold 6
Model 0 best validation rmse = 0.999353 on epoch 22
Model 0 test rmse = 1.036591
Ensemble test rmse = 1.036591
Fold 7
Model 0 best validation rmse = 0.887009 on epoch 7
Model 0 test rmse = 1.169073
Ensemble test rmse = 1.169073
Fold 8
Model 0 best validation rmse = 0.849856 on epoch 16
Model 0 test rmse = 1.058417
Ensemble test rmse = 1.058417
Fold 9
Model 0 best validation rmse = 0.875846 on epoch 18
Model 0 test rmse = 0.890530
Ensemble test rmse = 0.890530
10-fold cross validation
	Seed 0 ==> test rmse = 1.676260
	Seed 1 ==> test rmse = 0.834540
	Seed 2 ==> test rmse = 1.073737
	Seed 3 ==> test rmse = 1.026636
	Seed 4 ==> test rmse = 1.114383
	Seed 5 ==> test rmse = 1.064881
	Seed 6 ==> test rmse = 1.036591
	Seed 7 ==> test rmse = 1.169073
	Seed 8 ==> test rmse = 1.058417
	Seed 9 ==> test rmse = 0.890530
Overall test rmse = 1.094505 +/- 0.215442
Elapsed time = 0:48:07
Fold 0
Model 0 best validation rmse = 1.004224 on epoch 15
Model 0 test rmse = 1.093433
Ensemble test rmse = 1.093433
Fold 1
Model 0 best validation rmse = 1.098241 on epoch 16
Model 0 test rmse = 0.933190
Ensemble test rmse = 0.933190
Fold 2
Model 0 best validation rmse = 1.139281 on epoch 7
Model 0 test rmse = 1.142906
Ensemble test rmse = 1.142906
Fold 3
Model 0 best validation rmse = 1.127782 on epoch 15
Model 0 test rmse = 1.097611
Ensemble test rmse = 1.097611
Fold 4
Model 0 best validation rmse = 1.006768 on epoch 19
Model 0 test rmse = 1.172174
Ensemble test rmse = 1.172174
Fold 5
Model 0 best validation rmse = 1.072210 on epoch 27
Model 0 test rmse = 1.397403
Ensemble test rmse = 1.397403
Fold 6
Model 0 best validation rmse = 1.056895 on epoch 29
Model 0 test rmse = 1.053930
Ensemble test rmse = 1.053930
Fold 7
Model 0 best validation rmse = 1.009403 on epoch 9
Model 0 test rmse = 1.186234
Ensemble test rmse = 1.186234
Fold 8
Model 0 best validation rmse = 0.966523 on epoch 20
Model 0 test rmse = 1.137341
Ensemble test rmse = 1.137341
Fold 9
Model 0 best validation rmse = 0.951887 on epoch 17
Model 0 test rmse = 1.121986
Ensemble test rmse = 1.121986
10-fold cross validation
	Seed 0 ==> test rmse = 1.093433
	Seed 1 ==> test rmse = 0.933190
	Seed 2 ==> test rmse = 1.142906
	Seed 3 ==> test rmse = 1.097611
	Seed 4 ==> test rmse = 1.172174
	Seed 5 ==> test rmse = 1.397403
	Seed 6 ==> test rmse = 1.053930
	Seed 7 ==> test rmse = 1.186234
	Seed 8 ==> test rmse = 1.137341
	Seed 9 ==> test rmse = 1.121986
Overall test rmse = 1.133621 +/- 0.111133
Elapsed time = 0:40:50
Fold 0
Model 0 best validation rmse = 0.906126 on epoch 17
Model 0 test rmse = 0.968846
Ensemble test rmse = 0.968846
Fold 1
Model 0 best validation rmse = 0.978316 on epoch 13
Model 0 test rmse = 0.822172
Ensemble test rmse = 0.822172
Fold 2
Model 0 best validation rmse = 1.079284 on epoch 15
Model 0 test rmse = 1.016444
Ensemble test rmse = 1.016444
Fold 3
Model 0 best validation rmse = 1.007824 on epoch 29
Model 0 test rmse = 1.053345
Ensemble test rmse = 1.053345
Fold 4
Model 0 best validation rmse = 0.962498 on epoch 12
Model 0 test rmse = 0.972298
Ensemble test rmse = 0.972298
Fold 5
Model 0 best validation rmse = 0.998137 on epoch 12
Model 0 test rmse = 0.906513
Ensemble test rmse = 0.906513
Fold 6
Model 0 best validation rmse = 1.001832 on epoch 28
Model 0 test rmse = 0.994326
Ensemble test rmse = 0.994326
Fold 7
Model 0 best validation rmse = 0.918792 on epoch 19
Model 0 test rmse = 0.978991
Ensemble test rmse = 0.978991
Fold 8
Model 0 best validation rmse = 0.848997 on epoch 7
Model 0 test rmse = 1.001804
Ensemble test rmse = 1.001804
Fold 9
Model 0 best validation rmse = 0.885921 on epoch 17
Model 0 test rmse = 0.964794
Ensemble test rmse = 0.964794
10-fold cross validation
	Seed 0 ==> test rmse = 0.968846
	Seed 1 ==> test rmse = 0.822172
	Seed 2 ==> test rmse = 1.016444
	Seed 3 ==> test rmse = 1.053345
	Seed 4 ==> test rmse = 0.972298
	Seed 5 ==> test rmse = 0.906513
	Seed 6 ==> test rmse = 0.994326
	Seed 7 ==> test rmse = 0.978991
	Seed 8 ==> test rmse = 1.001804
	Seed 9 ==> test rmse = 0.964794
Overall test rmse = 0.967953 +/- 0.060550
Elapsed time = 0:39:48
