Fold 0
Command line
python train.py --data_path data/DowData/solubility/Morgan_OneMol/data.csv --dataset_type regression --save_dir checkpoints/Morgan_OneMol/sol_noopt-1597339656 --split_type scaffold_balanced --save_smiles_splits --epochs 30 --dropout 0 --features_path data/DowData/solubility/Morgan_OneMol/features.csv
Args
{'activation': 'ReLU',
 'atom_messages': False,
 'batch_size': 50,
 'bias': False,
 'cache_cutoff': 10000,
 'checkpoint_dir': None,
 'checkpoint_path': None,
 'checkpoint_paths': None,
 'class_balance': False,
 'config_path': None,
 'crossval_index_dir': None,
 'crossval_index_file': None,
 'crossval_index_sets': None,
 'cuda': True,
 'data_path': 'data/DowData/solubility/Morgan_OneMol/data.csv',
 'dataset_type': 'regression',
 'depth': 3,
 'device': device(type='cuda'),
 'dropout': 0.0,
 'ensemble_size': 1,
 'epochs': 30,
 'features_generator': None,
 'features_only': False,
 'features_path': ['data/DowData/solubility/Morgan_OneMol/features.csv'],
 'features_scaling': True,
 'features_size': None,
 'ffn_hidden_size': 300,
 'ffn_num_layers': 2,
 'final_lr': 0.0001,
 'folds_file': None,
 'gpu': None,
 'grad_clip': None,
 'hidden_size': 300,
 'ignore_columns': None,
 'init_lr': 0.0001,
 'log_frequency': 10,
 'max_data_size': None,
 'max_lr': 0.001,
 'metric': 'rmse',
 'minimize_score': True,
 'multiclass_num_classes': 3,
 'no_cuda': False,
 'no_features_scaling': False,
 'num_folds': 1,
 'num_lrs': 1,
 'num_tasks': 1,
 'num_workers': 8,
 'pytorch_seed': 0,
 'quiet': False,
 'save_dir': 'checkpoints/Morgan_OneMol/sol_noopt-1597339656/fold_0',
 'save_smiles_splits': True,
 'seed': 0,
 'separate_test_features_path': None,
 'separate_test_path': None,
 'separate_val_features_path': None,
 'separate_val_path': None,
 'show_individual_scores': False,
 'smiles_column': None,
 'split_sizes': (0.8, 0.1, 0.1),
 'split_type': 'scaffold_balanced',
 'target_columns': None,
 'task_names': ['Solubility'],
 'test': False,
 'test_fold_index': None,
 'train_data_size': None,
 'undirected': False,
 'use_input_features': True,
 'val_fold_index': None,
 'warmup_epochs': 2.0}
Loading data
Number of tasks = 1
Splitting data with seed 0
Total scaffolds = 1,705 | train scaffolds = 1,139 | val scaffolds = 246 | test scaffolds = 320
Label averages per scaffold, in decreasing order of scaffold frequency,capped at 10 scaffolds and 20 labels:
Scaffold 0
Task 0: count = 2,348 | target average = -1.983332


Scaffold 1
Task 0: count = 1,694 | target average = -2.620332


Scaffold 2
Task 0: count = 218 | target average = -6.948481


Scaffold 3
Task 0: count = 150 | target average = -3.896685


Scaffold 4
Task 0: count = 137 | target average = -6.791012


Scaffold 5
Task 0: count = 113 | target average = -2.695231


Scaffold 6
Task 0: count = 99 | target average = -1.351565


Scaffold 7
Task 0: count = 73 | target average = -5.256434


Scaffold 8
Task 0: count = 55 | target average = -5.471704


Scaffold 9
Task 0: count = 54 | target average = -4.558373


Total size = 8,884 | train size = 7,107 | val size = 888 | test size = 889
Fitting scaler
Building model 0
MoleculeModel(
  (encoder): MPN(
    (encoder): MPNEncoder(
      (dropout_layer): Dropout(p=0.0, inplace=False)
      (act_func): ReLU()
      (W_i): Linear(in_features=147, out_features=300, bias=False)
      (W_h): Linear(in_features=300, out_features=300, bias=False)
      (W_o): Linear(in_features=433, out_features=300, bias=True)
    )
  )
  (ffn): Sequential(
    (0): Dropout(p=0.0, inplace=False)
    (1): Linear(in_features=1324, out_features=300, bias=True)
    (2): ReLU()
    (3): Dropout(p=0.0, inplace=False)
    (4): Linear(in_features=300, out_features=1, bias=True)
  )
)
Number of parameters = 662,101
Moving model to cuda
Epoch 0
Loss = 4.1223e-02, PNorm = 36.5921, GNorm = 12.0056, lr_0 = 1.3486e-04
Loss = 3.0758e-02, PNorm = 36.5898, GNorm = 14.2505, lr_0 = 1.6655e-04
Loss = 2.4992e-02, PNorm = 36.5893, GNorm = 7.6447, lr_0 = 1.9824e-04
Loss = 2.0704e-02, PNorm = 36.5904, GNorm = 11.2326, lr_0 = 2.2993e-04
Loss = 2.0086e-02, PNorm = 36.5945, GNorm = 8.8878, lr_0 = 2.6162e-04
Loss = 1.6932e-02, PNorm = 36.5996, GNorm = 8.0427, lr_0 = 2.9331e-04
Loss = 1.5650e-02, PNorm = 36.6081, GNorm = 7.1992, lr_0 = 3.2500e-04
Loss = 1.3883e-02, PNorm = 36.6165, GNorm = 6.3093, lr_0 = 3.5669e-04
Loss = 1.1951e-02, PNorm = 36.6241, GNorm = 8.4116, lr_0 = 3.8838e-04
Loss = 1.0646e-02, PNorm = 36.6331, GNorm = 8.9157, lr_0 = 4.2007e-04
Loss = 1.2602e-02, PNorm = 36.6463, GNorm = 7.6757, lr_0 = 4.5176e-04
Loss = 1.1965e-02, PNorm = 36.6609, GNorm = 8.3952, lr_0 = 4.8345e-04
Loss = 1.0342e-02, PNorm = 36.6716, GNorm = 9.6946, lr_0 = 5.1514e-04
Loss = 1.2599e-02, PNorm = 36.6861, GNorm = 8.7880, lr_0 = 5.4683e-04
Validation rmse = 2.136408
Epoch 1
Loss = 7.8955e-03, PNorm = 36.7139, GNorm = 5.0340, lr_0 = 5.8169e-04
Loss = 7.7029e-03, PNorm = 36.7297, GNorm = 4.3431, lr_0 = 6.1338e-04
Loss = 9.2210e-03, PNorm = 36.7408, GNorm = 3.8016, lr_0 = 6.4507e-04
Loss = 7.6443e-03, PNorm = 36.7599, GNorm = 4.3590, lr_0 = 6.7676e-04
Loss = 8.2655e-03, PNorm = 36.7796, GNorm = 8.0126, lr_0 = 7.0845e-04
Loss = 6.9910e-03, PNorm = 36.7926, GNorm = 5.1633, lr_0 = 7.4014e-04
Loss = 6.9121e-03, PNorm = 36.8095, GNorm = 4.1144, lr_0 = 7.7183e-04
Loss = 6.9322e-03, PNorm = 36.8389, GNorm = 7.5593, lr_0 = 8.0352e-04
Loss = 6.3520e-03, PNorm = 36.8598, GNorm = 5.4336, lr_0 = 8.3521e-04
Loss = 8.9444e-03, PNorm = 36.8810, GNorm = 7.0379, lr_0 = 8.6690e-04
Loss = 7.5133e-03, PNorm = 36.9141, GNorm = 3.8943, lr_0 = 8.9859e-04
Loss = 7.5325e-03, PNorm = 36.9519, GNorm = 3.1708, lr_0 = 9.3028e-04
Loss = 8.7828e-03, PNorm = 36.9849, GNorm = 5.8823, lr_0 = 9.6197e-04
Loss = 8.9215e-03, PNorm = 37.0131, GNorm = 6.5877, lr_0 = 9.9366e-04
Validation rmse = 1.829586
Epoch 2
Loss = 5.8107e-03, PNorm = 37.0481, GNorm = 7.0283, lr_0 = 9.9480e-04
Loss = 6.9058e-03, PNorm = 37.0854, GNorm = 2.6228, lr_0 = 9.8906e-04
Loss = 7.7624e-03, PNorm = 37.1332, GNorm = 4.2202, lr_0 = 9.8335e-04
Loss = 5.2055e-03, PNorm = 37.1736, GNorm = 3.9660, lr_0 = 9.7767e-04
Loss = 4.8107e-03, PNorm = 37.2010, GNorm = 3.2349, lr_0 = 9.7202e-04
Loss = 5.9231e-03, PNorm = 37.2452, GNorm = 2.6109, lr_0 = 9.6641e-04
Loss = 4.7900e-03, PNorm = 37.2923, GNorm = 2.3157, lr_0 = 9.6083e-04
Loss = 4.4796e-03, PNorm = 37.3149, GNorm = 2.3804, lr_0 = 9.5528e-04
Loss = 4.2129e-03, PNorm = 37.3389, GNorm = 2.6066, lr_0 = 9.4976e-04
Loss = 4.6288e-03, PNorm = 37.3729, GNorm = 4.0598, lr_0 = 9.4428e-04
Loss = 5.1135e-03, PNorm = 37.3973, GNorm = 2.9830, lr_0 = 9.3883e-04
Loss = 4.2924e-03, PNorm = 37.4137, GNorm = 3.5891, lr_0 = 9.3341e-04
Loss = 3.9508e-03, PNorm = 37.4369, GNorm = 2.0773, lr_0 = 9.2802e-04
Loss = 3.7843e-03, PNorm = 37.4609, GNorm = 3.0508, lr_0 = 9.2266e-04
Validation rmse = 1.571730
Epoch 3
Loss = 3.2842e-03, PNorm = 37.4891, GNorm = 2.0761, lr_0 = 9.1680e-04
Loss = 2.9634e-03, PNorm = 37.5089, GNorm = 1.3209, lr_0 = 9.1150e-04
Loss = 2.3413e-03, PNorm = 37.5182, GNorm = 1.5291, lr_0 = 9.0624e-04
Loss = 2.0432e-03, PNorm = 37.5297, GNorm = 1.6769, lr_0 = 9.0101e-04
Loss = 2.3002e-03, PNorm = 37.5453, GNorm = 1.2405, lr_0 = 8.9580e-04
Loss = 2.6116e-03, PNorm = 37.5589, GNorm = 1.9230, lr_0 = 8.9063e-04
Loss = 2.3122e-03, PNorm = 37.5707, GNorm = 1.7112, lr_0 = 8.8549e-04
Loss = 2.5407e-03, PNorm = 37.5803, GNorm = 1.7405, lr_0 = 8.8038e-04
Loss = 2.8389e-03, PNorm = 37.5938, GNorm = 3.4431, lr_0 = 8.7529e-04
Loss = 2.4688e-03, PNorm = 37.6011, GNorm = 2.6803, lr_0 = 8.7024e-04
Loss = 2.0415e-03, PNorm = 37.6170, GNorm = 1.3930, lr_0 = 8.6521e-04
Loss = 2.7587e-03, PNorm = 37.6365, GNorm = 3.1918, lr_0 = 8.6022e-04
Loss = 2.4305e-03, PNorm = 37.6585, GNorm = 2.0300, lr_0 = 8.5525e-04
Loss = 2.2606e-03, PNorm = 37.6787, GNorm = 1.7707, lr_0 = 8.5031e-04
Validation rmse = 1.452742
Epoch 4
Loss = 1.1462e-03, PNorm = 37.6939, GNorm = 1.6682, lr_0 = 8.4491e-04
Loss = 1.6520e-03, PNorm = 37.7086, GNorm = 1.6025, lr_0 = 8.4003e-04
Loss = 2.0887e-03, PNorm = 37.7202, GNorm = 3.1717, lr_0 = 8.3518e-04
Loss = 1.6420e-03, PNorm = 37.7315, GNorm = 1.0633, lr_0 = 8.3036e-04
Loss = 1.6309e-03, PNorm = 37.7433, GNorm = 1.7274, lr_0 = 8.2556e-04
Loss = 1.8535e-03, PNorm = 37.7554, GNorm = 1.0333, lr_0 = 8.2080e-04
Loss = 1.5869e-03, PNorm = 37.7728, GNorm = 2.0340, lr_0 = 8.1606e-04
Loss = 1.5400e-03, PNorm = 37.7816, GNorm = 1.0892, lr_0 = 8.1134e-04
Loss = 1.4211e-03, PNorm = 37.7898, GNorm = 1.3851, lr_0 = 8.0666e-04
Loss = 1.2737e-03, PNorm = 37.7965, GNorm = 0.9592, lr_0 = 8.0200e-04
Loss = 1.3801e-03, PNorm = 37.8040, GNorm = 1.2902, lr_0 = 7.9737e-04
Loss = 1.5079e-03, PNorm = 37.8143, GNorm = 1.5440, lr_0 = 7.9277e-04
Loss = 1.7199e-03, PNorm = 37.8280, GNorm = 1.2983, lr_0 = 7.8819e-04
Loss = 1.9110e-03, PNorm = 37.8397, GNorm = 2.1361, lr_0 = 7.8364e-04
Loss = 1.3869e-03, PNorm = 37.8560, GNorm = 1.6118, lr_0 = 7.7911e-04
Loss = 5.2940e-04, PNorm = 37.8575, GNorm = 0.8629, lr_0 = 7.7866e-04
Validation rmse = 1.449797
Epoch 5
Loss = 1.2335e-03, PNorm = 37.8673, GNorm = 1.1043, lr_0 = 7.7416e-04
Loss = 9.0307e-04, PNorm = 37.8781, GNorm = 1.0285, lr_0 = 7.6969e-04
Loss = 1.1847e-03, PNorm = 37.8848, GNorm = 1.1259, lr_0 = 7.6525e-04
Loss = 9.0598e-04, PNorm = 37.8938, GNorm = 0.9567, lr_0 = 7.6083e-04
Loss = 1.1500e-03, PNorm = 37.9044, GNorm = 1.4261, lr_0 = 7.5644e-04
Loss = 1.0465e-03, PNorm = 37.9150, GNorm = 1.0596, lr_0 = 7.5207e-04
Loss = 1.1583e-03, PNorm = 37.9251, GNorm = 0.9271, lr_0 = 7.4773e-04
Loss = 1.1440e-03, PNorm = 37.9367, GNorm = 0.8730, lr_0 = 7.4341e-04
Loss = 9.9071e-04, PNorm = 37.9394, GNorm = 1.4504, lr_0 = 7.3912e-04
Loss = 1.1109e-03, PNorm = 37.9463, GNorm = 0.9902, lr_0 = 7.3485e-04
Loss = 1.2505e-03, PNorm = 37.9603, GNorm = 1.3092, lr_0 = 7.3060e-04
Loss = 1.0277e-03, PNorm = 37.9717, GNorm = 1.5855, lr_0 = 7.2639e-04
Loss = 1.4071e-03, PNorm = 37.9753, GNorm = 1.9069, lr_0 = 7.2219e-04
Loss = 9.4514e-04, PNorm = 37.9847, GNorm = 0.8927, lr_0 = 7.1802e-04
Validation rmse = 1.437959
Epoch 6
Loss = 7.7230e-04, PNorm = 37.9966, GNorm = 1.0097, lr_0 = 7.1346e-04
Loss = 8.3807e-04, PNorm = 38.0055, GNorm = 0.9854, lr_0 = 7.0934e-04
Loss = 9.7205e-04, PNorm = 38.0170, GNorm = 1.0192, lr_0 = 7.0525e-04
Loss = 8.1449e-04, PNorm = 38.0292, GNorm = 0.8525, lr_0 = 7.0117e-04
Loss = 7.8935e-04, PNorm = 38.0347, GNorm = 0.7627, lr_0 = 6.9712e-04
Loss = 7.3709e-04, PNorm = 38.0466, GNorm = 1.0036, lr_0 = 6.9310e-04
Loss = 6.4618e-04, PNorm = 38.0523, GNorm = 0.7867, lr_0 = 6.8910e-04
Loss = 1.2068e-03, PNorm = 38.0588, GNorm = 2.4446, lr_0 = 6.8512e-04
Loss = 7.0979e-04, PNorm = 38.0672, GNorm = 1.2376, lr_0 = 6.8116e-04
Loss = 9.2204e-04, PNorm = 38.0702, GNorm = 2.6252, lr_0 = 6.7723e-04
Loss = 6.5153e-04, PNorm = 38.0743, GNorm = 1.2756, lr_0 = 6.7332e-04
Loss = 8.5566e-04, PNorm = 38.0782, GNorm = 1.1541, lr_0 = 6.6943e-04
Loss = 8.2661e-04, PNorm = 38.0863, GNorm = 0.8578, lr_0 = 6.6556e-04
Loss = 7.2616e-04, PNorm = 38.0912, GNorm = 0.9485, lr_0 = 6.6172e-04
Validation rmse = 1.409875
Epoch 7
Loss = 5.2530e-04, PNorm = 38.1029, GNorm = 0.8492, lr_0 = 6.5752e-04
Loss = 7.0414e-04, PNorm = 38.1071, GNorm = 1.5173, lr_0 = 6.5372e-04
Loss = 6.7399e-04, PNorm = 38.1130, GNorm = 1.0797, lr_0 = 6.4995e-04
Loss = 5.3272e-04, PNorm = 38.1177, GNorm = 0.5581, lr_0 = 6.4619e-04
Loss = 8.3540e-04, PNorm = 38.1247, GNorm = 0.8744, lr_0 = 6.4246e-04
Loss = 7.2889e-04, PNorm = 38.1278, GNorm = 0.7031, lr_0 = 6.3875e-04
Loss = 5.4791e-04, PNorm = 38.1332, GNorm = 1.3663, lr_0 = 6.3506e-04
Loss = 7.0009e-04, PNorm = 38.1384, GNorm = 0.9722, lr_0 = 6.3140e-04
Loss = 6.7111e-04, PNorm = 38.1467, GNorm = 0.8025, lr_0 = 6.2775e-04
Loss = 5.8979e-04, PNorm = 38.1542, GNorm = 1.1543, lr_0 = 6.2413e-04
Loss = 7.6231e-04, PNorm = 38.1586, GNorm = 0.7140, lr_0 = 6.2052e-04
Loss = 7.4558e-04, PNorm = 38.1620, GNorm = 0.7298, lr_0 = 6.1694e-04
Loss = 7.2821e-04, PNorm = 38.1663, GNorm = 1.2111, lr_0 = 6.1338e-04
Loss = 6.4933e-04, PNorm = 38.1733, GNorm = 0.9758, lr_0 = 6.0983e-04
Validation rmse = 1.464767
Epoch 8
Loss = 5.4151e-04, PNorm = 38.1781, GNorm = 1.7236, lr_0 = 6.0631e-04
Loss = 6.3720e-04, PNorm = 38.1885, GNorm = 0.7166, lr_0 = 6.0281e-04
Loss = 7.3285e-04, PNorm = 38.1939, GNorm = 0.9211, lr_0 = 5.9933e-04
Loss = 8.4564e-04, PNorm = 38.1950, GNorm = 0.8094, lr_0 = 5.9587e-04
Loss = 7.4070e-04, PNorm = 38.1987, GNorm = 0.5554, lr_0 = 5.9243e-04
Loss = 5.6152e-04, PNorm = 38.1996, GNorm = 1.6655, lr_0 = 5.8901e-04
Loss = 6.9653e-04, PNorm = 38.2009, GNorm = 1.0265, lr_0 = 5.8561e-04
Loss = 5.0424e-04, PNorm = 38.2073, GNorm = 0.6896, lr_0 = 5.8222e-04
Loss = 5.6830e-04, PNorm = 38.2088, GNorm = 1.4871, lr_0 = 5.7886e-04
Loss = 5.1089e-04, PNorm = 38.2112, GNorm = 0.9765, lr_0 = 5.7552e-04
Loss = 7.9582e-04, PNorm = 38.2203, GNorm = 0.4996, lr_0 = 5.7220e-04
Loss = 5.0371e-04, PNorm = 38.2286, GNorm = 0.6881, lr_0 = 5.6889e-04
Loss = 5.1441e-04, PNorm = 38.2336, GNorm = 0.6892, lr_0 = 5.6561e-04
Loss = 4.8383e-04, PNorm = 38.2374, GNorm = 0.9014, lr_0 = 5.6234e-04
Validation rmse = 1.428279
Epoch 9
Loss = 8.5686e-04, PNorm = 38.2431, GNorm = 1.0673, lr_0 = 5.5877e-04
Loss = 4.1494e-04, PNorm = 38.2492, GNorm = 0.7914, lr_0 = 5.5554e-04
Loss = 6.8204e-04, PNorm = 38.2510, GNorm = 0.9035, lr_0 = 5.5234e-04
Loss = 4.4813e-04, PNorm = 38.2552, GNorm = 0.8302, lr_0 = 5.4915e-04
Loss = 4.4399e-04, PNorm = 38.2589, GNorm = 1.1045, lr_0 = 5.4598e-04
Loss = 6.2036e-04, PNorm = 38.2626, GNorm = 0.5836, lr_0 = 5.4282e-04
Loss = 4.1285e-04, PNorm = 38.2657, GNorm = 0.6809, lr_0 = 5.3969e-04
Loss = 6.7154e-04, PNorm = 38.2696, GNorm = 1.1914, lr_0 = 5.3657e-04
Loss = 4.5263e-04, PNorm = 38.2735, GNorm = 0.9007, lr_0 = 5.3347e-04
Loss = 6.1842e-04, PNorm = 38.2759, GNorm = 1.3321, lr_0 = 5.3039e-04
Loss = 4.5514e-04, PNorm = 38.2790, GNorm = 1.0364, lr_0 = 5.2733e-04
Loss = 4.5699e-04, PNorm = 38.2813, GNorm = 0.7449, lr_0 = 5.2428e-04
Loss = 4.1505e-04, PNorm = 38.2861, GNorm = 0.9482, lr_0 = 5.2126e-04
Loss = 5.1078e-04, PNorm = 38.2910, GNorm = 1.3419, lr_0 = 5.1825e-04
Loss = 4.7149e-04, PNorm = 38.2947, GNorm = 0.6756, lr_0 = 5.1525e-04
Validation rmse = 1.415551
Epoch 10
Loss = 6.2244e-04, PNorm = 38.2986, GNorm = 1.6201, lr_0 = 5.1198e-04
Loss = 4.9682e-04, PNorm = 38.3070, GNorm = 0.5954, lr_0 = 5.0903e-04
Loss = 6.0624e-04, PNorm = 38.3149, GNorm = 1.0443, lr_0 = 5.0609e-04
Loss = 8.7190e-04, PNorm = 38.3201, GNorm = 2.1583, lr_0 = 5.0316e-04
Loss = 6.6722e-04, PNorm = 38.3251, GNorm = 0.7564, lr_0 = 5.0026e-04
Loss = 4.0380e-04, PNorm = 38.3264, GNorm = 0.6846, lr_0 = 4.9737e-04
Loss = 3.7948e-04, PNorm = 38.3284, GNorm = 0.6801, lr_0 = 4.9450e-04
Loss = 3.9411e-04, PNorm = 38.3307, GNorm = 0.7023, lr_0 = 4.9164e-04
Loss = 3.8377e-04, PNorm = 38.3352, GNorm = 0.5857, lr_0 = 4.8880e-04
Loss = 7.0918e-04, PNorm = 38.3391, GNorm = 0.6014, lr_0 = 4.8598e-04
Loss = 9.7128e-04, PNorm = 38.3401, GNorm = 1.1003, lr_0 = 4.8318e-04
Loss = 5.6182e-04, PNorm = 38.3441, GNorm = 0.7675, lr_0 = 4.8039e-04
Loss = 4.4272e-04, PNorm = 38.3480, GNorm = 0.8921, lr_0 = 4.7761e-04
Loss = 5.3139e-04, PNorm = 38.3508, GNorm = 0.8297, lr_0 = 4.7485e-04
Validation rmse = 1.405426
Epoch 11
Loss = 5.0978e-04, PNorm = 38.3542, GNorm = 1.1586, lr_0 = 4.7184e-04
Loss = 4.8231e-04, PNorm = 38.3572, GNorm = 0.6096, lr_0 = 4.6911e-04
Loss = 3.8817e-04, PNorm = 38.3612, GNorm = 0.6060, lr_0 = 4.6640e-04
Loss = 5.7220e-04, PNorm = 38.3653, GNorm = 0.8543, lr_0 = 4.6371e-04
Loss = 5.0694e-04, PNorm = 38.3659, GNorm = 0.6628, lr_0 = 4.6103e-04
Loss = 2.9058e-04, PNorm = 38.3676, GNorm = 0.6678, lr_0 = 4.5837e-04
Loss = 3.7524e-04, PNorm = 38.3694, GNorm = 0.4314, lr_0 = 4.5572e-04
Loss = 4.8087e-04, PNorm = 38.3731, GNorm = 0.6587, lr_0 = 4.5309e-04
Loss = 4.1004e-04, PNorm = 38.3735, GNorm = 0.5831, lr_0 = 4.5048e-04
Loss = 4.7441e-04, PNorm = 38.3757, GNorm = 0.8722, lr_0 = 4.4788e-04
Loss = 3.8052e-04, PNorm = 38.3794, GNorm = 0.6186, lr_0 = 4.4529e-04
Loss = 4.0734e-04, PNorm = 38.3828, GNorm = 0.4236, lr_0 = 4.4272e-04
Loss = 4.0914e-04, PNorm = 38.3825, GNorm = 0.5178, lr_0 = 4.4016e-04
Loss = 6.0482e-04, PNorm = 38.3894, GNorm = 0.4604, lr_0 = 4.3762e-04
Validation rmse = 1.404408
Epoch 12
Loss = 5.2643e-04, PNorm = 38.3909, GNorm = 0.7568, lr_0 = 4.3484e-04
Loss = 3.9651e-04, PNorm = 38.3953, GNorm = 0.6216, lr_0 = 4.3233e-04
Loss = 3.8283e-04, PNorm = 38.3993, GNorm = 0.9519, lr_0 = 4.2983e-04
Loss = 4.0948e-04, PNorm = 38.4012, GNorm = 1.0024, lr_0 = 4.2735e-04
Loss = 3.6538e-04, PNorm = 38.4038, GNorm = 0.8953, lr_0 = 4.2488e-04
Loss = 3.4435e-04, PNorm = 38.4060, GNorm = 0.5683, lr_0 = 4.2243e-04
Loss = 5.9099e-04, PNorm = 38.4081, GNorm = 0.9243, lr_0 = 4.1999e-04
Loss = 3.8795e-04, PNorm = 38.4096, GNorm = 0.6697, lr_0 = 4.1757e-04
Loss = 4.5369e-04, PNorm = 38.4099, GNorm = 0.3681, lr_0 = 4.1515e-04
Loss = 4.4972e-04, PNorm = 38.4121, GNorm = 0.8507, lr_0 = 4.1276e-04
Loss = 3.7969e-04, PNorm = 38.4147, GNorm = 0.3919, lr_0 = 4.1037e-04
Loss = 4.7937e-04, PNorm = 38.4174, GNorm = 0.5193, lr_0 = 4.0800e-04
Loss = 3.8482e-04, PNorm = 38.4199, GNorm = 0.4822, lr_0 = 4.0565e-04
Loss = 4.1997e-04, PNorm = 38.4256, GNorm = 0.5818, lr_0 = 4.0331e-04
Validation rmse = 1.410478
Epoch 13
Loss = 2.2293e-04, PNorm = 38.4270, GNorm = 0.6903, lr_0 = 4.0074e-04
Loss = 4.4906e-04, PNorm = 38.4286, GNorm = 0.5790, lr_0 = 3.9843e-04
Loss = 3.2850e-04, PNorm = 38.4294, GNorm = 0.5969, lr_0 = 3.9613e-04
Loss = 2.5028e-04, PNorm = 38.4304, GNorm = 0.3755, lr_0 = 3.9384e-04
Loss = 3.7776e-04, PNorm = 38.4331, GNorm = 0.9388, lr_0 = 3.9157e-04
Loss = 3.0820e-04, PNorm = 38.4373, GNorm = 0.7356, lr_0 = 3.8931e-04
Loss = 3.3518e-04, PNorm = 38.4413, GNorm = 0.4719, lr_0 = 3.8706e-04
Loss = 3.0242e-04, PNorm = 38.4441, GNorm = 0.6306, lr_0 = 3.8482e-04
Loss = 2.7868e-04, PNorm = 38.4460, GNorm = 0.8056, lr_0 = 3.8260e-04
Loss = 3.4225e-04, PNorm = 38.4482, GNorm = 0.9493, lr_0 = 3.8039e-04
Loss = 3.7777e-04, PNorm = 38.4520, GNorm = 0.5292, lr_0 = 3.7820e-04
Loss = 3.2884e-04, PNorm = 38.4536, GNorm = 0.5318, lr_0 = 3.7601e-04
Loss = 3.8966e-04, PNorm = 38.4563, GNorm = 0.7588, lr_0 = 3.7384e-04
Loss = 3.6546e-04, PNorm = 38.4566, GNorm = 0.5130, lr_0 = 3.7168e-04
Validation rmse = 1.408113
Epoch 14
Loss = 2.4352e-04, PNorm = 38.4571, GNorm = 0.5975, lr_0 = 3.6932e-04
Loss = 3.7483e-04, PNorm = 38.4615, GNorm = 0.7637, lr_0 = 3.6719e-04
Loss = 2.9584e-04, PNorm = 38.4648, GNorm = 1.0252, lr_0 = 3.6507e-04
Loss = 5.3134e-04, PNorm = 38.4649, GNorm = 0.9262, lr_0 = 3.6296e-04
Loss = 2.2476e-04, PNorm = 38.4640, GNorm = 0.5589, lr_0 = 3.6086e-04
Loss = 3.2047e-04, PNorm = 38.4652, GNorm = 0.5421, lr_0 = 3.5878e-04
Loss = 3.1451e-04, PNorm = 38.4682, GNorm = 0.4449, lr_0 = 3.5671e-04
Loss = 2.2778e-04, PNorm = 38.4706, GNorm = 0.4087, lr_0 = 3.5465e-04
Loss = 2.4225e-04, PNorm = 38.4704, GNorm = 0.4037, lr_0 = 3.5260e-04
Loss = 2.9578e-04, PNorm = 38.4759, GNorm = 0.3319, lr_0 = 3.5057e-04
Loss = 3.9825e-04, PNorm = 38.4785, GNorm = 0.5654, lr_0 = 3.4854e-04
Loss = 2.1190e-04, PNorm = 38.4786, GNorm = 0.3744, lr_0 = 3.4653e-04
Loss = 2.5994e-04, PNorm = 38.4806, GNorm = 0.3774, lr_0 = 3.4453e-04
Loss = 8.4595e-04, PNorm = 38.4808, GNorm = 0.6201, lr_0 = 3.4254e-04
Loss = 2.7941e-04, PNorm = 38.4800, GNorm = 0.4551, lr_0 = 3.4056e-04
Validation rmse = 1.419588
Epoch 15
Loss = 2.2874e-04, PNorm = 38.4821, GNorm = 0.6425, lr_0 = 3.3859e-04
Loss = 2.3871e-04, PNorm = 38.4842, GNorm = 0.5011, lr_0 = 3.3664e-04
Loss = 2.3668e-04, PNorm = 38.4871, GNorm = 0.8994, lr_0 = 3.3469e-04
Loss = 3.4455e-04, PNorm = 38.4892, GNorm = 0.6422, lr_0 = 3.3276e-04
Loss = 2.8514e-04, PNorm = 38.4934, GNorm = 0.6643, lr_0 = 3.3084e-04
Loss = 1.9586e-04, PNorm = 38.4942, GNorm = 0.4194, lr_0 = 3.2893e-04
Loss = 3.4881e-04, PNorm = 38.4962, GNorm = 0.4055, lr_0 = 3.2703e-04
Loss = 2.8574e-04, PNorm = 38.4980, GNorm = 0.6412, lr_0 = 3.2514e-04
Loss = 1.9532e-04, PNorm = 38.4982, GNorm = 0.4063, lr_0 = 3.2326e-04
Loss = 2.9721e-04, PNorm = 38.5014, GNorm = 0.4351, lr_0 = 3.2140e-04
Loss = 2.9633e-04, PNorm = 38.5022, GNorm = 1.0524, lr_0 = 3.1954e-04
Loss = 2.9311e-04, PNorm = 38.5017, GNorm = 0.5051, lr_0 = 3.1770e-04
Loss = 2.6277e-04, PNorm = 38.5018, GNorm = 0.4097, lr_0 = 3.1586e-04
Loss = 3.2091e-04, PNorm = 38.5032, GNorm = 0.8785, lr_0 = 3.1404e-04
Validation rmse = 1.391542
Epoch 16
Loss = 1.8506e-04, PNorm = 38.5074, GNorm = 0.4236, lr_0 = 3.1204e-04
Loss = 1.8934e-04, PNorm = 38.5087, GNorm = 0.3054, lr_0 = 3.1024e-04
Loss = 2.0470e-04, PNorm = 38.5113, GNorm = 0.3427, lr_0 = 3.0845e-04
Loss = 3.5443e-04, PNorm = 38.5132, GNorm = 1.9805, lr_0 = 3.0667e-04
Loss = 3.0401e-04, PNorm = 38.5147, GNorm = 0.5374, lr_0 = 3.0490e-04
Loss = 2.8906e-04, PNorm = 38.5181, GNorm = 0.5452, lr_0 = 3.0314e-04
Loss = 2.4618e-04, PNorm = 38.5209, GNorm = 0.5126, lr_0 = 3.0139e-04
Loss = 2.8872e-04, PNorm = 38.5206, GNorm = 0.4632, lr_0 = 2.9965e-04
Loss = 2.1996e-04, PNorm = 38.5201, GNorm = 0.3963, lr_0 = 2.9792e-04
Loss = 1.5502e-04, PNorm = 38.5203, GNorm = 0.7132, lr_0 = 2.9620e-04
Loss = 3.7021e-04, PNorm = 38.5204, GNorm = 0.5592, lr_0 = 2.9449e-04
Loss = 2.9010e-04, PNorm = 38.5208, GNorm = 0.4594, lr_0 = 2.9279e-04
Loss = 2.4577e-04, PNorm = 38.5219, GNorm = 0.5848, lr_0 = 2.9109e-04
Loss = 3.2021e-04, PNorm = 38.5235, GNorm = 0.4937, lr_0 = 2.8941e-04
Validation rmse = 1.398612
Epoch 17
Loss = 1.8309e-04, PNorm = 38.5258, GNorm = 0.5645, lr_0 = 2.8758e-04
Loss = 2.2336e-04, PNorm = 38.5277, GNorm = 0.7017, lr_0 = 2.8592e-04
Loss = 1.8379e-04, PNorm = 38.5308, GNorm = 0.6354, lr_0 = 2.8426e-04
Loss = 1.9952e-04, PNorm = 38.5314, GNorm = 0.3293, lr_0 = 2.8262e-04
Loss = 2.1689e-04, PNorm = 38.5326, GNorm = 0.5905, lr_0 = 2.8099e-04
Loss = 1.5712e-04, PNorm = 38.5348, GNorm = 0.4036, lr_0 = 2.7937e-04
Loss = 3.2057e-04, PNorm = 38.5356, GNorm = 1.0174, lr_0 = 2.7776e-04
Loss = 3.4523e-04, PNorm = 38.5366, GNorm = 0.7318, lr_0 = 2.7615e-04
Loss = 1.6753e-04, PNorm = 38.5371, GNorm = 0.6011, lr_0 = 2.7456e-04
Loss = 2.0666e-04, PNorm = 38.5381, GNorm = 0.5851, lr_0 = 2.7297e-04
Loss = 3.5816e-04, PNorm = 38.5394, GNorm = 0.4797, lr_0 = 2.7139e-04
Loss = 2.9684e-04, PNorm = 38.5414, GNorm = 0.4587, lr_0 = 2.6983e-04
Loss = 1.8447e-04, PNorm = 38.5412, GNorm = 0.7941, lr_0 = 2.6827e-04
Loss = 2.8092e-04, PNorm = 38.5396, GNorm = 0.3686, lr_0 = 2.6672e-04
Validation rmse = 1.407217
Epoch 18
Loss = 9.8588e-05, PNorm = 38.5410, GNorm = 0.2486, lr_0 = 2.6503e-04
Loss = 2.7278e-04, PNorm = 38.5426, GNorm = 0.5465, lr_0 = 2.6350e-04
Loss = 3.0080e-04, PNorm = 38.5431, GNorm = 0.3586, lr_0 = 2.6197e-04
Loss = 1.8600e-04, PNorm = 38.5446, GNorm = 0.4342, lr_0 = 2.6046e-04
Loss = 1.7278e-04, PNorm = 38.5468, GNorm = 0.2739, lr_0 = 2.5896e-04
Loss = 1.6128e-04, PNorm = 38.5473, GNorm = 0.5219, lr_0 = 2.5746e-04
Loss = 1.7105e-04, PNorm = 38.5483, GNorm = 0.8866, lr_0 = 2.5598e-04
Loss = 2.4140e-04, PNorm = 38.5501, GNorm = 0.4784, lr_0 = 2.5450e-04
Loss = 2.5015e-04, PNorm = 38.5517, GNorm = 0.3949, lr_0 = 2.5303e-04
Loss = 2.2363e-04, PNorm = 38.5531, GNorm = 0.3516, lr_0 = 2.5157e-04
Loss = 1.5318e-04, PNorm = 38.5541, GNorm = 0.4584, lr_0 = 2.5011e-04
Loss = 2.2254e-04, PNorm = 38.5547, GNorm = 1.1257, lr_0 = 2.4867e-04
Loss = 1.7902e-04, PNorm = 38.5541, GNorm = 0.3746, lr_0 = 2.4723e-04
Loss = 1.7800e-04, PNorm = 38.5542, GNorm = 0.2927, lr_0 = 2.4581e-04
Loss = 2.8392e-04, PNorm = 38.5561, GNorm = 0.4262, lr_0 = 2.4439e-04
Loss = 6.2285e-03, PNorm = 38.5563, GNorm = 2.8088, lr_0 = 2.4425e-04
Validation rmse = 1.401624
Epoch 19
Loss = 2.1627e-04, PNorm = 38.5568, GNorm = 0.3790, lr_0 = 2.4284e-04
Loss = 1.7723e-04, PNorm = 38.5586, GNorm = 0.8827, lr_0 = 2.4143e-04
Loss = 2.4115e-04, PNorm = 38.5615, GNorm = 0.5105, lr_0 = 2.4004e-04
Loss = 1.3844e-04, PNorm = 38.5620, GNorm = 0.3572, lr_0 = 2.3865e-04
Loss = 1.2578e-04, PNorm = 38.5614, GNorm = 0.2868, lr_0 = 2.3727e-04
Loss = 1.5572e-04, PNorm = 38.5626, GNorm = 0.4695, lr_0 = 2.3590e-04
Loss = 1.7124e-04, PNorm = 38.5631, GNorm = 0.5013, lr_0 = 2.3454e-04
Loss = 2.2896e-04, PNorm = 38.5636, GNorm = 0.4003, lr_0 = 2.3319e-04
Loss = 1.3253e-04, PNorm = 38.5650, GNorm = 0.3822, lr_0 = 2.3184e-04
Loss = 2.5643e-04, PNorm = 38.5654, GNorm = 1.1934, lr_0 = 2.3050e-04
Loss = 2.0178e-04, PNorm = 38.5668, GNorm = 0.3561, lr_0 = 2.2917e-04
Loss = 1.3711e-04, PNorm = 38.5659, GNorm = 0.3428, lr_0 = 2.2785e-04
Loss = 2.6030e-04, PNorm = 38.5677, GNorm = 0.2581, lr_0 = 2.2653e-04
Loss = 4.2795e-04, PNorm = 38.5696, GNorm = 0.5501, lr_0 = 2.2522e-04
Validation rmse = 1.416457
Epoch 20
Loss = 1.2574e-04, PNorm = 38.5712, GNorm = 0.3801, lr_0 = 2.2379e-04
Loss = 2.0551e-04, PNorm = 38.5707, GNorm = 0.5850, lr_0 = 2.2250e-04
Loss = 1.9934e-04, PNorm = 38.5721, GNorm = 0.3618, lr_0 = 2.2122e-04
Loss = 1.7930e-04, PNorm = 38.5729, GNorm = 0.2733, lr_0 = 2.1994e-04
Loss = 1.3719e-04, PNorm = 38.5731, GNorm = 0.3081, lr_0 = 2.1867e-04
Loss = 1.6640e-04, PNorm = 38.5747, GNorm = 0.2670, lr_0 = 2.1741e-04
Loss = 2.9499e-04, PNorm = 38.5755, GNorm = 1.1109, lr_0 = 2.1615e-04
Loss = 1.5713e-04, PNorm = 38.5768, GNorm = 0.6118, lr_0 = 2.1490e-04
Loss = 2.8864e-04, PNorm = 38.5781, GNorm = 0.3531, lr_0 = 2.1366e-04
Loss = 2.0342e-04, PNorm = 38.5789, GNorm = 0.3464, lr_0 = 2.1243e-04
Loss = 1.7331e-04, PNorm = 38.5780, GNorm = 0.2929, lr_0 = 2.1120e-04
Loss = 2.5572e-04, PNorm = 38.5783, GNorm = 0.4333, lr_0 = 2.0998e-04
Loss = 1.7001e-04, PNorm = 38.5801, GNorm = 0.3178, lr_0 = 2.0877e-04
Loss = 2.0964e-04, PNorm = 38.5807, GNorm = 0.5168, lr_0 = 2.0756e-04
Validation rmse = 1.419455
Epoch 21
Loss = 1.4839e-04, PNorm = 38.5820, GNorm = 0.2671, lr_0 = 2.0625e-04
Loss = 2.6213e-04, PNorm = 38.5831, GNorm = 0.2647, lr_0 = 2.0506e-04
Loss = 1.7762e-04, PNorm = 38.5839, GNorm = 0.2106, lr_0 = 2.0387e-04
Loss = 1.4450e-04, PNorm = 38.5828, GNorm = 0.2347, lr_0 = 2.0269e-04
Loss = 1.9545e-04, PNorm = 38.5828, GNorm = 0.2613, lr_0 = 2.0152e-04
Loss = 1.6336e-04, PNorm = 38.5842, GNorm = 0.4067, lr_0 = 2.0036e-04
Loss = 1.2351e-04, PNorm = 38.5839, GNorm = 0.3335, lr_0 = 1.9920e-04
Loss = 2.2867e-04, PNorm = 38.5840, GNorm = 0.5255, lr_0 = 1.9805e-04
Loss = 1.4492e-04, PNorm = 38.5853, GNorm = 0.4415, lr_0 = 1.9691e-04
Loss = 2.2023e-04, PNorm = 38.5867, GNorm = 0.4508, lr_0 = 1.9577e-04
Loss = 1.0400e-04, PNorm = 38.5865, GNorm = 0.3429, lr_0 = 1.9464e-04
Loss = 3.5966e-04, PNorm = 38.5883, GNorm = 0.5941, lr_0 = 1.9352e-04
Loss = 2.2436e-04, PNorm = 38.5912, GNorm = 0.4155, lr_0 = 1.9240e-04
Loss = 1.0996e-04, PNorm = 38.5924, GNorm = 0.4197, lr_0 = 1.9129e-04
Validation rmse = 1.406446
Epoch 22
Loss = 8.3558e-05, PNorm = 38.5930, GNorm = 0.3405, lr_0 = 1.9018e-04
Loss = 1.3047e-04, PNorm = 38.5931, GNorm = 0.3612, lr_0 = 1.8909e-04
Loss = 2.1348e-04, PNorm = 38.5923, GNorm = 0.4272, lr_0 = 1.8799e-04
Loss = 2.1105e-04, PNorm = 38.5929, GNorm = 0.6404, lr_0 = 1.8691e-04
Loss = 2.0244e-04, PNorm = 38.5941, GNorm = 0.4875, lr_0 = 1.8583e-04
Loss = 2.3321e-04, PNorm = 38.5950, GNorm = 0.4324, lr_0 = 1.8476e-04
Loss = 1.4280e-04, PNorm = 38.5942, GNorm = 0.3046, lr_0 = 1.8369e-04
Loss = 1.3535e-04, PNorm = 38.5941, GNorm = 0.3236, lr_0 = 1.8263e-04
Loss = 2.2789e-04, PNorm = 38.5950, GNorm = 0.3668, lr_0 = 1.8157e-04
Loss = 1.2260e-04, PNorm = 38.5957, GNorm = 0.3873, lr_0 = 1.8053e-04
Loss = 2.3567e-04, PNorm = 38.5972, GNorm = 0.6191, lr_0 = 1.7948e-04
Loss = 1.5978e-04, PNorm = 38.5987, GNorm = 0.4552, lr_0 = 1.7845e-04
Loss = 2.2923e-04, PNorm = 38.6001, GNorm = 0.8902, lr_0 = 1.7742e-04
Loss = 1.3871e-04, PNorm = 38.6013, GNorm = 0.3739, lr_0 = 1.7639e-04
Validation rmse = 1.399095
Epoch 23
Loss = 3.0801e-04, PNorm = 38.6013, GNorm = 0.5246, lr_0 = 1.7527e-04
Loss = 1.4348e-04, PNorm = 38.6014, GNorm = 0.6420, lr_0 = 1.7426e-04
Loss = 2.0170e-04, PNorm = 38.6032, GNorm = 1.3673, lr_0 = 1.7325e-04
Loss = 1.7873e-04, PNorm = 38.6050, GNorm = 0.4104, lr_0 = 1.7225e-04
Loss = 9.4009e-05, PNorm = 38.6060, GNorm = 0.2937, lr_0 = 1.7126e-04
Loss = 1.7046e-04, PNorm = 38.6069, GNorm = 0.3665, lr_0 = 1.7027e-04
Loss = 1.1687e-04, PNorm = 38.6076, GNorm = 0.2816, lr_0 = 1.6929e-04
Loss = 2.2714e-04, PNorm = 38.6088, GNorm = 0.5614, lr_0 = 1.6831e-04
Loss = 1.7676e-04, PNorm = 38.6086, GNorm = 0.4097, lr_0 = 1.6734e-04
Loss = 2.1990e-04, PNorm = 38.6090, GNorm = 0.9984, lr_0 = 1.6637e-04
Loss = 1.6579e-04, PNorm = 38.6119, GNorm = 0.3520, lr_0 = 1.6541e-04
Loss = 2.5706e-04, PNorm = 38.6118, GNorm = 0.3483, lr_0 = 1.6445e-04
Loss = 1.5746e-04, PNorm = 38.6110, GNorm = 0.3858, lr_0 = 1.6351e-04
Loss = 1.9820e-04, PNorm = 38.6115, GNorm = 0.1990, lr_0 = 1.6256e-04
Loss = 2.2225e-04, PNorm = 38.6123, GNorm = 0.4097, lr_0 = 1.6162e-04
Validation rmse = 1.414489
Epoch 24
Loss = 1.6628e-04, PNorm = 38.6122, GNorm = 0.3055, lr_0 = 1.6060e-04
Loss = 1.4759e-04, PNorm = 38.6123, GNorm = 0.2734, lr_0 = 1.5967e-04
Loss = 9.5124e-05, PNorm = 38.6123, GNorm = 0.3011, lr_0 = 1.5875e-04
Loss = 1.2426e-04, PNorm = 38.6122, GNorm = 0.6066, lr_0 = 1.5783e-04
Loss = 1.3572e-04, PNorm = 38.6114, GNorm = 0.2227, lr_0 = 1.5692e-04
Loss = 1.1647e-04, PNorm = 38.6129, GNorm = 0.4523, lr_0 = 1.5601e-04
Loss = 1.6333e-04, PNorm = 38.6138, GNorm = 0.5088, lr_0 = 1.5511e-04
Loss = 1.7683e-04, PNorm = 38.6141, GNorm = 0.4888, lr_0 = 1.5422e-04
Loss = 2.0247e-04, PNorm = 38.6147, GNorm = 0.5277, lr_0 = 1.5333e-04
Loss = 1.4177e-04, PNorm = 38.6151, GNorm = 0.6903, lr_0 = 1.5244e-04
Loss = 1.9000e-04, PNorm = 38.6166, GNorm = 0.2186, lr_0 = 1.5156e-04
Loss = 2.0188e-04, PNorm = 38.6168, GNorm = 0.2012, lr_0 = 1.5068e-04
Loss = 2.6954e-04, PNorm = 38.6169, GNorm = 0.4213, lr_0 = 1.4981e-04
Loss = 2.2853e-04, PNorm = 38.6160, GNorm = 0.6295, lr_0 = 1.4895e-04
Validation rmse = 1.415558
Epoch 25
Loss = 1.4462e-04, PNorm = 38.6179, GNorm = 0.5858, lr_0 = 1.4800e-04
Loss = 1.0592e-04, PNorm = 38.6178, GNorm = 0.3037, lr_0 = 1.4715e-04
Loss = 1.7310e-04, PNorm = 38.6184, GNorm = 0.3236, lr_0 = 1.4630e-04
Loss = 1.6311e-04, PNorm = 38.6196, GNorm = 0.5161, lr_0 = 1.4545e-04
Loss = 8.5835e-05, PNorm = 38.6203, GNorm = 0.3706, lr_0 = 1.4461e-04
Loss = 1.4056e-04, PNorm = 38.6208, GNorm = 0.2278, lr_0 = 1.4378e-04
Loss = 1.2895e-04, PNorm = 38.6211, GNorm = 0.3171, lr_0 = 1.4295e-04
Loss = 1.5054e-04, PNorm = 38.6216, GNorm = 0.3138, lr_0 = 1.4212e-04
Loss = 2.0942e-04, PNorm = 38.6210, GNorm = 0.9647, lr_0 = 1.4130e-04
Loss = 1.8048e-04, PNorm = 38.6213, GNorm = 0.3660, lr_0 = 1.4049e-04
Loss = 1.7901e-04, PNorm = 38.6237, GNorm = 0.2955, lr_0 = 1.3968e-04
Loss = 7.9294e-05, PNorm = 38.6242, GNorm = 0.2112, lr_0 = 1.3887e-04
Loss = 2.6932e-04, PNorm = 38.6249, GNorm = 0.5700, lr_0 = 1.3807e-04
Loss = 2.6311e-04, PNorm = 38.6256, GNorm = 0.5395, lr_0 = 1.3727e-04
Validation rmse = 1.411609
Epoch 26
Loss = 1.2947e-04, PNorm = 38.6256, GNorm = 0.1974, lr_0 = 1.3640e-04
Loss = 1.2013e-04, PNorm = 38.6269, GNorm = 0.3426, lr_0 = 1.3561e-04
Loss = 2.0744e-04, PNorm = 38.6269, GNorm = 0.2275, lr_0 = 1.3483e-04
Loss = 1.7854e-04, PNorm = 38.6271, GNorm = 0.7567, lr_0 = 1.3405e-04
Loss = 1.2039e-04, PNorm = 38.6270, GNorm = 0.3120, lr_0 = 1.3327e-04
Loss = 9.2078e-05, PNorm = 38.6274, GNorm = 0.3835, lr_0 = 1.3251e-04
Loss = 2.5349e-04, PNorm = 38.6280, GNorm = 0.5931, lr_0 = 1.3174e-04
Loss = 1.6506e-04, PNorm = 38.6292, GNorm = 0.9372, lr_0 = 1.3098e-04
Loss = 1.6209e-04, PNorm = 38.6299, GNorm = 0.5194, lr_0 = 1.3022e-04
Loss = 1.4451e-04, PNorm = 38.6305, GNorm = 0.2677, lr_0 = 1.2947e-04
Loss = 9.2602e-05, PNorm = 38.6309, GNorm = 0.2581, lr_0 = 1.2872e-04
Loss = 2.0301e-04, PNorm = 38.6303, GNorm = 0.2390, lr_0 = 1.2798e-04
Loss = 1.5222e-04, PNorm = 38.6305, GNorm = 0.2430, lr_0 = 1.2724e-04
Loss = 2.1465e-04, PNorm = 38.6321, GNorm = 0.8132, lr_0 = 1.2651e-04
Validation rmse = 1.415766
Epoch 27
Loss = 2.0240e-04, PNorm = 38.6339, GNorm = 0.4229, lr_0 = 1.2570e-04
Loss = 3.0768e-04, PNorm = 38.6359, GNorm = 0.3239, lr_0 = 1.2498e-04
Loss = 1.6709e-04, PNorm = 38.6355, GNorm = 0.3953, lr_0 = 1.2426e-04
Loss = 2.1346e-04, PNorm = 38.6342, GNorm = 0.3576, lr_0 = 1.2354e-04
Loss = 1.5876e-04, PNorm = 38.6357, GNorm = 0.5785, lr_0 = 1.2282e-04
Loss = 9.4532e-05, PNorm = 38.6366, GNorm = 0.2663, lr_0 = 1.2212e-04
Loss = 9.3338e-05, PNorm = 38.6368, GNorm = 0.3630, lr_0 = 1.2141e-04
Loss = 9.4021e-05, PNorm = 38.6369, GNorm = 0.2320, lr_0 = 1.2071e-04
Loss = 2.0339e-04, PNorm = 38.6375, GNorm = 0.4196, lr_0 = 1.2001e-04
Loss = 1.7893e-04, PNorm = 38.6376, GNorm = 0.5258, lr_0 = 1.1932e-04
Loss = 2.0116e-04, PNorm = 38.6365, GNorm = 0.2467, lr_0 = 1.1863e-04
Loss = 1.4577e-04, PNorm = 38.6379, GNorm = 0.3853, lr_0 = 1.1795e-04
Loss = 1.6728e-04, PNorm = 38.6384, GNorm = 0.3204, lr_0 = 1.1726e-04
Loss = 1.3817e-04, PNorm = 38.6398, GNorm = 0.3847, lr_0 = 1.1659e-04
Validation rmse = 1.408032
Epoch 28
Loss = 3.2545e-05, PNorm = 38.6405, GNorm = 0.1927, lr_0 = 1.1585e-04
Loss = 1.1478e-04, PNorm = 38.6399, GNorm = 0.3515, lr_0 = 1.1518e-04
Loss = 1.2552e-04, PNorm = 38.6409, GNorm = 0.3011, lr_0 = 1.1451e-04
Loss = 8.2705e-05, PNorm = 38.6401, GNorm = 0.2395, lr_0 = 1.1385e-04
Loss = 7.7216e-05, PNorm = 38.6398, GNorm = 0.1114, lr_0 = 1.1319e-04
Loss = 1.1897e-04, PNorm = 38.6389, GNorm = 0.4277, lr_0 = 1.1254e-04
Loss = 1.9529e-04, PNorm = 38.6400, GNorm = 0.1611, lr_0 = 1.1189e-04
Loss = 1.7219e-04, PNorm = 38.6399, GNorm = 0.5697, lr_0 = 1.1124e-04
Loss = 2.3476e-04, PNorm = 38.6412, GNorm = 0.2734, lr_0 = 1.1060e-04
Loss = 1.4117e-04, PNorm = 38.6432, GNorm = 0.3958, lr_0 = 1.0996e-04
Loss = 1.5331e-04, PNorm = 38.6436, GNorm = 0.2324, lr_0 = 1.0933e-04
Loss = 1.1587e-04, PNorm = 38.6444, GNorm = 0.2872, lr_0 = 1.0870e-04
Loss = 3.3228e-04, PNorm = 38.6447, GNorm = 0.6690, lr_0 = 1.0807e-04
Loss = 1.7403e-04, PNorm = 38.6440, GNorm = 0.7618, lr_0 = 1.0745e-04
Loss = 1.1439e-04, PNorm = 38.6448, GNorm = 0.1992, lr_0 = 1.0682e-04
Validation rmse = 1.413223
Epoch 29
Loss = 2.3135e-04, PNorm = 38.6451, GNorm = 0.3325, lr_0 = 1.0621e-04
Loss = 8.3163e-05, PNorm = 38.6454, GNorm = 0.3248, lr_0 = 1.0559e-04
Loss = 7.8607e-05, PNorm = 38.6460, GNorm = 0.3197, lr_0 = 1.0498e-04
Loss = 7.1681e-05, PNorm = 38.6457, GNorm = 0.1948, lr_0 = 1.0438e-04
Loss = 1.0508e-04, PNorm = 38.6459, GNorm = 0.2075, lr_0 = 1.0378e-04
Loss = 2.0570e-04, PNorm = 38.6464, GNorm = 0.3997, lr_0 = 1.0318e-04
Loss = 1.6121e-04, PNorm = 38.6476, GNorm = 0.5049, lr_0 = 1.0258e-04
Loss = 1.0670e-04, PNorm = 38.6475, GNorm = 0.1613, lr_0 = 1.0199e-04
Loss = 1.2638e-04, PNorm = 38.6473, GNorm = 0.2335, lr_0 = 1.0140e-04
Loss = 1.7344e-04, PNorm = 38.6487, GNorm = 0.2497, lr_0 = 1.0081e-04
Loss = 2.7973e-04, PNorm = 38.6479, GNorm = 0.2495, lr_0 = 1.0023e-04
Loss = 1.7748e-04, PNorm = 38.6488, GNorm = 0.2973, lr_0 = 1.0000e-04
Loss = 1.1803e-04, PNorm = 38.6487, GNorm = 0.3515, lr_0 = 1.0000e-04
Loss = 1.7352e-04, PNorm = 38.6493, GNorm = 0.2369, lr_0 = 1.0000e-04
Validation rmse = 1.398930
Model 0 best validation rmse = 1.391542 on epoch 15
Loading pretrained parameter "encoder.encoder.cached_zero_vector".
Loading pretrained parameter "encoder.encoder.W_i.weight".
Loading pretrained parameter "encoder.encoder.W_h.weight".
Loading pretrained parameter "encoder.encoder.W_o.weight".
Loading pretrained parameter "encoder.encoder.W_o.bias".
Loading pretrained parameter "ffn.1.weight".
Loading pretrained parameter "ffn.1.bias".
Loading pretrained parameter "ffn.4.weight".
Loading pretrained parameter "ffn.4.bias".
Moving model to cuda
Model 0 test rmse = 1.490647
Ensemble test rmse = 1.490647
1-fold cross validation
	Seed 0 ==> test rmse = 1.490647
Overall test rmse = 1.490647 +/- 0.000000
Elapsed time = 0:05:58
