Fold 0
Model 0 best validation auc = 0.846622 on epoch 12
Model 0 test auc = 0.768533
Ensemble test auc = 0.768533
Fold 1
Model 0 best validation auc = 0.813393 on epoch 14
Model 0 test auc = 0.796547
Ensemble test auc = 0.796547
Fold 2
Model 0 best validation auc = 0.823555 on epoch 11
Model 0 test auc = 0.832192
Ensemble test auc = 0.832192
Fold 3
Model 0 best validation auc = 0.823477 on epoch 13
Model 0 test auc = 0.797644
Ensemble test auc = 0.797644
Fold 4
Model 0 best validation auc = 0.837435 on epoch 18
Model 0 test auc = 0.821366
Ensemble test auc = 0.821366
Fold 5
Model 0 best validation auc = 0.845853 on epoch 16
Model 0 test auc = 0.784689
Ensemble test auc = 0.784689
Fold 6
Model 0 best validation auc = 0.822307 on epoch 13
Model 0 test auc = 0.811392
Ensemble test auc = 0.811392
Fold 7
Model 0 best validation auc = 0.839156 on epoch 12
Model 0 test auc = 0.821033
Ensemble test auc = 0.821033
Fold 8
Model 0 best validation auc = 0.811291 on epoch 16
Model 0 test auc = 0.864444
Ensemble test auc = 0.864444
Fold 9
Model 0 best validation auc = 0.820380 on epoch 12
Model 0 test auc = 0.792404
Ensemble test auc = 0.792404
10-fold cross validation
	Seed 0 ==> test auc = 0.768533
	Seed 1 ==> test auc = 0.796547
	Seed 2 ==> test auc = 0.832192
	Seed 3 ==> test auc = 0.797644
	Seed 4 ==> test auc = 0.821366
	Seed 5 ==> test auc = 0.784689
	Seed 6 ==> test auc = 0.811392
	Seed 7 ==> test auc = 0.821033
	Seed 8 ==> test auc = 0.864444
	Seed 9 ==> test auc = 0.792404
Overall test auc = 0.809024 +/- 0.025891
Elapsed time = 0:26:45
Fold 0
Model 0 best validation auc = 0.839423 on epoch 12
Model 0 test auc = 0.784442
Ensemble test auc = 0.784442
Fold 1
Model 0 best validation auc = 0.812324 on epoch 12
Model 0 test auc = 0.796927
Ensemble test auc = 0.796927
Fold 2
Model 0 best validation auc = 0.827253 on epoch 19
Model 0 test auc = 0.832384
Ensemble test auc = 0.832384
Fold 3
Model 0 best validation auc = 0.821813 on epoch 13
Model 0 test auc = 0.773781
Ensemble test auc = 0.773781
Fold 4
Model 0 best validation auc = 0.840420 on epoch 18
Model 0 test auc = 0.817464
Ensemble test auc = 0.817464
Fold 5
Model 0 best validation auc = 0.841177 on epoch 12
Model 0 test auc = 0.794898
Ensemble test auc = 0.794898
Fold 6
Model 0 best validation auc = 0.813931 on epoch 13
Model 0 test auc = 0.804300
Ensemble test auc = 0.804300
Fold 7
Model 0 best validation auc = 0.842044 on epoch 16
Model 0 test auc = 0.817819
Ensemble test auc = 0.817819
Fold 8
Model 0 best validation auc = 0.810622 on epoch 16
Model 0 test auc = 0.857850
Ensemble test auc = 0.857850
Fold 9
Model 0 best validation auc = 0.822302 on epoch 12
Model 0 test auc = 0.783282
Ensemble test auc = 0.783282
10-fold cross validation
	Seed 0 ==> test auc = 0.784442
	Seed 1 ==> test auc = 0.796927
	Seed 2 ==> test auc = 0.832384
	Seed 3 ==> test auc = 0.773781
	Seed 4 ==> test auc = 0.817464
	Seed 5 ==> test auc = 0.794898
	Seed 6 ==> test auc = 0.804300
	Seed 7 ==> test auc = 0.817819
	Seed 8 ==> test auc = 0.857850
	Seed 9 ==> test auc = 0.783282
Overall test auc = 0.806315 +/- 0.024253
Elapsed time = 0:30:44
Fold 0
Model 0 best validation auc = 0.856066 on epoch 13
Model 0 test auc = 0.791849
Ensemble test auc = 0.791849
Fold 1
Model 0 best validation auc = 0.812715 on epoch 10
Model 0 test auc = 0.807225
Ensemble test auc = 0.807225
Fold 2
Model 0 best validation auc = 0.828128 on epoch 19
Model 0 test auc = 0.838215
Ensemble test auc = 0.838215
Fold 3
Model 0 best validation auc = 0.829580 on epoch 13
Model 0 test auc = 0.792926
Ensemble test auc = 0.792926
Fold 4
Model 0 best validation auc = 0.843085 on epoch 24
Model 0 test auc = 0.827311
Ensemble test auc = 0.827311
Fold 5
Model 0 best validation auc = 0.842868 on epoch 27
Model 0 test auc = 0.786752
Ensemble test auc = 0.786752
Fold 6
Model 0 best validation auc = 0.820993 on epoch 28
Model 0 test auc = 0.803046
Ensemble test auc = 0.803046
Fold 7
Model 0 best validation auc = 0.848151 on epoch 27
Model 0 test auc = 0.824679
Ensemble test auc = 0.824679
Fold 8
Model 0 best validation auc = 0.809225 on epoch 19
Model 0 test auc = 0.861487
Ensemble test auc = 0.861487
Fold 9
Model 0 best validation auc = 0.819515 on epoch 23
Model 0 test auc = 0.796121
Ensemble test auc = 0.796121
10-fold cross validation
	Seed 0 ==> test auc = 0.791849
	Seed 1 ==> test auc = 0.807225
	Seed 2 ==> test auc = 0.838215
	Seed 3 ==> test auc = 0.792926
	Seed 4 ==> test auc = 0.827311
	Seed 5 ==> test auc = 0.786752
	Seed 6 ==> test auc = 0.803046
	Seed 7 ==> test auc = 0.824679
	Seed 8 ==> test auc = 0.861487
	Seed 9 ==> test auc = 0.796121
Overall test auc = 0.812961 +/- 0.022988
Elapsed time = 0:30:52
Fold 0
Model 0 best validation auc = 0.850950 on epoch 13
Model 0 test auc = 0.782498
Ensemble test auc = 0.782498
Fold 1
Model 0 best validation auc = 0.809652 on epoch 10
Model 0 test auc = 0.809759
Ensemble test auc = 0.809759
Fold 2
Model 0 best validation auc = 0.832998 on epoch 14
Model 0 test auc = 0.835393
Ensemble test auc = 0.835393
Fold 3
Model 0 best validation auc = 0.829959 on epoch 10
Model 0 test auc = 0.799103
Ensemble test auc = 0.799103
Fold 4
Model 0 best validation auc = 0.842045 on epoch 17
Model 0 test auc = 0.829459
Ensemble test auc = 0.829459
Fold 5
Model 0 best validation auc = 0.844527 on epoch 16
Model 0 test auc = 0.783920
Ensemble test auc = 0.783920
Fold 6
Model 0 best validation auc = 0.819993 on epoch 19
Model 0 test auc = 0.803083
Ensemble test auc = 0.803083
Fold 7
Model 0 best validation auc = 0.845226 on epoch 14
Model 0 test auc = 0.819450
Ensemble test auc = 0.819450
Fold 8
Model 0 best validation auc = 0.805978 on epoch 16
Model 0 test auc = 0.860672
Ensemble test auc = 0.860672
Fold 9
Model 0 best validation auc = 0.814260 on epoch 12
Model 0 test auc = 0.785549
Ensemble test auc = 0.785549
10-fold cross validation
	Seed 0 ==> test auc = 0.782498
	Seed 1 ==> test auc = 0.809759
	Seed 2 ==> test auc = 0.835393
	Seed 3 ==> test auc = 0.799103
	Seed 4 ==> test auc = 0.829459
	Seed 5 ==> test auc = 0.783920
	Seed 6 ==> test auc = 0.803083
	Seed 7 ==> test auc = 0.819450
	Seed 8 ==> test auc = 0.860672
	Seed 9 ==> test auc = 0.785549
Overall test auc = 0.810889 +/- 0.024235
Elapsed time = 0:37:11
Fold 0
Model 0 best validation auc = 0.842300 on epoch 16
Model 0 test auc = 0.785581
Ensemble test auc = 0.785581
Fold 1
Model 0 best validation auc = 0.817231 on epoch 24
Model 0 test auc = 0.809852
Ensemble test auc = 0.809852
Fold 2
Model 0 best validation auc = 0.834098 on epoch 27
Model 0 test auc = 0.834071
Ensemble test auc = 0.834071
Fold 3
Model 0 best validation auc = 0.819656 on epoch 18
Model 0 test auc = 0.784473
Ensemble test auc = 0.784473
Fold 4
Model 0 best validation auc = 0.839609 on epoch 29
Model 0 test auc = 0.816194
Ensemble test auc = 0.816194
Fold 5
Model 0 best validation auc = 0.849102 on epoch 22
Model 0 test auc = 0.796507
Ensemble test auc = 0.796507
Fold 6
Model 0 best validation auc = 0.820138 on epoch 28
Model 0 test auc = 0.804760
Ensemble test auc = 0.804760
Fold 7
Model 0 best validation auc = 0.843810 on epoch 28
Model 0 test auc = 0.824109
Ensemble test auc = 0.824109
Fold 8
Model 0 best validation auc = 0.813254 on epoch 24
Model 0 test auc = 0.859087
Ensemble test auc = 0.859087
Fold 9
Model 0 best validation auc = 0.825539 on epoch 22
Model 0 test auc = 0.786296
Ensemble test auc = 0.786296
10-fold cross validation
	Seed 0 ==> test auc = 0.785581
	Seed 1 ==> test auc = 0.809852
	Seed 2 ==> test auc = 0.834071
	Seed 3 ==> test auc = 0.784473
	Seed 4 ==> test auc = 0.816194
	Seed 5 ==> test auc = 0.796507
	Seed 6 ==> test auc = 0.804760
	Seed 7 ==> test auc = 0.824109
	Seed 8 ==> test auc = 0.859087
	Seed 9 ==> test auc = 0.786296
Overall test auc = 0.810093 +/- 0.022903
Elapsed time = 0:21:25
Fold 0
Model 0 best validation auc = 0.837237 on epoch 12
Model 0 test auc = 0.782940
Ensemble test auc = 0.782940
Fold 1
Model 0 best validation auc = 0.804253 on epoch 9
Model 0 test auc = 0.801572
Ensemble test auc = 0.801572
Fold 2
Model 0 best validation auc = 0.824381 on epoch 14
Model 0 test auc = 0.837093
Ensemble test auc = 0.837093
Fold 3
Model 0 best validation auc = 0.826394 on epoch 10
Model 0 test auc = 0.785208
Ensemble test auc = 0.785208
Fold 4
Model 0 best validation auc = 0.839388 on epoch 13
Model 0 test auc = 0.821785
Ensemble test auc = 0.821785
Fold 5
Model 0 best validation auc = 0.844204 on epoch 16
Model 0 test auc = 0.761303
Ensemble test auc = 0.761303
Fold 6
Model 0 best validation auc = 0.826289 on epoch 11
Model 0 test auc = 0.816250
Ensemble test auc = 0.816250
Fold 7
Model 0 best validation auc = 0.834585 on epoch 17
Model 0 test auc = 0.828630
Ensemble test auc = 0.828630
Fold 8
Model 0 best validation auc = 0.793735 on epoch 13
Model 0 test auc = 0.853987
Ensemble test auc = 0.853987
Fold 9
Model 0 best validation auc = 0.816384 on epoch 8
Model 0 test auc = 0.781590
Ensemble test auc = 0.781590
10-fold cross validation
	Seed 0 ==> test auc = 0.782940
	Seed 1 ==> test auc = 0.801572
	Seed 2 ==> test auc = 0.837093
	Seed 3 ==> test auc = 0.785208
	Seed 4 ==> test auc = 0.821785
	Seed 5 ==> test auc = 0.761303
	Seed 6 ==> test auc = 0.816250
	Seed 7 ==> test auc = 0.828630
	Seed 8 ==> test auc = 0.853987
	Seed 9 ==> test auc = 0.781590
Overall test auc = 0.807036 +/- 0.027753
Elapsed time = 0:29:45
Fold 0
Model 0 best validation auc = 0.850529 on epoch 13
Model 0 test auc = 0.771425
Ensemble test auc = 0.771425
Fold 1
Model 0 best validation auc = 0.804257 on epoch 9
Model 0 test auc = 0.808066
Ensemble test auc = 0.808066
Fold 2
Model 0 best validation auc = 0.831432 on epoch 8
Model 0 test auc = 0.835724
Ensemble test auc = 0.835724
Fold 3
Model 0 best validation auc = 0.823999 on epoch 11
Model 0 test auc = 0.804566
Ensemble test auc = 0.804566
Fold 4
Model 0 best validation auc = 0.836937 on epoch 8
Model 0 test auc = 0.827002
Ensemble test auc = 0.827002
Fold 5
Model 0 best validation auc = 0.846602 on epoch 13
Model 0 test auc = 0.796217
Ensemble test auc = 0.796217
Fold 6
Model 0 best validation auc = 0.833515 on epoch 11
Model 0 test auc = 0.807883
Ensemble test auc = 0.807883
Fold 7
Model 0 best validation auc = 0.842056 on epoch 11
Model 0 test auc = 0.817792
Ensemble test auc = 0.817792
Fold 8
Model 0 best validation auc = 0.807840 on epoch 7
Model 0 test auc = 0.853975
Ensemble test auc = 0.853975
Fold 9
Model 0 best validation auc = 0.818070 on epoch 12
Model 0 test auc = 0.790508
Ensemble test auc = 0.790508
10-fold cross validation
	Seed 0 ==> test auc = 0.771425
	Seed 1 ==> test auc = 0.808066
	Seed 2 ==> test auc = 0.835724
	Seed 3 ==> test auc = 0.804566
	Seed 4 ==> test auc = 0.827002
	Seed 5 ==> test auc = 0.796217
	Seed 6 ==> test auc = 0.807883
	Seed 7 ==> test auc = 0.817792
	Seed 8 ==> test auc = 0.853975
	Seed 9 ==> test auc = 0.790508
Overall test auc = 0.811316 +/- 0.022414
Elapsed time = 0:41:59
Fold 0
Model 0 best validation auc = 0.847345 on epoch 13
Model 0 test auc = 0.775043
Ensemble test auc = 0.775043
Fold 1
Model 0 best validation auc = 0.809428 on epoch 14
Model 0 test auc = 0.809949
Ensemble test auc = 0.809949
Fold 2
Model 0 best validation auc = 0.820719 on epoch 19
Model 0 test auc = 0.833855
Ensemble test auc = 0.833855
Fold 3
Model 0 best validation auc = 0.827077 on epoch 10
Model 0 test auc = 0.795245
Ensemble test auc = 0.795245
Fold 4
Model 0 best validation auc = 0.841170 on epoch 18
Model 0 test auc = 0.829852
Ensemble test auc = 0.829852
Fold 5
Model 0 best validation auc = 0.841670 on epoch 16
Model 0 test auc = 0.786514
Ensemble test auc = 0.786514
Fold 6
Model 0 best validation auc = 0.815234 on epoch 17
Model 0 test auc = 0.813594
Ensemble test auc = 0.813594
Fold 7
Model 0 best validation auc = 0.840641 on epoch 10
Model 0 test auc = 0.819953
Ensemble test auc = 0.819953
Fold 8
Model 0 best validation auc = 0.812142 on epoch 16
Model 0 test auc = 0.861554
Ensemble test auc = 0.861554
Fold 9
Model 0 best validation auc = 0.818408 on epoch 13
Model 0 test auc = 0.790322
Ensemble test auc = 0.790322
10-fold cross validation
	Seed 0 ==> test auc = 0.775043
	Seed 1 ==> test auc = 0.809949
	Seed 2 ==> test auc = 0.833855
	Seed 3 ==> test auc = 0.795245
	Seed 4 ==> test auc = 0.829852
	Seed 5 ==> test auc = 0.786514
	Seed 6 ==> test auc = 0.813594
	Seed 7 ==> test auc = 0.819953
	Seed 8 ==> test auc = 0.861554
	Seed 9 ==> test auc = 0.790322
Overall test auc = 0.811588 +/- 0.024670
Elapsed time = 0:26:04
Fold 0
Model 0 best validation auc = 0.846722 on epoch 11
Model 0 test auc = 0.783160
Ensemble test auc = 0.783160
Fold 1
Model 0 best validation auc = 0.807773 on epoch 14
Model 0 test auc = 0.801575
Ensemble test auc = 0.801575
Fold 2
Model 0 best validation auc = 0.824851 on epoch 11
Model 0 test auc = 0.827827
Ensemble test auc = 0.827827
Fold 3
Model 0 best validation auc = 0.825010 on epoch 13
Model 0 test auc = 0.792531
Ensemble test auc = 0.792531
Fold 4
Model 0 best validation auc = 0.844224 on epoch 18
Model 0 test auc = 0.823409
Ensemble test auc = 0.823409
Fold 5
Model 0 best validation auc = 0.848807 on epoch 18
Model 0 test auc = 0.790609
Ensemble test auc = 0.790609
Fold 6
Model 0 best validation auc = 0.824235 on epoch 13
Model 0 test auc = 0.810176
Ensemble test auc = 0.810176
Fold 7
Model 0 best validation auc = 0.840170 on epoch 12
Model 0 test auc = 0.827340
Ensemble test auc = 0.827340
Fold 8
Model 0 best validation auc = 0.812906 on epoch 13
Model 0 test auc = 0.862117
Ensemble test auc = 0.862117
Fold 9
Model 0 best validation auc = 0.822995 on epoch 12
Model 0 test auc = 0.790596
Ensemble test auc = 0.790596
10-fold cross validation
	Seed 0 ==> test auc = 0.783160
	Seed 1 ==> test auc = 0.801575
	Seed 2 ==> test auc = 0.827827
	Seed 3 ==> test auc = 0.792531
	Seed 4 ==> test auc = 0.823409
	Seed 5 ==> test auc = 0.790609
	Seed 6 ==> test auc = 0.810176
	Seed 7 ==> test auc = 0.827340
	Seed 8 ==> test auc = 0.862117
	Seed 9 ==> test auc = 0.790596
Overall test auc = 0.810934 +/- 0.023141
Elapsed time = 0:25:22
