Fold 0
Command line
python train.py --data_path data/DowData/solubility/Joback_OneMol/data.csv --dataset_type regression --save_dir checkpoints/NoFeat_OneMol/sol_noopt-1597338722 --split_type scaffold_balanced --save_smiles_splits --epochs 30 --dropout 0
Args
{'activation': 'ReLU',
 'atom_messages': False,
 'batch_size': 50,
 'bias': False,
 'cache_cutoff': 10000,
 'checkpoint_dir': None,
 'checkpoint_path': None,
 'checkpoint_paths': None,
 'class_balance': False,
 'config_path': None,
 'crossval_index_dir': None,
 'crossval_index_file': None,
 'crossval_index_sets': None,
 'cuda': True,
 'data_path': 'data/DowData/solubility/Joback_OneMol/data.csv',
 'dataset_type': 'regression',
 'depth': 3,
 'device': device(type='cuda'),
 'dropout': 0.0,
 'ensemble_size': 1,
 'epochs': 30,
 'features_generator': None,
 'features_only': False,
 'features_path': None,
 'features_scaling': True,
 'features_size': None,
 'ffn_hidden_size': 300,
 'ffn_num_layers': 2,
 'final_lr': 0.0001,
 'folds_file': None,
 'gpu': None,
 'grad_clip': None,
 'hidden_size': 300,
 'ignore_columns': None,
 'init_lr': 0.0001,
 'log_frequency': 10,
 'max_data_size': None,
 'max_lr': 0.001,
 'metric': 'rmse',
 'minimize_score': True,
 'multiclass_num_classes': 3,
 'no_cuda': False,
 'no_features_scaling': False,
 'num_folds': 1,
 'num_lrs': 1,
 'num_tasks': 1,
 'num_workers': 8,
 'pytorch_seed': 0,
 'quiet': False,
 'save_dir': 'checkpoints/NoFeat_OneMol/sol_noopt-1597338722/fold_0',
 'save_smiles_splits': True,
 'seed': 0,
 'separate_test_features_path': None,
 'separate_test_path': None,
 'separate_val_features_path': None,
 'separate_val_path': None,
 'show_individual_scores': False,
 'smiles_column': None,
 'split_sizes': (0.8, 0.1, 0.1),
 'split_type': 'scaffold_balanced',
 'target_columns': None,
 'task_names': ['Solubility'],
 'test': False,
 'test_fold_index': None,
 'train_data_size': None,
 'undirected': False,
 'use_input_features': False,
 'val_fold_index': None,
 'warmup_epochs': 2.0}
Loading data
Number of tasks = 1
Splitting data with seed 0
Total scaffolds = 1,588 | train scaffolds = 898 | val scaffolds = 304 | test scaffolds = 386
Label averages per scaffold, in decreasing order of scaffold frequency,capped at 10 scaffolds and 20 labels:
Scaffold 0
Task 0: count = 2,267 | target average = -2.017040


Scaffold 1
Task 0: count = 1,632 | target average = -2.598343


Scaffold 2
Task 0: count = 215 | target average = -6.971653


Scaffold 3
Task 0: count = 141 | target average = -3.937864


Scaffold 4
Task 0: count = 135 | target average = -6.824769


Scaffold 5
Task 0: count = 110 | target average = -2.684366


Scaffold 6
Task 0: count = 95 | target average = -1.321900


Scaffold 7
Task 0: count = 73 | target average = -5.256434


Scaffold 8
Task 0: count = 54 | target average = -4.558373


Scaffold 9
Task 0: count = 52 | target average = -1.722385


Total size = 8,400 | train size = 6,720 | val size = 840 | test size = 840
Fitting scaler
Building model 0
MoleculeModel(
  (encoder): MPN(
    (encoder): MPNEncoder(
      (dropout_layer): Dropout(p=0.0, inplace=False)
      (act_func): ReLU()
      (W_i): Linear(in_features=147, out_features=300, bias=False)
      (W_h): Linear(in_features=300, out_features=300, bias=False)
      (W_o): Linear(in_features=433, out_features=300, bias=True)
    )
  )
  (ffn): Sequential(
    (0): Dropout(p=0.0, inplace=False)
    (1): Linear(in_features=300, out_features=300, bias=True)
    (2): ReLU()
    (3): Dropout(p=0.0, inplace=False)
    (4): Linear(in_features=300, out_features=1, bias=True)
  )
)
Number of parameters = 354,901
Moving model to cuda
Epoch 0
Loss = 2.0835e-02, PNorm = 34.0103, GNorm = 4.0397, lr_0 = 1.3694e-04
Loss = 1.7192e-02, PNorm = 34.0126, GNorm = 1.7231, lr_0 = 1.7052e-04
Loss = 1.7870e-02, PNorm = 34.0180, GNorm = 2.0824, lr_0 = 2.0410e-04
Loss = 1.5184e-02, PNorm = 34.0275, GNorm = 2.2526, lr_0 = 2.3769e-04
Loss = 1.2396e-02, PNorm = 34.0428, GNorm = 4.8530, lr_0 = 2.7127e-04
Loss = 1.2181e-02, PNorm = 34.0584, GNorm = 1.8014, lr_0 = 3.0485e-04
Loss = 1.0872e-02, PNorm = 34.0729, GNorm = 6.8617, lr_0 = 3.3843e-04
Loss = 1.1588e-02, PNorm = 34.0878, GNorm = 9.7900, lr_0 = 3.7201e-04
Loss = 1.0437e-02, PNorm = 34.1000, GNorm = 12.3165, lr_0 = 4.0560e-04
Loss = 8.5320e-03, PNorm = 34.1148, GNorm = 1.1606, lr_0 = 4.3918e-04
Loss = 8.7575e-03, PNorm = 34.1349, GNorm = 9.0764, lr_0 = 4.7276e-04
Loss = 8.9757e-03, PNorm = 34.1549, GNorm = 9.7163, lr_0 = 5.0634e-04
Loss = 9.1095e-03, PNorm = 34.1780, GNorm = 5.1773, lr_0 = 5.3993e-04
Validation rmse = 1.437559
Epoch 1
Loss = 6.5565e-03, PNorm = 34.2154, GNorm = 3.9067, lr_0 = 5.7687e-04
Loss = 6.0901e-03, PNorm = 34.2475, GNorm = 2.1992, lr_0 = 6.1045e-04
Loss = 7.4106e-03, PNorm = 34.2672, GNorm = 1.4991, lr_0 = 6.4403e-04
Loss = 6.7428e-03, PNorm = 34.2866, GNorm = 4.9377, lr_0 = 6.7761e-04
Loss = 6.9302e-03, PNorm = 34.3163, GNorm = 1.5682, lr_0 = 7.1119e-04
Loss = 7.7700e-03, PNorm = 34.3471, GNorm = 3.0413, lr_0 = 7.4478e-04
Loss = 6.5431e-03, PNorm = 34.3724, GNorm = 11.1845, lr_0 = 7.7836e-04
Loss = 6.1974e-03, PNorm = 34.3937, GNorm = 5.8150, lr_0 = 8.1194e-04
Loss = 5.9107e-03, PNorm = 34.4217, GNorm = 4.2587, lr_0 = 8.4552e-04
Loss = 5.2362e-03, PNorm = 34.4562, GNorm = 3.3321, lr_0 = 8.7910e-04
Loss = 6.3733e-03, PNorm = 34.4782, GNorm = 2.9704, lr_0 = 9.1269e-04
Loss = 6.0162e-03, PNorm = 34.5074, GNorm = 1.7768, lr_0 = 9.4627e-04
Loss = 4.9538e-03, PNorm = 34.5425, GNorm = 7.9061, lr_0 = 9.7985e-04
Validation rmse = 1.401356
Epoch 2
Loss = 6.8595e-03, PNorm = 34.5722, GNorm = 4.2108, lr_0 = 9.9694e-04
Loss = 5.7390e-03, PNorm = 34.6023, GNorm = 5.3581, lr_0 = 9.9084e-04
Loss = 7.5331e-03, PNorm = 34.6356, GNorm = 7.7873, lr_0 = 9.8477e-04
Loss = 6.1272e-03, PNorm = 34.6709, GNorm = 0.7910, lr_0 = 9.7875e-04
Loss = 5.7425e-03, PNorm = 34.7071, GNorm = 4.0916, lr_0 = 9.7276e-04
Loss = 4.7897e-03, PNorm = 34.7440, GNorm = 1.1884, lr_0 = 9.6681e-04
Loss = 4.4554e-03, PNorm = 34.7796, GNorm = 2.0170, lr_0 = 9.6089e-04
Loss = 4.4699e-03, PNorm = 34.8018, GNorm = 3.2124, lr_0 = 9.5502e-04
Loss = 4.0017e-03, PNorm = 34.8303, GNorm = 2.1584, lr_0 = 9.4917e-04
Loss = 4.7567e-03, PNorm = 34.8578, GNorm = 4.7878, lr_0 = 9.4337e-04
Loss = 5.0981e-03, PNorm = 34.8854, GNorm = 3.3272, lr_0 = 9.3759e-04
Loss = 5.7411e-03, PNorm = 34.9151, GNorm = 6.8178, lr_0 = 9.3186e-04
Loss = 5.2163e-03, PNorm = 34.9426, GNorm = 4.2233, lr_0 = 9.2616e-04
Loss = 5.0527e-03, PNorm = 34.9751, GNorm = 3.3702, lr_0 = 9.2049e-04
Validation rmse = 1.158159
Epoch 3
Loss = 5.5160e-03, PNorm = 35.0145, GNorm = 1.3908, lr_0 = 9.1486e-04
Loss = 4.8351e-03, PNorm = 35.0472, GNorm = 2.4408, lr_0 = 9.0926e-04
Loss = 4.4506e-03, PNorm = 35.0719, GNorm = 2.6826, lr_0 = 9.0370e-04
Loss = 4.1761e-03, PNorm = 35.0984, GNorm = 1.6759, lr_0 = 8.9817e-04
Loss = 4.1891e-03, PNorm = 35.1222, GNorm = 1.6882, lr_0 = 8.9267e-04
Loss = 4.5863e-03, PNorm = 35.1458, GNorm = 3.4663, lr_0 = 8.8721e-04
Loss = 4.0276e-03, PNorm = 35.1655, GNorm = 1.1239, lr_0 = 8.8178e-04
Loss = 4.4356e-03, PNorm = 35.1906, GNorm = 0.9615, lr_0 = 8.7639e-04
Loss = 4.4153e-03, PNorm = 35.2147, GNorm = 2.1229, lr_0 = 8.7103e-04
Loss = 4.2584e-03, PNorm = 35.2444, GNorm = 5.0741, lr_0 = 8.6570e-04
Loss = 3.6044e-03, PNorm = 35.2705, GNorm = 2.1853, lr_0 = 8.6040e-04
Loss = 4.2842e-03, PNorm = 35.2907, GNorm = 3.4125, lr_0 = 8.5514e-04
Loss = 4.9689e-03, PNorm = 35.3110, GNorm = 2.5766, lr_0 = 8.4991e-04
Validation rmse = 1.157299
Epoch 4
Loss = 3.7808e-03, PNorm = 35.3348, GNorm = 2.8373, lr_0 = 8.4419e-04
Loss = 4.0751e-03, PNorm = 35.3527, GNorm = 2.0566, lr_0 = 8.3902e-04
Loss = 3.7767e-03, PNorm = 35.3764, GNorm = 8.4925, lr_0 = 8.3389e-04
Loss = 4.2234e-03, PNorm = 35.4047, GNorm = 1.5687, lr_0 = 8.2879e-04
Loss = 4.0728e-03, PNorm = 35.4341, GNorm = 2.4806, lr_0 = 8.2372e-04
Loss = 3.9597e-03, PNorm = 35.4545, GNorm = 2.2903, lr_0 = 8.1868e-04
Loss = 4.3008e-03, PNorm = 35.4719, GNorm = 2.1481, lr_0 = 8.1367e-04
Loss = 4.6671e-03, PNorm = 35.4919, GNorm = 0.8303, lr_0 = 8.0869e-04
Loss = 3.3482e-03, PNorm = 35.5192, GNorm = 3.7923, lr_0 = 8.0374e-04
Loss = 3.9813e-03, PNorm = 35.5426, GNorm = 4.9051, lr_0 = 7.9883e-04
Loss = 3.9195e-03, PNorm = 35.5658, GNorm = 4.7192, lr_0 = 7.9394e-04
Loss = 3.8976e-03, PNorm = 35.5945, GNorm = 1.9333, lr_0 = 7.8908e-04
Loss = 4.7396e-03, PNorm = 35.6146, GNorm = 5.9479, lr_0 = 7.8425e-04
Loss = 4.1593e-03, PNorm = 35.6406, GNorm = 1.5075, lr_0 = 7.7945e-04
Validation rmse = 1.131984
Epoch 5
Loss = 3.6683e-03, PNorm = 35.6708, GNorm = 1.2585, lr_0 = 7.7469e-04
Loss = 3.0709e-03, PNorm = 35.6976, GNorm = 1.2783, lr_0 = 7.6995e-04
Loss = 3.4215e-03, PNorm = 35.7187, GNorm = 1.5984, lr_0 = 7.6524e-04
Loss = 3.4362e-03, PNorm = 35.7434, GNorm = 0.8589, lr_0 = 7.6055e-04
Loss = 3.2470e-03, PNorm = 35.7649, GNorm = 3.6582, lr_0 = 7.5590e-04
Loss = 3.3146e-03, PNorm = 35.7819, GNorm = 0.9772, lr_0 = 7.5128e-04
Loss = 3.9363e-03, PNorm = 35.7983, GNorm = 6.5352, lr_0 = 7.4668e-04
Loss = 3.7525e-03, PNorm = 35.8268, GNorm = 1.6705, lr_0 = 7.4211e-04
Loss = 3.6072e-03, PNorm = 35.8461, GNorm = 0.9935, lr_0 = 7.3757e-04
Loss = 3.7149e-03, PNorm = 35.8651, GNorm = 1.3645, lr_0 = 7.3306e-04
Loss = 3.1029e-03, PNorm = 35.8877, GNorm = 3.5810, lr_0 = 7.2857e-04
Loss = 3.3250e-03, PNorm = 35.9001, GNorm = 1.4865, lr_0 = 7.2412e-04
Loss = 3.8631e-03, PNorm = 35.9174, GNorm = 2.5913, lr_0 = 7.1969e-04
Validation rmse = 1.101751
Epoch 6
Loss = 3.0011e-03, PNorm = 35.9426, GNorm = 1.0113, lr_0 = 7.1484e-04
Loss = 3.0958e-03, PNorm = 35.9589, GNorm = 0.7746, lr_0 = 7.1047e-04
Loss = 3.2181e-03, PNorm = 35.9823, GNorm = 3.8240, lr_0 = 7.0612e-04
Loss = 3.2064e-03, PNorm = 35.9988, GNorm = 1.2574, lr_0 = 7.0180e-04
Loss = 2.8781e-03, PNorm = 36.0205, GNorm = 1.8002, lr_0 = 6.9751e-04
Loss = 3.0076e-03, PNorm = 36.0367, GNorm = 2.3582, lr_0 = 6.9324e-04
Loss = 3.7714e-03, PNorm = 36.0555, GNorm = 2.9949, lr_0 = 6.8900e-04
Loss = 2.9119e-03, PNorm = 36.0682, GNorm = 0.9311, lr_0 = 6.8479e-04
Loss = 3.1004e-03, PNorm = 36.0853, GNorm = 1.1009, lr_0 = 6.8060e-04
Loss = 3.1242e-03, PNorm = 36.1008, GNorm = 3.1685, lr_0 = 6.7643e-04
Loss = 3.1235e-03, PNorm = 36.1262, GNorm = 2.5714, lr_0 = 6.7229e-04
Loss = 3.2819e-03, PNorm = 36.1498, GNorm = 1.8516, lr_0 = 6.6818e-04
Loss = 3.3216e-03, PNorm = 36.1721, GNorm = 2.6112, lr_0 = 6.6409e-04
Loss = 3.4887e-03, PNorm = 36.1915, GNorm = 2.6312, lr_0 = 6.6003e-04
Loss = 9.0029e-03, PNorm = 36.1930, GNorm = 3.8141, lr_0 = 6.5962e-04
Validation rmse = 1.128121
Epoch 7
Loss = 2.9202e-03, PNorm = 36.2065, GNorm = 0.5342, lr_0 = 6.5559e-04
Loss = 3.5224e-03, PNorm = 36.2280, GNorm = 2.6745, lr_0 = 6.5158e-04
Loss = 3.0428e-03, PNorm = 36.2561, GNorm = 1.2270, lr_0 = 6.4759e-04
Loss = 3.6982e-03, PNorm = 36.2725, GNorm = 4.8502, lr_0 = 6.4363e-04
Loss = 3.2850e-03, PNorm = 36.2937, GNorm = 1.4289, lr_0 = 6.3969e-04
Loss = 2.6125e-03, PNorm = 36.3119, GNorm = 1.4396, lr_0 = 6.3578e-04
Loss = 2.6992e-03, PNorm = 36.3265, GNorm = 1.1341, lr_0 = 6.3189e-04
Loss = 3.0165e-03, PNorm = 36.3374, GNorm = 1.5508, lr_0 = 6.2802e-04
Loss = 3.4241e-03, PNorm = 36.3546, GNorm = 2.7337, lr_0 = 6.2418e-04
Loss = 3.0983e-03, PNorm = 36.3753, GNorm = 1.5594, lr_0 = 6.2036e-04
Loss = 2.5986e-03, PNorm = 36.3899, GNorm = 2.1322, lr_0 = 6.1656e-04
Loss = 3.1018e-03, PNorm = 36.4007, GNorm = 1.2228, lr_0 = 6.1279e-04
Loss = 2.7159e-03, PNorm = 36.4105, GNorm = 0.8247, lr_0 = 6.0904e-04
Validation rmse = 1.034126
Epoch 8
Loss = 2.4504e-03, PNorm = 36.4207, GNorm = 0.8977, lr_0 = 6.0532e-04
Loss = 3.5120e-03, PNorm = 36.4380, GNorm = 2.0063, lr_0 = 6.0161e-04
Loss = 2.8798e-03, PNorm = 36.4506, GNorm = 1.5981, lr_0 = 5.9793e-04
Loss = 3.7158e-03, PNorm = 36.4605, GNorm = 1.8415, lr_0 = 5.9427e-04
Loss = 3.1091e-03, PNorm = 36.4798, GNorm = 1.5110, lr_0 = 5.9064e-04
Loss = 2.6291e-03, PNorm = 36.4987, GNorm = 1.8372, lr_0 = 5.8703e-04
Loss = 2.6422e-03, PNorm = 36.5163, GNorm = 1.3930, lr_0 = 5.8343e-04
Loss = 3.0875e-03, PNorm = 36.5253, GNorm = 3.7945, lr_0 = 5.7986e-04
Loss = 2.9080e-03, PNorm = 36.5381, GNorm = 2.2027, lr_0 = 5.7632e-04
Loss = 2.9176e-03, PNorm = 36.5553, GNorm = 1.6229, lr_0 = 5.7279e-04
Loss = 2.7539e-03, PNorm = 36.5716, GNorm = 2.1265, lr_0 = 5.6929e-04
Loss = 3.2486e-03, PNorm = 36.5853, GNorm = 1.8489, lr_0 = 5.6580e-04
Loss = 2.6170e-03, PNorm = 36.6010, GNorm = 1.7768, lr_0 = 5.6234e-04
Validation rmse = 1.156602
Epoch 9
Loss = 2.3208e-03, PNorm = 36.6155, GNorm = 0.6102, lr_0 = 5.5856e-04
Loss = 2.9203e-03, PNorm = 36.6307, GNorm = 0.9261, lr_0 = 5.5514e-04
Loss = 3.2478e-03, PNorm = 36.6457, GNorm = 1.3880, lr_0 = 5.5174e-04
Loss = 3.0894e-03, PNorm = 36.6624, GNorm = 1.5812, lr_0 = 5.4837e-04
Loss = 1.9556e-03, PNorm = 36.6731, GNorm = 0.8378, lr_0 = 5.4501e-04
Loss = 2.8375e-03, PNorm = 36.6858, GNorm = 3.0459, lr_0 = 5.4168e-04
Loss = 2.3971e-03, PNorm = 36.7008, GNorm = 0.8401, lr_0 = 5.3836e-04
Loss = 2.7693e-03, PNorm = 36.7105, GNorm = 1.7581, lr_0 = 5.3507e-04
Loss = 2.6363e-03, PNorm = 36.7242, GNorm = 0.9733, lr_0 = 5.3180e-04
Loss = 2.8524e-03, PNorm = 36.7419, GNorm = 1.3495, lr_0 = 5.2854e-04
Loss = 2.0552e-03, PNorm = 36.7571, GNorm = 1.4570, lr_0 = 5.2531e-04
Loss = 3.1673e-03, PNorm = 36.7666, GNorm = 4.9056, lr_0 = 5.2210e-04
Loss = 2.8043e-03, PNorm = 36.7778, GNorm = 1.7415, lr_0 = 5.1890e-04
Loss = 2.7837e-03, PNorm = 36.7901, GNorm = 2.4615, lr_0 = 5.1573e-04
Validation rmse = 1.012143
Epoch 10
Loss = 2.0616e-03, PNorm = 36.8008, GNorm = 2.2230, lr_0 = 5.1257e-04
Loss = 2.4329e-03, PNorm = 36.8100, GNorm = 1.7471, lr_0 = 5.0944e-04
Loss = 2.8403e-03, PNorm = 36.8217, GNorm = 1.9575, lr_0 = 5.0632e-04
Loss = 2.5219e-03, PNorm = 36.8369, GNorm = 0.8868, lr_0 = 5.0322e-04
Loss = 2.5662e-03, PNorm = 36.8517, GNorm = 0.6152, lr_0 = 5.0014e-04
Loss = 2.7690e-03, PNorm = 36.8658, GNorm = 1.5560, lr_0 = 4.9708e-04
Loss = 2.6326e-03, PNorm = 36.8755, GNorm = 1.3693, lr_0 = 4.9404e-04
Loss = 3.3089e-03, PNorm = 36.8873, GNorm = 1.0047, lr_0 = 4.9102e-04
Loss = 2.5868e-03, PNorm = 36.8987, GNorm = 0.6891, lr_0 = 4.8801e-04
Loss = 2.8649e-03, PNorm = 36.9139, GNorm = 1.3093, lr_0 = 4.8503e-04
Loss = 2.4556e-03, PNorm = 36.9244, GNorm = 0.9951, lr_0 = 4.8206e-04
Loss = 2.8385e-03, PNorm = 36.9367, GNorm = 2.5248, lr_0 = 4.7911e-04
Loss = 2.2465e-03, PNorm = 36.9453, GNorm = 1.4490, lr_0 = 4.7618e-04
Validation rmse = 1.068084
Epoch 11
Loss = 2.8173e-03, PNorm = 36.9584, GNorm = 1.4420, lr_0 = 4.7298e-04
Loss = 2.2898e-03, PNorm = 36.9715, GNorm = 2.7096, lr_0 = 4.7008e-04
Loss = 2.7347e-03, PNorm = 36.9824, GNorm = 2.0496, lr_0 = 4.6721e-04
Loss = 2.2055e-03, PNorm = 36.9948, GNorm = 1.7819, lr_0 = 4.6435e-04
Loss = 2.4984e-03, PNorm = 37.0048, GNorm = 0.9543, lr_0 = 4.6151e-04
Loss = 2.6890e-03, PNorm = 37.0163, GNorm = 1.6013, lr_0 = 4.5868e-04
Loss = 2.7671e-03, PNorm = 37.0274, GNorm = 4.6468, lr_0 = 4.5588e-04
Loss = 3.6122e-03, PNorm = 37.0388, GNorm = 1.4493, lr_0 = 4.5309e-04
Loss = 3.0146e-03, PNorm = 37.0504, GNorm = 1.1878, lr_0 = 4.5032e-04
Loss = 2.3522e-03, PNorm = 37.0616, GNorm = 0.7198, lr_0 = 4.4756e-04
Loss = 2.9898e-03, PNorm = 37.0743, GNorm = 1.1375, lr_0 = 4.4482e-04
Loss = 2.2305e-03, PNorm = 37.0873, GNorm = 1.2311, lr_0 = 4.4210e-04
Loss = 2.6970e-03, PNorm = 37.0984, GNorm = 2.2580, lr_0 = 4.3940e-04
Loss = 2.5890e-03, PNorm = 37.1082, GNorm = 3.6288, lr_0 = 4.3671e-04
Validation rmse = 1.113455
Epoch 12
Loss = 2.8637e-03, PNorm = 37.1251, GNorm = 2.1147, lr_0 = 4.3377e-04
Loss = 2.2275e-03, PNorm = 37.1357, GNorm = 2.0642, lr_0 = 4.3112e-04
Loss = 2.3623e-03, PNorm = 37.1459, GNorm = 1.0551, lr_0 = 4.2848e-04
Loss = 2.5124e-03, PNorm = 37.1590, GNorm = 1.3728, lr_0 = 4.2586e-04
Loss = 2.6461e-03, PNorm = 37.1718, GNorm = 1.3785, lr_0 = 4.2325e-04
Loss = 2.5298e-03, PNorm = 37.1833, GNorm = 1.3254, lr_0 = 4.2066e-04
Loss = 2.5656e-03, PNorm = 37.1888, GNorm = 1.9738, lr_0 = 4.1809e-04
Loss = 2.4945e-03, PNorm = 37.1986, GNorm = 0.7423, lr_0 = 4.1553e-04
Loss = 2.2945e-03, PNorm = 37.2078, GNorm = 1.1515, lr_0 = 4.1299e-04
Loss = 2.4040e-03, PNorm = 37.2198, GNorm = 2.3663, lr_0 = 4.1046e-04
Loss = 2.2291e-03, PNorm = 37.2278, GNorm = 1.9364, lr_0 = 4.0795e-04
Loss = 2.9389e-03, PNorm = 37.2326, GNorm = 2.8061, lr_0 = 4.0545e-04
Loss = 2.8436e-03, PNorm = 37.2400, GNorm = 3.6209, lr_0 = 4.0297e-04
Validation rmse = 1.031937
Epoch 13
Loss = 2.1903e-03, PNorm = 37.2532, GNorm = 1.9360, lr_0 = 4.0051e-04
Loss = 2.2981e-03, PNorm = 37.2639, GNorm = 1.7817, lr_0 = 3.9806e-04
Loss = 2.2630e-03, PNorm = 37.2725, GNorm = 1.7158, lr_0 = 3.9562e-04
Loss = 2.2503e-03, PNorm = 37.2823, GNorm = 1.1025, lr_0 = 3.9320e-04
Loss = 2.3903e-03, PNorm = 37.2919, GNorm = 0.8411, lr_0 = 3.9080e-04
Loss = 2.6484e-03, PNorm = 37.3012, GNorm = 1.2030, lr_0 = 3.8841e-04
Loss = 2.4059e-03, PNorm = 37.3105, GNorm = 1.3356, lr_0 = 3.8603e-04
Loss = 2.8201e-03, PNorm = 37.3195, GNorm = 1.0099, lr_0 = 3.8367e-04
Loss = 2.1619e-03, PNorm = 37.3287, GNorm = 1.4623, lr_0 = 3.8132e-04
Loss = 2.1224e-03, PNorm = 37.3392, GNorm = 1.8505, lr_0 = 3.7899e-04
Loss = 2.7258e-03, PNorm = 37.3488, GNorm = 1.0721, lr_0 = 3.7667e-04
Loss = 1.9174e-03, PNorm = 37.3562, GNorm = 0.9013, lr_0 = 3.7436e-04
Loss = 2.0444e-03, PNorm = 37.3656, GNorm = 2.3071, lr_0 = 3.7207e-04
Loss = 2.3824e-03, PNorm = 37.3776, GNorm = 1.9897, lr_0 = 3.6980e-04
Validation rmse = 1.020964
Epoch 14
Loss = 2.3573e-03, PNorm = 37.3866, GNorm = 0.9924, lr_0 = 3.6731e-04
Loss = 1.7827e-03, PNorm = 37.3919, GNorm = 1.0579, lr_0 = 3.6506e-04
Loss = 1.7401e-03, PNorm = 37.4004, GNorm = 0.7289, lr_0 = 3.6283e-04
Loss = 2.1430e-03, PNorm = 37.4095, GNorm = 2.1597, lr_0 = 3.6061e-04
Loss = 1.8808e-03, PNorm = 37.4188, GNorm = 0.9169, lr_0 = 3.5840e-04
Loss = 2.0881e-03, PNorm = 37.4282, GNorm = 1.9615, lr_0 = 3.5621e-04
Loss = 2.0944e-03, PNorm = 37.4349, GNorm = 0.6753, lr_0 = 3.5403e-04
Loss = 2.5259e-03, PNorm = 37.4442, GNorm = 1.7310, lr_0 = 3.5186e-04
Loss = 3.4438e-03, PNorm = 37.4611, GNorm = 1.8396, lr_0 = 3.4971e-04
Loss = 2.1995e-03, PNorm = 37.4730, GNorm = 1.6873, lr_0 = 3.4757e-04
Loss = 2.2548e-03, PNorm = 37.4810, GNorm = 2.1073, lr_0 = 3.4545e-04
Loss = 2.7809e-03, PNorm = 37.4889, GNorm = 1.5582, lr_0 = 3.4333e-04
Loss = 2.1559e-03, PNorm = 37.4988, GNorm = 2.0893, lr_0 = 3.4123e-04
Validation rmse = 1.028843
Epoch 15
Loss = 2.0236e-03, PNorm = 37.5084, GNorm = 1.1225, lr_0 = 3.3914e-04
Loss = 2.1420e-03, PNorm = 37.5201, GNorm = 2.0176, lr_0 = 3.3707e-04
Loss = 2.4792e-03, PNorm = 37.5279, GNorm = 3.8939, lr_0 = 3.3501e-04
Loss = 2.0353e-03, PNorm = 37.5349, GNorm = 1.1503, lr_0 = 3.3296e-04
Loss = 2.4830e-03, PNorm = 37.5408, GNorm = 2.9821, lr_0 = 3.3092e-04
Loss = 1.8154e-03, PNorm = 37.5494, GNorm = 2.0616, lr_0 = 3.2890e-04
Loss = 2.6074e-03, PNorm = 37.5595, GNorm = 1.1885, lr_0 = 3.2688e-04
Loss = 2.2850e-03, PNorm = 37.5682, GNorm = 1.5666, lr_0 = 3.2488e-04
Loss = 2.4697e-03, PNorm = 37.5759, GNorm = 2.4903, lr_0 = 3.2290e-04
Loss = 2.2258e-03, PNorm = 37.5838, GNorm = 1.4110, lr_0 = 3.2092e-04
Loss = 2.2323e-03, PNorm = 37.5941, GNorm = 0.9801, lr_0 = 3.1896e-04
Loss = 2.5072e-03, PNorm = 37.6013, GNorm = 1.1351, lr_0 = 3.1700e-04
Loss = 2.3081e-03, PNorm = 37.6103, GNorm = 1.8740, lr_0 = 3.1507e-04
Loss = 1.9211e-03, PNorm = 37.6196, GNorm = 1.3785, lr_0 = 3.1314e-04
Loss = 5.1369e-03, PNorm = 37.6208, GNorm = 0.9552, lr_0 = 3.1295e-04
Validation rmse = 1.008000
Epoch 16
Loss = 1.9017e-03, PNorm = 37.6313, GNorm = 1.4650, lr_0 = 3.1103e-04
Loss = 2.0711e-03, PNorm = 37.6383, GNorm = 1.2054, lr_0 = 3.0913e-04
Loss = 1.9463e-03, PNorm = 37.6450, GNorm = 0.7710, lr_0 = 3.0724e-04
Loss = 2.6912e-03, PNorm = 37.6533, GNorm = 1.7630, lr_0 = 3.0536e-04
Loss = 2.0473e-03, PNorm = 37.6616, GNorm = 0.8566, lr_0 = 3.0349e-04
Loss = 2.0570e-03, PNorm = 37.6704, GNorm = 1.0572, lr_0 = 3.0163e-04
Loss = 1.8738e-03, PNorm = 37.6766, GNorm = 1.0328, lr_0 = 2.9979e-04
Loss = 2.1463e-03, PNorm = 37.6821, GNorm = 3.1988, lr_0 = 2.9795e-04
Loss = 2.0857e-03, PNorm = 37.6907, GNorm = 1.9264, lr_0 = 2.9613e-04
Loss = 2.3310e-03, PNorm = 37.7000, GNorm = 1.2765, lr_0 = 2.9432e-04
Loss = 1.8791e-03, PNorm = 37.7071, GNorm = 1.5493, lr_0 = 2.9252e-04
Loss = 2.2618e-03, PNorm = 37.7139, GNorm = 0.7986, lr_0 = 2.9073e-04
Loss = 2.5085e-03, PNorm = 37.7236, GNorm = 0.9908, lr_0 = 2.8895e-04
Validation rmse = 1.034688
Epoch 17
Loss = 2.0888e-03, PNorm = 37.7307, GNorm = 1.1714, lr_0 = 2.8700e-04
Loss = 1.9156e-03, PNorm = 37.7412, GNorm = 0.7993, lr_0 = 2.8525e-04
Loss = 2.2632e-03, PNorm = 37.7498, GNorm = 1.5106, lr_0 = 2.8350e-04
Loss = 2.0674e-03, PNorm = 37.7555, GNorm = 2.2490, lr_0 = 2.8177e-04
Loss = 2.1697e-03, PNorm = 37.7616, GNorm = 2.4778, lr_0 = 2.8005e-04
Loss = 2.4634e-03, PNorm = 37.7691, GNorm = 3.1750, lr_0 = 2.7833e-04
Loss = 2.2592e-03, PNorm = 37.7800, GNorm = 2.9444, lr_0 = 2.7663e-04
Loss = 2.4459e-03, PNorm = 37.7899, GNorm = 1.7367, lr_0 = 2.7494e-04
Loss = 2.3253e-03, PNorm = 37.7983, GNorm = 1.1778, lr_0 = 2.7325e-04
Loss = 2.2875e-03, PNorm = 37.8069, GNorm = 0.8022, lr_0 = 2.7158e-04
Loss = 2.0104e-03, PNorm = 37.8122, GNorm = 1.2880, lr_0 = 2.6992e-04
Loss = 2.0450e-03, PNorm = 37.8183, GNorm = 2.1912, lr_0 = 2.6827e-04
Loss = 1.9303e-03, PNorm = 37.8252, GNorm = 1.2214, lr_0 = 2.6663e-04
Validation rmse = 1.040246
Epoch 18
Loss = 1.4619e-03, PNorm = 37.8315, GNorm = 1.5478, lr_0 = 2.6500e-04
Loss = 2.1259e-03, PNorm = 37.8379, GNorm = 1.0657, lr_0 = 2.6338e-04
Loss = 2.2283e-03, PNorm = 37.8444, GNorm = 0.9253, lr_0 = 2.6176e-04
Loss = 2.0396e-03, PNorm = 37.8520, GNorm = 1.2609, lr_0 = 2.6016e-04
Loss = 2.0533e-03, PNorm = 37.8603, GNorm = 0.8861, lr_0 = 2.5857e-04
Loss = 2.0362e-03, PNorm = 37.8677, GNorm = 3.1650, lr_0 = 2.5699e-04
Loss = 2.0743e-03, PNorm = 37.8762, GNorm = 1.5233, lr_0 = 2.5542e-04
Loss = 2.0877e-03, PNorm = 37.8837, GNorm = 0.7411, lr_0 = 2.5385e-04
Loss = 2.1188e-03, PNorm = 37.8902, GNorm = 1.6513, lr_0 = 2.5230e-04
Loss = 2.5831e-03, PNorm = 37.8942, GNorm = 0.8897, lr_0 = 2.5076e-04
Loss = 2.1707e-03, PNorm = 37.8978, GNorm = 0.7250, lr_0 = 2.4922e-04
Loss = 1.7531e-03, PNorm = 37.9053, GNorm = 2.1111, lr_0 = 2.4770e-04
Loss = 2.4121e-03, PNorm = 37.9119, GNorm = 1.2782, lr_0 = 2.4618e-04
Loss = 2.0394e-03, PNorm = 37.9164, GNorm = 1.2890, lr_0 = 2.4468e-04
Validation rmse = 1.008498
Epoch 19
Loss = 1.5663e-03, PNorm = 37.9254, GNorm = 0.7543, lr_0 = 2.4303e-04
Loss = 1.6616e-03, PNorm = 37.9332, GNorm = 1.0299, lr_0 = 2.4154e-04
Loss = 1.5722e-03, PNorm = 37.9388, GNorm = 0.4409, lr_0 = 2.4007e-04
Loss = 2.1046e-03, PNorm = 37.9458, GNorm = 0.9797, lr_0 = 2.3860e-04
Loss = 2.1912e-03, PNorm = 37.9535, GNorm = 1.0403, lr_0 = 2.3714e-04
Loss = 2.1046e-03, PNorm = 37.9583, GNorm = 1.7619, lr_0 = 2.3569e-04
Loss = 1.9591e-03, PNorm = 37.9618, GNorm = 0.5404, lr_0 = 2.3424e-04
Loss = 2.2230e-03, PNorm = 37.9674, GNorm = 0.9380, lr_0 = 2.3281e-04
Loss = 2.1759e-03, PNorm = 37.9750, GNorm = 1.4322, lr_0 = 2.3139e-04
Loss = 1.7714e-03, PNorm = 37.9810, GNorm = 1.4463, lr_0 = 2.2997e-04
Loss = 2.0320e-03, PNorm = 37.9870, GNorm = 0.8111, lr_0 = 2.2856e-04
Loss = 2.2774e-03, PNorm = 37.9951, GNorm = 1.3549, lr_0 = 2.2717e-04
Loss = 1.4717e-03, PNorm = 38.0019, GNorm = 1.9570, lr_0 = 2.2578e-04
Validation rmse = 1.046322
Epoch 20
Loss = 2.2748e-03, PNorm = 38.0087, GNorm = 0.8870, lr_0 = 2.2439e-04
Loss = 1.6143e-03, PNorm = 38.0159, GNorm = 1.4151, lr_0 = 2.2302e-04
Loss = 1.7556e-03, PNorm = 38.0210, GNorm = 0.9546, lr_0 = 2.2166e-04
Loss = 2.1086e-03, PNorm = 38.0267, GNorm = 1.3630, lr_0 = 2.2030e-04
Loss = 1.9907e-03, PNorm = 38.0321, GNorm = 2.2058, lr_0 = 2.1895e-04
Loss = 1.9012e-03, PNorm = 38.0380, GNorm = 1.2656, lr_0 = 2.1761e-04
Loss = 2.0494e-03, PNorm = 38.0451, GNorm = 1.0697, lr_0 = 2.1628e-04
Loss = 2.2790e-03, PNorm = 38.0511, GNorm = 1.4517, lr_0 = 2.1496e-04
Loss = 1.9542e-03, PNorm = 38.0559, GNorm = 1.3762, lr_0 = 2.1364e-04
Loss = 2.1436e-03, PNorm = 38.0632, GNorm = 1.6113, lr_0 = 2.1234e-04
Loss = 1.7825e-03, PNorm = 38.0715, GNorm = 0.9023, lr_0 = 2.1104e-04
Loss = 1.6696e-03, PNorm = 38.0779, GNorm = 0.6831, lr_0 = 2.0975e-04
Loss = 1.9797e-03, PNorm = 38.0830, GNorm = 1.2517, lr_0 = 2.0846e-04
Loss = 2.0851e-03, PNorm = 38.0874, GNorm = 1.3527, lr_0 = 2.0719e-04
Validation rmse = 1.006771
Epoch 21
Loss = 1.8375e-03, PNorm = 38.0943, GNorm = 1.6426, lr_0 = 2.0579e-04
Loss = 1.8950e-03, PNorm = 38.1017, GNorm = 1.0798, lr_0 = 2.0453e-04
Loss = 1.9549e-03, PNorm = 38.1078, GNorm = 0.7775, lr_0 = 2.0328e-04
Loss = 1.8492e-03, PNorm = 38.1144, GNorm = 1.0524, lr_0 = 2.0204e-04
Loss = 1.8227e-03, PNorm = 38.1200, GNorm = 0.9373, lr_0 = 2.0080e-04
Loss = 1.8508e-03, PNorm = 38.1248, GNorm = 0.4452, lr_0 = 1.9958e-04
Loss = 1.6193e-03, PNorm = 38.1300, GNorm = 1.0811, lr_0 = 1.9835e-04
Loss = 1.9326e-03, PNorm = 38.1357, GNorm = 0.6468, lr_0 = 1.9714e-04
Loss = 1.8366e-03, PNorm = 38.1419, GNorm = 0.7541, lr_0 = 1.9593e-04
Loss = 2.0879e-03, PNorm = 38.1473, GNorm = 1.4575, lr_0 = 1.9474e-04
Loss = 1.9621e-03, PNorm = 38.1509, GNorm = 2.0447, lr_0 = 1.9354e-04
Loss = 2.0247e-03, PNorm = 38.1573, GNorm = 1.7086, lr_0 = 1.9236e-04
Loss = 2.1589e-03, PNorm = 38.1633, GNorm = 1.1792, lr_0 = 1.9118e-04
Validation rmse = 1.017464
Epoch 22
Loss = 1.6684e-03, PNorm = 38.1690, GNorm = 1.8500, lr_0 = 1.8990e-04
Loss = 1.6586e-03, PNorm = 38.1747, GNorm = 0.6986, lr_0 = 1.8874e-04
Loss = 2.0178e-03, PNorm = 38.1816, GNorm = 2.4225, lr_0 = 1.8758e-04
Loss = 1.7556e-03, PNorm = 38.1868, GNorm = 0.8149, lr_0 = 1.8643e-04
Loss = 1.6428e-03, PNorm = 38.1932, GNorm = 0.9657, lr_0 = 1.8529e-04
Loss = 2.1828e-03, PNorm = 38.1994, GNorm = 1.0118, lr_0 = 1.8416e-04
Loss = 1.7697e-03, PNorm = 38.2046, GNorm = 0.7497, lr_0 = 1.8303e-04
Loss = 1.5813e-03, PNorm = 38.2081, GNorm = 1.5061, lr_0 = 1.8191e-04
Loss = 1.8462e-03, PNorm = 38.2119, GNorm = 1.2971, lr_0 = 1.8080e-04
Loss = 2.0758e-03, PNorm = 38.2179, GNorm = 0.8420, lr_0 = 1.7969e-04
Loss = 1.8320e-03, PNorm = 38.2230, GNorm = 1.7765, lr_0 = 1.7859e-04
Loss = 2.2050e-03, PNorm = 38.2280, GNorm = 0.9497, lr_0 = 1.7750e-04
Loss = 1.7523e-03, PNorm = 38.2336, GNorm = 0.8281, lr_0 = 1.7641e-04
Loss = 1.7491e-03, PNorm = 38.2396, GNorm = 0.8905, lr_0 = 1.7534e-04
Validation rmse = 1.021519
Epoch 23
Loss = 1.7834e-03, PNorm = 38.2464, GNorm = 0.9796, lr_0 = 1.7426e-04
Loss = 1.8217e-03, PNorm = 38.2509, GNorm = 1.1653, lr_0 = 1.7320e-04
Loss = 1.6786e-03, PNorm = 38.2564, GNorm = 0.9015, lr_0 = 1.7214e-04
Loss = 1.8657e-03, PNorm = 38.2606, GNorm = 0.9573, lr_0 = 1.7108e-04
Loss = 1.9030e-03, PNorm = 38.2677, GNorm = 0.7721, lr_0 = 1.7004e-04
Loss = 1.5108e-03, PNorm = 38.2724, GNorm = 1.5257, lr_0 = 1.6900e-04
Loss = 1.7933e-03, PNorm = 38.2768, GNorm = 3.8716, lr_0 = 1.6796e-04
Loss = 2.0697e-03, PNorm = 38.2815, GNorm = 1.8184, lr_0 = 1.6694e-04
Loss = 1.7604e-03, PNorm = 38.2847, GNorm = 2.2409, lr_0 = 1.6591e-04
Loss = 1.6494e-03, PNorm = 38.2893, GNorm = 0.9509, lr_0 = 1.6490e-04
Loss = 1.6665e-03, PNorm = 38.2940, GNorm = 0.5065, lr_0 = 1.6389e-04
Loss = 1.8486e-03, PNorm = 38.2974, GNorm = 2.4254, lr_0 = 1.6289e-04
Loss = 1.8832e-03, PNorm = 38.3024, GNorm = 2.6787, lr_0 = 1.6189e-04
Validation rmse = 1.064518
Epoch 24
Loss = 1.3568e-03, PNorm = 38.3088, GNorm = 1.4023, lr_0 = 1.6080e-04
Loss = 1.3045e-03, PNorm = 38.3142, GNorm = 0.4722, lr_0 = 1.5982e-04
Loss = 1.9302e-03, PNorm = 38.3186, GNorm = 1.8098, lr_0 = 1.5884e-04
Loss = 1.7749e-03, PNorm = 38.3241, GNorm = 0.7669, lr_0 = 1.5787e-04
Loss = 1.9057e-03, PNorm = 38.3296, GNorm = 1.0052, lr_0 = 1.5690e-04
Loss = 1.6300e-03, PNorm = 38.3326, GNorm = 1.1460, lr_0 = 1.5594e-04
Loss = 1.7794e-03, PNorm = 38.3359, GNorm = 1.5973, lr_0 = 1.5499e-04
Loss = 1.8046e-03, PNorm = 38.3376, GNorm = 1.3661, lr_0 = 1.5404e-04
Loss = 1.7411e-03, PNorm = 38.3417, GNorm = 0.9040, lr_0 = 1.5310e-04
Loss = 1.7276e-03, PNorm = 38.3478, GNorm = 1.8980, lr_0 = 1.5216e-04
Loss = 1.8537e-03, PNorm = 38.3529, GNorm = 1.5083, lr_0 = 1.5123e-04
Loss = 1.9368e-03, PNorm = 38.3576, GNorm = 1.3382, lr_0 = 1.5030e-04
Loss = 2.0265e-03, PNorm = 38.3624, GNorm = 1.2460, lr_0 = 1.4939e-04
Loss = 1.9641e-03, PNorm = 38.3677, GNorm = 0.9685, lr_0 = 1.4847e-04
Validation rmse = 1.002628
Epoch 25
Loss = 1.5556e-03, PNorm = 38.3726, GNorm = 1.7188, lr_0 = 1.4756e-04
Loss = 1.6118e-03, PNorm = 38.3779, GNorm = 1.8437, lr_0 = 1.4666e-04
Loss = 1.5289e-03, PNorm = 38.3833, GNorm = 1.4776, lr_0 = 1.4576e-04
Loss = 1.6065e-03, PNorm = 38.3874, GNorm = 2.5759, lr_0 = 1.4487e-04
Loss = 1.8040e-03, PNorm = 38.3922, GNorm = 1.3614, lr_0 = 1.4398e-04
Loss = 1.7829e-03, PNorm = 38.3969, GNorm = 0.6337, lr_0 = 1.4310e-04
Loss = 1.6515e-03, PNorm = 38.4013, GNorm = 0.7926, lr_0 = 1.4223e-04
Loss = 1.3185e-03, PNorm = 38.4056, GNorm = 1.2472, lr_0 = 1.4136e-04
Loss = 2.2124e-03, PNorm = 38.4103, GNorm = 1.4327, lr_0 = 1.4049e-04
Loss = 1.4612e-03, PNorm = 38.4138, GNorm = 0.7659, lr_0 = 1.3963e-04
Loss = 1.8751e-03, PNorm = 38.4172, GNorm = 0.8993, lr_0 = 1.3878e-04
Loss = 1.9721e-03, PNorm = 38.4215, GNorm = 1.1378, lr_0 = 1.3793e-04
Loss = 1.9223e-03, PNorm = 38.4270, GNorm = 0.8067, lr_0 = 1.3709e-04
Validation rmse = 1.033204
Epoch 26
Loss = 1.9131e-03, PNorm = 38.4321, GNorm = 0.8311, lr_0 = 1.3616e-04
Loss = 1.9463e-03, PNorm = 38.4361, GNorm = 0.7251, lr_0 = 1.3533e-04
Loss = 1.4597e-03, PNorm = 38.4409, GNorm = 1.4504, lr_0 = 1.3450e-04
Loss = 1.7763e-03, PNorm = 38.4456, GNorm = 1.0205, lr_0 = 1.3368e-04
Loss = 1.6567e-03, PNorm = 38.4500, GNorm = 0.6870, lr_0 = 1.3286e-04
Loss = 1.7846e-03, PNorm = 38.4544, GNorm = 1.9543, lr_0 = 1.3205e-04
Loss = 1.7236e-03, PNorm = 38.4586, GNorm = 1.0184, lr_0 = 1.3124e-04
Loss = 1.4240e-03, PNorm = 38.4640, GNorm = 1.1383, lr_0 = 1.3044e-04
Loss = 1.7885e-03, PNorm = 38.4686, GNorm = 1.3269, lr_0 = 1.2964e-04
Loss = 1.8356e-03, PNorm = 38.4712, GNorm = 1.8744, lr_0 = 1.2885e-04
Loss = 2.0855e-03, PNorm = 38.4738, GNorm = 0.6210, lr_0 = 1.2806e-04
Loss = 1.8453e-03, PNorm = 38.4766, GNorm = 1.2830, lr_0 = 1.2728e-04
Loss = 1.7261e-03, PNorm = 38.4811, GNorm = 0.5550, lr_0 = 1.2650e-04
Validation rmse = 1.011630
Epoch 27
Loss = 1.3796e-03, PNorm = 38.4858, GNorm = 0.8895, lr_0 = 1.2565e-04
Loss = 1.5260e-03, PNorm = 38.4892, GNorm = 1.3463, lr_0 = 1.2488e-04
Loss = 1.6886e-03, PNorm = 38.4913, GNorm = 1.9169, lr_0 = 1.2411e-04
Loss = 1.8223e-03, PNorm = 38.4954, GNorm = 0.9134, lr_0 = 1.2335e-04
Loss = 1.4104e-03, PNorm = 38.4993, GNorm = 0.9380, lr_0 = 1.2260e-04
Loss = 1.8051e-03, PNorm = 38.5045, GNorm = 1.3932, lr_0 = 1.2185e-04
Loss = 1.6602e-03, PNorm = 38.5098, GNorm = 0.6598, lr_0 = 1.2110e-04
Loss = 1.6168e-03, PNorm = 38.5148, GNorm = 1.5994, lr_0 = 1.2036e-04
Loss = 1.5608e-03, PNorm = 38.5180, GNorm = 1.3358, lr_0 = 1.1963e-04
Loss = 1.9776e-03, PNorm = 38.5219, GNorm = 1.5432, lr_0 = 1.1889e-04
Loss = 1.2977e-03, PNorm = 38.5265, GNorm = 1.6549, lr_0 = 1.1817e-04
Loss = 1.7020e-03, PNorm = 38.5300, GNorm = 1.2698, lr_0 = 1.1744e-04
Loss = 1.5124e-03, PNorm = 38.5337, GNorm = 1.1735, lr_0 = 1.1673e-04
Loss = 1.9735e-03, PNorm = 38.5374, GNorm = 0.8323, lr_0 = 1.1601e-04
Validation rmse = 1.034647
Epoch 28
Loss = 1.4937e-03, PNorm = 38.5414, GNorm = 0.7269, lr_0 = 1.1530e-04
Loss = 1.6509e-03, PNorm = 38.5445, GNorm = 0.9629, lr_0 = 1.1460e-04
Loss = 1.6894e-03, PNorm = 38.5461, GNorm = 2.1463, lr_0 = 1.1389e-04
Loss = 1.6991e-03, PNorm = 38.5491, GNorm = 0.5321, lr_0 = 1.1320e-04
Loss = 1.5696e-03, PNorm = 38.5534, GNorm = 1.2708, lr_0 = 1.1251e-04
Loss = 1.6807e-03, PNorm = 38.5582, GNorm = 1.1203, lr_0 = 1.1182e-04
Loss = 1.8135e-03, PNorm = 38.5624, GNorm = 1.5615, lr_0 = 1.1113e-04
Loss = 1.7054e-03, PNorm = 38.5658, GNorm = 1.5743, lr_0 = 1.1045e-04
Loss = 1.4198e-03, PNorm = 38.5692, GNorm = 1.0720, lr_0 = 1.0978e-04
Loss = 2.0661e-03, PNorm = 38.5727, GNorm = 1.6947, lr_0 = 1.0911e-04
Loss = 1.5338e-03, PNorm = 38.5755, GNorm = 1.2741, lr_0 = 1.0844e-04
Loss = 1.8934e-03, PNorm = 38.5781, GNorm = 0.9363, lr_0 = 1.0777e-04
Loss = 1.3854e-03, PNorm = 38.5814, GNorm = 0.8475, lr_0 = 1.0712e-04
Validation rmse = 1.009716
Epoch 29
Loss = 1.3014e-03, PNorm = 38.5852, GNorm = 1.0263, lr_0 = 1.0639e-04
Loss = 1.8526e-03, PNorm = 38.5891, GNorm = 1.5340, lr_0 = 1.0574e-04
Loss = 1.8138e-03, PNorm = 38.5935, GNorm = 1.7581, lr_0 = 1.0510e-04
Loss = 1.6352e-03, PNorm = 38.5974, GNorm = 2.0369, lr_0 = 1.0445e-04
Loss = 1.6214e-03, PNorm = 38.6012, GNorm = 2.4619, lr_0 = 1.0381e-04
Loss = 1.4194e-03, PNorm = 38.6043, GNorm = 1.8475, lr_0 = 1.0318e-04
Loss = 1.6013e-03, PNorm = 38.6074, GNorm = 0.5065, lr_0 = 1.0255e-04
Loss = 1.8334e-03, PNorm = 38.6102, GNorm = 0.9630, lr_0 = 1.0192e-04
Loss = 1.5509e-03, PNorm = 38.6123, GNorm = 1.2386, lr_0 = 1.0130e-04
Loss = 1.5467e-03, PNorm = 38.6147, GNorm = 0.7210, lr_0 = 1.0068e-04
Loss = 1.4526e-03, PNorm = 38.6180, GNorm = 0.8734, lr_0 = 1.0006e-04
Loss = 1.5065e-03, PNorm = 38.6207, GNorm = 0.9528, lr_0 = 1.0000e-04
Loss = 1.4607e-03, PNorm = 38.6239, GNorm = 1.2972, lr_0 = 1.0000e-04
Loss = 1.6150e-03, PNorm = 38.6263, GNorm = 0.6544, lr_0 = 1.0000e-04
Validation rmse = 1.017144
Model 0 best validation rmse = 1.002628 on epoch 24
Loading pretrained parameter "encoder.encoder.cached_zero_vector".
Loading pretrained parameter "encoder.encoder.W_i.weight".
Loading pretrained parameter "encoder.encoder.W_h.weight".
Loading pretrained parameter "encoder.encoder.W_o.weight".
Loading pretrained parameter "encoder.encoder.W_o.bias".
Loading pretrained parameter "ffn.1.weight".
Loading pretrained parameter "ffn.1.bias".
Loading pretrained parameter "ffn.4.weight".
Loading pretrained parameter "ffn.4.bias".
Moving model to cuda
Model 0 test rmse = 1.104303
Ensemble test rmse = 1.104303
1-fold cross validation
	Seed 0 ==> test rmse = 1.104303
Overall test rmse = 1.104303 +/- 0.000000
Elapsed time = 0:04:20
