Fold 0
Command line
python hyperparameter_optimization.py --data_path data/DowData/solubility/Joback_OneMol/data.csv --dataset_type regression --save_dir checkpoints/Joback_OneMol/sol_hyperopt-1597337912 --split_type scaffold_balanced --num_iters 10 --num_folds 1 --ensemble_size 1 --save_smiles_splits --config_save_path checkpoints/Joback_OneMol/sol_hyperopt-1597337912 --features_path data/DowData/solubility/Joback_OneMol/features.csv
Args
{'activation': 'ReLU',
 'atom_messages': False,
 'batch_size': 50,
 'bias': False,
 'cache_cutoff': 10000,
 'checkpoint_dir': None,
 'checkpoint_path': None,
 'checkpoint_paths': None,
 'class_balance': False,
 'config_path': None,
 'config_save_path': 'checkpoints/Joback_OneMol/sol_hyperopt-1597337912',
 'crossval_index_dir': None,
 'crossval_index_file': None,
 'crossval_index_sets': None,
 'cuda': True,
 'data_path': 'data/DowData/solubility/Joback_OneMol/data.csv',
 'dataset_type': 'regression',
 'depth': 6,
 'device': device(type='cuda'),
 'dropout': 0.30000000000000004,
 'ensemble_size': 1,
 'epochs': 30,
 'features_generator': None,
 'features_only': False,
 'features_path': ['data/DowData/solubility/Joback_OneMol/features.csv'],
 'features_scaling': True,
 'features_size': None,
 'ffn_hidden_size': 500,
 'ffn_num_layers': 3,
 'final_lr': 0.0001,
 'folds_file': None,
 'gpu': None,
 'grad_clip': None,
 'hidden_size': 500,
 'ignore_columns': None,
 'init_lr': 0.0001,
 'log_dir': None,
 'log_frequency': 10,
 'max_data_size': None,
 'max_lr': 0.001,
 'metric': 'rmse',
 'minimize_score': True,
 'multiclass_num_classes': 3,
 'no_cuda': False,
 'no_features_scaling': False,
 'num_folds': 1,
 'num_iters': 10,
 'num_lrs': 1,
 'num_tasks': 1,
 'num_workers': 8,
 'pytorch_seed': 0,
 'quiet': False,
 'save_dir': 'checkpoints/Joback_OneMol/sol_hyperopt-1597337912/depth_6_dropout_0.30000000000000004_ffn_num_layers_3_hidden_size_500/fold_0',
 'save_smiles_splits': True,
 'seed': 0,
 'separate_test_features_path': None,
 'separate_test_path': None,
 'separate_val_features_path': None,
 'separate_val_path': None,
 'show_individual_scores': False,
 'smiles_column': None,
 'split_sizes': (0.8, 0.1, 0.1),
 'split_type': 'scaffold_balanced',
 'target_columns': None,
 'task_names': ['Solubility'],
 'test': False,
 'test_fold_index': None,
 'train_data_size': None,
 'undirected': False,
 'use_input_features': True,
 'val_fold_index': None,
 'warmup_epochs': 2.0}
Loading data
Number of tasks = 1
Splitting data with seed 0
Total scaffolds = 1,588 | train scaffolds = 898 | val scaffolds = 304 | test scaffolds = 386
Label averages per scaffold, in decreasing order of scaffold frequency,capped at 10 scaffolds and 20 labels:
Scaffold 0
Task 0: count = 2,267 | target average = -2.017040


Scaffold 1
Task 0: count = 1,632 | target average = -2.598343


Scaffold 2
Task 0: count = 215 | target average = -6.971653


Scaffold 3
Task 0: count = 141 | target average = -3.937864


Scaffold 4
Task 0: count = 135 | target average = -6.824769


Scaffold 5
Task 0: count = 110 | target average = -2.684366


Scaffold 6
Task 0: count = 95 | target average = -1.321900


Scaffold 7
Task 0: count = 73 | target average = -5.256434


Scaffold 8
Task 0: count = 54 | target average = -4.558373


Scaffold 9
Task 0: count = 52 | target average = -1.722385


Total size = 8,400 | train size = 6,720 | val size = 840 | test size = 840
Fitting scaler
Building model 0
MoleculeModel(
  (encoder): MPN(
    (encoder): MPNEncoder(
      (dropout_layer): Dropout(p=0.30000000000000004, inplace=False)
      (act_func): ReLU()
      (W_i): Linear(in_features=147, out_features=500, bias=False)
      (W_h): Linear(in_features=500, out_features=500, bias=False)
      (W_o): Linear(in_features=633, out_features=500, bias=True)
    )
  )
  (ffn): Sequential(
    (0): Dropout(p=0.30000000000000004, inplace=False)
    (1): Linear(in_features=505, out_features=500, bias=True)
    (2): ReLU()
    (3): Dropout(p=0.30000000000000004, inplace=False)
    (4): Linear(in_features=500, out_features=500, bias=True)
    (5): ReLU()
    (6): Dropout(p=0.30000000000000004, inplace=False)
    (7): Linear(in_features=500, out_features=1, bias=True)
  )
)
Number of parameters = 1,144,501
Moving model to cuda
Epoch 0
Loss = 2.2971e-02, PNorm = 47.8612, GNorm = 5.3213, lr_0 = 1.3694e-04
Loss = 1.7792e-02, PNorm = 47.8626, GNorm = 3.1547, lr_0 = 1.7052e-04
Loss = 1.8073e-02, PNorm = 47.8655, GNorm = 4.2180, lr_0 = 2.0410e-04
Loss = 1.6166e-02, PNorm = 47.8693, GNorm = 3.4274, lr_0 = 2.3769e-04
Loss = 1.5186e-02, PNorm = 47.8757, GNorm = 2.6716, lr_0 = 2.7127e-04
Loss = 1.5144e-02, PNorm = 47.8839, GNorm = 4.5606, lr_0 = 3.0485e-04
Loss = 1.4859e-02, PNorm = 47.8945, GNorm = 2.6197, lr_0 = 3.3843e-04
Loss = 1.2768e-02, PNorm = 47.9099, GNorm = 3.4878, lr_0 = 3.7201e-04
Loss = 1.0966e-02, PNorm = 47.9249, GNorm = 2.3508, lr_0 = 4.0560e-04
Loss = 8.5715e-03, PNorm = 47.9411, GNorm = 3.6388, lr_0 = 4.3918e-04
Loss = 8.7225e-03, PNorm = 47.9544, GNorm = 2.9872, lr_0 = 4.7276e-04
Loss = 8.4142e-03, PNorm = 47.9700, GNorm = 6.0172, lr_0 = 5.0634e-04
Loss = 9.0053e-03, PNorm = 47.9850, GNorm = 2.3059, lr_0 = 5.3993e-04
Validation rmse = 1.145002
Epoch 1
Loss = 7.5076e-03, PNorm = 48.0074, GNorm = 5.8952, lr_0 = 5.7687e-04
Loss = 6.8361e-03, PNorm = 48.0250, GNorm = 3.2105, lr_0 = 6.1045e-04
Loss = 9.5420e-03, PNorm = 48.0391, GNorm = 8.2393, lr_0 = 6.4403e-04
Loss = 8.7457e-03, PNorm = 48.0617, GNorm = 4.5745, lr_0 = 6.7761e-04
Loss = 1.1958e-02, PNorm = 48.0856, GNorm = 1.5302, lr_0 = 7.1119e-04
Loss = 9.8103e-03, PNorm = 48.1241, GNorm = 1.9274, lr_0 = 7.4478e-04
Loss = 6.2179e-03, PNorm = 48.1602, GNorm = 7.5268, lr_0 = 7.7836e-04
Loss = 7.2151e-03, PNorm = 48.1833, GNorm = 3.4569, lr_0 = 8.1194e-04
Loss = 7.1925e-03, PNorm = 48.2182, GNorm = 3.0073, lr_0 = 8.4552e-04
Loss = 7.0439e-03, PNorm = 48.2595, GNorm = 1.6028, lr_0 = 8.7910e-04
Loss = 6.8894e-03, PNorm = 48.3017, GNorm = 2.7330, lr_0 = 9.1269e-04
Loss = 6.5273e-03, PNorm = 48.3401, GNorm = 2.3359, lr_0 = 9.4627e-04
Loss = 5.7025e-03, PNorm = 48.3737, GNorm = 5.9464, lr_0 = 9.7985e-04
Validation rmse = 1.057325
Epoch 2
Loss = 5.2492e-03, PNorm = 48.4111, GNorm = 1.9296, lr_0 = 9.9694e-04
Loss = 6.9143e-03, PNorm = 48.4409, GNorm = 1.3990, lr_0 = 9.9084e-04
Loss = 7.3445e-03, PNorm = 48.4756, GNorm = 2.8922, lr_0 = 9.8477e-04
Loss = 5.5204e-03, PNorm = 48.5151, GNorm = 1.6941, lr_0 = 9.7875e-04
Loss = 6.1301e-03, PNorm = 48.5483, GNorm = 2.1272, lr_0 = 9.7276e-04
Loss = 1.2427e-02, PNorm = 48.5902, GNorm = 5.2472, lr_0 = 9.6681e-04
Loss = 5.8110e-03, PNorm = 48.6407, GNorm = 1.3010, lr_0 = 9.6089e-04
Loss = 4.8427e-03, PNorm = 48.6816, GNorm = 1.7966, lr_0 = 9.5502e-04
Loss = 4.7775e-03, PNorm = 48.7073, GNorm = 1.1432, lr_0 = 9.4917e-04
Loss = 6.0038e-03, PNorm = 48.7265, GNorm = 3.5640, lr_0 = 9.4337e-04
Loss = 5.8409e-03, PNorm = 48.7522, GNorm = 1.4282, lr_0 = 9.3759e-04
Loss = 5.5519e-03, PNorm = 48.7772, GNorm = 1.2972, lr_0 = 9.3186e-04
Loss = 5.2471e-03, PNorm = 48.8029, GNorm = 3.8952, lr_0 = 9.2616e-04
Loss = 8.4365e-03, PNorm = 48.8310, GNorm = 1.3890, lr_0 = 9.2049e-04
Validation rmse = 1.347432
Epoch 3
Loss = 8.0027e-03, PNorm = 48.8788, GNorm = 2.9217, lr_0 = 9.1486e-04
Loss = 6.5579e-03, PNorm = 48.9223, GNorm = 3.4192, lr_0 = 9.0926e-04
Loss = 4.6453e-03, PNorm = 48.9563, GNorm = 1.1741, lr_0 = 9.0370e-04
Loss = 4.9808e-03, PNorm = 48.9766, GNorm = 2.1902, lr_0 = 8.9817e-04
Loss = 6.9585e-03, PNorm = 48.9946, GNorm = 14.1732, lr_0 = 8.9267e-04
Loss = 6.4683e-03, PNorm = 49.0257, GNorm = 4.1336, lr_0 = 8.8721e-04
Loss = 5.5872e-03, PNorm = 49.0500, GNorm = 3.6893, lr_0 = 8.8178e-04
Loss = 4.3722e-03, PNorm = 49.0780, GNorm = 2.4662, lr_0 = 8.7639e-04
Loss = 4.4158e-03, PNorm = 49.0996, GNorm = 1.6310, lr_0 = 8.7103e-04
Loss = 5.2822e-03, PNorm = 49.1225, GNorm = 1.1157, lr_0 = 8.6570e-04
Loss = 4.8446e-03, PNorm = 49.1456, GNorm = 1.3755, lr_0 = 8.6040e-04
Loss = 4.9002e-03, PNorm = 49.1648, GNorm = 1.0071, lr_0 = 8.5514e-04
Loss = 5.1121e-03, PNorm = 49.1817, GNorm = 1.1087, lr_0 = 8.4991e-04
Validation rmse = 1.035012
Epoch 4
Loss = 4.4179e-03, PNorm = 49.2163, GNorm = 1.5069, lr_0 = 8.4419e-04
Loss = 5.1534e-03, PNorm = 49.2379, GNorm = 1.9464, lr_0 = 8.3902e-04
Loss = 5.3678e-03, PNorm = 49.2597, GNorm = 0.8516, lr_0 = 8.3389e-04
Loss = 4.7974e-03, PNorm = 49.2827, GNorm = 0.5852, lr_0 = 8.2879e-04
Loss = 4.3637e-03, PNorm = 49.3055, GNorm = 2.2666, lr_0 = 8.2372e-04
Loss = 3.9714e-03, PNorm = 49.3242, GNorm = 1.4381, lr_0 = 8.1868e-04
Loss = 4.6811e-03, PNorm = 49.3358, GNorm = 1.6435, lr_0 = 8.1367e-04
Loss = 4.9672e-03, PNorm = 49.3496, GNorm = 1.9395, lr_0 = 8.0869e-04
Loss = 4.2919e-03, PNorm = 49.3689, GNorm = 1.4533, lr_0 = 8.0374e-04
Loss = 4.9153e-03, PNorm = 49.3828, GNorm = 1.9244, lr_0 = 7.9883e-04
Loss = 3.9503e-03, PNorm = 49.3970, GNorm = 2.3507, lr_0 = 7.9394e-04
Loss = 4.8462e-03, PNorm = 49.4177, GNorm = 1.2069, lr_0 = 7.8908e-04
Loss = 5.3974e-03, PNorm = 49.4424, GNorm = 2.9330, lr_0 = 7.8425e-04
Loss = 5.6140e-03, PNorm = 49.4657, GNorm = 29.5690, lr_0 = 7.7945e-04
Validation rmse = 0.986061
Epoch 5
Loss = 4.3778e-03, PNorm = 49.4902, GNorm = 0.7436, lr_0 = 7.7469e-04
Loss = 3.6921e-03, PNorm = 49.5140, GNorm = 1.0237, lr_0 = 7.6995e-04
Loss = 4.6312e-03, PNorm = 49.5360, GNorm = 1.3714, lr_0 = 7.6524e-04
Loss = 4.7809e-03, PNorm = 49.5556, GNorm = 2.0153, lr_0 = 7.6055e-04
Loss = 4.6931e-03, PNorm = 49.5734, GNorm = 1.0980, lr_0 = 7.5590e-04
Loss = 3.9535e-03, PNorm = 49.5850, GNorm = 0.8781, lr_0 = 7.5128e-04
Loss = 5.7332e-03, PNorm = 49.6058, GNorm = 4.0073, lr_0 = 7.4668e-04
Loss = 4.4999e-03, PNorm = 49.6285, GNorm = 1.3958, lr_0 = 7.4211e-04
Loss = 3.9409e-03, PNorm = 49.6423, GNorm = 1.1591, lr_0 = 7.3757e-04
Loss = 4.8258e-03, PNorm = 49.6554, GNorm = 1.0632, lr_0 = 7.3306e-04
Loss = 4.4842e-03, PNorm = 49.6755, GNorm = 1.5034, lr_0 = 7.2857e-04
Loss = 4.0895e-03, PNorm = 49.6891, GNorm = 0.7380, lr_0 = 7.2412e-04
Loss = 4.4681e-03, PNorm = 49.7010, GNorm = 1.3676, lr_0 = 7.1969e-04
Validation rmse = 1.041795
Epoch 6
Loss = 4.8723e-03, PNorm = 49.7228, GNorm = 2.9271, lr_0 = 7.1484e-04
Loss = 4.3029e-03, PNorm = 49.7419, GNorm = 2.3429, lr_0 = 7.1047e-04
Loss = 4.1067e-03, PNorm = 49.7624, GNorm = 1.2122, lr_0 = 7.0612e-04
Loss = 4.1548e-03, PNorm = 49.7785, GNorm = 1.7231, lr_0 = 7.0180e-04
Loss = 4.1350e-03, PNorm = 49.8005, GNorm = 0.9342, lr_0 = 6.9751e-04
Loss = 4.2317e-03, PNorm = 49.8165, GNorm = 1.3019, lr_0 = 6.9324e-04
Loss = 4.5975e-03, PNorm = 49.8324, GNorm = 1.1026, lr_0 = 6.8900e-04
Loss = 3.9361e-03, PNorm = 49.8445, GNorm = 2.3937, lr_0 = 6.8479e-04
Loss = 4.1122e-03, PNorm = 49.8610, GNorm = 1.9492, lr_0 = 6.8060e-04
Loss = 4.4356e-03, PNorm = 49.8769, GNorm = 1.1488, lr_0 = 6.7643e-04
Loss = 3.8183e-03, PNorm = 49.8937, GNorm = 0.9378, lr_0 = 6.7229e-04
Loss = 4.0435e-03, PNorm = 49.9056, GNorm = 1.0469, lr_0 = 6.6818e-04
Loss = 3.9651e-03, PNorm = 49.9235, GNorm = 1.3084, lr_0 = 6.6409e-04
Loss = 4.4523e-03, PNorm = 49.9349, GNorm = 0.9568, lr_0 = 6.6003e-04
Loss = 1.0530e-02, PNorm = 49.9357, GNorm = 2.9611, lr_0 = 6.5962e-04
Validation rmse = 1.007673
Epoch 7
Loss = 3.5045e-03, PNorm = 49.9517, GNorm = 1.2472, lr_0 = 6.5559e-04
Loss = 4.5161e-03, PNorm = 49.9641, GNorm = 1.9463, lr_0 = 6.5158e-04
Loss = 9.4029e-03, PNorm = 49.9878, GNorm = 3.7630, lr_0 = 6.4759e-04
Loss = 4.4174e-03, PNorm = 50.0152, GNorm = 1.2722, lr_0 = 6.4363e-04
Loss = 4.6835e-03, PNorm = 50.0427, GNorm = 1.0105, lr_0 = 6.3969e-04
Loss = 3.8628e-03, PNorm = 50.0556, GNorm = 1.1436, lr_0 = 6.3578e-04
Loss = 3.5198e-03, PNorm = 50.0723, GNorm = 1.6937, lr_0 = 6.3189e-04
Loss = 4.1115e-03, PNorm = 50.0862, GNorm = 0.8902, lr_0 = 6.2802e-04
Loss = 4.2358e-03, PNorm = 50.1029, GNorm = 3.2074, lr_0 = 6.2418e-04
Loss = 3.8785e-03, PNorm = 50.1193, GNorm = 0.8962, lr_0 = 6.2036e-04
Loss = 4.0269e-03, PNorm = 50.1332, GNorm = 1.2885, lr_0 = 6.1656e-04
Loss = 3.5087e-03, PNorm = 50.1448, GNorm = 0.6710, lr_0 = 6.1279e-04
Loss = 5.9388e-03, PNorm = 50.1592, GNorm = 1.0226, lr_0 = 6.0904e-04
Validation rmse = 0.987301
Epoch 8
Loss = 3.6372e-03, PNorm = 50.1774, GNorm = 1.1153, lr_0 = 6.0532e-04
Loss = 4.2297e-03, PNorm = 50.1934, GNorm = 0.9655, lr_0 = 6.0161e-04
Loss = 3.6389e-03, PNorm = 50.2013, GNorm = 1.6585, lr_0 = 5.9793e-04
Loss = 4.2696e-03, PNorm = 50.2091, GNorm = 2.1249, lr_0 = 5.9427e-04
Loss = 3.9553e-03, PNorm = 50.2280, GNorm = 2.7505, lr_0 = 5.9064e-04
Loss = 3.2607e-03, PNorm = 50.2387, GNorm = 1.9087, lr_0 = 5.8703e-04
Loss = 3.6240e-03, PNorm = 50.2537, GNorm = 0.6941, lr_0 = 5.8343e-04
Loss = 4.1760e-03, PNorm = 50.2705, GNorm = 3.1169, lr_0 = 5.7986e-04
Loss = 3.8415e-03, PNorm = 50.2883, GNorm = 3.2133, lr_0 = 5.7632e-04
Loss = 3.8747e-03, PNorm = 50.3049, GNorm = 1.1579, lr_0 = 5.7279e-04
Loss = 3.5854e-03, PNorm = 50.3202, GNorm = 1.0907, lr_0 = 5.6929e-04
Loss = 4.6667e-03, PNorm = 50.3301, GNorm = 1.9026, lr_0 = 5.6580e-04
Loss = 3.7469e-03, PNorm = 50.3410, GNorm = 1.9801, lr_0 = 5.6234e-04
Validation rmse = 1.066821
Epoch 9
Loss = 2.9058e-03, PNorm = 50.3558, GNorm = 0.9625, lr_0 = 5.5856e-04
Loss = 4.0527e-03, PNorm = 50.3686, GNorm = 1.2638, lr_0 = 5.5514e-04
Loss = 3.9576e-03, PNorm = 50.3787, GNorm = 0.7328, lr_0 = 5.5174e-04
Loss = 4.1903e-03, PNorm = 50.3871, GNorm = 1.0400, lr_0 = 5.4837e-04
Loss = 2.9680e-03, PNorm = 50.3981, GNorm = 0.8466, lr_0 = 5.4501e-04
Loss = 3.3674e-03, PNorm = 50.4107, GNorm = 1.3967, lr_0 = 5.4168e-04
Loss = 3.7234e-03, PNorm = 50.4198, GNorm = 1.5122, lr_0 = 5.3836e-04
Loss = 3.7621e-03, PNorm = 50.4306, GNorm = 0.7940, lr_0 = 5.3507e-04
Loss = 3.5860e-03, PNorm = 50.4472, GNorm = 0.7272, lr_0 = 5.3180e-04
Loss = 3.7728e-03, PNorm = 50.4620, GNorm = 2.0577, lr_0 = 5.2854e-04
Loss = 3.4688e-03, PNorm = 50.4700, GNorm = 0.8630, lr_0 = 5.2531e-04
Loss = 3.9988e-03, PNorm = 50.4807, GNorm = 1.8340, lr_0 = 5.2210e-04
Loss = 3.7473e-03, PNorm = 50.4959, GNorm = 1.2142, lr_0 = 5.1890e-04
Loss = 3.5585e-03, PNorm = 50.5075, GNorm = 1.0330, lr_0 = 5.1573e-04
Validation rmse = 0.983481
Epoch 10
Loss = 3.3593e-03, PNorm = 50.5166, GNorm = 0.6546, lr_0 = 5.1257e-04
Loss = 3.0884e-03, PNorm = 50.5230, GNorm = 0.4859, lr_0 = 5.0944e-04
Loss = 3.8346e-03, PNorm = 50.5291, GNorm = 1.2318, lr_0 = 5.0632e-04
Loss = 3.7535e-03, PNorm = 50.5408, GNorm = 0.6597, lr_0 = 5.0322e-04
Loss = 3.7808e-03, PNorm = 50.5534, GNorm = 0.7581, lr_0 = 5.0014e-04
Loss = 3.7491e-03, PNorm = 50.5683, GNorm = 0.9210, lr_0 = 4.9708e-04
Loss = 3.4518e-03, PNorm = 50.5801, GNorm = 1.6045, lr_0 = 4.9404e-04
Loss = 4.1596e-03, PNorm = 50.5963, GNorm = 1.3659, lr_0 = 4.9102e-04
Loss = 3.6249e-03, PNorm = 50.6105, GNorm = 0.9872, lr_0 = 4.8801e-04
Loss = 3.6612e-03, PNorm = 50.6193, GNorm = 0.9251, lr_0 = 4.8503e-04
Loss = 2.9569e-03, PNorm = 50.6286, GNorm = 1.0779, lr_0 = 4.8206e-04
Loss = 3.6439e-03, PNorm = 50.6365, GNorm = 0.9983, lr_0 = 4.7911e-04
Loss = 3.1554e-03, PNorm = 50.6500, GNorm = 1.3368, lr_0 = 4.7618e-04
Validation rmse = 0.937885
Epoch 11
Loss = 4.0692e-03, PNorm = 50.6596, GNorm = 1.3627, lr_0 = 4.7298e-04
Loss = 3.0511e-03, PNorm = 50.6697, GNorm = 1.3786, lr_0 = 4.7008e-04
Loss = 3.4601e-03, PNorm = 50.6779, GNorm = 1.4483, lr_0 = 4.6721e-04
Loss = 3.5548e-03, PNorm = 50.6874, GNorm = 2.9546, lr_0 = 4.6435e-04
Loss = 3.3550e-03, PNorm = 50.6979, GNorm = 1.2488, lr_0 = 4.6151e-04
Loss = 3.5118e-03, PNorm = 50.7097, GNorm = 0.8922, lr_0 = 4.5868e-04
Loss = 3.5947e-03, PNorm = 50.7132, GNorm = 1.2384, lr_0 = 4.5588e-04
Loss = 3.7567e-03, PNorm = 50.7207, GNorm = 0.9823, lr_0 = 4.5309e-04
Loss = 3.0524e-03, PNorm = 50.7259, GNorm = 0.9631, lr_0 = 4.5032e-04
Loss = 2.9568e-03, PNorm = 50.7354, GNorm = 0.5779, lr_0 = 4.4756e-04
Loss = 4.2624e-03, PNorm = 50.7463, GNorm = 0.9312, lr_0 = 4.4482e-04
Loss = 3.4540e-03, PNorm = 50.7546, GNorm = 2.3169, lr_0 = 4.4210e-04
Loss = 3.3327e-03, PNorm = 50.7683, GNorm = 0.9518, lr_0 = 4.3940e-04
Loss = 3.4862e-03, PNorm = 50.7748, GNorm = 1.8428, lr_0 = 4.3671e-04
Validation rmse = 1.028330
Epoch 12
Loss = 3.3726e-03, PNorm = 50.7886, GNorm = 1.3686, lr_0 = 4.3377e-04
Loss = 3.0452e-03, PNorm = 50.7948, GNorm = 1.6143, lr_0 = 4.3112e-04
Loss = 6.9906e-03, PNorm = 50.8020, GNorm = 1.6021, lr_0 = 4.2848e-04
Loss = 3.6440e-03, PNorm = 50.8170, GNorm = 1.5902, lr_0 = 4.2586e-04
Loss = 4.0017e-03, PNorm = 50.8294, GNorm = 1.5372, lr_0 = 4.2325e-04
Loss = 3.4503e-03, PNorm = 50.8415, GNorm = 0.8967, lr_0 = 4.2066e-04
Loss = 3.2322e-03, PNorm = 50.8501, GNorm = 1.1563, lr_0 = 4.1809e-04
Loss = 3.3006e-03, PNorm = 50.8658, GNorm = 2.1022, lr_0 = 4.1553e-04
Loss = 3.6060e-03, PNorm = 50.8712, GNorm = 1.0051, lr_0 = 4.1299e-04
Loss = 3.4265e-03, PNorm = 50.8810, GNorm = 0.8203, lr_0 = 4.1046e-04
Loss = 2.8713e-03, PNorm = 50.8871, GNorm = 0.8383, lr_0 = 4.0795e-04
Loss = 3.7139e-03, PNorm = 50.8934, GNorm = 1.0499, lr_0 = 4.0545e-04
Loss = 3.4758e-03, PNorm = 50.9006, GNorm = 1.1027, lr_0 = 4.0297e-04
Validation rmse = 0.959746
Epoch 13
Loss = 3.5395e-03, PNorm = 50.9138, GNorm = 2.1227, lr_0 = 4.0051e-04
Loss = 3.1005e-03, PNorm = 50.9236, GNorm = 1.1197, lr_0 = 3.9806e-04
Loss = 3.1414e-03, PNorm = 50.9340, GNorm = 1.8217, lr_0 = 3.9562e-04
Loss = 2.8919e-03, PNorm = 50.9396, GNorm = 1.0969, lr_0 = 3.9320e-04
Loss = 3.3580e-03, PNorm = 50.9456, GNorm = 1.5311, lr_0 = 3.9080e-04
Loss = 3.3317e-03, PNorm = 50.9523, GNorm = 1.9166, lr_0 = 3.8841e-04
Loss = 3.0850e-03, PNorm = 50.9642, GNorm = 1.5863, lr_0 = 3.8603e-04
Loss = 3.7928e-03, PNorm = 50.9714, GNorm = 2.8999, lr_0 = 3.8367e-04
Loss = 3.2750e-03, PNorm = 50.9818, GNorm = 1.3790, lr_0 = 3.8132e-04
Loss = 2.9187e-03, PNorm = 50.9925, GNorm = 0.9593, lr_0 = 3.7899e-04
Loss = 3.5450e-03, PNorm = 50.9974, GNorm = 0.8190, lr_0 = 3.7667e-04
Loss = 3.0793e-03, PNorm = 51.0038, GNorm = 5.4853, lr_0 = 3.7436e-04
Loss = 2.9905e-03, PNorm = 51.0148, GNorm = 1.3825, lr_0 = 3.7207e-04
Loss = 3.7655e-03, PNorm = 51.0265, GNorm = 1.4266, lr_0 = 3.6980e-04
Validation rmse = 0.948447
Epoch 14
Loss = 3.4803e-03, PNorm = 51.0338, GNorm = 1.3955, lr_0 = 3.6731e-04
Loss = 2.8243e-03, PNorm = 51.0428, GNorm = 1.2579, lr_0 = 3.6506e-04
Loss = 5.7059e-03, PNorm = 51.0491, GNorm = 0.6472, lr_0 = 3.6283e-04
Loss = 3.0084e-03, PNorm = 51.0576, GNorm = 1.7934, lr_0 = 3.6061e-04
Loss = 2.7584e-03, PNorm = 51.0641, GNorm = 0.8069, lr_0 = 3.5840e-04
Loss = 3.2884e-03, PNorm = 51.0754, GNorm = 4.0964, lr_0 = 3.5621e-04
Loss = 3.3048e-03, PNorm = 51.0807, GNorm = 0.8494, lr_0 = 3.5403e-04
Loss = 3.4051e-03, PNorm = 51.0924, GNorm = 1.6342, lr_0 = 3.5186e-04
Loss = 4.4381e-03, PNorm = 51.1039, GNorm = 1.1688, lr_0 = 3.4971e-04
Loss = 3.8305e-03, PNorm = 51.1115, GNorm = 0.8946, lr_0 = 3.4757e-04
Loss = 3.1339e-03, PNorm = 51.1292, GNorm = 1.4379, lr_0 = 3.4545e-04
Loss = 3.9226e-03, PNorm = 51.1483, GNorm = 1.3234, lr_0 = 3.4333e-04
Loss = 3.0160e-03, PNorm = 51.1566, GNorm = 1.4428, lr_0 = 3.4123e-04
Validation rmse = 1.006854
Epoch 15
Loss = 3.7551e-03, PNorm = 51.1658, GNorm = 1.6012, lr_0 = 3.3914e-04
Loss = 2.8737e-03, PNorm = 51.1785, GNorm = 0.9629, lr_0 = 3.3707e-04
Loss = 3.3682e-03, PNorm = 51.1858, GNorm = 1.7546, lr_0 = 3.3501e-04
Loss = 2.7783e-03, PNorm = 51.1907, GNorm = 0.8003, lr_0 = 3.3296e-04
Loss = 4.1575e-03, PNorm = 51.2012, GNorm = 1.4772, lr_0 = 3.3092e-04
Loss = 3.0983e-03, PNorm = 51.2095, GNorm = 0.9128, lr_0 = 3.2890e-04
Loss = 3.2667e-03, PNorm = 51.2175, GNorm = 1.7073, lr_0 = 3.2688e-04
Loss = 2.9922e-03, PNorm = 51.2250, GNorm = 0.9493, lr_0 = 3.2488e-04
Loss = 3.0221e-03, PNorm = 51.2281, GNorm = 1.0417, lr_0 = 3.2290e-04
Loss = 3.3871e-03, PNorm = 51.2401, GNorm = 0.7649, lr_0 = 3.2092e-04
Loss = 3.7892e-03, PNorm = 51.2504, GNorm = 0.9924, lr_0 = 3.1896e-04
Loss = 3.2069e-03, PNorm = 51.2563, GNorm = 0.9971, lr_0 = 3.1700e-04
Loss = 3.3208e-03, PNorm = 51.2639, GNorm = 1.8002, lr_0 = 3.1507e-04
Loss = 2.7955e-03, PNorm = 51.2706, GNorm = 1.1983, lr_0 = 3.1314e-04
Loss = 7.2713e-03, PNorm = 51.2711, GNorm = 1.6297, lr_0 = 3.1295e-04
Validation rmse = 0.968982
Epoch 16
Loss = 2.9283e-03, PNorm = 51.2781, GNorm = 1.1375, lr_0 = 3.1103e-04
Loss = 3.0410e-03, PNorm = 51.2873, GNorm = 1.0481, lr_0 = 3.0913e-04
Loss = 2.8900e-03, PNorm = 51.2916, GNorm = 0.7717, lr_0 = 3.0724e-04
Loss = 3.5498e-03, PNorm = 51.2960, GNorm = 1.2945, lr_0 = 3.0536e-04
Loss = 2.8753e-03, PNorm = 51.3021, GNorm = 1.3610, lr_0 = 3.0349e-04
Loss = 3.3515e-03, PNorm = 51.3069, GNorm = 0.8013, lr_0 = 3.0163e-04
Loss = 2.5851e-03, PNorm = 51.3120, GNorm = 1.3464, lr_0 = 2.9979e-04
Loss = 3.2185e-03, PNorm = 51.3195, GNorm = 0.9046, lr_0 = 2.9795e-04
Loss = 3.1132e-03, PNorm = 51.3296, GNorm = 0.9349, lr_0 = 2.9613e-04
Loss = 3.1713e-03, PNorm = 51.3367, GNorm = 1.0655, lr_0 = 2.9432e-04
Loss = 2.5920e-03, PNorm = 51.3422, GNorm = 0.8477, lr_0 = 2.9252e-04
Loss = 3.3698e-03, PNorm = 51.3473, GNorm = 0.7807, lr_0 = 2.9073e-04
Loss = 3.4095e-03, PNorm = 51.3482, GNorm = 1.2248, lr_0 = 2.8895e-04
Validation rmse = 0.964250
Epoch 17
Loss = 3.2213e-03, PNorm = 51.3524, GNorm = 0.7886, lr_0 = 2.8700e-04
Loss = 2.8136e-03, PNorm = 51.3610, GNorm = 0.8842, lr_0 = 2.8525e-04
Loss = 2.9444e-03, PNorm = 51.3663, GNorm = 0.8443, lr_0 = 2.8350e-04
Loss = 3.0364e-03, PNorm = 51.3712, GNorm = 0.9385, lr_0 = 2.8177e-04
Loss = 2.4172e-03, PNorm = 51.3785, GNorm = 0.6529, lr_0 = 2.8005e-04
Loss = 2.9969e-03, PNorm = 51.3825, GNorm = 0.9250, lr_0 = 2.7833e-04
Loss = 3.3977e-03, PNorm = 51.3879, GNorm = 1.4905, lr_0 = 2.7663e-04
Loss = 3.6863e-03, PNorm = 51.3955, GNorm = 1.9833, lr_0 = 2.7494e-04
Loss = 3.4652e-03, PNorm = 51.4018, GNorm = 2.4447, lr_0 = 2.7325e-04
Loss = 2.6671e-03, PNorm = 51.4103, GNorm = 0.9238, lr_0 = 2.7158e-04
Loss = 3.0618e-03, PNorm = 51.4130, GNorm = 1.7029, lr_0 = 2.6992e-04
Loss = 3.0682e-03, PNorm = 51.4201, GNorm = 1.5052, lr_0 = 2.6827e-04
Loss = 2.7336e-03, PNorm = 51.4275, GNorm = 0.8594, lr_0 = 2.6663e-04
Validation rmse = 0.957407
Epoch 18
Loss = 3.8451e-03, PNorm = 51.4297, GNorm = 1.4655, lr_0 = 2.6500e-04
Loss = 2.8476e-03, PNorm = 51.4347, GNorm = 0.9619, lr_0 = 2.6338e-04
Loss = 4.7563e-03, PNorm = 51.4398, GNorm = 1.0701, lr_0 = 2.6176e-04
Loss = 2.9041e-03, PNorm = 51.4447, GNorm = 1.4447, lr_0 = 2.6016e-04
Loss = 2.8684e-03, PNorm = 51.4490, GNorm = 1.1718, lr_0 = 2.5857e-04
Loss = 3.1929e-03, PNorm = 51.4587, GNorm = 1.4785, lr_0 = 2.5699e-04
Loss = 2.9858e-03, PNorm = 51.4654, GNorm = 1.6390, lr_0 = 2.5542e-04
Loss = 2.9161e-03, PNorm = 51.4727, GNorm = 1.1798, lr_0 = 2.5385e-04
Loss = 2.6628e-03, PNorm = 51.4742, GNorm = 0.9685, lr_0 = 2.5230e-04
Loss = 3.0834e-03, PNorm = 51.4798, GNorm = 0.9508, lr_0 = 2.5076e-04
Loss = 3.2874e-03, PNorm = 51.4852, GNorm = 0.8524, lr_0 = 2.4922e-04
Loss = 2.7746e-03, PNorm = 51.4908, GNorm = 0.8136, lr_0 = 2.4770e-04
Loss = 3.1675e-03, PNorm = 51.4957, GNorm = 1.3945, lr_0 = 2.4618e-04
Loss = 2.9578e-03, PNorm = 51.5006, GNorm = 1.2440, lr_0 = 2.4468e-04
Validation rmse = 0.965424
Epoch 19
Loss = 2.5215e-03, PNorm = 51.5077, GNorm = 0.9503, lr_0 = 2.4303e-04
Loss = 2.4860e-03, PNorm = 51.5147, GNorm = 0.7942, lr_0 = 2.4154e-04
Loss = 2.4620e-03, PNorm = 51.5190, GNorm = 0.9063, lr_0 = 2.4007e-04
Loss = 3.0468e-03, PNorm = 51.5273, GNorm = 0.7767, lr_0 = 2.3860e-04
Loss = 3.1576e-03, PNorm = 51.5326, GNorm = 1.3472, lr_0 = 2.3714e-04
Loss = 2.9115e-03, PNorm = 51.5347, GNorm = 1.3437, lr_0 = 2.3569e-04
Loss = 2.7172e-03, PNorm = 51.5372, GNorm = 0.8155, lr_0 = 2.3424e-04
Loss = 2.9067e-03, PNorm = 51.5429, GNorm = 2.2360, lr_0 = 2.3281e-04
Loss = 3.3091e-03, PNorm = 51.5457, GNorm = 1.2301, lr_0 = 2.3139e-04
Loss = 2.6215e-03, PNorm = 51.5501, GNorm = 1.0353, lr_0 = 2.2997e-04
Loss = 3.1501e-03, PNorm = 51.5588, GNorm = 1.0741, lr_0 = 2.2856e-04
Loss = 3.1029e-03, PNorm = 51.5632, GNorm = 1.3496, lr_0 = 2.2717e-04
Loss = 3.8532e-03, PNorm = 51.5679, GNorm = 0.9247, lr_0 = 2.2578e-04
Validation rmse = 0.965915
Epoch 20
Loss = 3.5381e-03, PNorm = 51.5742, GNorm = 0.7998, lr_0 = 2.2439e-04
Loss = 2.4046e-03, PNorm = 51.5816, GNorm = 1.8836, lr_0 = 2.2302e-04
Loss = 2.7743e-03, PNorm = 51.5858, GNorm = 1.6320, lr_0 = 2.2166e-04
Loss = 2.9393e-03, PNorm = 51.5879, GNorm = 0.9726, lr_0 = 2.2030e-04
Loss = 3.1677e-03, PNorm = 51.5932, GNorm = 1.5391, lr_0 = 2.1895e-04
Loss = 2.7384e-03, PNorm = 51.5983, GNorm = 1.0922, lr_0 = 2.1761e-04
Loss = 3.0587e-03, PNorm = 51.6033, GNorm = 1.0164, lr_0 = 2.1628e-04
Loss = 2.7992e-03, PNorm = 51.6099, GNorm = 1.1625, lr_0 = 2.1496e-04
Loss = 2.7261e-03, PNorm = 51.6138, GNorm = 0.6267, lr_0 = 2.1364e-04
Loss = 3.0144e-03, PNorm = 51.6166, GNorm = 1.6578, lr_0 = 2.1234e-04
Loss = 2.6894e-03, PNorm = 51.6199, GNorm = 1.4813, lr_0 = 2.1104e-04
Loss = 2.6142e-03, PNorm = 51.6204, GNorm = 0.6380, lr_0 = 2.0975e-04
Loss = 2.9588e-03, PNorm = 51.6218, GNorm = 0.9648, lr_0 = 2.0846e-04
Loss = 2.9115e-03, PNorm = 51.6277, GNorm = 1.4164, lr_0 = 2.0719e-04
Validation rmse = 0.957238
Epoch 21
Loss = 3.0009e-03, PNorm = 51.6316, GNorm = 1.1906, lr_0 = 2.0579e-04
Loss = 2.8948e-03, PNorm = 51.6367, GNorm = 1.8361, lr_0 = 2.0453e-04
Loss = 3.0037e-03, PNorm = 51.6420, GNorm = 1.2298, lr_0 = 2.0328e-04
Loss = 2.4947e-03, PNorm = 51.6479, GNorm = 0.7993, lr_0 = 2.0204e-04
Loss = 2.6687e-03, PNorm = 51.6529, GNorm = 1.0857, lr_0 = 2.0080e-04
Loss = 2.8176e-03, PNorm = 51.6558, GNorm = 0.6838, lr_0 = 1.9958e-04
Loss = 2.5944e-03, PNorm = 51.6604, GNorm = 2.4514, lr_0 = 1.9835e-04
Loss = 2.9452e-03, PNorm = 51.6619, GNorm = 0.8770, lr_0 = 1.9714e-04
Loss = 2.6859e-03, PNorm = 51.6664, GNorm = 1.0871, lr_0 = 1.9593e-04
Loss = 2.8032e-03, PNorm = 51.6697, GNorm = 0.5434, lr_0 = 1.9474e-04
Loss = 2.9812e-03, PNorm = 51.6733, GNorm = 1.1025, lr_0 = 1.9354e-04
Loss = 2.8581e-03, PNorm = 51.6797, GNorm = 1.9973, lr_0 = 1.9236e-04
Loss = 2.9032e-03, PNorm = 51.6839, GNorm = 1.0385, lr_0 = 1.9118e-04
Validation rmse = 0.952987
Epoch 22
Loss = 2.6527e-03, PNorm = 51.6891, GNorm = 1.5752, lr_0 = 1.8990e-04
Loss = 2.6991e-03, PNorm = 51.6939, GNorm = 1.0017, lr_0 = 1.8874e-04
Loss = 2.7931e-03, PNorm = 51.6967, GNorm = 1.0330, lr_0 = 1.8758e-04
Loss = 2.5502e-03, PNorm = 51.6998, GNorm = 1.0757, lr_0 = 1.8643e-04
Loss = 2.4781e-03, PNorm = 51.7030, GNorm = 0.9557, lr_0 = 1.8529e-04
Loss = 3.1138e-03, PNorm = 51.7065, GNorm = 0.7602, lr_0 = 1.8416e-04
Loss = 2.4849e-03, PNorm = 51.7119, GNorm = 1.0121, lr_0 = 1.8303e-04
Loss = 2.3108e-03, PNorm = 51.7150, GNorm = 0.4849, lr_0 = 1.8191e-04
Loss = 3.3411e-03, PNorm = 51.7163, GNorm = 1.0648, lr_0 = 1.8080e-04
Loss = 3.2631e-03, PNorm = 51.7184, GNorm = 2.0944, lr_0 = 1.7969e-04
Loss = 2.6046e-03, PNorm = 51.7232, GNorm = 0.9200, lr_0 = 1.7859e-04
Loss = 2.6867e-03, PNorm = 51.7252, GNorm = 0.8440, lr_0 = 1.7750e-04
Loss = 2.4804e-03, PNorm = 51.7293, GNorm = 0.8822, lr_0 = 1.7641e-04
Loss = 3.1226e-03, PNorm = 51.7339, GNorm = 1.6530, lr_0 = 1.7534e-04
Validation rmse = 0.950589
Epoch 23
Loss = 3.2231e-03, PNorm = 51.7385, GNorm = 0.9965, lr_0 = 1.7426e-04
Loss = 2.4149e-03, PNorm = 51.7420, GNorm = 0.6649, lr_0 = 1.7320e-04
Loss = 2.6391e-03, PNorm = 51.7472, GNorm = 0.6111, lr_0 = 1.7214e-04
Loss = 2.8955e-03, PNorm = 51.7499, GNorm = 1.1641, lr_0 = 1.7108e-04
Loss = 2.9449e-03, PNorm = 51.7539, GNorm = 0.9760, lr_0 = 1.7004e-04
Loss = 2.2814e-03, PNorm = 51.7562, GNorm = 1.0839, lr_0 = 1.6900e-04
Loss = 2.5287e-03, PNorm = 51.7580, GNorm = 1.1942, lr_0 = 1.6796e-04
Loss = 2.6229e-03, PNorm = 51.7610, GNorm = 0.7214, lr_0 = 1.6694e-04
Loss = 2.5456e-03, PNorm = 51.7642, GNorm = 1.4904, lr_0 = 1.6591e-04
Loss = 2.4347e-03, PNorm = 51.7678, GNorm = 0.9169, lr_0 = 1.6490e-04
Loss = 3.0413e-03, PNorm = 51.7684, GNorm = 4.4874, lr_0 = 1.6389e-04
Loss = 2.5000e-03, PNorm = 51.7700, GNorm = 1.3123, lr_0 = 1.6289e-04
Loss = 3.1528e-03, PNorm = 51.7756, GNorm = 1.0095, lr_0 = 1.6189e-04
Validation rmse = 0.964381
Epoch 24
Loss = 2.4564e-03, PNorm = 51.7797, GNorm = 0.7318, lr_0 = 1.6080e-04
Loss = 1.8475e-03, PNorm = 51.7822, GNorm = 0.6554, lr_0 = 1.5982e-04
Loss = 2.9419e-03, PNorm = 51.7857, GNorm = 1.5027, lr_0 = 1.5884e-04
Loss = 2.6977e-03, PNorm = 51.7893, GNorm = 0.8655, lr_0 = 1.5787e-04
Loss = 2.6168e-03, PNorm = 51.7935, GNorm = 0.6545, lr_0 = 1.5690e-04
Loss = 2.6174e-03, PNorm = 51.7950, GNorm = 1.1595, lr_0 = 1.5594e-04
Loss = 3.4795e-03, PNorm = 51.7967, GNorm = 0.6783, lr_0 = 1.5499e-04
Loss = 2.6713e-03, PNorm = 51.7991, GNorm = 1.0244, lr_0 = 1.5404e-04
Loss = 2.6983e-03, PNorm = 51.8022, GNorm = 1.6689, lr_0 = 1.5310e-04
Loss = 2.6005e-03, PNorm = 51.8055, GNorm = 1.3969, lr_0 = 1.5216e-04
Loss = 2.9364e-03, PNorm = 51.8077, GNorm = 1.1503, lr_0 = 1.5123e-04
Loss = 2.7495e-03, PNorm = 51.8104, GNorm = 0.4881, lr_0 = 1.5030e-04
Loss = 2.7958e-03, PNorm = 51.8147, GNorm = 1.1870, lr_0 = 1.4939e-04
Loss = 3.0309e-03, PNorm = 51.8165, GNorm = 0.8476, lr_0 = 1.4847e-04
Validation rmse = 0.943719
Epoch 25
Loss = 2.4737e-03, PNorm = 51.8200, GNorm = 0.8940, lr_0 = 1.4756e-04
Loss = 2.5115e-03, PNorm = 51.8247, GNorm = 1.0544, lr_0 = 1.4666e-04
Loss = 2.1287e-03, PNorm = 51.8275, GNorm = 0.7356, lr_0 = 1.4576e-04
Loss = 2.6261e-03, PNorm = 51.8295, GNorm = 1.8474, lr_0 = 1.4487e-04
Loss = 2.6626e-03, PNorm = 51.8324, GNorm = 1.1359, lr_0 = 1.4398e-04
Loss = 2.6594e-03, PNorm = 51.8345, GNorm = 0.7150, lr_0 = 1.4310e-04
Loss = 2.6694e-03, PNorm = 51.8376, GNorm = 0.9428, lr_0 = 1.4223e-04
Loss = 2.1747e-03, PNorm = 51.8403, GNorm = 1.1390, lr_0 = 1.4136e-04
Loss = 3.1238e-03, PNorm = 51.8416, GNorm = 0.7858, lr_0 = 1.4049e-04
Loss = 2.2753e-03, PNorm = 51.8434, GNorm = 0.9353, lr_0 = 1.3963e-04
Loss = 2.7659e-03, PNorm = 51.8474, GNorm = 1.5411, lr_0 = 1.3878e-04
Loss = 2.9335e-03, PNorm = 51.8504, GNorm = 1.2480, lr_0 = 1.3793e-04
Loss = 2.8254e-03, PNorm = 51.8522, GNorm = 1.1781, lr_0 = 1.3709e-04
Validation rmse = 0.945897
Epoch 26
Loss = 2.8325e-03, PNorm = 51.8540, GNorm = 1.6892, lr_0 = 1.3616e-04
Loss = 2.9866e-03, PNorm = 51.8570, GNorm = 0.8988, lr_0 = 1.3533e-04
Loss = 2.2484e-03, PNorm = 51.8596, GNorm = 1.1139, lr_0 = 1.3450e-04
Loss = 2.7923e-03, PNorm = 51.8599, GNorm = 1.0111, lr_0 = 1.3368e-04
Loss = 2.6354e-03, PNorm = 51.8638, GNorm = 0.6792, lr_0 = 1.3286e-04
Loss = 2.5035e-03, PNorm = 51.8661, GNorm = 0.7458, lr_0 = 1.3205e-04
Loss = 2.5125e-03, PNorm = 51.8683, GNorm = 0.9911, lr_0 = 1.3124e-04
Loss = 2.2878e-03, PNorm = 51.8713, GNorm = 0.8601, lr_0 = 1.3044e-04
Loss = 2.4964e-03, PNorm = 51.8752, GNorm = 1.2609, lr_0 = 1.2964e-04
Loss = 2.6339e-03, PNorm = 51.8764, GNorm = 0.7637, lr_0 = 1.2885e-04
Loss = 2.9627e-03, PNorm = 51.8789, GNorm = 0.8281, lr_0 = 1.2806e-04
Loss = 2.5752e-03, PNorm = 51.8793, GNorm = 0.8364, lr_0 = 1.2728e-04
Loss = 2.5034e-03, PNorm = 51.8811, GNorm = 0.6263, lr_0 = 1.2650e-04
Validation rmse = 0.955989
Epoch 27
Loss = 2.4164e-03, PNorm = 51.8847, GNorm = 1.1035, lr_0 = 1.2565e-04
Loss = 2.4334e-03, PNorm = 51.8881, GNorm = 1.5195, lr_0 = 1.2488e-04
Loss = 2.6564e-03, PNorm = 51.8901, GNorm = 1.3676, lr_0 = 1.2411e-04
Loss = 2.8046e-03, PNorm = 51.8934, GNorm = 1.5048, lr_0 = 1.2335e-04
Loss = 2.4247e-03, PNorm = 51.8957, GNorm = 0.7648, lr_0 = 1.2260e-04
Loss = 2.6613e-03, PNorm = 51.8983, GNorm = 1.0209, lr_0 = 1.2185e-04
Loss = 2.6173e-03, PNorm = 51.8999, GNorm = 1.7708, lr_0 = 1.2110e-04
Loss = 2.4411e-03, PNorm = 51.9023, GNorm = 1.1582, lr_0 = 1.2036e-04
Loss = 2.4217e-03, PNorm = 51.9040, GNorm = 1.5438, lr_0 = 1.1963e-04
Loss = 2.6224e-03, PNorm = 51.9062, GNorm = 0.9706, lr_0 = 1.1889e-04
Loss = 2.1866e-03, PNorm = 51.9078, GNorm = 0.9685, lr_0 = 1.1817e-04
Loss = 2.4929e-03, PNorm = 51.9092, GNorm = 1.1946, lr_0 = 1.1744e-04
Loss = 2.3579e-03, PNorm = 51.9126, GNorm = 0.8315, lr_0 = 1.1673e-04
Loss = 3.6388e-03, PNorm = 51.9153, GNorm = 1.0705, lr_0 = 1.1601e-04
Validation rmse = 0.958212
Epoch 28
Loss = 2.0905e-03, PNorm = 51.9181, GNorm = 0.7163, lr_0 = 1.1530e-04
Loss = 2.6823e-03, PNorm = 51.9202, GNorm = 1.0342, lr_0 = 1.1460e-04
Loss = 2.6468e-03, PNorm = 51.9225, GNorm = 0.6742, lr_0 = 1.1389e-04
Loss = 2.6528e-03, PNorm = 51.9253, GNorm = 0.9413, lr_0 = 1.1320e-04
Loss = 2.2185e-03, PNorm = 51.9261, GNorm = 1.2141, lr_0 = 1.1251e-04
Loss = 2.8662e-03, PNorm = 51.9284, GNorm = 0.6848, lr_0 = 1.1182e-04
Loss = 2.5672e-03, PNorm = 51.9307, GNorm = 0.9439, lr_0 = 1.1113e-04
Loss = 2.7116e-03, PNorm = 51.9321, GNorm = 1.5780, lr_0 = 1.1045e-04
Loss = 2.3831e-03, PNorm = 51.9351, GNorm = 0.9453, lr_0 = 1.0978e-04
Loss = 2.8051e-03, PNorm = 51.9371, GNorm = 1.5303, lr_0 = 1.0911e-04
Loss = 2.6302e-03, PNorm = 51.9377, GNorm = 1.0083, lr_0 = 1.0844e-04
Loss = 2.3972e-03, PNorm = 51.9388, GNorm = 0.8944, lr_0 = 1.0777e-04
Loss = 2.1023e-03, PNorm = 51.9410, GNorm = 0.8461, lr_0 = 1.0712e-04
Validation rmse = 0.958051
Epoch 29
Loss = 2.3408e-03, PNorm = 51.9445, GNorm = 1.5929, lr_0 = 1.0639e-04
Loss = 2.5698e-03, PNorm = 51.9469, GNorm = 1.7284, lr_0 = 1.0574e-04
Loss = 2.6846e-03, PNorm = 51.9508, GNorm = 1.6064, lr_0 = 1.0510e-04
Loss = 2.3494e-03, PNorm = 51.9525, GNorm = 0.8385, lr_0 = 1.0445e-04
Loss = 2.3907e-03, PNorm = 51.9539, GNorm = 1.0291, lr_0 = 1.0381e-04
Loss = 2.1813e-03, PNorm = 51.9564, GNorm = 0.8965, lr_0 = 1.0318e-04
Loss = 2.7472e-03, PNorm = 51.9582, GNorm = 0.8156, lr_0 = 1.0255e-04
Loss = 2.7490e-03, PNorm = 51.9599, GNorm = 0.7915, lr_0 = 1.0192e-04
Loss = 2.5149e-03, PNorm = 51.9618, GNorm = 9.9765, lr_0 = 1.0130e-04
Loss = 2.5006e-03, PNorm = 51.9650, GNorm = 0.8783, lr_0 = 1.0068e-04
Loss = 2.3481e-03, PNorm = 51.9669, GNorm = 0.5862, lr_0 = 1.0006e-04
Loss = 2.4534e-03, PNorm = 51.9691, GNorm = 0.9761, lr_0 = 1.0000e-04
Loss = 2.3645e-03, PNorm = 51.9705, GNorm = 1.4189, lr_0 = 1.0000e-04
Loss = 2.4109e-03, PNorm = 51.9717, GNorm = 0.6763, lr_0 = 1.0000e-04
Validation rmse = 0.965312
Model 0 best validation rmse = 0.937885 on epoch 10
Loading pretrained parameter "encoder.encoder.cached_zero_vector".
Loading pretrained parameter "encoder.encoder.W_i.weight".
Loading pretrained parameter "encoder.encoder.W_h.weight".
Loading pretrained parameter "encoder.encoder.W_o.weight".
Loading pretrained parameter "encoder.encoder.W_o.bias".
Loading pretrained parameter "ffn.1.weight".
Loading pretrained parameter "ffn.1.bias".
Loading pretrained parameter "ffn.4.weight".
Loading pretrained parameter "ffn.4.bias".
Loading pretrained parameter "ffn.7.weight".
Loading pretrained parameter "ffn.7.bias".
Moving model to cuda
Model 0 test rmse = 1.073879
Ensemble test rmse = 1.073879
1-fold cross validation
	Seed 0 ==> test rmse = 1.073879
Overall test rmse = 1.073879 +/- 0.000000
Elapsed time = 0:03:16
