Fold 0
Model 0 best validation rmse = 1.011803 on epoch 17
Model 0 test rmse = 1.104542
Ensemble test rmse = 1.104542
1-fold cross validation
	Seed 0 ==> test rmse = 1.104542
Overall test rmse = 1.104542 +/- 0.000000
Elapsed time = 0:03:04
Fold 0
Model 0 best validation rmse = 1.027947 on epoch 15
Model 0 test rmse = 1.086235
Ensemble test rmse = 1.086235
1-fold cross validation
	Seed 0 ==> test rmse = 1.086235
Overall test rmse = 1.086235 +/- 0.000000
Elapsed time = 0:03:29
Fold 0
Model 0 best validation rmse = 1.033377 on epoch 25
Model 0 test rmse = 1.095641
Ensemble test rmse = 1.095641
1-fold cross validation
	Seed 0 ==> test rmse = 1.095641
Overall test rmse = 1.095641 +/- 0.000000
Elapsed time = 0:02:52
Fold 0
Model 0 best validation rmse = 0.997297 on epoch 15
Model 0 test rmse = 1.231444
Ensemble test rmse = 1.231444
1-fold cross validation
	Seed 0 ==> test rmse = 1.231444
Overall test rmse = 1.231444 +/- 0.000000
Elapsed time = 0:03:15
