Fold 0
Model 0 best validation rmse = 0.053061 on epoch 483
Model 0 test rmse = 0.048616
Ensemble test rmse = 0.048616
Fold 1
Model 0 best validation rmse = 0.045336 on epoch 494
Model 0 test rmse = 0.057584
Ensemble test rmse = 0.057584
Fold 2
Model 0 best validation rmse = 0.051319 on epoch 485
Model 0 test rmse = 0.052287
Ensemble test rmse = 0.052287
Fold 3
Model 0 best validation rmse = 0.046333 on epoch 495
Model 0 test rmse = 0.054931
Ensemble test rmse = 0.054931
Fold 4
Model 0 best validation rmse = 0.057074 on epoch 490
Model 0 test rmse = 0.051474
Ensemble test rmse = 0.051474
Fold 5
Model 0 best validation rmse = 0.041458 on epoch 496
Model 0 test rmse = 0.055883
Ensemble test rmse = 0.055883
Fold 6
Model 0 best validation rmse = 0.050854 on epoch 491
Model 0 test rmse = 0.046056
Ensemble test rmse = 0.046056
Fold 7
Model 0 best validation rmse = 0.052058 on epoch 494
Model 0 test rmse = 0.053236
Ensemble test rmse = 0.053236
Fold 8
Model 0 best validation rmse = 0.050345 on epoch 480
Model 0 test rmse = 0.049812
Ensemble test rmse = 0.049812
Fold 9
Model 0 best validation rmse = 0.057569 on epoch 489
Model 0 test rmse = 0.048021
Ensemble test rmse = 0.048021
Fold 10
Model 0 best validation rmse = 0.051981 on epoch 483
Model 0 test rmse = 0.047176
Ensemble test rmse = 0.047176
Fold 11
Model 0 best validation rmse = 0.073508 on epoch 415
Model 0 test rmse = 0.080338
Ensemble test rmse = 0.080338
Fold 12
Model 0 best validation rmse = 0.046040 on epoch 494
Model 0 test rmse = 0.044756
Ensemble test rmse = 0.044756
Fold 13
Model 0 best validation rmse = 0.041819 on epoch 483
Model 0 test rmse = 0.038338
Ensemble test rmse = 0.038338
Fold 14
Model 0 best validation rmse = 0.092727 on epoch 154
Model 0 test rmse = 0.057898
Ensemble test rmse = 0.057898
Fold 15
Model 0 best validation rmse = 0.067828 on epoch 463
Model 0 test rmse = 0.053493
Ensemble test rmse = 0.053493
Fold 16
Model 0 best validation rmse = 0.065437 on epoch 236
Model 0 test rmse = 0.095038
Ensemble test rmse = 0.095038
Fold 17
Model 0 best validation rmse = 0.043481 on epoch 490
Model 0 test rmse = 0.060827
Ensemble test rmse = 0.060827
Fold 18
Model 0 best validation rmse = 0.049893 on epoch 444
Model 0 test rmse = 0.054651
Ensemble test rmse = 0.054651
Fold 19
Model 0 best validation rmse = 0.047403 on epoch 459
Model 0 test rmse = 0.044405
Ensemble test rmse = 0.044405
Fold 20
Model 0 best validation rmse = 0.054074 on epoch 474
Model 0 test rmse = 0.070368
Ensemble test rmse = 0.070368
Fold 21
Model 0 best validation rmse = 0.069849 on epoch 464
Model 0 test rmse = 0.043364
Ensemble test rmse = 0.043364
Fold 22
Model 0 best validation rmse = 0.048963 on epoch 499
Model 0 test rmse = 0.047912
Ensemble test rmse = 0.047912
Fold 23
Model 0 best validation rmse = 0.051326 on epoch 496
Model 0 test rmse = 0.044323
Ensemble test rmse = 0.044323
Fold 24
Model 0 best validation rmse = 0.053777 on epoch 486
Model 0 test rmse = 0.059928
Ensemble test rmse = 0.059928
25-fold cross validation
	Seed 0 ==> test rmse = 0.048616
	Seed 1 ==> test rmse = 0.057584
	Seed 2 ==> test rmse = 0.052287
	Seed 3 ==> test rmse = 0.054931
	Seed 4 ==> test rmse = 0.051474
	Seed 5 ==> test rmse = 0.055883
	Seed 6 ==> test rmse = 0.046056
	Seed 7 ==> test rmse = 0.053236
	Seed 8 ==> test rmse = 0.049812
	Seed 9 ==> test rmse = 0.048021
	Seed 10 ==> test rmse = 0.047176
	Seed 11 ==> test rmse = 0.080338
	Seed 12 ==> test rmse = 0.044756
	Seed 13 ==> test rmse = 0.038338
	Seed 14 ==> test rmse = 0.057898
	Seed 15 ==> test rmse = 0.053493
	Seed 16 ==> test rmse = 0.095038
	Seed 17 ==> test rmse = 0.060827
	Seed 18 ==> test rmse = 0.054651
	Seed 19 ==> test rmse = 0.044405
	Seed 20 ==> test rmse = 0.070368
	Seed 21 ==> test rmse = 0.043364
	Seed 22 ==> test rmse = 0.047912
	Seed 23 ==> test rmse = 0.044323
	Seed 24 ==> test rmse = 0.059928
Overall test rmse = 0.054429 +/- 0.012041
Elapsed time = 1 day, 10:52:18
