Fold 0
Command line
python train.py --data_path data/DowData/solubility/RDKit_OneMol/data.csv --dataset_type regression --save_dir checkpoints/RDKit_OneMol/sol_noopt-1597339675 --split_type scaffold_balanced --save_smiles_splits --epochs 30 --dropout 0 --features_path data/DowData/solubility/RDKit_OneMol/features.csv
Args
{'activation': 'ReLU',
 'atom_messages': False,
 'batch_size': 50,
 'bias': False,
 'cache_cutoff': 10000,
 'checkpoint_dir': None,
 'checkpoint_path': None,
 'checkpoint_paths': None,
 'class_balance': False,
 'config_path': None,
 'crossval_index_dir': None,
 'crossval_index_file': None,
 'crossval_index_sets': None,
 'cuda': True,
 'data_path': 'data/DowData/solubility/RDKit_OneMol/data.csv',
 'dataset_type': 'regression',
 'depth': 3,
 'device': device(type='cuda'),
 'dropout': 0.0,
 'ensemble_size': 1,
 'epochs': 30,
 'features_generator': None,
 'features_only': False,
 'features_path': ['data/DowData/solubility/RDKit_OneMol/features.csv'],
 'features_scaling': True,
 'features_size': None,
 'ffn_hidden_size': 300,
 'ffn_num_layers': 2,
 'final_lr': 0.0001,
 'folds_file': None,
 'gpu': None,
 'grad_clip': None,
 'hidden_size': 300,
 'ignore_columns': None,
 'init_lr': 0.0001,
 'log_frequency': 10,
 'max_data_size': None,
 'max_lr': 0.001,
 'metric': 'rmse',
 'minimize_score': True,
 'multiclass_num_classes': 3,
 'no_cuda': False,
 'no_features_scaling': False,
 'num_folds': 1,
 'num_lrs': 1,
 'num_tasks': 1,
 'num_workers': 8,
 'pytorch_seed': 0,
 'quiet': False,
 'save_dir': 'checkpoints/RDKit_OneMol/sol_noopt-1597339675/fold_0',
 'save_smiles_splits': True,
 'seed': 0,
 'separate_test_features_path': None,
 'separate_test_path': None,
 'separate_val_features_path': None,
 'separate_val_path': None,
 'show_individual_scores': False,
 'smiles_column': None,
 'split_sizes': (0.8, 0.1, 0.1),
 'split_type': 'scaffold_balanced',
 'target_columns': None,
 'task_names': ['Solubility'],
 'test': False,
 'test_fold_index': None,
 'train_data_size': None,
 'undirected': False,
 'use_input_features': True,
 'val_fold_index': None,
 'warmup_epochs': 2.0}
Loading data
Number of tasks = 1
Splitting data with seed 0
Total scaffolds = 1,705 | train scaffolds = 1,139 | val scaffolds = 246 | test scaffolds = 320
Label averages per scaffold, in decreasing order of scaffold frequency,capped at 10 scaffolds and 20 labels:
Scaffold 0
Task 0: count = 2,348 | target average = -1.983332


Scaffold 1
Task 0: count = 1,694 | target average = -2.620332


Scaffold 2
Task 0: count = 218 | target average = -6.948481


Scaffold 3
Task 0: count = 150 | target average = -3.896685


Scaffold 4
Task 0: count = 137 | target average = -6.791012


Scaffold 5
Task 0: count = 113 | target average = -2.695231


Scaffold 6
Task 0: count = 99 | target average = -1.351565


Scaffold 7
Task 0: count = 73 | target average = -5.256434


Scaffold 8
Task 0: count = 55 | target average = -5.471704


Scaffold 9
Task 0: count = 54 | target average = -4.558373


Total size = 8,884 | train size = 7,107 | val size = 888 | test size = 889
Fitting scaler
Building model 0
MoleculeModel(
  (encoder): MPN(
    (encoder): MPNEncoder(
      (dropout_layer): Dropout(p=0.0, inplace=False)
      (act_func): ReLU()
      (W_i): Linear(in_features=147, out_features=300, bias=False)
      (W_h): Linear(in_features=300, out_features=300, bias=False)
      (W_o): Linear(in_features=433, out_features=300, bias=True)
    )
  )
  (ffn): Sequential(
    (0): Dropout(p=0.0, inplace=False)
    (1): Linear(in_features=2348, out_features=300, bias=True)
    (2): ReLU()
    (3): Dropout(p=0.0, inplace=False)
    (4): Linear(in_features=300, out_features=1, bias=True)
  )
)
Number of parameters = 969,301
Moving model to cuda
Epoch 0
Loss = 3.0279e-02, PNorm = 37.2305, GNorm = 19.9336, lr_0 = 1.3486e-04
Loss = 2.2349e-02, PNorm = 37.2314, GNorm = 16.8519, lr_0 = 1.6655e-04
Loss = 1.7599e-02, PNorm = 37.2333, GNorm = 12.3048, lr_0 = 1.9824e-04
Loss = 1.7328e-02, PNorm = 37.2365, GNorm = 19.1625, lr_0 = 2.2993e-04
Loss = 1.7527e-02, PNorm = 37.2416, GNorm = 8.6142, lr_0 = 2.6162e-04
Loss = 2.0014e-02, PNorm = 37.2477, GNorm = 32.3540, lr_0 = 2.9331e-04
Loss = 1.8290e-02, PNorm = 37.2544, GNorm = 15.5568, lr_0 = 3.2500e-04
Loss = 1.4953e-02, PNorm = 37.2609, GNorm = 10.0986, lr_0 = 3.5669e-04
Loss = 1.3638e-02, PNorm = 37.2691, GNorm = 9.9731, lr_0 = 3.8838e-04
Loss = 1.3018e-02, PNorm = 37.2825, GNorm = 12.8288, lr_0 = 4.2007e-04
Loss = 1.0970e-02, PNorm = 37.2968, GNorm = 12.6331, lr_0 = 4.5176e-04
Loss = 1.0620e-02, PNorm = 37.3123, GNorm = 6.2885, lr_0 = 4.8345e-04
Loss = 1.0894e-02, PNorm = 37.3315, GNorm = 6.0667, lr_0 = 5.1514e-04
Loss = 1.0358e-02, PNorm = 37.3509, GNorm = 7.1198, lr_0 = 5.4683e-04
Validation rmse = 2.166428
Epoch 1
Loss = 7.5984e-03, PNorm = 37.3724, GNorm = 6.6239, lr_0 = 5.8169e-04
Loss = 8.6454e-03, PNorm = 37.3795, GNorm = 8.4083, lr_0 = 6.1338e-04
Loss = 8.2600e-03, PNorm = 37.3898, GNorm = 8.7667, lr_0 = 6.4507e-04
Loss = 7.4139e-03, PNorm = 37.4065, GNorm = 9.2352, lr_0 = 6.7676e-04
Loss = 8.8825e-03, PNorm = 37.4308, GNorm = 7.6813, lr_0 = 7.0845e-04
Loss = 6.5884e-03, PNorm = 37.4539, GNorm = 5.9615, lr_0 = 7.4014e-04
Loss = 5.2901e-03, PNorm = 37.4643, GNorm = 4.1342, lr_0 = 7.7183e-04
Loss = 5.6164e-03, PNorm = 37.4790, GNorm = 3.2344, lr_0 = 8.0352e-04
Loss = 5.0700e-03, PNorm = 37.4921, GNorm = 2.5832, lr_0 = 8.3521e-04
Loss = 6.0518e-03, PNorm = 37.5075, GNorm = 3.4796, lr_0 = 8.6690e-04
Loss = 5.6387e-03, PNorm = 37.5294, GNorm = 5.8176, lr_0 = 8.9859e-04
Loss = 6.5395e-03, PNorm = 37.5507, GNorm = 4.7619, lr_0 = 9.3028e-04
Loss = 6.9415e-03, PNorm = 37.5828, GNorm = 3.8857, lr_0 = 9.6197e-04
Loss = 8.4401e-03, PNorm = 37.6102, GNorm = 5.1243, lr_0 = 9.9366e-04
Validation rmse = 2.071335
Epoch 2
Loss = 4.0629e-03, PNorm = 37.6411, GNorm = 2.6447, lr_0 = 9.9480e-04
Loss = 4.9794e-03, PNorm = 37.6785, GNorm = 3.2011, lr_0 = 9.8906e-04
Loss = 4.8106e-03, PNorm = 37.7054, GNorm = 2.6992, lr_0 = 9.8335e-04
Loss = 4.2056e-03, PNorm = 37.7260, GNorm = 3.8976, lr_0 = 9.7767e-04
Loss = 4.0499e-03, PNorm = 37.7429, GNorm = 3.6295, lr_0 = 9.7202e-04
Loss = 3.9585e-03, PNorm = 37.7766, GNorm = 1.8587, lr_0 = 9.6641e-04
Loss = 3.8254e-03, PNorm = 37.7982, GNorm = 2.5881, lr_0 = 9.6083e-04
Loss = 4.0566e-03, PNorm = 37.8137, GNorm = 2.7068, lr_0 = 9.5528e-04
Loss = 4.6693e-03, PNorm = 37.8403, GNorm = 3.7788, lr_0 = 9.4976e-04
Loss = 4.4405e-03, PNorm = 37.8638, GNorm = 6.0062, lr_0 = 9.4428e-04
Loss = 4.8035e-03, PNorm = 37.8865, GNorm = 2.6290, lr_0 = 9.3883e-04
Loss = 4.2268e-03, PNorm = 37.9125, GNorm = 5.2587, lr_0 = 9.3341e-04
Loss = 4.4998e-03, PNorm = 37.9462, GNorm = 3.4055, lr_0 = 9.2802e-04
Loss = 3.2351e-03, PNorm = 37.9731, GNorm = 1.8109, lr_0 = 9.2266e-04
Validation rmse = 1.763064
Epoch 3
Loss = 3.1572e-03, PNorm = 37.9892, GNorm = 2.5018, lr_0 = 9.1680e-04
Loss = 2.8429e-03, PNorm = 38.0137, GNorm = 2.3290, lr_0 = 9.1150e-04
Loss = 2.5700e-03, PNorm = 38.0301, GNorm = 2.2047, lr_0 = 9.0624e-04
Loss = 2.2679e-03, PNorm = 38.0489, GNorm = 2.4059, lr_0 = 9.0101e-04
Loss = 3.2041e-03, PNorm = 38.0812, GNorm = 2.3164, lr_0 = 8.9580e-04
Loss = 2.5945e-03, PNorm = 38.1067, GNorm = 2.9033, lr_0 = 8.9063e-04
Loss = 3.0950e-03, PNorm = 38.1200, GNorm = 1.7821, lr_0 = 8.8549e-04
Loss = 3.1614e-03, PNorm = 38.1405, GNorm = 2.2581, lr_0 = 8.8038e-04
Loss = 3.4284e-03, PNorm = 38.1589, GNorm = 3.9385, lr_0 = 8.7529e-04
Loss = 3.4719e-03, PNorm = 38.1775, GNorm = 3.0503, lr_0 = 8.7024e-04
Loss = 1.9453e-03, PNorm = 38.2030, GNorm = 1.4017, lr_0 = 8.6521e-04
Loss = 3.4759e-03, PNorm = 38.2272, GNorm = 3.9806, lr_0 = 8.6022e-04
Loss = 3.3933e-03, PNorm = 38.2549, GNorm = 2.3177, lr_0 = 8.5525e-04
Loss = 2.6274e-03, PNorm = 38.2921, GNorm = 1.8261, lr_0 = 8.5031e-04
Validation rmse = 1.857507
Epoch 4
Loss = 1.2971e-03, PNorm = 38.3031, GNorm = 1.6614, lr_0 = 8.4491e-04
Loss = 2.8600e-03, PNorm = 38.3210, GNorm = 1.4818, lr_0 = 8.4003e-04
Loss = 2.7213e-03, PNorm = 38.3428, GNorm = 2.6391, lr_0 = 8.3518e-04
Loss = 2.5506e-03, PNorm = 38.3692, GNorm = 1.2760, lr_0 = 8.3036e-04
Loss = 2.3069e-03, PNorm = 38.3898, GNorm = 1.6666, lr_0 = 8.2556e-04
Loss = 2.1238e-03, PNorm = 38.4120, GNorm = 1.5066, lr_0 = 8.2080e-04
Loss = 2.1655e-03, PNorm = 38.4244, GNorm = 1.3901, lr_0 = 8.1606e-04
Loss = 1.9458e-03, PNorm = 38.4398, GNorm = 2.0398, lr_0 = 8.1134e-04
Loss = 1.8925e-03, PNorm = 38.4559, GNorm = 1.3350, lr_0 = 8.0666e-04
Loss = 2.0923e-03, PNorm = 38.4686, GNorm = 1.6807, lr_0 = 8.0200e-04
Loss = 1.6332e-03, PNorm = 38.4861, GNorm = 1.6557, lr_0 = 7.9737e-04
Loss = 2.2763e-03, PNorm = 38.4942, GNorm = 1.7681, lr_0 = 7.9277e-04
Loss = 2.3096e-03, PNorm = 38.5108, GNorm = 1.5465, lr_0 = 7.8819e-04
Loss = 2.0952e-03, PNorm = 38.5303, GNorm = 1.4700, lr_0 = 7.8364e-04
Loss = 1.6595e-03, PNorm = 38.5435, GNorm = 1.3342, lr_0 = 7.7911e-04
Loss = 2.0630e-02, PNorm = 38.5451, GNorm = 5.9344, lr_0 = 7.7866e-04
Validation rmse = 1.862434
Epoch 5
Loss = 1.9703e-03, PNorm = 38.5652, GNorm = 1.0787, lr_0 = 7.7416e-04
Loss = 1.3252e-03, PNorm = 38.5801, GNorm = 0.9912, lr_0 = 7.6969e-04
Loss = 1.6045e-03, PNorm = 38.5971, GNorm = 1.8356, lr_0 = 7.6525e-04
Loss = 1.7630e-03, PNorm = 38.6130, GNorm = 1.0355, lr_0 = 7.6083e-04
Loss = 1.9474e-03, PNorm = 38.6234, GNorm = 1.2586, lr_0 = 7.5644e-04
Loss = 1.8464e-03, PNorm = 38.6420, GNorm = 1.7226, lr_0 = 7.5207e-04
Loss = 1.8562e-03, PNorm = 38.6621, GNorm = 1.9357, lr_0 = 7.4773e-04
Loss = 1.4735e-03, PNorm = 38.6681, GNorm = 1.5802, lr_0 = 7.4341e-04
Loss = 1.8180e-03, PNorm = 38.6738, GNorm = 2.4237, lr_0 = 7.3912e-04
Loss = 1.4877e-03, PNorm = 38.6847, GNorm = 1.6585, lr_0 = 7.3485e-04
Loss = 1.5463e-03, PNorm = 38.7035, GNorm = 1.3890, lr_0 = 7.3060e-04
Loss = 1.7127e-03, PNorm = 38.7115, GNorm = 1.8631, lr_0 = 7.2639e-04
Loss = 1.9095e-03, PNorm = 38.7213, GNorm = 3.0915, lr_0 = 7.2219e-04
Loss = 1.4983e-03, PNorm = 38.7382, GNorm = 1.4195, lr_0 = 7.1802e-04
Validation rmse = 1.775982
Epoch 6
Loss = 1.3403e-03, PNorm = 38.7458, GNorm = 1.4530, lr_0 = 7.1346e-04
Loss = 1.1420e-03, PNorm = 38.7593, GNorm = 1.3408, lr_0 = 7.0934e-04
Loss = 1.0785e-03, PNorm = 38.7719, GNorm = 1.2138, lr_0 = 7.0525e-04
Loss = 1.4312e-03, PNorm = 38.7901, GNorm = 1.3281, lr_0 = 7.0117e-04
Loss = 1.3526e-03, PNorm = 38.7964, GNorm = 1.3359, lr_0 = 6.9712e-04
Loss = 1.2100e-03, PNorm = 38.8088, GNorm = 2.0522, lr_0 = 6.9310e-04
Loss = 1.0334e-03, PNorm = 38.8181, GNorm = 0.8601, lr_0 = 6.8910e-04
Loss = 1.7882e-03, PNorm = 38.8299, GNorm = 1.5831, lr_0 = 6.8512e-04
Loss = 1.5442e-03, PNorm = 38.8437, GNorm = 1.5136, lr_0 = 6.8116e-04
Loss = 1.5160e-03, PNorm = 38.8494, GNorm = 1.3267, lr_0 = 6.7723e-04
Loss = 1.0635e-03, PNorm = 38.8580, GNorm = 1.0363, lr_0 = 6.7332e-04
Loss = 1.4956e-03, PNorm = 38.8610, GNorm = 1.0880, lr_0 = 6.6943e-04
Loss = 1.3388e-03, PNorm = 38.8696, GNorm = 0.9605, lr_0 = 6.6556e-04
Loss = 1.4400e-03, PNorm = 38.8806, GNorm = 2.4636, lr_0 = 6.6172e-04
Validation rmse = 1.785219
Epoch 7
Loss = 9.0040e-04, PNorm = 38.9060, GNorm = 1.1933, lr_0 = 6.5752e-04
Loss = 9.0518e-04, PNorm = 38.9152, GNorm = 0.8456, lr_0 = 6.5372e-04
Loss = 1.0249e-03, PNorm = 38.9247, GNorm = 1.0277, lr_0 = 6.4995e-04
Loss = 1.2678e-03, PNorm = 38.9260, GNorm = 2.0938, lr_0 = 6.4619e-04
Loss = 1.3382e-03, PNorm = 38.9366, GNorm = 1.0034, lr_0 = 6.4246e-04
Loss = 1.0036e-03, PNorm = 38.9381, GNorm = 1.2662, lr_0 = 6.3875e-04
Loss = 7.6868e-04, PNorm = 38.9450, GNorm = 1.3638, lr_0 = 6.3506e-04
Loss = 1.1126e-03, PNorm = 38.9524, GNorm = 1.1834, lr_0 = 6.3140e-04
Loss = 1.0693e-03, PNorm = 38.9586, GNorm = 0.8435, lr_0 = 6.2775e-04
Loss = 9.0586e-04, PNorm = 38.9631, GNorm = 1.1984, lr_0 = 6.2413e-04
Loss = 1.1465e-03, PNorm = 38.9693, GNorm = 0.7680, lr_0 = 6.2052e-04
Loss = 1.0985e-03, PNorm = 38.9752, GNorm = 1.1513, lr_0 = 6.1694e-04
Loss = 1.5545e-03, PNorm = 38.9830, GNorm = 2.7778, lr_0 = 6.1338e-04
Loss = 1.1484e-03, PNorm = 38.9918, GNorm = 1.2781, lr_0 = 6.0983e-04
Validation rmse = 1.810038
Epoch 8
Loss = 1.0524e-03, PNorm = 39.0076, GNorm = 2.1105, lr_0 = 6.0631e-04
Loss = 9.8625e-04, PNorm = 39.0229, GNorm = 0.8879, lr_0 = 6.0281e-04
Loss = 1.0874e-03, PNorm = 39.0326, GNorm = 1.1444, lr_0 = 5.9933e-04
Loss = 1.1805e-03, PNorm = 39.0428, GNorm = 0.9398, lr_0 = 5.9587e-04
Loss = 1.0187e-03, PNorm = 39.0461, GNorm = 1.1235, lr_0 = 5.9243e-04
Loss = 9.4571e-04, PNorm = 39.0480, GNorm = 0.8934, lr_0 = 5.8901e-04
Loss = 9.9938e-04, PNorm = 39.0583, GNorm = 1.5111, lr_0 = 5.8561e-04
Loss = 8.5061e-04, PNorm = 39.0696, GNorm = 0.8379, lr_0 = 5.8222e-04
Loss = 9.0775e-04, PNorm = 39.0798, GNorm = 2.1442, lr_0 = 5.7886e-04
Loss = 9.1464e-04, PNorm = 39.0835, GNorm = 1.1471, lr_0 = 5.7552e-04
Loss = 1.3275e-03, PNorm = 39.0905, GNorm = 0.7946, lr_0 = 5.7220e-04
Loss = 8.8699e-04, PNorm = 39.0956, GNorm = 0.7568, lr_0 = 5.6889e-04
Loss = 8.6372e-04, PNorm = 39.1046, GNorm = 0.7971, lr_0 = 5.6561e-04
Loss = 1.0531e-03, PNorm = 39.1160, GNorm = 1.5603, lr_0 = 5.6234e-04
Validation rmse = 1.722190
Epoch 9
Loss = 1.6361e-03, PNorm = 39.1278, GNorm = 1.1678, lr_0 = 5.5877e-04
Loss = 1.0066e-03, PNorm = 39.1400, GNorm = 1.2857, lr_0 = 5.5554e-04
Loss = 1.0445e-03, PNorm = 39.1444, GNorm = 1.3058, lr_0 = 5.5234e-04
Loss = 7.4863e-04, PNorm = 39.1421, GNorm = 0.8179, lr_0 = 5.4915e-04
Loss = 9.9915e-04, PNorm = 39.1487, GNorm = 0.7833, lr_0 = 5.4598e-04
Loss = 8.2972e-04, PNorm = 39.1558, GNorm = 1.0530, lr_0 = 5.4282e-04
Loss = 7.8054e-04, PNorm = 39.1621, GNorm = 1.2747, lr_0 = 5.3969e-04
Loss = 9.6602e-04, PNorm = 39.1657, GNorm = 1.2453, lr_0 = 5.3657e-04
Loss = 7.6637e-04, PNorm = 39.1730, GNorm = 1.1944, lr_0 = 5.3347e-04
Loss = 9.3445e-04, PNorm = 39.1792, GNorm = 1.8306, lr_0 = 5.3039e-04
Loss = 8.4571e-04, PNorm = 39.1830, GNorm = 1.0428, lr_0 = 5.2733e-04
Loss = 1.0933e-03, PNorm = 39.1898, GNorm = 1.3173, lr_0 = 5.2428e-04
Loss = 6.8888e-04, PNorm = 39.1987, GNorm = 0.9322, lr_0 = 5.2126e-04
Loss = 8.8387e-04, PNorm = 39.2052, GNorm = 1.0820, lr_0 = 5.1825e-04
Loss = 1.2065e-03, PNorm = 39.2134, GNorm = 0.8046, lr_0 = 5.1525e-04
Validation rmse = 1.753666
Epoch 10
Loss = 6.5073e-04, PNorm = 39.2173, GNorm = 0.8244, lr_0 = 5.1198e-04
Loss = 7.2819e-04, PNorm = 39.2222, GNorm = 0.7033, lr_0 = 5.0903e-04
Loss = 7.4029e-04, PNorm = 39.2286, GNorm = 0.9557, lr_0 = 5.0609e-04
Loss = 1.1254e-03, PNorm = 39.2375, GNorm = 0.9992, lr_0 = 5.0316e-04
Loss = 1.2362e-03, PNorm = 39.2485, GNorm = 2.0447, lr_0 = 5.0026e-04
Loss = 7.0397e-04, PNorm = 39.2535, GNorm = 1.3273, lr_0 = 4.9737e-04
Loss = 7.6920e-04, PNorm = 39.2609, GNorm = 0.9279, lr_0 = 4.9450e-04
Loss = 7.7498e-04, PNorm = 39.2652, GNorm = 0.8204, lr_0 = 4.9164e-04
Loss = 6.9034e-04, PNorm = 39.2695, GNorm = 1.1086, lr_0 = 4.8880e-04
Loss = 1.0231e-03, PNorm = 39.2801, GNorm = 1.2314, lr_0 = 4.8598e-04
Loss = 7.2119e-04, PNorm = 39.2849, GNorm = 1.1103, lr_0 = 4.8318e-04
Loss = 9.8087e-04, PNorm = 39.2933, GNorm = 1.3456, lr_0 = 4.8039e-04
Loss = 5.9578e-04, PNorm = 39.2985, GNorm = 0.7940, lr_0 = 4.7761e-04
Loss = 7.8330e-04, PNorm = 39.3068, GNorm = 1.2699, lr_0 = 4.7485e-04
Validation rmse = 1.815797
Epoch 11
Loss = 6.5893e-04, PNorm = 39.3169, GNorm = 0.8921, lr_0 = 4.7184e-04
Loss = 8.4437e-04, PNorm = 39.3207, GNorm = 1.1174, lr_0 = 4.6911e-04
Loss = 5.9706e-04, PNorm = 39.3222, GNorm = 0.6333, lr_0 = 4.6640e-04
Loss = 9.0268e-04, PNorm = 39.3313, GNorm = 1.6895, lr_0 = 4.6371e-04
Loss = 9.3806e-04, PNorm = 39.3314, GNorm = 1.1062, lr_0 = 4.6103e-04
Loss = 7.7671e-04, PNorm = 39.3340, GNorm = 0.8877, lr_0 = 4.5837e-04
Loss = 7.2795e-04, PNorm = 39.3365, GNorm = 1.2836, lr_0 = 4.5572e-04
Loss = 7.3602e-04, PNorm = 39.3451, GNorm = 0.7302, lr_0 = 4.5309e-04
Loss = 7.4486e-04, PNorm = 39.3472, GNorm = 0.8343, lr_0 = 4.5048e-04
Loss = 6.2661e-04, PNorm = 39.3530, GNorm = 1.0630, lr_0 = 4.4788e-04
Loss = 8.0494e-04, PNorm = 39.3605, GNorm = 0.9890, lr_0 = 4.4529e-04
Loss = 1.1113e-03, PNorm = 39.3709, GNorm = 1.0301, lr_0 = 4.4272e-04
Loss = 6.6321e-04, PNorm = 39.3743, GNorm = 0.8168, lr_0 = 4.4016e-04
Loss = 1.0018e-03, PNorm = 39.3834, GNorm = 0.7116, lr_0 = 4.3762e-04
Validation rmse = 1.702310
Epoch 12
Loss = 6.7987e-04, PNorm = 39.3827, GNorm = 0.9612, lr_0 = 4.3484e-04
Loss = 8.0803e-04, PNorm = 39.3863, GNorm = 0.8760, lr_0 = 4.3233e-04
Loss = 5.4339e-04, PNorm = 39.3896, GNorm = 1.0516, lr_0 = 4.2983e-04
Loss = 7.6820e-04, PNorm = 39.3885, GNorm = 0.5729, lr_0 = 4.2735e-04
Loss = 6.8795e-04, PNorm = 39.3945, GNorm = 0.9067, lr_0 = 4.2488e-04
Loss = 7.5283e-04, PNorm = 39.4002, GNorm = 1.0101, lr_0 = 4.2243e-04
Loss = 9.2659e-04, PNorm = 39.4051, GNorm = 1.3415, lr_0 = 4.1999e-04
Loss = 7.1589e-04, PNorm = 39.4140, GNorm = 0.9943, lr_0 = 4.1757e-04
Loss = 6.9866e-04, PNorm = 39.4161, GNorm = 0.5171, lr_0 = 4.1515e-04
Loss = 6.2614e-04, PNorm = 39.4197, GNorm = 0.7984, lr_0 = 4.1276e-04
Loss = 7.6024e-04, PNorm = 39.4261, GNorm = 1.1082, lr_0 = 4.1037e-04
Loss = 8.8684e-04, PNorm = 39.4297, GNorm = 1.1720, lr_0 = 4.0800e-04
Loss = 7.3961e-04, PNorm = 39.4334, GNorm = 0.6513, lr_0 = 4.0565e-04
Loss = 7.3044e-04, PNorm = 39.4338, GNorm = 0.7964, lr_0 = 4.0331e-04
Validation rmse = 1.750882
Epoch 13
Loss = 3.1765e-04, PNorm = 39.4327, GNorm = 0.5444, lr_0 = 4.0074e-04
Loss = 7.5371e-04, PNorm = 39.4321, GNorm = 0.9168, lr_0 = 3.9843e-04
Loss = 5.6021e-04, PNorm = 39.4362, GNorm = 0.6255, lr_0 = 3.9613e-04
Loss = 4.6386e-04, PNorm = 39.4380, GNorm = 0.5858, lr_0 = 3.9384e-04
Loss = 5.7460e-04, PNorm = 39.4408, GNorm = 0.7031, lr_0 = 3.9157e-04
Loss = 5.2063e-04, PNorm = 39.4446, GNorm = 0.9956, lr_0 = 3.8931e-04
Loss = 6.0858e-04, PNorm = 39.4486, GNorm = 0.7590, lr_0 = 3.8706e-04
Loss = 5.3929e-04, PNorm = 39.4536, GNorm = 0.8290, lr_0 = 3.8482e-04
Loss = 5.5035e-04, PNorm = 39.4563, GNorm = 1.4308, lr_0 = 3.8260e-04
Loss = 7.7776e-04, PNorm = 39.4598, GNorm = 0.8186, lr_0 = 3.8039e-04
Loss = 7.2725e-04, PNorm = 39.4654, GNorm = 0.9136, lr_0 = 3.7820e-04
Loss = 5.4757e-04, PNorm = 39.4720, GNorm = 1.0150, lr_0 = 3.7601e-04
Loss = 8.2060e-04, PNorm = 39.4784, GNorm = 1.1511, lr_0 = 3.7384e-04
Loss = 6.6989e-04, PNorm = 39.4849, GNorm = 0.6183, lr_0 = 3.7168e-04
Validation rmse = 1.760827
Epoch 14
Loss = 7.1100e-04, PNorm = 39.4908, GNorm = 0.8825, lr_0 = 3.6932e-04
Loss = 6.9145e-04, PNorm = 39.4952, GNorm = 0.5935, lr_0 = 3.6719e-04
Loss = 6.9096e-04, PNorm = 39.5011, GNorm = 0.7487, lr_0 = 3.6507e-04
Loss = 6.7840e-04, PNorm = 39.5043, GNorm = 0.6368, lr_0 = 3.6296e-04
Loss = 6.0716e-04, PNorm = 39.5109, GNorm = 0.8545, lr_0 = 3.6086e-04
Loss = 6.3755e-04, PNorm = 39.5135, GNorm = 0.9200, lr_0 = 3.5878e-04
Loss = 5.8256e-04, PNorm = 39.5175, GNorm = 0.9812, lr_0 = 3.5671e-04
Loss = 5.7664e-04, PNorm = 39.5231, GNorm = 0.7819, lr_0 = 3.5465e-04
Loss = 6.0490e-04, PNorm = 39.5238, GNorm = 0.8940, lr_0 = 3.5260e-04
Loss = 5.9607e-04, PNorm = 39.5287, GNorm = 0.5269, lr_0 = 3.5057e-04
Loss = 6.2612e-04, PNorm = 39.5341, GNorm = 0.9655, lr_0 = 3.4854e-04
Loss = 6.8155e-04, PNorm = 39.5373, GNorm = 0.8746, lr_0 = 3.4653e-04
Loss = 5.1633e-04, PNorm = 39.5409, GNorm = 0.6473, lr_0 = 3.4453e-04
Loss = 6.3269e-04, PNorm = 39.5402, GNorm = 1.0987, lr_0 = 3.4254e-04
Loss = 4.6161e-04, PNorm = 39.5414, GNorm = 1.0083, lr_0 = 3.4056e-04
Validation rmse = 1.725651
Epoch 15
Loss = 6.4543e-04, PNorm = 39.5443, GNorm = 1.0618, lr_0 = 3.3859e-04
Loss = 4.6220e-04, PNorm = 39.5473, GNorm = 0.7418, lr_0 = 3.3664e-04
Loss = 4.1272e-04, PNorm = 39.5480, GNorm = 1.1273, lr_0 = 3.3469e-04
Loss = 7.0239e-04, PNorm = 39.5516, GNorm = 0.6361, lr_0 = 3.3276e-04
Loss = 5.7170e-04, PNorm = 39.5547, GNorm = 0.8756, lr_0 = 3.3084e-04
Loss = 4.3797e-04, PNorm = 39.5560, GNorm = 0.8689, lr_0 = 3.2893e-04
Loss = 7.2364e-04, PNorm = 39.5558, GNorm = 0.7847, lr_0 = 3.2703e-04
Loss = 5.7832e-04, PNorm = 39.5543, GNorm = 0.6544, lr_0 = 3.2514e-04
Loss = 4.4596e-04, PNorm = 39.5576, GNorm = 0.6432, lr_0 = 3.2326e-04
Loss = 4.8733e-04, PNorm = 39.5609, GNorm = 1.0370, lr_0 = 3.2140e-04
Loss = 5.0701e-04, PNorm = 39.5634, GNorm = 1.1009, lr_0 = 3.1954e-04
Loss = 6.0045e-04, PNorm = 39.5623, GNorm = 0.6692, lr_0 = 3.1770e-04
Loss = 5.1691e-04, PNorm = 39.5659, GNorm = 0.8322, lr_0 = 3.1586e-04
Loss = 7.4656e-04, PNorm = 39.5687, GNorm = 1.7307, lr_0 = 3.1404e-04
Validation rmse = 1.688761
Epoch 16
Loss = 2.6248e-04, PNorm = 39.5789, GNorm = 0.5074, lr_0 = 3.1204e-04
Loss = 4.2213e-04, PNorm = 39.5796, GNorm = 0.6690, lr_0 = 3.1024e-04
Loss = 4.0046e-04, PNorm = 39.5826, GNorm = 0.3678, lr_0 = 3.0845e-04
Loss = 5.1833e-04, PNorm = 39.5841, GNorm = 1.3577, lr_0 = 3.0667e-04
Loss = 5.1175e-04, PNorm = 39.5899, GNorm = 0.5374, lr_0 = 3.0490e-04
Loss = 6.2064e-04, PNorm = 39.5949, GNorm = 1.5396, lr_0 = 3.0314e-04
Loss = 4.3762e-04, PNorm = 39.5997, GNorm = 0.3971, lr_0 = 3.0139e-04
Loss = 5.5134e-04, PNorm = 39.6004, GNorm = 0.8545, lr_0 = 2.9965e-04
Loss = 4.8385e-04, PNorm = 39.6044, GNorm = 0.6124, lr_0 = 2.9792e-04
Loss = 3.1733e-04, PNorm = 39.6091, GNorm = 0.6253, lr_0 = 2.9620e-04
Loss = 5.8391e-04, PNorm = 39.6109, GNorm = 0.9918, lr_0 = 2.9449e-04
Loss = 5.0621e-04, PNorm = 39.6122, GNorm = 1.3612, lr_0 = 2.9279e-04
Loss = 5.3830e-04, PNorm = 39.6121, GNorm = 0.7895, lr_0 = 2.9109e-04
Loss = 8.7566e-04, PNorm = 39.6144, GNorm = 1.0452, lr_0 = 2.8941e-04
Validation rmse = 1.660276
Epoch 17
Loss = 3.3663e-04, PNorm = 39.6236, GNorm = 0.5217, lr_0 = 2.8758e-04
Loss = 3.8558e-04, PNorm = 39.6236, GNorm = 0.5626, lr_0 = 2.8592e-04
Loss = 3.8877e-04, PNorm = 39.6259, GNorm = 0.7491, lr_0 = 2.8426e-04
Loss = 3.8406e-04, PNorm = 39.6270, GNorm = 0.6463, lr_0 = 2.8262e-04
Loss = 4.7787e-04, PNorm = 39.6297, GNorm = 0.9069, lr_0 = 2.8099e-04
Loss = 4.0904e-04, PNorm = 39.6345, GNorm = 0.6862, lr_0 = 2.7937e-04
Loss = 4.8118e-04, PNorm = 39.6354, GNorm = 0.9120, lr_0 = 2.7776e-04
Loss = 5.8560e-04, PNorm = 39.6360, GNorm = 0.5710, lr_0 = 2.7615e-04
Loss = 4.4683e-04, PNorm = 39.6398, GNorm = 0.6459, lr_0 = 2.7456e-04
Loss = 5.3279e-04, PNorm = 39.6411, GNorm = 0.9187, lr_0 = 2.7297e-04
Loss = 6.2030e-04, PNorm = 39.6433, GNorm = 0.9659, lr_0 = 2.7139e-04
Loss = 7.3123e-04, PNorm = 39.6478, GNorm = 0.7033, lr_0 = 2.6983e-04
Loss = 6.5648e-04, PNorm = 39.6504, GNorm = 1.2484, lr_0 = 2.6827e-04
Loss = 6.5265e-04, PNorm = 39.6535, GNorm = 0.6954, lr_0 = 2.6672e-04
Validation rmse = 1.713789
Epoch 18
Loss = 2.4516e-04, PNorm = 39.6518, GNorm = 0.5841, lr_0 = 2.6503e-04
Loss = 4.4497e-04, PNorm = 39.6534, GNorm = 0.7508, lr_0 = 2.6350e-04
Loss = 5.5057e-04, PNorm = 39.6552, GNorm = 0.6275, lr_0 = 2.6197e-04
Loss = 4.8408e-04, PNorm = 39.6560, GNorm = 0.6250, lr_0 = 2.6046e-04
Loss = 4.4664e-04, PNorm = 39.6623, GNorm = 0.7799, lr_0 = 2.5896e-04
Loss = 4.4590e-04, PNorm = 39.6627, GNorm = 0.4479, lr_0 = 2.5746e-04
Loss = 3.1828e-04, PNorm = 39.6620, GNorm = 0.8220, lr_0 = 2.5598e-04
Loss = 3.9771e-04, PNorm = 39.6633, GNorm = 0.6988, lr_0 = 2.5450e-04
Loss = 3.7550e-04, PNorm = 39.6672, GNorm = 0.4887, lr_0 = 2.5303e-04
Loss = 4.1884e-04, PNorm = 39.6694, GNorm = 0.6380, lr_0 = 2.5157e-04
Loss = 4.5219e-04, PNorm = 39.6704, GNorm = 0.7442, lr_0 = 2.5011e-04
Loss = 4.5204e-04, PNorm = 39.6710, GNorm = 1.2054, lr_0 = 2.4867e-04
Loss = 5.2289e-04, PNorm = 39.6721, GNorm = 0.9569, lr_0 = 2.4723e-04
Loss = 4.1316e-04, PNorm = 39.6766, GNorm = 0.7144, lr_0 = 2.4581e-04
Loss = 5.7259e-04, PNorm = 39.6778, GNorm = 0.8540, lr_0 = 2.4439e-04
Loss = 7.0568e-03, PNorm = 39.6779, GNorm = 2.4579, lr_0 = 2.4425e-04
Validation rmse = 1.708087
Epoch 19
Loss = 5.0514e-04, PNorm = 39.6811, GNorm = 0.6360, lr_0 = 2.4284e-04
Loss = 3.6828e-04, PNorm = 39.6821, GNorm = 0.9191, lr_0 = 2.4143e-04
Loss = 3.9949e-04, PNorm = 39.6846, GNorm = 0.7739, lr_0 = 2.4004e-04
Loss = 3.0049e-04, PNorm = 39.6843, GNorm = 0.5333, lr_0 = 2.3865e-04
Loss = 3.7263e-04, PNorm = 39.6846, GNorm = 0.4582, lr_0 = 2.3727e-04
Loss = 4.0359e-04, PNorm = 39.6892, GNorm = 0.6837, lr_0 = 2.3590e-04
Loss = 3.8320e-04, PNorm = 39.6921, GNorm = 0.5435, lr_0 = 2.3454e-04
Loss = 5.7995e-04, PNorm = 39.6951, GNorm = 0.7103, lr_0 = 2.3319e-04
Loss = 3.9986e-04, PNorm = 39.6978, GNorm = 0.7286, lr_0 = 2.3184e-04
Loss = 4.8019e-04, PNorm = 39.6982, GNorm = 1.2305, lr_0 = 2.3050e-04
Loss = 4.7629e-04, PNorm = 39.7017, GNorm = 0.6560, lr_0 = 2.2917e-04
Loss = 3.7290e-04, PNorm = 39.7007, GNorm = 0.6016, lr_0 = 2.2785e-04
Loss = 4.0882e-04, PNorm = 39.7032, GNorm = 0.4787, lr_0 = 2.2653e-04
Loss = 5.3857e-04, PNorm = 39.7056, GNorm = 0.5594, lr_0 = 2.2522e-04
Validation rmse = 1.721067
Epoch 20
Loss = 3.5779e-04, PNorm = 39.7088, GNorm = 0.7951, lr_0 = 2.2379e-04
Loss = 5.7591e-04, PNorm = 39.7083, GNorm = 0.8409, lr_0 = 2.2250e-04
Loss = 4.7350e-04, PNorm = 39.7113, GNorm = 0.4523, lr_0 = 2.2122e-04
Loss = 4.3250e-04, PNorm = 39.7161, GNorm = 0.6721, lr_0 = 2.1994e-04
Loss = 2.7489e-04, PNorm = 39.7161, GNorm = 0.4925, lr_0 = 2.1867e-04
Loss = 4.5667e-04, PNorm = 39.7197, GNorm = 0.4260, lr_0 = 2.1741e-04
Loss = 4.4214e-04, PNorm = 39.7211, GNorm = 0.9915, lr_0 = 2.1615e-04
Loss = 3.7394e-04, PNorm = 39.7245, GNorm = 0.4598, lr_0 = 2.1490e-04
Loss = 5.1390e-04, PNorm = 39.7278, GNorm = 1.1566, lr_0 = 2.1366e-04
Loss = 4.9811e-04, PNorm = 39.7266, GNorm = 0.8985, lr_0 = 2.1243e-04
Loss = 3.2459e-04, PNorm = 39.7264, GNorm = 0.5986, lr_0 = 2.1120e-04
Loss = 4.6359e-04, PNorm = 39.7282, GNorm = 0.7992, lr_0 = 2.0998e-04
Loss = 3.9065e-04, PNorm = 39.7317, GNorm = 0.5141, lr_0 = 2.0877e-04
Loss = 3.1189e-04, PNorm = 39.7340, GNorm = 0.4246, lr_0 = 2.0756e-04
Validation rmse = 1.694796
Epoch 21
Loss = 3.9818e-04, PNorm = 39.7340, GNorm = 0.5169, lr_0 = 2.0625e-04
Loss = 5.6003e-04, PNorm = 39.7369, GNorm = 0.5748, lr_0 = 2.0506e-04
Loss = 3.9545e-04, PNorm = 39.7385, GNorm = 0.5646, lr_0 = 2.0387e-04
Loss = 3.5634e-04, PNorm = 39.7373, GNorm = 1.0937, lr_0 = 2.0269e-04
Loss = 4.6264e-04, PNorm = 39.7380, GNorm = 0.4387, lr_0 = 2.0152e-04
Loss = 3.4326e-04, PNorm = 39.7391, GNorm = 0.6157, lr_0 = 2.0036e-04
Loss = 2.9900e-04, PNorm = 39.7407, GNorm = 0.3758, lr_0 = 1.9920e-04
Loss = 3.4871e-04, PNorm = 39.7409, GNorm = 0.6718, lr_0 = 1.9805e-04
Loss = 3.1210e-04, PNorm = 39.7426, GNorm = 0.4473, lr_0 = 1.9691e-04
Loss = 5.1855e-04, PNorm = 39.7442, GNorm = 0.6579, lr_0 = 1.9577e-04
Loss = 2.9393e-04, PNorm = 39.7453, GNorm = 0.4201, lr_0 = 1.9464e-04
Loss = 4.9206e-04, PNorm = 39.7473, GNorm = 0.5646, lr_0 = 1.9352e-04
Loss = 3.8529e-04, PNorm = 39.7507, GNorm = 0.5943, lr_0 = 1.9240e-04
Loss = 2.8362e-04, PNorm = 39.7552, GNorm = 0.8351, lr_0 = 1.9129e-04
Validation rmse = 1.686041
Epoch 22
Loss = 2.1939e-04, PNorm = 39.7550, GNorm = 0.5998, lr_0 = 1.9018e-04
Loss = 3.5075e-04, PNorm = 39.7573, GNorm = 0.7156, lr_0 = 1.8909e-04
Loss = 3.9034e-04, PNorm = 39.7587, GNorm = 0.2981, lr_0 = 1.8799e-04
Loss = 3.9984e-04, PNorm = 39.7587, GNorm = 0.7106, lr_0 = 1.8691e-04
Loss = 3.7841e-04, PNorm = 39.7596, GNorm = 0.7890, lr_0 = 1.8583e-04
Loss = 3.9577e-04, PNorm = 39.7607, GNorm = 0.4982, lr_0 = 1.8476e-04
Loss = 3.4562e-04, PNorm = 39.7616, GNorm = 0.5868, lr_0 = 1.8369e-04
Loss = 3.7639e-04, PNorm = 39.7615, GNorm = 0.5155, lr_0 = 1.8263e-04
Loss = 5.4394e-04, PNorm = 39.7635, GNorm = 0.7284, lr_0 = 1.8157e-04
Loss = 2.9718e-04, PNorm = 39.7649, GNorm = 0.3424, lr_0 = 1.8053e-04
Loss = 3.8188e-04, PNorm = 39.7675, GNorm = 0.7765, lr_0 = 1.7948e-04
Loss = 3.3839e-04, PNorm = 39.7703, GNorm = 0.5644, lr_0 = 1.7845e-04
Loss = 3.1271e-04, PNorm = 39.7717, GNorm = 0.5396, lr_0 = 1.7742e-04
Loss = 3.8223e-04, PNorm = 39.7730, GNorm = 0.6565, lr_0 = 1.7639e-04
Validation rmse = 1.669081
Epoch 23
Loss = 5.6416e-04, PNorm = 39.7722, GNorm = 0.6611, lr_0 = 1.7527e-04
Loss = 2.7672e-04, PNorm = 39.7719, GNorm = 0.6575, lr_0 = 1.7426e-04
Loss = 4.2606e-04, PNorm = 39.7753, GNorm = 1.4025, lr_0 = 1.7325e-04
Loss = 3.0680e-04, PNorm = 39.7785, GNorm = 0.3525, lr_0 = 1.7225e-04
Loss = 1.6119e-04, PNorm = 39.7809, GNorm = 0.4217, lr_0 = 1.7126e-04
Loss = 4.2523e-04, PNorm = 39.7830, GNorm = 0.6242, lr_0 = 1.7027e-04
Loss = 4.9328e-04, PNorm = 39.7859, GNorm = 0.4948, lr_0 = 1.6929e-04
Loss = 3.6725e-04, PNorm = 39.7892, GNorm = 0.6339, lr_0 = 1.6831e-04
Loss = 4.1033e-04, PNorm = 39.7898, GNorm = 1.2680, lr_0 = 1.6734e-04
Loss = 3.8885e-04, PNorm = 39.7912, GNorm = 0.9185, lr_0 = 1.6637e-04
Loss = 3.8374e-04, PNorm = 39.7933, GNorm = 0.6207, lr_0 = 1.6541e-04
Loss = 4.0779e-04, PNorm = 39.7930, GNorm = 0.8887, lr_0 = 1.6445e-04
Loss = 4.1035e-04, PNorm = 39.7939, GNorm = 0.4414, lr_0 = 1.6351e-04
Loss = 3.8760e-04, PNorm = 39.7973, GNorm = 0.4404, lr_0 = 1.6256e-04
Loss = 4.5482e-04, PNorm = 39.7997, GNorm = 0.5008, lr_0 = 1.6162e-04
Validation rmse = 1.701662
Epoch 24
Loss = 3.7276e-04, PNorm = 39.7992, GNorm = 0.5056, lr_0 = 1.6060e-04
Loss = 3.0661e-04, PNorm = 39.8004, GNorm = 0.4537, lr_0 = 1.5967e-04
Loss = 2.9615e-04, PNorm = 39.8037, GNorm = 0.5714, lr_0 = 1.5875e-04
Loss = 2.8547e-04, PNorm = 39.8045, GNorm = 0.7400, lr_0 = 1.5783e-04
Loss = 2.8195e-04, PNorm = 39.8050, GNorm = 0.5426, lr_0 = 1.5692e-04
Loss = 2.2376e-04, PNorm = 39.8082, GNorm = 0.6990, lr_0 = 1.5601e-04
Loss = 3.8411e-04, PNorm = 39.8106, GNorm = 0.5695, lr_0 = 1.5511e-04
Loss = 4.9202e-04, PNorm = 39.8119, GNorm = 0.7480, lr_0 = 1.5422e-04
Loss = 3.8248e-04, PNorm = 39.8135, GNorm = 0.5337, lr_0 = 1.5333e-04
Loss = 2.6286e-04, PNorm = 39.8147, GNorm = 0.8189, lr_0 = 1.5244e-04
Loss = 4.0154e-04, PNorm = 39.8171, GNorm = 0.4469, lr_0 = 1.5156e-04
Loss = 3.9360e-04, PNorm = 39.8194, GNorm = 0.6364, lr_0 = 1.5068e-04
Loss = 4.8565e-04, PNorm = 39.8190, GNorm = 0.5668, lr_0 = 1.4981e-04
Loss = 4.1432e-04, PNorm = 39.8177, GNorm = 0.9110, lr_0 = 1.4895e-04
Validation rmse = 1.698640
Epoch 25
Loss = 2.5599e-04, PNorm = 39.8199, GNorm = 0.6062, lr_0 = 1.4800e-04
Loss = 2.3876e-04, PNorm = 39.8197, GNorm = 0.3533, lr_0 = 1.4715e-04
Loss = 2.8754e-04, PNorm = 39.8196, GNorm = 0.3957, lr_0 = 1.4630e-04
Loss = 2.7945e-04, PNorm = 39.8213, GNorm = 0.6890, lr_0 = 1.4545e-04
Loss = 2.2330e-04, PNorm = 39.8221, GNorm = 0.7454, lr_0 = 1.4461e-04
Loss = 3.3615e-04, PNorm = 39.8235, GNorm = 0.4122, lr_0 = 1.4378e-04
Loss = 2.7182e-04, PNorm = 39.8249, GNorm = 0.5856, lr_0 = 1.4295e-04
Loss = 3.1619e-04, PNorm = 39.8268, GNorm = 0.3791, lr_0 = 1.4212e-04
Loss = 3.2967e-04, PNorm = 39.8260, GNorm = 1.0762, lr_0 = 1.4130e-04
Loss = 5.2047e-04, PNorm = 39.8273, GNorm = 0.5921, lr_0 = 1.4049e-04
Loss = 4.1138e-04, PNorm = 39.8302, GNorm = 0.5047, lr_0 = 1.3968e-04
Loss = 2.3844e-04, PNorm = 39.8329, GNorm = 0.4425, lr_0 = 1.3887e-04
Loss = 4.3298e-04, PNorm = 39.8362, GNorm = 0.8030, lr_0 = 1.3807e-04
Loss = 4.6217e-04, PNorm = 39.8391, GNorm = 0.4758, lr_0 = 1.3727e-04
Validation rmse = 1.689815
Epoch 26
Loss = 2.9224e-04, PNorm = 39.8401, GNorm = 0.4015, lr_0 = 1.3640e-04
Loss = 4.1079e-04, PNorm = 39.8429, GNorm = 0.5115, lr_0 = 1.3561e-04
Loss = 3.8083e-04, PNorm = 39.8425, GNorm = 1.0873, lr_0 = 1.3483e-04
Loss = 3.5920e-04, PNorm = 39.8434, GNorm = 0.7227, lr_0 = 1.3405e-04
Loss = 2.7995e-04, PNorm = 39.8456, GNorm = 0.3853, lr_0 = 1.3327e-04
Loss = 3.1031e-04, PNorm = 39.8465, GNorm = 0.6442, lr_0 = 1.3251e-04
Loss = 4.0677e-04, PNorm = 39.8462, GNorm = 0.8923, lr_0 = 1.3174e-04
Loss = 3.2368e-04, PNorm = 39.8482, GNorm = 1.4122, lr_0 = 1.3098e-04
Loss = 3.4133e-04, PNorm = 39.8488, GNorm = 0.9115, lr_0 = 1.3022e-04
Loss = 3.1714e-04, PNorm = 39.8517, GNorm = 0.6139, lr_0 = 1.2947e-04
Loss = 2.3825e-04, PNorm = 39.8528, GNorm = 0.5727, lr_0 = 1.2872e-04
Loss = 3.4558e-04, PNorm = 39.8519, GNorm = 0.3278, lr_0 = 1.2798e-04
Loss = 3.4253e-04, PNorm = 39.8538, GNorm = 0.3616, lr_0 = 1.2724e-04
Loss = 3.2327e-04, PNorm = 39.8568, GNorm = 0.7551, lr_0 = 1.2651e-04
Validation rmse = 1.679098
Epoch 27
Loss = 3.6968e-04, PNorm = 39.8587, GNorm = 0.5813, lr_0 = 1.2570e-04
Loss = 5.3073e-04, PNorm = 39.8596, GNorm = 0.9823, lr_0 = 1.2498e-04
Loss = 3.6836e-04, PNorm = 39.8583, GNorm = 0.5623, lr_0 = 1.2426e-04
Loss = 3.2931e-04, PNorm = 39.8590, GNorm = 0.5497, lr_0 = 1.2354e-04
Loss = 2.9602e-04, PNorm = 39.8605, GNorm = 0.8155, lr_0 = 1.2282e-04
Loss = 1.8546e-04, PNorm = 39.8612, GNorm = 0.4587, lr_0 = 1.2212e-04
Loss = 2.0576e-04, PNorm = 39.8622, GNorm = 0.5312, lr_0 = 1.2141e-04
Loss = 3.2294e-04, PNorm = 39.8628, GNorm = 0.3535, lr_0 = 1.2071e-04
Loss = 4.2315e-04, PNorm = 39.8635, GNorm = 0.4421, lr_0 = 1.2001e-04
Loss = 2.5777e-04, PNorm = 39.8655, GNorm = 0.5402, lr_0 = 1.1932e-04
Loss = 3.5021e-04, PNorm = 39.8653, GNorm = 0.5634, lr_0 = 1.1863e-04
Loss = 3.4275e-04, PNorm = 39.8660, GNorm = 0.5708, lr_0 = 1.1795e-04
Loss = 3.2488e-04, PNorm = 39.8673, GNorm = 0.7266, lr_0 = 1.1726e-04
Loss = 4.2258e-04, PNorm = 39.8683, GNorm = 0.7039, lr_0 = 1.1659e-04
Validation rmse = 1.726438
Epoch 28
Loss = 1.9921e-04, PNorm = 39.8685, GNorm = 0.5732, lr_0 = 1.1585e-04
Loss = 2.9917e-04, PNorm = 39.8689, GNorm = 0.6927, lr_0 = 1.1518e-04
Loss = 2.3986e-04, PNorm = 39.8712, GNorm = 0.3658, lr_0 = 1.1451e-04
Loss = 2.5737e-04, PNorm = 39.8710, GNorm = 0.4161, lr_0 = 1.1385e-04
Loss = 1.8326e-04, PNorm = 39.8711, GNorm = 0.4657, lr_0 = 1.1319e-04
Loss = 2.4535e-04, PNorm = 39.8719, GNorm = 0.5030, lr_0 = 1.1254e-04
Loss = 4.6575e-04, PNorm = 39.8736, GNorm = 0.6266, lr_0 = 1.1189e-04
Loss = 3.2726e-04, PNorm = 39.8732, GNorm = 0.7677, lr_0 = 1.1124e-04
Loss = 4.0817e-04, PNorm = 39.8731, GNorm = 0.9622, lr_0 = 1.1060e-04
Loss = 2.7285e-04, PNorm = 39.8763, GNorm = 0.6833, lr_0 = 1.0996e-04
Loss = 2.6919e-04, PNorm = 39.8783, GNorm = 0.7952, lr_0 = 1.0933e-04
Loss = 4.3854e-04, PNorm = 39.8811, GNorm = 0.4116, lr_0 = 1.0870e-04
Loss = 4.5050e-04, PNorm = 39.8821, GNorm = 0.5897, lr_0 = 1.0807e-04
Loss = 4.4386e-04, PNorm = 39.8822, GNorm = 2.5698, lr_0 = 1.0745e-04
Loss = 1.8904e-04, PNorm = 39.8819, GNorm = 0.2671, lr_0 = 1.0682e-04
Validation rmse = 1.705648
Epoch 29
Loss = 3.6265e-04, PNorm = 39.8808, GNorm = 0.7269, lr_0 = 1.0621e-04
Loss = 3.0103e-04, PNorm = 39.8808, GNorm = 0.5495, lr_0 = 1.0559e-04
Loss = 1.8755e-04, PNorm = 39.8828, GNorm = 0.5404, lr_0 = 1.0498e-04
Loss = 2.7192e-04, PNorm = 39.8840, GNorm = 0.3714, lr_0 = 1.0438e-04
Loss = 2.2035e-04, PNorm = 39.8849, GNorm = 0.3260, lr_0 = 1.0378e-04
Loss = 3.0753e-04, PNorm = 39.8857, GNorm = 0.5384, lr_0 = 1.0318e-04
Loss = 3.2194e-04, PNorm = 39.8881, GNorm = 0.5313, lr_0 = 1.0258e-04
Loss = 2.4365e-04, PNorm = 39.8891, GNorm = 0.6088, lr_0 = 1.0199e-04
Loss = 1.9709e-04, PNorm = 39.8893, GNorm = 0.3664, lr_0 = 1.0140e-04
Loss = 3.8104e-04, PNorm = 39.8911, GNorm = 0.8102, lr_0 = 1.0081e-04
Loss = 3.9698e-04, PNorm = 39.8917, GNorm = 0.4476, lr_0 = 1.0023e-04
Loss = 2.5901e-04, PNorm = 39.8917, GNorm = 0.5586, lr_0 = 1.0000e-04
Loss = 2.4949e-04, PNorm = 39.8926, GNorm = 0.4430, lr_0 = 1.0000e-04
Loss = 4.5264e-04, PNorm = 39.8930, GNorm = 0.3632, lr_0 = 1.0000e-04
Validation rmse = 1.673270
Model 0 best validation rmse = 1.660276 on epoch 16
Loading pretrained parameter "encoder.encoder.cached_zero_vector".
Loading pretrained parameter "encoder.encoder.W_i.weight".
Loading pretrained parameter "encoder.encoder.W_h.weight".
Loading pretrained parameter "encoder.encoder.W_o.weight".
Loading pretrained parameter "encoder.encoder.W_o.bias".
Loading pretrained parameter "ffn.1.weight".
Loading pretrained parameter "ffn.1.bias".
Loading pretrained parameter "ffn.4.weight".
Loading pretrained parameter "ffn.4.bias".
Moving model to cuda
Model 0 test rmse = 1.400264
Ensemble test rmse = 1.400264
1-fold cross validation
	Seed 0 ==> test rmse = 1.400264
Overall test rmse = 1.400264 +/- 0.000000
Elapsed time = 0:06:09
