Fold 0
Command line
python hyperparameter_optimization.py --data_path data/DowData/solubility/Joback_OneMol/data.csv --dataset_type regression --save_dir checkpoints/NoFeat_OneMol/sol_hyperopt-1597337937 --split_type scaffold_balanced --num_iters 10 --num_folds 1 --ensemble_size 1 --save_smiles_splits --config_save_path checkpoints/NoFeat_OneMol/sol_hyperopt-1597337937
Args
{'activation': 'ReLU',
 'atom_messages': False,
 'batch_size': 50,
 'bias': False,
 'cache_cutoff': 10000,
 'checkpoint_dir': None,
 'checkpoint_path': None,
 'checkpoint_paths': None,
 'class_balance': False,
 'config_path': None,
 'config_save_path': 'checkpoints/NoFeat_OneMol/sol_hyperopt-1597337937',
 'crossval_index_dir': None,
 'crossval_index_file': None,
 'crossval_index_sets': None,
 'cuda': True,
 'data_path': 'data/DowData/solubility/Joback_OneMol/data.csv',
 'dataset_type': 'regression',
 'depth': 2,
 'device': device(type='cuda'),
 'dropout': 0.30000000000000004,
 'ensemble_size': 1,
 'epochs': 30,
 'features_generator': None,
 'features_only': False,
 'features_path': None,
 'features_scaling': True,
 'features_size': None,
 'ffn_hidden_size': 1400,
 'ffn_num_layers': 2,
 'final_lr': 0.0001,
 'folds_file': None,
 'gpu': None,
 'grad_clip': None,
 'hidden_size': 1400,
 'ignore_columns': None,
 'init_lr': 0.0001,
 'log_dir': None,
 'log_frequency': 10,
 'max_data_size': None,
 'max_lr': 0.001,
 'metric': 'rmse',
 'minimize_score': True,
 'multiclass_num_classes': 3,
 'no_cuda': False,
 'no_features_scaling': False,
 'num_folds': 1,
 'num_iters': 10,
 'num_lrs': 1,
 'num_tasks': 1,
 'num_workers': 8,
 'pytorch_seed': 0,
 'quiet': False,
 'save_dir': 'checkpoints/NoFeat_OneMol/sol_hyperopt-1597337937/depth_2_dropout_0.30000000000000004_ffn_num_layers_2_hidden_size_1400/fold_0',
 'save_smiles_splits': True,
 'seed': 0,
 'separate_test_features_path': None,
 'separate_test_path': None,
 'separate_val_features_path': None,
 'separate_val_path': None,
 'show_individual_scores': False,
 'smiles_column': None,
 'split_sizes': (0.8, 0.1, 0.1),
 'split_type': 'scaffold_balanced',
 'target_columns': None,
 'task_names': ['Solubility'],
 'test': False,
 'test_fold_index': None,
 'train_data_size': None,
 'undirected': False,
 'use_input_features': False,
 'val_fold_index': None,
 'warmup_epochs': 2.0}
Loading data
Number of tasks = 1
Splitting data with seed 0
Total scaffolds = 1,588 | train scaffolds = 898 | val scaffolds = 304 | test scaffolds = 386
Label averages per scaffold, in decreasing order of scaffold frequency,capped at 10 scaffolds and 20 labels:
Scaffold 0
Task 0: count = 2,267 | target average = -2.017040


Scaffold 1
Task 0: count = 1,632 | target average = -2.598343


Scaffold 2
Task 0: count = 215 | target average = -6.971653


Scaffold 3
Task 0: count = 141 | target average = -3.937864


Scaffold 4
Task 0: count = 135 | target average = -6.824769


Scaffold 5
Task 0: count = 110 | target average = -2.684366


Scaffold 6
Task 0: count = 95 | target average = -1.321900


Scaffold 7
Task 0: count = 73 | target average = -5.256434


Scaffold 8
Task 0: count = 54 | target average = -4.558373


Scaffold 9
Task 0: count = 52 | target average = -1.722385


Total size = 8,400 | train size = 6,720 | val size = 840 | test size = 840
Fitting scaler
Building model 0
MoleculeModel(
  (encoder): MPN(
    (encoder): MPNEncoder(
      (dropout_layer): Dropout(p=0.30000000000000004, inplace=False)
      (act_func): ReLU()
      (W_i): Linear(in_features=147, out_features=1400, bias=False)
      (W_h): Linear(in_features=1400, out_features=1400, bias=False)
      (W_o): Linear(in_features=1533, out_features=1400, bias=True)
    )
  )
  (ffn): Sequential(
    (0): Dropout(p=0.30000000000000004, inplace=False)
    (1): Linear(in_features=1400, out_features=1400, bias=True)
    (2): ReLU()
    (3): Dropout(p=0.30000000000000004, inplace=False)
    (4): Linear(in_features=1400, out_features=1, bias=True)
  )
)
Number of parameters = 6,276,201
Moving model to cuda
Epoch 0
Loss = 2.1990e-02, PNorm = 67.3213, GNorm = 3.1162, lr_0 = 1.3694e-04
Loss = 1.8314e-02, PNorm = 67.3309, GNorm = 4.6543, lr_0 = 1.7052e-04
Loss = 1.7966e-02, PNorm = 67.3446, GNorm = 2.6262, lr_0 = 2.0410e-04
Loss = 1.6548e-02, PNorm = 67.3651, GNorm = 3.0000, lr_0 = 2.3769e-04
Loss = 1.3171e-02, PNorm = 67.3943, GNorm = 3.4857, lr_0 = 2.7127e-04
Loss = 1.3579e-02, PNorm = 67.4283, GNorm = 4.9311, lr_0 = 3.0485e-04
Loss = 1.3436e-02, PNorm = 67.4603, GNorm = 2.2125, lr_0 = 3.3843e-04
Loss = 1.2893e-02, PNorm = 67.5055, GNorm = 2.3945, lr_0 = 3.7201e-04
Loss = 1.0360e-02, PNorm = 67.5502, GNorm = 5.9855, lr_0 = 4.0560e-04
Loss = 8.9135e-03, PNorm = 67.5974, GNorm = 4.2308, lr_0 = 4.3918e-04
Loss = 9.2138e-03, PNorm = 67.6586, GNorm = 1.8928, lr_0 = 4.7276e-04
Loss = 8.0875e-03, PNorm = 67.7254, GNorm = 3.6083, lr_0 = 5.0634e-04
Loss = 1.0044e-02, PNorm = 67.7943, GNorm = 6.5149, lr_0 = 5.3993e-04
Validation rmse = 1.494118
Epoch 1
Loss = 7.7648e-03, PNorm = 67.8869, GNorm = 4.8253, lr_0 = 5.7687e-04
Loss = 7.6108e-03, PNorm = 67.9645, GNorm = 3.2597, lr_0 = 6.1045e-04
Loss = 9.2491e-03, PNorm = 68.0362, GNorm = 1.8166, lr_0 = 6.4403e-04
Loss = 8.0612e-03, PNorm = 68.1161, GNorm = 4.9616, lr_0 = 6.7761e-04
Loss = 8.7614e-03, PNorm = 68.2053, GNorm = 1.6871, lr_0 = 7.1119e-04
Loss = 9.4406e-03, PNorm = 68.3038, GNorm = 2.2921, lr_0 = 7.4478e-04
Loss = 6.7768e-03, PNorm = 68.3857, GNorm = 2.3898, lr_0 = 7.7836e-04
Loss = 6.3294e-03, PNorm = 68.4560, GNorm = 1.8214, lr_0 = 8.1194e-04
Loss = 7.2065e-03, PNorm = 68.5359, GNorm = 2.2161, lr_0 = 8.4552e-04
Loss = 6.0531e-03, PNorm = 68.6357, GNorm = 1.0163, lr_0 = 8.7910e-04
Loss = 7.7405e-03, PNorm = 68.7170, GNorm = 2.4982, lr_0 = 9.1269e-04
Loss = 9.4389e-03, PNorm = 68.8214, GNorm = 1.9342, lr_0 = 9.4627e-04
Loss = 6.2173e-03, PNorm = 68.9271, GNorm = 4.2065, lr_0 = 9.7985e-04
Validation rmse = 1.197166
Epoch 2
Loss = 6.4165e-03, PNorm = 69.0301, GNorm = 1.6496, lr_0 = 9.9694e-04
Loss = 6.2290e-03, PNorm = 69.1184, GNorm = 2.7225, lr_0 = 9.9084e-04
Loss = 7.5910e-03, PNorm = 69.2092, GNorm = 2.1015, lr_0 = 9.8477e-04
Loss = 6.7634e-03, PNorm = 69.3031, GNorm = 4.4576, lr_0 = 9.7875e-04
Loss = 6.4119e-03, PNorm = 69.3939, GNorm = 4.6261, lr_0 = 9.7276e-04
Loss = 6.2646e-03, PNorm = 69.4779, GNorm = 3.1779, lr_0 = 9.6681e-04
Loss = 5.7440e-03, PNorm = 69.5690, GNorm = 2.1157, lr_0 = 9.6089e-04
Loss = 5.8260e-03, PNorm = 69.6390, GNorm = 3.7064, lr_0 = 9.5502e-04
Loss = 5.8548e-03, PNorm = 69.7074, GNorm = 0.8909, lr_0 = 9.4917e-04
Loss = 5.7411e-03, PNorm = 69.7806, GNorm = 1.7620, lr_0 = 9.4337e-04
Loss = 6.6467e-03, PNorm = 69.8555, GNorm = 1.3393, lr_0 = 9.3759e-04
Loss = 6.5835e-03, PNorm = 69.9291, GNorm = 5.8288, lr_0 = 9.3186e-04
Loss = 5.3375e-03, PNorm = 70.0032, GNorm = 1.3555, lr_0 = 9.2616e-04
Loss = 5.6202e-03, PNorm = 70.0684, GNorm = 4.4257, lr_0 = 9.2049e-04
Validation rmse = 1.217031
Epoch 3
Loss = 7.1191e-03, PNorm = 70.1469, GNorm = 2.3602, lr_0 = 9.1486e-04
Loss = 5.7484e-03, PNorm = 70.2122, GNorm = 1.4764, lr_0 = 9.0926e-04
Loss = 4.7747e-03, PNorm = 70.2748, GNorm = 3.0304, lr_0 = 9.0370e-04
Loss = 5.3224e-03, PNorm = 70.3353, GNorm = 3.2318, lr_0 = 8.9817e-04
Loss = 4.9330e-03, PNorm = 70.3910, GNorm = 1.2239, lr_0 = 8.9267e-04
Loss = 5.6839e-03, PNorm = 70.4527, GNorm = 1.7174, lr_0 = 8.8721e-04
Loss = 4.5367e-03, PNorm = 70.5074, GNorm = 0.9915, lr_0 = 8.8178e-04
Loss = 4.6618e-03, PNorm = 70.5677, GNorm = 0.8923, lr_0 = 8.7639e-04
Loss = 5.4869e-03, PNorm = 70.6137, GNorm = 3.5443, lr_0 = 8.7103e-04
Loss = 5.4315e-03, PNorm = 70.6820, GNorm = 1.6079, lr_0 = 8.6570e-04
Loss = 4.8414e-03, PNorm = 70.7380, GNorm = 1.8953, lr_0 = 8.6040e-04
Loss = 5.5403e-03, PNorm = 70.7879, GNorm = 3.5839, lr_0 = 8.5514e-04
Loss = 5.5266e-03, PNorm = 70.8448, GNorm = 0.9944, lr_0 = 8.4991e-04
Validation rmse = 1.290064
Epoch 4
Loss = 4.4525e-03, PNorm = 70.9074, GNorm = 1.1853, lr_0 = 8.4419e-04
Loss = 4.5241e-03, PNorm = 70.9518, GNorm = 2.2305, lr_0 = 8.3902e-04
Loss = 4.7636e-03, PNorm = 70.9954, GNorm = 6.5611, lr_0 = 8.3389e-04
Loss = 5.3387e-03, PNorm = 71.0598, GNorm = 2.6063, lr_0 = 8.2879e-04
Loss = 5.4559e-03, PNorm = 71.1192, GNorm = 1.4346, lr_0 = 8.2372e-04
Loss = 4.2221e-03, PNorm = 71.1681, GNorm = 0.8860, lr_0 = 8.1868e-04
Loss = 5.1403e-03, PNorm = 71.2128, GNorm = 2.2068, lr_0 = 8.1367e-04
Loss = 5.4842e-03, PNorm = 71.2554, GNorm = 1.2700, lr_0 = 8.0869e-04
Loss = 4.2476e-03, PNorm = 71.3032, GNorm = 3.1870, lr_0 = 8.0374e-04
Loss = 4.9475e-03, PNorm = 71.3569, GNorm = 2.2949, lr_0 = 7.9883e-04
Loss = 4.5243e-03, PNorm = 71.4117, GNorm = 3.3252, lr_0 = 7.9394e-04
Loss = 4.8710e-03, PNorm = 71.4804, GNorm = 1.3573, lr_0 = 7.8908e-04
Loss = 5.4035e-03, PNorm = 71.5237, GNorm = 3.2368, lr_0 = 7.8425e-04
Loss = 5.3769e-03, PNorm = 71.5714, GNorm = 2.5393, lr_0 = 7.7945e-04
Validation rmse = 1.079806
Epoch 5
Loss = 4.5779e-03, PNorm = 71.6334, GNorm = 1.3987, lr_0 = 7.7469e-04
Loss = 4.4934e-03, PNorm = 71.6901, GNorm = 1.5068, lr_0 = 7.6995e-04
Loss = 4.4855e-03, PNorm = 71.7438, GNorm = 1.7120, lr_0 = 7.6524e-04
Loss = 4.5033e-03, PNorm = 71.7977, GNorm = 1.3168, lr_0 = 7.6055e-04
Loss = 4.3960e-03, PNorm = 71.8417, GNorm = 3.3066, lr_0 = 7.5590e-04
Loss = 4.7673e-03, PNorm = 71.8845, GNorm = 0.7920, lr_0 = 7.5128e-04
Loss = 5.1327e-03, PNorm = 71.9345, GNorm = 6.2428, lr_0 = 7.4668e-04
Loss = 4.3357e-03, PNorm = 71.9871, GNorm = 0.7157, lr_0 = 7.4211e-04
Loss = 4.9253e-03, PNorm = 72.0370, GNorm = 0.7986, lr_0 = 7.3757e-04
Loss = 4.9024e-03, PNorm = 72.0751, GNorm = 1.6130, lr_0 = 7.3306e-04
Loss = 3.8723e-03, PNorm = 72.1172, GNorm = 2.3645, lr_0 = 7.2857e-04
Loss = 3.8222e-03, PNorm = 72.1504, GNorm = 1.1757, lr_0 = 7.2412e-04
Loss = 4.2678e-03, PNorm = 72.1802, GNorm = 2.1792, lr_0 = 7.1969e-04
Validation rmse = 1.117902
Epoch 6
Loss = 4.1031e-03, PNorm = 72.2148, GNorm = 1.0343, lr_0 = 7.1484e-04
Loss = 4.0444e-03, PNorm = 72.2500, GNorm = 0.8646, lr_0 = 7.1047e-04
Loss = 3.9493e-03, PNorm = 72.2943, GNorm = 2.6421, lr_0 = 7.0612e-04
Loss = 4.0120e-03, PNorm = 72.3362, GNorm = 1.2877, lr_0 = 7.0180e-04
Loss = 4.0094e-03, PNorm = 72.3882, GNorm = 1.1256, lr_0 = 6.9751e-04
Loss = 3.9275e-03, PNorm = 72.4299, GNorm = 2.2592, lr_0 = 6.9324e-04
Loss = 5.1674e-03, PNorm = 72.4848, GNorm = 2.4797, lr_0 = 6.8900e-04
Loss = 3.8668e-03, PNorm = 72.5262, GNorm = 0.9352, lr_0 = 6.8479e-04
Loss = 4.2627e-03, PNorm = 72.5732, GNorm = 3.0968, lr_0 = 6.8060e-04
Loss = 4.4222e-03, PNorm = 72.6096, GNorm = 0.6874, lr_0 = 6.7643e-04
Loss = 4.8477e-03, PNorm = 72.6714, GNorm = 1.5612, lr_0 = 6.7229e-04
Loss = 4.2003e-03, PNorm = 72.7230, GNorm = 1.3026, lr_0 = 6.6818e-04
Loss = 4.4848e-03, PNorm = 72.7707, GNorm = 1.8639, lr_0 = 6.6409e-04
Loss = 3.9904e-03, PNorm = 72.8133, GNorm = 1.1923, lr_0 = 6.6003e-04
Loss = 1.3769e-02, PNorm = 72.8162, GNorm = 5.4239, lr_0 = 6.5962e-04
Validation rmse = 1.145713
Epoch 7
Loss = 3.7889e-03, PNorm = 72.8446, GNorm = 2.2229, lr_0 = 6.5559e-04
Loss = 4.6016e-03, PNorm = 72.8844, GNorm = 1.3225, lr_0 = 6.5158e-04
Loss = 3.9359e-03, PNorm = 72.9416, GNorm = 1.1195, lr_0 = 6.4759e-04
Loss = 4.3535e-03, PNorm = 72.9840, GNorm = 2.8463, lr_0 = 6.4363e-04
Loss = 3.8836e-03, PNorm = 73.0249, GNorm = 1.1224, lr_0 = 6.3969e-04
Loss = 3.5259e-03, PNorm = 73.0544, GNorm = 1.7743, lr_0 = 6.3578e-04
Loss = 3.6426e-03, PNorm = 73.0966, GNorm = 2.6212, lr_0 = 6.3189e-04
Loss = 3.6746e-03, PNorm = 73.1267, GNorm = 1.5840, lr_0 = 6.2802e-04
Loss = 4.1794e-03, PNorm = 73.1708, GNorm = 1.3226, lr_0 = 6.2418e-04
Loss = 4.2502e-03, PNorm = 73.2132, GNorm = 0.9976, lr_0 = 6.2036e-04
Loss = 3.2861e-03, PNorm = 73.2630, GNorm = 1.1920, lr_0 = 6.1656e-04
Loss = 4.2683e-03, PNorm = 73.2922, GNorm = 1.3945, lr_0 = 6.1279e-04
Loss = 3.6631e-03, PNorm = 73.3237, GNorm = 0.9827, lr_0 = 6.0904e-04
Validation rmse = 1.097626
Epoch 8
Loss = 3.6063e-03, PNorm = 73.3391, GNorm = 0.6708, lr_0 = 6.0532e-04
Loss = 4.5320e-03, PNorm = 73.3834, GNorm = 1.8323, lr_0 = 6.0161e-04
Loss = 3.2047e-03, PNorm = 73.4223, GNorm = 1.1084, lr_0 = 5.9793e-04
Loss = 4.3896e-03, PNorm = 73.4428, GNorm = 0.9787, lr_0 = 5.9427e-04
Loss = 3.8356e-03, PNorm = 73.4854, GNorm = 2.1695, lr_0 = 5.9064e-04
Loss = 3.3654e-03, PNorm = 73.5149, GNorm = 1.2163, lr_0 = 5.8703e-04
Loss = 3.5738e-03, PNorm = 73.5501, GNorm = 0.6762, lr_0 = 5.8343e-04
Loss = 3.9807e-03, PNorm = 73.5921, GNorm = 3.7347, lr_0 = 5.7986e-04
Loss = 3.9847e-03, PNorm = 73.6295, GNorm = 1.4811, lr_0 = 5.7632e-04
Loss = 4.1842e-03, PNorm = 73.6683, GNorm = 1.3712, lr_0 = 5.7279e-04
Loss = 4.3204e-03, PNorm = 73.6990, GNorm = 1.2396, lr_0 = 5.6929e-04
Loss = 4.0663e-03, PNorm = 73.7383, GNorm = 2.8691, lr_0 = 5.6580e-04
Loss = 3.2886e-03, PNorm = 73.7709, GNorm = 1.8429, lr_0 = 5.6234e-04
Validation rmse = 1.346308
Epoch 9
Loss = 3.3477e-03, PNorm = 73.8058, GNorm = 0.8107, lr_0 = 5.5856e-04
Loss = 3.9032e-03, PNorm = 73.8309, GNorm = 0.9277, lr_0 = 5.5514e-04
Loss = 4.6332e-03, PNorm = 73.8698, GNorm = 1.8680, lr_0 = 5.5174e-04
Loss = 4.1770e-03, PNorm = 73.9017, GNorm = 0.8851, lr_0 = 5.4837e-04
Loss = 2.7666e-03, PNorm = 73.9241, GNorm = 0.9144, lr_0 = 5.4501e-04
Loss = 3.8742e-03, PNorm = 73.9453, GNorm = 0.9483, lr_0 = 5.4168e-04
Loss = 3.1693e-03, PNorm = 73.9687, GNorm = 1.1863, lr_0 = 5.3836e-04
Loss = 3.5732e-03, PNorm = 73.9920, GNorm = 1.3933, lr_0 = 5.3507e-04
Loss = 3.6732e-03, PNorm = 74.0177, GNorm = 0.8148, lr_0 = 5.3180e-04
Loss = 3.6350e-03, PNorm = 74.0533, GNorm = 1.7420, lr_0 = 5.2854e-04
Loss = 2.8822e-03, PNorm = 74.0857, GNorm = 1.4935, lr_0 = 5.2531e-04
Loss = 3.9459e-03, PNorm = 74.1148, GNorm = 3.3026, lr_0 = 5.2210e-04
Loss = 3.3986e-03, PNorm = 74.1420, GNorm = 1.3814, lr_0 = 5.1890e-04
Loss = 3.8703e-03, PNorm = 74.1764, GNorm = 1.7122, lr_0 = 5.1573e-04
Validation rmse = 1.040292
Epoch 10
Loss = 3.0453e-03, PNorm = 74.2029, GNorm = 1.4884, lr_0 = 5.1257e-04
Loss = 3.2489e-03, PNorm = 74.2316, GNorm = 0.7168, lr_0 = 5.0944e-04
Loss = 3.6590e-03, PNorm = 74.2537, GNorm = 1.4552, lr_0 = 5.0632e-04
Loss = 3.2953e-03, PNorm = 74.2905, GNorm = 0.8872, lr_0 = 5.0322e-04
Loss = 3.2862e-03, PNorm = 74.3157, GNorm = 1.1563, lr_0 = 5.0014e-04
Loss = 3.5593e-03, PNorm = 74.3500, GNorm = 1.5766, lr_0 = 4.9708e-04
Loss = 3.5359e-03, PNorm = 74.3769, GNorm = 1.0504, lr_0 = 4.9404e-04
Loss = 4.4079e-03, PNorm = 74.4027, GNorm = 1.0932, lr_0 = 4.9102e-04
Loss = 3.3887e-03, PNorm = 74.4346, GNorm = 1.1935, lr_0 = 4.8801e-04
Loss = 4.0612e-03, PNorm = 74.4584, GNorm = 1.3067, lr_0 = 4.8503e-04
Loss = 3.1448e-03, PNorm = 74.4908, GNorm = 1.2952, lr_0 = 4.8206e-04
Loss = 3.6381e-03, PNorm = 74.5187, GNorm = 1.2785, lr_0 = 4.7911e-04
Loss = 3.1163e-03, PNorm = 74.5449, GNorm = 1.7064, lr_0 = 4.7618e-04
Validation rmse = 1.080407
Epoch 11
Loss = 3.2830e-03, PNorm = 74.5697, GNorm = 1.0619, lr_0 = 4.7298e-04
Loss = 3.1348e-03, PNorm = 74.5988, GNorm = 2.0183, lr_0 = 4.7008e-04
Loss = 3.6273e-03, PNorm = 74.6292, GNorm = 1.1989, lr_0 = 4.6721e-04
Loss = 2.8563e-03, PNorm = 74.6603, GNorm = 0.8876, lr_0 = 4.6435e-04
Loss = 3.2892e-03, PNorm = 74.6866, GNorm = 0.7400, lr_0 = 4.6151e-04
Loss = 3.2802e-03, PNorm = 74.7103, GNorm = 1.4462, lr_0 = 4.5868e-04
Loss = 3.8385e-03, PNorm = 74.7271, GNorm = 4.2114, lr_0 = 4.5588e-04
Loss = 4.9807e-03, PNorm = 74.7511, GNorm = 1.5388, lr_0 = 4.5309e-04
Loss = 4.3266e-03, PNorm = 74.7821, GNorm = 2.3663, lr_0 = 4.5032e-04
Loss = 3.2052e-03, PNorm = 74.8212, GNorm = 0.9663, lr_0 = 4.4756e-04
Loss = 4.0572e-03, PNorm = 74.8450, GNorm = 0.9107, lr_0 = 4.4482e-04
Loss = 3.5453e-03, PNorm = 74.8692, GNorm = 2.2751, lr_0 = 4.4210e-04
Loss = 3.4305e-03, PNorm = 74.9034, GNorm = 0.6993, lr_0 = 4.3940e-04
Loss = 3.6357e-03, PNorm = 74.9222, GNorm = 3.3604, lr_0 = 4.3671e-04
Validation rmse = 1.219289
Epoch 12
Loss = 3.9820e-03, PNorm = 74.9547, GNorm = 2.2059, lr_0 = 4.3377e-04
Loss = 3.0199e-03, PNorm = 74.9845, GNorm = 2.6046, lr_0 = 4.3112e-04
Loss = 3.1472e-03, PNorm = 75.0041, GNorm = 0.8409, lr_0 = 4.2848e-04
Loss = 3.3504e-03, PNorm = 75.0319, GNorm = 0.8217, lr_0 = 4.2586e-04
Loss = 3.3693e-03, PNorm = 75.0581, GNorm = 0.8699, lr_0 = 4.2325e-04
Loss = 3.3620e-03, PNorm = 75.0850, GNorm = 0.7294, lr_0 = 4.2066e-04
Loss = 3.2274e-03, PNorm = 75.1022, GNorm = 1.0990, lr_0 = 4.1809e-04
Loss = 3.1735e-03, PNorm = 75.1298, GNorm = 1.7829, lr_0 = 4.1553e-04
Loss = 3.5002e-03, PNorm = 75.1426, GNorm = 1.7997, lr_0 = 4.1299e-04
Loss = 3.3285e-03, PNorm = 75.1650, GNorm = 1.6899, lr_0 = 4.1046e-04
Loss = 3.1450e-03, PNorm = 75.1864, GNorm = 1.5470, lr_0 = 4.0795e-04
Loss = 4.1572e-03, PNorm = 75.2092, GNorm = 1.5781, lr_0 = 4.0545e-04
Loss = 3.8678e-03, PNorm = 75.2374, GNorm = 0.8925, lr_0 = 4.0297e-04
Validation rmse = 1.168123
Epoch 13
Loss = 2.8588e-03, PNorm = 75.2627, GNorm = 2.1825, lr_0 = 4.0051e-04
Loss = 3.1432e-03, PNorm = 75.2919, GNorm = 2.0404, lr_0 = 3.9806e-04
Loss = 2.8655e-03, PNorm = 75.3175, GNorm = 0.8814, lr_0 = 3.9562e-04
Loss = 2.8995e-03, PNorm = 75.3414, GNorm = 0.8785, lr_0 = 3.9320e-04
Loss = 3.4770e-03, PNorm = 75.3585, GNorm = 0.8204, lr_0 = 3.9080e-04
Loss = 3.3340e-03, PNorm = 75.3804, GNorm = 0.7824, lr_0 = 3.8841e-04
Loss = 3.2286e-03, PNorm = 75.4000, GNorm = 1.3452, lr_0 = 3.8603e-04
Loss = 3.5256e-03, PNorm = 75.4178, GNorm = 0.7445, lr_0 = 3.8367e-04
Loss = 2.8379e-03, PNorm = 75.4389, GNorm = 1.5095, lr_0 = 3.8132e-04
Loss = 2.7561e-03, PNorm = 75.4671, GNorm = 0.8997, lr_0 = 3.7899e-04
Loss = 3.6895e-03, PNorm = 75.4869, GNorm = 0.6359, lr_0 = 3.7667e-04
Loss = 2.4895e-03, PNorm = 75.5113, GNorm = 1.3649, lr_0 = 3.7436e-04
Loss = 2.8991e-03, PNorm = 75.5253, GNorm = 1.9508, lr_0 = 3.7207e-04
Loss = 3.4797e-03, PNorm = 75.5405, GNorm = 1.1832, lr_0 = 3.6980e-04
Validation rmse = 1.113008
Epoch 14
Loss = 3.2160e-03, PNorm = 75.5615, GNorm = 0.6231, lr_0 = 3.6731e-04
Loss = 2.5114e-03, PNorm = 75.5754, GNorm = 1.3705, lr_0 = 3.6506e-04
Loss = 2.6632e-03, PNorm = 75.5957, GNorm = 0.5673, lr_0 = 3.6283e-04
Loss = 2.9696e-03, PNorm = 75.6108, GNorm = 1.5900, lr_0 = 3.6061e-04
Loss = 2.7697e-03, PNorm = 75.6292, GNorm = 1.0128, lr_0 = 3.5840e-04
Loss = 2.8366e-03, PNorm = 75.6545, GNorm = 1.3609, lr_0 = 3.5621e-04
Loss = 2.9199e-03, PNorm = 75.6696, GNorm = 0.6333, lr_0 = 3.5403e-04
Loss = 3.3835e-03, PNorm = 75.6856, GNorm = 1.1625, lr_0 = 3.5186e-04
Loss = 4.4339e-03, PNorm = 75.7097, GNorm = 1.2853, lr_0 = 3.4971e-04
Loss = 3.2628e-03, PNorm = 75.7368, GNorm = 1.8221, lr_0 = 3.4757e-04
Loss = 3.1990e-03, PNorm = 75.7585, GNorm = 0.7153, lr_0 = 3.4545e-04
Loss = 3.3373e-03, PNorm = 75.7770, GNorm = 1.2355, lr_0 = 3.4333e-04
Loss = 2.9211e-03, PNorm = 75.8019, GNorm = 2.4609, lr_0 = 3.4123e-04
Validation rmse = 1.131037
Epoch 15
Loss = 3.0117e-03, PNorm = 75.8214, GNorm = 0.9880, lr_0 = 3.3914e-04
Loss = 2.8817e-03, PNorm = 75.8496, GNorm = 0.8418, lr_0 = 3.3707e-04
Loss = 2.9915e-03, PNorm = 75.8684, GNorm = 2.3310, lr_0 = 3.3501e-04
Loss = 2.6917e-03, PNorm = 75.8854, GNorm = 0.9192, lr_0 = 3.3296e-04
Loss = 3.3360e-03, PNorm = 75.9018, GNorm = 1.0053, lr_0 = 3.3092e-04
Loss = 2.5789e-03, PNorm = 75.9186, GNorm = 0.9452, lr_0 = 3.2890e-04
Loss = 3.2304e-03, PNorm = 75.9358, GNorm = 1.1388, lr_0 = 3.2688e-04
Loss = 3.1116e-03, PNorm = 75.9513, GNorm = 1.1362, lr_0 = 3.2488e-04
Loss = 3.0714e-03, PNorm = 75.9659, GNorm = 2.4179, lr_0 = 3.2290e-04
Loss = 3.2733e-03, PNorm = 75.9922, GNorm = 0.7766, lr_0 = 3.2092e-04
Loss = 3.2299e-03, PNorm = 76.0113, GNorm = 0.8364, lr_0 = 3.1896e-04
Loss = 3.1040e-03, PNorm = 76.0234, GNorm = 1.1863, lr_0 = 3.1700e-04
Loss = 3.2602e-03, PNorm = 76.0411, GNorm = 2.7147, lr_0 = 3.1507e-04
Loss = 2.8433e-03, PNorm = 76.0594, GNorm = 2.0923, lr_0 = 3.1314e-04
Loss = 5.7914e-03, PNorm = 76.0618, GNorm = 1.4774, lr_0 = 3.1295e-04
Validation rmse = 1.037375
Epoch 16
Loss = 2.5548e-03, PNorm = 76.0834, GNorm = 1.1293, lr_0 = 3.1103e-04
Loss = 3.3161e-03, PNorm = 76.1012, GNorm = 0.7977, lr_0 = 3.0913e-04
Loss = 2.7016e-03, PNorm = 76.1214, GNorm = 0.6863, lr_0 = 3.0724e-04
Loss = 3.5338e-03, PNorm = 76.1342, GNorm = 1.7216, lr_0 = 3.0536e-04
Loss = 2.7766e-03, PNorm = 76.1507, GNorm = 0.9075, lr_0 = 3.0349e-04
Loss = 3.0184e-03, PNorm = 76.1684, GNorm = 2.3822, lr_0 = 3.0163e-04
Loss = 2.4656e-03, PNorm = 76.1827, GNorm = 0.9480, lr_0 = 2.9979e-04
Loss = 2.7802e-03, PNorm = 76.1957, GNorm = 1.6690, lr_0 = 2.9795e-04
Loss = 2.8383e-03, PNorm = 76.2149, GNorm = 0.8160, lr_0 = 2.9613e-04
Loss = 2.9431e-03, PNorm = 76.2276, GNorm = 0.8795, lr_0 = 2.9432e-04
Loss = 2.7861e-03, PNorm = 76.2404, GNorm = 1.7890, lr_0 = 2.9252e-04
Loss = 3.3605e-03, PNorm = 76.2562, GNorm = 1.2333, lr_0 = 2.9073e-04
Loss = 3.2755e-03, PNorm = 76.2746, GNorm = 1.9896, lr_0 = 2.8895e-04
Validation rmse = 1.060758
Epoch 17
Loss = 2.8022e-03, PNorm = 76.2925, GNorm = 0.8092, lr_0 = 2.8700e-04
Loss = 2.7103e-03, PNorm = 76.3132, GNorm = 0.8427, lr_0 = 2.8525e-04
Loss = 2.9755e-03, PNorm = 76.3295, GNorm = 1.8203, lr_0 = 2.8350e-04
Loss = 2.6865e-03, PNorm = 76.3478, GNorm = 0.9586, lr_0 = 2.8177e-04
Loss = 2.8656e-03, PNorm = 76.3609, GNorm = 1.0330, lr_0 = 2.8005e-04
Loss = 3.0645e-03, PNorm = 76.3737, GNorm = 0.8842, lr_0 = 2.7833e-04
Loss = 3.0912e-03, PNorm = 76.3961, GNorm = 1.6830, lr_0 = 2.7663e-04
Loss = 3.4798e-03, PNorm = 76.4095, GNorm = 1.2657, lr_0 = 2.7494e-04
Loss = 3.1511e-03, PNorm = 76.4295, GNorm = 2.1272, lr_0 = 2.7325e-04
Loss = 2.8462e-03, PNorm = 76.4496, GNorm = 0.9142, lr_0 = 2.7158e-04
Loss = 2.8676e-03, PNorm = 76.4504, GNorm = 1.0623, lr_0 = 2.6992e-04
Loss = 2.7901e-03, PNorm = 76.4702, GNorm = 1.7223, lr_0 = 2.6827e-04
Loss = 2.8236e-03, PNorm = 76.4904, GNorm = 1.5070, lr_0 = 2.6663e-04
Validation rmse = 1.111561
Epoch 18
Loss = 1.8315e-03, PNorm = 76.5074, GNorm = 1.3652, lr_0 = 2.6500e-04
Loss = 2.8723e-03, PNorm = 76.5226, GNorm = 0.7568, lr_0 = 2.6338e-04
Loss = 2.9442e-03, PNorm = 76.5387, GNorm = 0.9436, lr_0 = 2.6176e-04
Loss = 2.5910e-03, PNorm = 76.5571, GNorm = 1.2095, lr_0 = 2.6016e-04
Loss = 2.7571e-03, PNorm = 76.5724, GNorm = 0.9362, lr_0 = 2.5857e-04
Loss = 2.6531e-03, PNorm = 76.5866, GNorm = 1.5732, lr_0 = 2.5699e-04
Loss = 2.8895e-03, PNorm = 76.6012, GNorm = 1.3301, lr_0 = 2.5542e-04
Loss = 2.6854e-03, PNorm = 76.6179, GNorm = 0.8568, lr_0 = 2.5385e-04
Loss = 2.7202e-03, PNorm = 76.6258, GNorm = 1.3589, lr_0 = 2.5230e-04
Loss = 3.2288e-03, PNorm = 76.6376, GNorm = 0.9209, lr_0 = 2.5076e-04
Loss = 3.0232e-03, PNorm = 76.6519, GNorm = 0.9093, lr_0 = 2.4922e-04
Loss = 2.3182e-03, PNorm = 76.6622, GNorm = 1.7969, lr_0 = 2.4770e-04
Loss = 2.9803e-03, PNorm = 76.6756, GNorm = 0.7530, lr_0 = 2.4618e-04
Loss = 3.2454e-03, PNorm = 76.6896, GNorm = 0.8214, lr_0 = 2.4468e-04
Validation rmse = 1.046856
Epoch 19
Loss = 2.4822e-03, PNorm = 76.7140, GNorm = 1.0297, lr_0 = 2.4303e-04
Loss = 2.3839e-03, PNorm = 76.7330, GNorm = 0.7195, lr_0 = 2.4154e-04
Loss = 2.2909e-03, PNorm = 76.7489, GNorm = 0.8080, lr_0 = 2.4007e-04
Loss = 2.9883e-03, PNorm = 76.7628, GNorm = 0.8342, lr_0 = 2.3860e-04
Loss = 3.1062e-03, PNorm = 76.7763, GNorm = 1.0736, lr_0 = 2.3714e-04
Loss = 2.7379e-03, PNorm = 76.7878, GNorm = 1.2707, lr_0 = 2.3569e-04
Loss = 2.3751e-03, PNorm = 76.7970, GNorm = 0.7684, lr_0 = 2.3424e-04
Loss = 3.1098e-03, PNorm = 76.8154, GNorm = 1.1750, lr_0 = 2.3281e-04
Loss = 2.8997e-03, PNorm = 76.8231, GNorm = 1.1941, lr_0 = 2.3139e-04
Loss = 2.7756e-03, PNorm = 76.8383, GNorm = 0.8353, lr_0 = 2.2997e-04
Loss = 2.8325e-03, PNorm = 76.8566, GNorm = 1.1260, lr_0 = 2.2856e-04
Loss = 3.0516e-03, PNorm = 76.8708, GNorm = 1.1585, lr_0 = 2.2717e-04
Loss = 2.2710e-03, PNorm = 76.8808, GNorm = 0.9220, lr_0 = 2.2578e-04
Validation rmse = 1.056531
Epoch 20
Loss = 3.4991e-03, PNorm = 76.8885, GNorm = 1.3743, lr_0 = 2.2439e-04
Loss = 2.4931e-03, PNorm = 76.9091, GNorm = 1.2881, lr_0 = 2.2302e-04
Loss = 2.5418e-03, PNorm = 76.9218, GNorm = 1.1511, lr_0 = 2.2166e-04
Loss = 2.7511e-03, PNorm = 76.9379, GNorm = 1.4867, lr_0 = 2.2030e-04
Loss = 3.1540e-03, PNorm = 76.9503, GNorm = 1.1311, lr_0 = 2.1895e-04
Loss = 2.5890e-03, PNorm = 76.9621, GNorm = 0.6295, lr_0 = 2.1761e-04
Loss = 2.9133e-03, PNorm = 76.9753, GNorm = 1.0735, lr_0 = 2.1628e-04
Loss = 3.1805e-03, PNorm = 76.9850, GNorm = 1.1229, lr_0 = 2.1496e-04
Loss = 2.7055e-03, PNorm = 76.9936, GNorm = 1.1048, lr_0 = 2.1364e-04
Loss = 3.1064e-03, PNorm = 77.0103, GNorm = 1.5794, lr_0 = 2.1234e-04
Loss = 2.6538e-03, PNorm = 77.0288, GNorm = 1.4243, lr_0 = 2.1104e-04
Loss = 2.4674e-03, PNorm = 77.0406, GNorm = 0.6342, lr_0 = 2.0975e-04
Loss = 2.8417e-03, PNorm = 77.0510, GNorm = 1.8456, lr_0 = 2.0846e-04
Loss = 2.7578e-03, PNorm = 77.0629, GNorm = 1.7467, lr_0 = 2.0719e-04
Validation rmse = 1.040459
Epoch 21
Loss = 2.7235e-03, PNorm = 77.0762, GNorm = 1.5121, lr_0 = 2.0579e-04
Loss = 2.6514e-03, PNorm = 77.0890, GNorm = 0.7782, lr_0 = 2.0453e-04
Loss = 2.9123e-03, PNorm = 77.1016, GNorm = 0.7052, lr_0 = 2.0328e-04
Loss = 2.6895e-03, PNorm = 77.1084, GNorm = 1.1044, lr_0 = 2.0204e-04
Loss = 2.5787e-03, PNorm = 77.1190, GNorm = 0.5192, lr_0 = 2.0080e-04
Loss = 2.8433e-03, PNorm = 77.1311, GNorm = 1.1724, lr_0 = 1.9958e-04
Loss = 2.4774e-03, PNorm = 77.1372, GNorm = 1.1882, lr_0 = 1.9835e-04
Loss = 2.5772e-03, PNorm = 77.1440, GNorm = 0.6719, lr_0 = 1.9714e-04
Loss = 2.4966e-03, PNorm = 77.1568, GNorm = 1.1039, lr_0 = 1.9593e-04
Loss = 2.6002e-03, PNorm = 77.1706, GNorm = 0.7007, lr_0 = 1.9474e-04
Loss = 2.7654e-03, PNorm = 77.1813, GNorm = 0.9415, lr_0 = 1.9354e-04
Loss = 2.4234e-03, PNorm = 77.1935, GNorm = 1.3223, lr_0 = 1.9236e-04
Loss = 2.7657e-03, PNorm = 77.2026, GNorm = 0.6025, lr_0 = 1.9118e-04
Validation rmse = 1.036299
Epoch 22
Loss = 2.3570e-03, PNorm = 77.2152, GNorm = 0.6854, lr_0 = 1.8990e-04
Loss = 2.6291e-03, PNorm = 77.2297, GNorm = 1.1864, lr_0 = 1.8874e-04
Loss = 2.9196e-03, PNorm = 77.2396, GNorm = 0.9181, lr_0 = 1.8758e-04
Loss = 2.4686e-03, PNorm = 77.2491, GNorm = 1.6970, lr_0 = 1.8643e-04
Loss = 2.5286e-03, PNorm = 77.2621, GNorm = 1.2224, lr_0 = 1.8529e-04
Loss = 3.1595e-03, PNorm = 77.2749, GNorm = 1.3194, lr_0 = 1.8416e-04
Loss = 2.3860e-03, PNorm = 77.2913, GNorm = 0.5831, lr_0 = 1.8303e-04
Loss = 2.2449e-03, PNorm = 77.2977, GNorm = 0.5744, lr_0 = 1.8191e-04
Loss = 2.4996e-03, PNorm = 77.3046, GNorm = 0.8346, lr_0 = 1.8080e-04
Loss = 2.9215e-03, PNorm = 77.3164, GNorm = 0.7453, lr_0 = 1.7969e-04
Loss = 2.6369e-03, PNorm = 77.3235, GNorm = 1.3578, lr_0 = 1.7859e-04
Loss = 2.7617e-03, PNorm = 77.3346, GNorm = 0.9774, lr_0 = 1.7750e-04
Loss = 2.4535e-03, PNorm = 77.3464, GNorm = 1.2294, lr_0 = 1.7641e-04
Loss = 2.5609e-03, PNorm = 77.3573, GNorm = 0.7326, lr_0 = 1.7534e-04
Validation rmse = 1.081268
Epoch 23
Loss = 2.5247e-03, PNorm = 77.3678, GNorm = 1.1294, lr_0 = 1.7426e-04
Loss = 2.3623e-03, PNorm = 77.3764, GNorm = 1.4519, lr_0 = 1.7320e-04
Loss = 2.4413e-03, PNorm = 77.3895, GNorm = 0.4590, lr_0 = 1.7214e-04
Loss = 2.8746e-03, PNorm = 77.3991, GNorm = 1.2525, lr_0 = 1.7108e-04
Loss = 2.6877e-03, PNorm = 77.4123, GNorm = 0.7409, lr_0 = 1.7004e-04
Loss = 2.1804e-03, PNorm = 77.4236, GNorm = 1.5891, lr_0 = 1.6900e-04
Loss = 2.4241e-03, PNorm = 77.4315, GNorm = 0.9496, lr_0 = 1.6796e-04
Loss = 2.6883e-03, PNorm = 77.4391, GNorm = 0.5949, lr_0 = 1.6694e-04
Loss = 2.5051e-03, PNorm = 77.4436, GNorm = 1.4173, lr_0 = 1.6591e-04
Loss = 2.3456e-03, PNorm = 77.4501, GNorm = 0.5582, lr_0 = 1.6490e-04
Loss = 2.6101e-03, PNorm = 77.4587, GNorm = 0.9924, lr_0 = 1.6389e-04
Loss = 2.5104e-03, PNorm = 77.4671, GNorm = 2.0045, lr_0 = 1.6289e-04
Loss = 2.6667e-03, PNorm = 77.4839, GNorm = 0.8495, lr_0 = 1.6189e-04
Validation rmse = 1.076574
Epoch 24
Loss = 2.2685e-03, PNorm = 77.4988, GNorm = 1.5932, lr_0 = 1.6080e-04
Loss = 2.0260e-03, PNorm = 77.5070, GNorm = 0.6449, lr_0 = 1.5982e-04
Loss = 2.5083e-03, PNorm = 77.5170, GNorm = 1.7794, lr_0 = 1.5884e-04
Loss = 2.7017e-03, PNorm = 77.5275, GNorm = 0.7399, lr_0 = 1.5787e-04
Loss = 2.4947e-03, PNorm = 77.5368, GNorm = 0.7014, lr_0 = 1.5690e-04
Loss = 2.5430e-03, PNorm = 77.5452, GNorm = 1.0477, lr_0 = 1.5594e-04
Loss = 2.5138e-03, PNorm = 77.5465, GNorm = 1.3982, lr_0 = 1.5499e-04
Loss = 2.7600e-03, PNorm = 77.5522, GNorm = 1.1225, lr_0 = 1.5404e-04
Loss = 2.5459e-03, PNorm = 77.5618, GNorm = 1.0348, lr_0 = 1.5310e-04
Loss = 2.6244e-03, PNorm = 77.5731, GNorm = 1.2357, lr_0 = 1.5216e-04
Loss = 2.6987e-03, PNorm = 77.5849, GNorm = 2.0170, lr_0 = 1.5123e-04
Loss = 2.9357e-03, PNorm = 77.5924, GNorm = 0.6887, lr_0 = 1.5030e-04
Loss = 2.7652e-03, PNorm = 77.6020, GNorm = 1.2344, lr_0 = 1.4939e-04
Loss = 2.8649e-03, PNorm = 77.6120, GNorm = 0.7778, lr_0 = 1.4847e-04
Validation rmse = 1.043581
Epoch 25
Loss = 2.2127e-03, PNorm = 77.6192, GNorm = 1.3134, lr_0 = 1.4756e-04
Loss = 2.3461e-03, PNorm = 77.6304, GNorm = 1.6655, lr_0 = 1.4666e-04
Loss = 2.2534e-03, PNorm = 77.6393, GNorm = 0.7761, lr_0 = 1.4576e-04
Loss = 2.3502e-03, PNorm = 77.6474, GNorm = 1.5723, lr_0 = 1.4487e-04
Loss = 2.5664e-03, PNorm = 77.6600, GNorm = 2.0919, lr_0 = 1.4398e-04
Loss = 2.4231e-03, PNorm = 77.6693, GNorm = 0.5573, lr_0 = 1.4310e-04
Loss = 2.5820e-03, PNorm = 77.6782, GNorm = 1.1919, lr_0 = 1.4223e-04
Loss = 2.0744e-03, PNorm = 77.6875, GNorm = 1.0723, lr_0 = 1.4136e-04
Loss = 2.9667e-03, PNorm = 77.6944, GNorm = 0.7284, lr_0 = 1.4049e-04
Loss = 2.2487e-03, PNorm = 77.6991, GNorm = 1.0249, lr_0 = 1.3963e-04
Loss = 2.6493e-03, PNorm = 77.7053, GNorm = 1.1417, lr_0 = 1.3878e-04
Loss = 2.6397e-03, PNorm = 77.7137, GNorm = 1.0119, lr_0 = 1.3793e-04
Loss = 2.7811e-03, PNorm = 77.7234, GNorm = 0.8830, lr_0 = 1.3709e-04
Validation rmse = 1.033377
Epoch 26
Loss = 2.4107e-03, PNorm = 77.7324, GNorm = 1.0204, lr_0 = 1.3616e-04
Loss = 2.7090e-03, PNorm = 77.7402, GNorm = 0.6222, lr_0 = 1.3533e-04
Loss = 2.3480e-03, PNorm = 77.7482, GNorm = 1.5916, lr_0 = 1.3450e-04
Loss = 2.6788e-03, PNorm = 77.7525, GNorm = 0.7497, lr_0 = 1.3368e-04
Loss = 2.6118e-03, PNorm = 77.7622, GNorm = 0.7891, lr_0 = 1.3286e-04
Loss = 2.3429e-03, PNorm = 77.7732, GNorm = 0.7802, lr_0 = 1.3205e-04
Loss = 2.4250e-03, PNorm = 77.7813, GNorm = 0.7439, lr_0 = 1.3124e-04
Loss = 2.1512e-03, PNorm = 77.7903, GNorm = 1.4913, lr_0 = 1.3044e-04
Loss = 2.4368e-03, PNorm = 77.8007, GNorm = 1.6382, lr_0 = 1.2964e-04
Loss = 2.3445e-03, PNorm = 77.8040, GNorm = 0.9780, lr_0 = 1.2885e-04
Loss = 2.7631e-03, PNorm = 77.8096, GNorm = 0.7954, lr_0 = 1.2806e-04
Loss = 2.1467e-03, PNorm = 77.8147, GNorm = 0.4747, lr_0 = 1.2728e-04
Loss = 2.4110e-03, PNorm = 77.8226, GNorm = 0.6546, lr_0 = 1.2650e-04
Validation rmse = 1.070822
Epoch 27
Loss = 2.1428e-03, PNorm = 77.8302, GNorm = 0.8431, lr_0 = 1.2565e-04
Loss = 2.2057e-03, PNorm = 77.8361, GNorm = 1.2215, lr_0 = 1.2488e-04
Loss = 2.3923e-03, PNorm = 77.8405, GNorm = 1.6497, lr_0 = 1.2411e-04
Loss = 2.6711e-03, PNorm = 77.8511, GNorm = 1.1777, lr_0 = 1.2335e-04
Loss = 2.1279e-03, PNorm = 77.8551, GNorm = 1.5690, lr_0 = 1.2260e-04
Loss = 2.6614e-03, PNorm = 77.8653, GNorm = 1.0257, lr_0 = 1.2185e-04
Loss = 2.3182e-03, PNorm = 77.8738, GNorm = 0.6277, lr_0 = 1.2110e-04
Loss = 2.2898e-03, PNorm = 77.8823, GNorm = 0.8479, lr_0 = 1.2036e-04
Loss = 2.4464e-03, PNorm = 77.8879, GNorm = 1.0784, lr_0 = 1.1963e-04
Loss = 2.6781e-03, PNorm = 77.8938, GNorm = 0.8769, lr_0 = 1.1889e-04
Loss = 2.0731e-03, PNorm = 77.9012, GNorm = 0.8171, lr_0 = 1.1817e-04
Loss = 2.3981e-03, PNorm = 77.9056, GNorm = 1.0992, lr_0 = 1.1744e-04
Loss = 2.3203e-03, PNorm = 77.9147, GNorm = 1.1523, lr_0 = 1.1673e-04
Loss = 2.9064e-03, PNorm = 77.9200, GNorm = 0.6274, lr_0 = 1.1601e-04
Validation rmse = 1.053315
Epoch 28
Loss = 2.0830e-03, PNorm = 77.9278, GNorm = 0.8241, lr_0 = 1.1530e-04
Loss = 2.3611e-03, PNorm = 77.9334, GNorm = 0.6389, lr_0 = 1.1460e-04
Loss = 2.3096e-03, PNorm = 77.9394, GNorm = 1.2359, lr_0 = 1.1389e-04
Loss = 2.3520e-03, PNorm = 77.9477, GNorm = 0.8347, lr_0 = 1.1320e-04
Loss = 2.4776e-03, PNorm = 77.9545, GNorm = 1.4350, lr_0 = 1.1251e-04
Loss = 2.5545e-03, PNorm = 77.9604, GNorm = 0.6890, lr_0 = 1.1182e-04
Loss = 2.7071e-03, PNorm = 77.9672, GNorm = 1.2367, lr_0 = 1.1113e-04
Loss = 2.4130e-03, PNorm = 77.9720, GNorm = 1.4091, lr_0 = 1.1045e-04
Loss = 2.2962e-03, PNorm = 77.9795, GNorm = 1.2930, lr_0 = 1.0978e-04
Loss = 2.5136e-03, PNorm = 77.9840, GNorm = 0.8852, lr_0 = 1.0911e-04
Loss = 2.2920e-03, PNorm = 77.9891, GNorm = 1.1700, lr_0 = 1.0844e-04
Loss = 2.5804e-03, PNorm = 77.9972, GNorm = 0.8822, lr_0 = 1.0777e-04
Loss = 2.2825e-03, PNorm = 78.0046, GNorm = 1.1288, lr_0 = 1.0712e-04
Validation rmse = 1.051278
Epoch 29
Loss = 1.7337e-03, PNorm = 78.0098, GNorm = 0.8460, lr_0 = 1.0639e-04
Loss = 2.9099e-03, PNorm = 78.0168, GNorm = 0.8194, lr_0 = 1.0574e-04
Loss = 2.6519e-03, PNorm = 78.0256, GNorm = 1.7108, lr_0 = 1.0510e-04
Loss = 2.4358e-03, PNorm = 78.0323, GNorm = 1.5641, lr_0 = 1.0445e-04
Loss = 2.4250e-03, PNorm = 78.0398, GNorm = 1.8938, lr_0 = 1.0381e-04
Loss = 1.9621e-03, PNorm = 78.0452, GNorm = 0.5558, lr_0 = 1.0318e-04
Loss = 2.4437e-03, PNorm = 78.0518, GNorm = 1.0564, lr_0 = 1.0255e-04
Loss = 2.5642e-03, PNorm = 78.0575, GNorm = 0.7223, lr_0 = 1.0192e-04
Loss = 2.2493e-03, PNorm = 78.0621, GNorm = 0.7942, lr_0 = 1.0130e-04
Loss = 2.4550e-03, PNorm = 78.0663, GNorm = 0.7409, lr_0 = 1.0068e-04
Loss = 2.2546e-03, PNorm = 78.0691, GNorm = 0.5927, lr_0 = 1.0006e-04
Loss = 2.3026e-03, PNorm = 78.0732, GNorm = 0.5576, lr_0 = 1.0000e-04
Loss = 2.1788e-03, PNorm = 78.0759, GNorm = 1.5938, lr_0 = 1.0000e-04
Loss = 2.1593e-03, PNorm = 78.0824, GNorm = 0.7498, lr_0 = 1.0000e-04
Validation rmse = 1.057082
Model 0 best validation rmse = 1.033377 on epoch 25
Loading pretrained parameter "encoder.encoder.cached_zero_vector".
Loading pretrained parameter "encoder.encoder.W_i.weight".
Loading pretrained parameter "encoder.encoder.W_h.weight".
Loading pretrained parameter "encoder.encoder.W_o.weight".
Loading pretrained parameter "encoder.encoder.W_o.bias".
Loading pretrained parameter "ffn.1.weight".
Loading pretrained parameter "ffn.1.bias".
Loading pretrained parameter "ffn.4.weight".
Loading pretrained parameter "ffn.4.bias".
Moving model to cuda
Model 0 test rmse = 1.095641
Ensemble test rmse = 1.095641
1-fold cross validation
	Seed 0 ==> test rmse = 1.095641
Overall test rmse = 1.095641 +/- 0.000000
Elapsed time = 0:02:52
Fold 0
Command line
python hyperparameter_optimization.py --data_path data/DowData/solubility/Joback_OneMol/data.csv --dataset_type regression --save_dir checkpoints/NoFeat_OneMol/sol_hyperopt-1597337937 --split_type scaffold_balanced --num_iters 10 --num_folds 1 --ensemble_size 1 --save_smiles_splits --config_save_path checkpoints/NoFeat_OneMol/sol_hyperopt-1597337937
Args
{'activation': 'ReLU',
 'atom_messages': False,
 'batch_size': 50,
 'bias': False,
 'cache_cutoff': 10000,
 'checkpoint_dir': None,
 'checkpoint_path': None,
 'checkpoint_paths': None,
 'class_balance': False,
 'config_path': None,
 'config_save_path': 'checkpoints/NoFeat_OneMol/sol_hyperopt-1597337937',
 'crossval_index_dir': None,
 'crossval_index_file': None,
 'crossval_index_sets': None,
 'cuda': True,
 'data_path': 'data/DowData/solubility/Joback_OneMol/data.csv',
 'dataset_type': 'regression',
 'depth': 6,
 'device': device(type='cuda'),
 'dropout': 0.30000000000000004,
 'ensemble_size': 1,
 'epochs': 30,
 'features_generator': None,
 'features_only': False,
 'features_path': None,
 'features_scaling': True,
 'features_size': None,
 'ffn_hidden_size': 500,
 'ffn_num_layers': 3,
 'final_lr': 0.0001,
 'folds_file': None,
 'gpu': None,
 'grad_clip': None,
 'hidden_size': 500,
 'ignore_columns': None,
 'init_lr': 0.0001,
 'log_dir': None,
 'log_frequency': 10,
 'max_data_size': None,
 'max_lr': 0.001,
 'metric': 'rmse',
 'minimize_score': True,
 'multiclass_num_classes': 3,
 'no_cuda': False,
 'no_features_scaling': False,
 'num_folds': 1,
 'num_iters': 10,
 'num_lrs': 1,
 'num_tasks': 1,
 'num_workers': 8,
 'pytorch_seed': 0,
 'quiet': False,
 'save_dir': 'checkpoints/NoFeat_OneMol/sol_hyperopt-1597337937/depth_6_dropout_0.30000000000000004_ffn_num_layers_3_hidden_size_500/fold_0',
 'save_smiles_splits': True,
 'seed': 0,
 'separate_test_features_path': None,
 'separate_test_path': None,
 'separate_val_features_path': None,
 'separate_val_path': None,
 'show_individual_scores': False,
 'smiles_column': None,
 'split_sizes': (0.8, 0.1, 0.1),
 'split_type': 'scaffold_balanced',
 'target_columns': None,
 'task_names': ['Solubility'],
 'test': False,
 'test_fold_index': None,
 'train_data_size': None,
 'undirected': False,
 'use_input_features': False,
 'val_fold_index': None,
 'warmup_epochs': 2.0}
Loading data
Number of tasks = 1
Splitting data with seed 0
Total scaffolds = 1,588 | train scaffolds = 898 | val scaffolds = 304 | test scaffolds = 386
Label averages per scaffold, in decreasing order of scaffold frequency,capped at 10 scaffolds and 20 labels:
Scaffold 0
Task 0: count = 2,267 | target average = -2.017040


Scaffold 1
Task 0: count = 1,632 | target average = -2.598343


Scaffold 2
Task 0: count = 215 | target average = -6.971653


Scaffold 3
Task 0: count = 141 | target average = -3.937864


Scaffold 4
Task 0: count = 135 | target average = -6.824769


Scaffold 5
Task 0: count = 110 | target average = -2.684366


Scaffold 6
Task 0: count = 95 | target average = -1.321900


Scaffold 7
Task 0: count = 73 | target average = -5.256434


Scaffold 8
Task 0: count = 54 | target average = -4.558373


Scaffold 9
Task 0: count = 52 | target average = -1.722385


Total size = 8,400 | train size = 6,720 | val size = 840 | test size = 840
Fitting scaler
Building model 0
MoleculeModel(
  (encoder): MPN(
    (encoder): MPNEncoder(
      (dropout_layer): Dropout(p=0.30000000000000004, inplace=False)
      (act_func): ReLU()
      (W_i): Linear(in_features=147, out_features=500, bias=False)
      (W_h): Linear(in_features=500, out_features=500, bias=False)
      (W_o): Linear(in_features=633, out_features=500, bias=True)
    )
  )
  (ffn): Sequential(
    (0): Dropout(p=0.30000000000000004, inplace=False)
    (1): Linear(in_features=500, out_features=500, bias=True)
    (2): ReLU()
    (3): Dropout(p=0.30000000000000004, inplace=False)
    (4): Linear(in_features=500, out_features=500, bias=True)
    (5): ReLU()
    (6): Dropout(p=0.30000000000000004, inplace=False)
    (7): Linear(in_features=500, out_features=1, bias=True)
  )
)
Number of parameters = 1,142,001
Moving model to cuda
Epoch 0
Loss = 2.1448e-02, PNorm = 47.8599, GNorm = 4.3424, lr_0 = 1.3694e-04
Loss = 1.9035e-02, PNorm = 47.8609, GNorm = 3.3026, lr_0 = 1.7052e-04
Loss = 1.8762e-02, PNorm = 47.8644, GNorm = 4.0364, lr_0 = 2.0410e-04
Loss = 1.8177e-02, PNorm = 47.8685, GNorm = 2.6870, lr_0 = 2.3769e-04
Loss = 1.6261e-02, PNorm = 47.8765, GNorm = 3.1027, lr_0 = 2.7127e-04
Loss = 1.6609e-02, PNorm = 47.8858, GNorm = 2.2962, lr_0 = 3.0485e-04
Loss = 1.4632e-02, PNorm = 47.8980, GNorm = 3.5910, lr_0 = 3.3843e-04
Loss = 1.3719e-02, PNorm = 47.9145, GNorm = 8.2467, lr_0 = 3.7201e-04
Loss = 1.1687e-02, PNorm = 47.9259, GNorm = 2.3799, lr_0 = 4.0560e-04
Loss = 8.9147e-03, PNorm = 47.9399, GNorm = 3.2186, lr_0 = 4.3918e-04
Loss = 9.1276e-03, PNorm = 47.9514, GNorm = 2.3971, lr_0 = 4.7276e-04
Loss = 1.0252e-02, PNorm = 47.9653, GNorm = 7.9787, lr_0 = 5.0634e-04
Loss = 1.1225e-02, PNorm = 47.9818, GNorm = 3.2477, lr_0 = 5.3993e-04
Validation rmse = 1.500486
Epoch 1
Loss = 8.2828e-03, PNorm = 48.0021, GNorm = 6.1682, lr_0 = 5.7687e-04
Loss = 7.3196e-03, PNorm = 48.0203, GNorm = 3.9660, lr_0 = 6.1045e-04
Loss = 9.4944e-03, PNorm = 48.0356, GNorm = 2.4656, lr_0 = 6.4403e-04
Loss = 8.0534e-03, PNorm = 48.0564, GNorm = 3.4771, lr_0 = 6.7761e-04
Loss = 7.8740e-03, PNorm = 48.0720, GNorm = 1.9525, lr_0 = 7.1119e-04
Loss = 9.1921e-03, PNorm = 48.0983, GNorm = 1.2827, lr_0 = 7.4478e-04
Loss = 7.3603e-03, PNorm = 48.1185, GNorm = 6.9970, lr_0 = 7.7836e-04
Loss = 8.2363e-03, PNorm = 48.1395, GNorm = 4.2431, lr_0 = 8.1194e-04
Loss = 8.8955e-03, PNorm = 48.1790, GNorm = 2.8985, lr_0 = 8.4552e-04
Loss = 1.1371e-02, PNorm = 48.2291, GNorm = 1.9289, lr_0 = 8.7910e-04
Loss = 1.2283e-02, PNorm = 48.3034, GNorm = 6.4978, lr_0 = 9.1269e-04
Loss = 9.1986e-03, PNorm = 48.3688, GNorm = 3.5256, lr_0 = 9.4627e-04
Loss = 8.2988e-03, PNorm = 48.4209, GNorm = 5.4204, lr_0 = 9.7985e-04
Validation rmse = 1.696757
Epoch 2
Loss = 8.7969e-03, PNorm = 48.4694, GNorm = 2.9614, lr_0 = 9.9694e-04
Loss = 7.4149e-03, PNorm = 48.5011, GNorm = 1.5885, lr_0 = 9.9084e-04
Loss = 8.0977e-03, PNorm = 48.5305, GNorm = 4.2793, lr_0 = 9.8477e-04
Loss = 7.4780e-03, PNorm = 48.5555, GNorm = 1.9657, lr_0 = 9.7875e-04
Loss = 7.3494e-03, PNorm = 48.5807, GNorm = 3.8036, lr_0 = 9.7276e-04
Loss = 7.1749e-03, PNorm = 48.6023, GNorm = 2.1312, lr_0 = 9.6681e-04
Loss = 6.6936e-03, PNorm = 48.6260, GNorm = 4.8402, lr_0 = 9.6089e-04
Loss = 5.8646e-03, PNorm = 48.6463, GNorm = 4.4680, lr_0 = 9.5502e-04
Loss = 5.2511e-03, PNorm = 48.6686, GNorm = 3.7048, lr_0 = 9.4917e-04
Loss = 6.8017e-03, PNorm = 48.6879, GNorm = 3.3331, lr_0 = 9.4337e-04
Loss = 5.8005e-03, PNorm = 48.7071, GNorm = 4.0377, lr_0 = 9.3759e-04
Loss = 8.0518e-03, PNorm = 48.7289, GNorm = 1.9462, lr_0 = 9.3186e-04
Loss = 6.5510e-03, PNorm = 48.7703, GNorm = 3.1552, lr_0 = 9.2616e-04
Loss = 5.9982e-03, PNorm = 48.7955, GNorm = 1.3791, lr_0 = 9.2049e-04
Validation rmse = 1.385290
Epoch 3
Loss = 7.1091e-03, PNorm = 48.8264, GNorm = 3.5522, lr_0 = 9.1486e-04
Loss = 6.0901e-03, PNorm = 48.8488, GNorm = 1.8305, lr_0 = 9.0926e-04
Loss = 5.3903e-03, PNorm = 48.8750, GNorm = 1.6398, lr_0 = 9.0370e-04
Loss = 5.6507e-03, PNorm = 48.8936, GNorm = 4.2327, lr_0 = 8.9817e-04
Loss = 5.7270e-03, PNorm = 48.9109, GNorm = 2.5681, lr_0 = 8.9267e-04
Loss = 6.1813e-03, PNorm = 48.9320, GNorm = 3.4295, lr_0 = 8.8721e-04
Loss = 4.9634e-03, PNorm = 48.9484, GNorm = 1.6699, lr_0 = 8.8178e-04
Loss = 4.4435e-03, PNorm = 48.9634, GNorm = 1.0958, lr_0 = 8.7639e-04
Loss = 5.4437e-03, PNorm = 48.9813, GNorm = 1.5461, lr_0 = 8.7103e-04
Loss = 5.9194e-03, PNorm = 48.9992, GNorm = 4.9220, lr_0 = 8.6570e-04
Loss = 4.5967e-03, PNorm = 49.0173, GNorm = 1.1219, lr_0 = 8.6040e-04
Loss = 5.3310e-03, PNorm = 49.0337, GNorm = 1.1808, lr_0 = 8.5514e-04
Loss = 6.0451e-03, PNorm = 49.0463, GNorm = 1.9791, lr_0 = 8.4991e-04
Validation rmse = 1.151353
Epoch 4
Loss = 3.9766e-03, PNorm = 49.0666, GNorm = 2.8815, lr_0 = 8.4419e-04
Loss = 4.7195e-03, PNorm = 49.0798, GNorm = 1.6233, lr_0 = 8.3902e-04
Loss = 4.3094e-03, PNorm = 49.0985, GNorm = 4.3908, lr_0 = 8.3389e-04
Loss = 5.0705e-03, PNorm = 49.1130, GNorm = 2.0274, lr_0 = 8.2879e-04
Loss = 4.7241e-03, PNorm = 49.1298, GNorm = 1.1294, lr_0 = 8.2372e-04
Loss = 5.3576e-03, PNorm = 49.1465, GNorm = 3.1797, lr_0 = 8.1868e-04
Loss = 5.9120e-03, PNorm = 49.1616, GNorm = 1.7524, lr_0 = 8.1367e-04
Loss = 5.9026e-03, PNorm = 49.1819, GNorm = 3.7635, lr_0 = 8.0869e-04
Loss = 4.8937e-03, PNorm = 49.2026, GNorm = 1.1149, lr_0 = 8.0374e-04
Loss = 5.7747e-03, PNorm = 49.2179, GNorm = 2.6609, lr_0 = 7.9883e-04
Loss = 4.8481e-03, PNorm = 49.2319, GNorm = 1.1826, lr_0 = 7.9394e-04
Loss = 4.9741e-03, PNorm = 49.2517, GNorm = 1.4512, lr_0 = 7.8908e-04
Loss = 6.2693e-03, PNorm = 49.2679, GNorm = 5.3734, lr_0 = 7.8425e-04
Loss = 4.7651e-03, PNorm = 49.2869, GNorm = 1.9075, lr_0 = 7.7945e-04
Validation rmse = 1.106243
Epoch 5
Loss = 4.6661e-03, PNorm = 49.3010, GNorm = 2.4311, lr_0 = 7.7469e-04
Loss = 4.0342e-03, PNorm = 49.3173, GNorm = 2.3068, lr_0 = 7.6995e-04
Loss = 4.7173e-03, PNorm = 49.3291, GNorm = 3.3240, lr_0 = 7.6524e-04
Loss = 4.7033e-03, PNorm = 49.3402, GNorm = 1.3521, lr_0 = 7.6055e-04
Loss = 4.9124e-03, PNorm = 49.3587, GNorm = 1.4104, lr_0 = 7.5590e-04
Loss = 4.3208e-03, PNorm = 49.3706, GNorm = 1.4851, lr_0 = 7.5128e-04
Loss = 5.6466e-03, PNorm = 49.3886, GNorm = 5.4606, lr_0 = 7.4668e-04
Loss = 5.0946e-03, PNorm = 49.4058, GNorm = 3.0798, lr_0 = 7.4211e-04
Loss = 4.3117e-03, PNorm = 49.4198, GNorm = 1.7058, lr_0 = 7.3757e-04
Loss = 5.1555e-03, PNorm = 49.4346, GNorm = 1.6290, lr_0 = 7.3306e-04
Loss = 4.2638e-03, PNorm = 49.4505, GNorm = 2.9743, lr_0 = 7.2857e-04
Loss = 4.5733e-03, PNorm = 49.4659, GNorm = 2.1730, lr_0 = 7.2412e-04
Loss = 4.5960e-03, PNorm = 49.4796, GNorm = 1.7477, lr_0 = 7.1969e-04
Validation rmse = 1.104115
Epoch 6
Loss = 4.6064e-03, PNorm = 49.4950, GNorm = 2.3545, lr_0 = 7.1484e-04
Loss = 4.8860e-03, PNorm = 49.5069, GNorm = 5.3723, lr_0 = 7.1047e-04
Loss = 4.7097e-03, PNorm = 49.5250, GNorm = 0.8120, lr_0 = 7.0612e-04
Loss = 4.9915e-03, PNorm = 49.5383, GNorm = 2.2252, lr_0 = 7.0180e-04
Loss = 4.4175e-03, PNorm = 49.5565, GNorm = 1.9883, lr_0 = 6.9751e-04
Loss = 4.6304e-03, PNorm = 49.5705, GNorm = 1.3131, lr_0 = 6.9324e-04
Loss = 5.5732e-03, PNorm = 49.5858, GNorm = 1.7857, lr_0 = 6.8900e-04
Loss = 4.1204e-03, PNorm = 49.5934, GNorm = 1.2941, lr_0 = 6.8479e-04
Loss = 4.3953e-03, PNorm = 49.6079, GNorm = 1.6904, lr_0 = 6.8060e-04
Loss = 4.6325e-03, PNorm = 49.6167, GNorm = 1.7097, lr_0 = 6.7643e-04
Loss = 4.6967e-03, PNorm = 49.6416, GNorm = 2.6257, lr_0 = 6.7229e-04
Loss = 4.2162e-03, PNorm = 49.6517, GNorm = 2.4516, lr_0 = 6.6818e-04
Loss = 4.3655e-03, PNorm = 49.6721, GNorm = 2.2036, lr_0 = 6.6409e-04
Loss = 4.6071e-03, PNorm = 49.6802, GNorm = 0.9020, lr_0 = 6.6003e-04
Loss = 1.0906e-02, PNorm = 49.6805, GNorm = 3.3136, lr_0 = 6.5962e-04
Validation rmse = 1.078145
Epoch 7
Loss = 3.5357e-03, PNorm = 49.6906, GNorm = 1.3997, lr_0 = 6.5559e-04
Loss = 4.8224e-03, PNorm = 49.7005, GNorm = 2.4928, lr_0 = 6.5158e-04
Loss = 4.6175e-03, PNorm = 49.7168, GNorm = 0.9703, lr_0 = 6.4759e-04
Loss = 4.5431e-03, PNorm = 49.7352, GNorm = 2.3876, lr_0 = 6.4363e-04
Loss = 4.5806e-03, PNorm = 49.7516, GNorm = 1.7214, lr_0 = 6.3969e-04
Loss = 3.7383e-03, PNorm = 49.7608, GNorm = 1.9340, lr_0 = 6.3578e-04
Loss = 3.9031e-03, PNorm = 49.7735, GNorm = 4.8714, lr_0 = 6.3189e-04
Loss = 4.7917e-03, PNorm = 49.7835, GNorm = 1.6419, lr_0 = 6.2802e-04
Loss = 5.1603e-03, PNorm = 49.8029, GNorm = 6.1378, lr_0 = 6.2418e-04
Loss = 4.3833e-03, PNorm = 49.8174, GNorm = 2.5875, lr_0 = 6.2036e-04
Loss = 3.9710e-03, PNorm = 49.8326, GNorm = 1.0596, lr_0 = 6.1656e-04
Loss = 4.5058e-03, PNorm = 49.8428, GNorm = 1.2543, lr_0 = 6.1279e-04
Loss = 3.8550e-03, PNorm = 49.8545, GNorm = 0.9662, lr_0 = 6.0904e-04
Validation rmse = 1.066962
Epoch 8
Loss = 4.2811e-03, PNorm = 49.8641, GNorm = 2.2234, lr_0 = 6.0532e-04
Loss = 4.5245e-03, PNorm = 49.8767, GNorm = 1.2661, lr_0 = 6.0161e-04
Loss = 3.8249e-03, PNorm = 49.8856, GNorm = 1.9573, lr_0 = 5.9793e-04
Loss = 4.4932e-03, PNorm = 49.8938, GNorm = 2.9478, lr_0 = 5.9427e-04
Loss = 4.3003e-03, PNorm = 49.9109, GNorm = 5.1788, lr_0 = 5.9064e-04
Loss = 3.7414e-03, PNorm = 49.9235, GNorm = 1.6665, lr_0 = 5.8703e-04
Loss = 3.7403e-03, PNorm = 49.9351, GNorm = 0.7077, lr_0 = 5.8343e-04
Loss = 4.2254e-03, PNorm = 49.9506, GNorm = 4.1476, lr_0 = 5.7986e-04
Loss = 4.0210e-03, PNorm = 49.9636, GNorm = 3.3571, lr_0 = 5.7632e-04
Loss = 3.9168e-03, PNorm = 49.9774, GNorm = 0.8486, lr_0 = 5.7279e-04
Loss = 3.8556e-03, PNorm = 49.9901, GNorm = 1.8085, lr_0 = 5.6929e-04
Loss = 4.3432e-03, PNorm = 50.0041, GNorm = 2.9425, lr_0 = 5.6580e-04
Loss = 3.7580e-03, PNorm = 50.0161, GNorm = 1.6770, lr_0 = 5.6234e-04
Validation rmse = 1.348595
Epoch 9
Loss = 3.3333e-03, PNorm = 50.0275, GNorm = 0.6821, lr_0 = 5.5856e-04
Loss = 3.8433e-03, PNorm = 50.0403, GNorm = 0.8625, lr_0 = 5.5514e-04
Loss = 4.2624e-03, PNorm = 50.0505, GNorm = 0.8543, lr_0 = 5.5174e-04
Loss = 4.1059e-03, PNorm = 50.0631, GNorm = 1.9957, lr_0 = 5.4837e-04
Loss = 2.8845e-03, PNorm = 50.0725, GNorm = 0.8942, lr_0 = 5.4501e-04
Loss = 3.8078e-03, PNorm = 50.0820, GNorm = 1.6683, lr_0 = 5.4168e-04
Loss = 3.6663e-03, PNorm = 50.0920, GNorm = 2.8988, lr_0 = 5.3836e-04
Loss = 3.3781e-03, PNorm = 50.0990, GNorm = 1.4491, lr_0 = 5.3507e-04
Loss = 3.8197e-03, PNorm = 50.1099, GNorm = 1.1432, lr_0 = 5.3180e-04
Loss = 3.5985e-03, PNorm = 50.1237, GNorm = 2.3823, lr_0 = 5.2854e-04
Loss = 3.2224e-03, PNorm = 50.1326, GNorm = 1.1215, lr_0 = 5.2531e-04
Loss = 4.2486e-03, PNorm = 50.1434, GNorm = 1.5318, lr_0 = 5.2210e-04
Loss = 3.9850e-03, PNorm = 50.1527, GNorm = 1.7213, lr_0 = 5.1890e-04
Loss = 3.8283e-03, PNorm = 50.1664, GNorm = 1.4374, lr_0 = 5.1573e-04
Validation rmse = 1.041715
Epoch 10
Loss = 3.1545e-03, PNorm = 50.1763, GNorm = 1.8063, lr_0 = 5.1257e-04
Loss = 3.3310e-03, PNorm = 50.1831, GNorm = 0.8531, lr_0 = 5.0944e-04
Loss = 3.5612e-03, PNorm = 50.1871, GNorm = 1.6840, lr_0 = 5.0632e-04
Loss = 3.3689e-03, PNorm = 50.1976, GNorm = 0.8378, lr_0 = 5.0322e-04
Loss = 3.7010e-03, PNorm = 50.2052, GNorm = 1.1319, lr_0 = 5.0014e-04
Loss = 3.8447e-03, PNorm = 50.2136, GNorm = 1.4493, lr_0 = 4.9708e-04
Loss = 3.6029e-03, PNorm = 50.2235, GNorm = 1.9016, lr_0 = 4.9404e-04
Loss = 4.0397e-03, PNorm = 50.2327, GNorm = 1.1787, lr_0 = 4.9102e-04
Loss = 3.6283e-03, PNorm = 50.2427, GNorm = 1.1463, lr_0 = 4.8801e-04
Loss = 4.2064e-03, PNorm = 50.2527, GNorm = 0.9222, lr_0 = 4.8503e-04
Loss = 3.2566e-03, PNorm = 50.2613, GNorm = 0.9619, lr_0 = 4.8206e-04
Loss = 4.1072e-03, PNorm = 50.2722, GNorm = 2.0079, lr_0 = 4.7911e-04
Loss = 2.9130e-03, PNorm = 50.2831, GNorm = 1.4318, lr_0 = 4.7618e-04
Validation rmse = 1.086978
Epoch 11
Loss = 3.4512e-03, PNorm = 50.2899, GNorm = 1.8387, lr_0 = 4.7298e-04
Loss = 3.2125e-03, PNorm = 50.3010, GNorm = 1.0921, lr_0 = 4.7008e-04
Loss = 4.0172e-03, PNorm = 50.3095, GNorm = 3.4194, lr_0 = 4.6721e-04
Loss = 3.0708e-03, PNorm = 50.3210, GNorm = 1.0714, lr_0 = 4.6435e-04
Loss = 3.2795e-03, PNorm = 50.3320, GNorm = 1.2878, lr_0 = 4.6151e-04
Loss = 3.4836e-03, PNorm = 50.3401, GNorm = 0.9281, lr_0 = 4.5868e-04
Loss = 3.8213e-03, PNorm = 50.3472, GNorm = 4.7533, lr_0 = 4.5588e-04
Loss = 4.2930e-03, PNorm = 50.3521, GNorm = 2.8839, lr_0 = 4.5309e-04
Loss = 3.4277e-03, PNorm = 50.3603, GNorm = 1.3948, lr_0 = 4.5032e-04
Loss = 3.2621e-03, PNorm = 50.3670, GNorm = 1.0107, lr_0 = 4.4756e-04
Loss = 4.3738e-03, PNorm = 50.3782, GNorm = 1.0038, lr_0 = 4.4482e-04
Loss = 3.2584e-03, PNorm = 50.3885, GNorm = 2.0503, lr_0 = 4.4210e-04
Loss = 3.3192e-03, PNorm = 50.4008, GNorm = 1.8100, lr_0 = 4.3940e-04
Loss = 3.9483e-03, PNorm = 50.4069, GNorm = 1.8350, lr_0 = 4.3671e-04
Validation rmse = 1.037711
Epoch 12
Loss = 3.6311e-03, PNorm = 50.4185, GNorm = 2.0006, lr_0 = 4.3377e-04
Loss = 3.0587e-03, PNorm = 50.4226, GNorm = 2.5477, lr_0 = 4.3112e-04
Loss = 3.5290e-03, PNorm = 50.4288, GNorm = 1.3582, lr_0 = 4.2848e-04
Loss = 3.4781e-03, PNorm = 50.4388, GNorm = 0.8009, lr_0 = 4.2586e-04
Loss = 3.4673e-03, PNorm = 50.4466, GNorm = 2.4744, lr_0 = 4.2325e-04
Loss = 3.5781e-03, PNorm = 50.4569, GNorm = 1.1673, lr_0 = 4.2066e-04
Loss = 3.4960e-03, PNorm = 50.4637, GNorm = 1.7928, lr_0 = 4.1809e-04
Loss = 3.5302e-03, PNorm = 50.4772, GNorm = 1.2637, lr_0 = 4.1553e-04
Loss = 3.3817e-03, PNorm = 50.4818, GNorm = 1.1429, lr_0 = 4.1299e-04
Loss = 3.2107e-03, PNorm = 50.4913, GNorm = 1.6940, lr_0 = 4.1046e-04
Loss = 3.1470e-03, PNorm = 50.4984, GNorm = 1.4096, lr_0 = 4.0795e-04
Loss = 4.0865e-03, PNorm = 50.5037, GNorm = 2.4946, lr_0 = 4.0545e-04
Loss = 3.8455e-03, PNorm = 50.5122, GNorm = 1.6757, lr_0 = 4.0297e-04
Validation rmse = 1.109569
Epoch 13
Loss = 3.3949e-03, PNorm = 50.5210, GNorm = 2.9272, lr_0 = 4.0051e-04
Loss = 3.2243e-03, PNorm = 50.5315, GNorm = 2.6663, lr_0 = 3.9806e-04
Loss = 3.2763e-03, PNorm = 50.5386, GNorm = 1.8209, lr_0 = 3.9562e-04
Loss = 3.1618e-03, PNorm = 50.5452, GNorm = 1.2376, lr_0 = 3.9320e-04
Loss = 3.3853e-03, PNorm = 50.5519, GNorm = 1.5159, lr_0 = 3.9080e-04
Loss = 3.4566e-03, PNorm = 50.5545, GNorm = 1.8728, lr_0 = 3.8841e-04
Loss = 2.9933e-03, PNorm = 50.5627, GNorm = 1.2951, lr_0 = 3.8603e-04
Loss = 3.7891e-03, PNorm = 50.5679, GNorm = 1.3034, lr_0 = 3.8367e-04
Loss = 3.1966e-03, PNorm = 50.5752, GNorm = 0.9974, lr_0 = 3.8132e-04
Loss = 2.9349e-03, PNorm = 50.5817, GNorm = 1.0436, lr_0 = 3.7899e-04
Loss = 3.4801e-03, PNorm = 50.5866, GNorm = 1.8245, lr_0 = 3.7667e-04
Loss = 3.0402e-03, PNorm = 50.5923, GNorm = 0.7607, lr_0 = 3.7436e-04
Loss = 3.3071e-03, PNorm = 50.6005, GNorm = 1.7147, lr_0 = 3.7207e-04
Loss = 3.8082e-03, PNorm = 50.6125, GNorm = 1.0316, lr_0 = 3.6980e-04
Validation rmse = 1.040030
Epoch 14
Loss = 3.2257e-03, PNorm = 50.6215, GNorm = 1.0804, lr_0 = 3.6731e-04
Loss = 3.1406e-03, PNorm = 50.6311, GNorm = 1.6397, lr_0 = 3.6506e-04
Loss = 2.7130e-03, PNorm = 50.6389, GNorm = 1.0957, lr_0 = 3.6283e-04
Loss = 3.2160e-03, PNorm = 50.6404, GNorm = 2.3731, lr_0 = 3.6061e-04
Loss = 2.7149e-03, PNorm = 50.6452, GNorm = 1.1447, lr_0 = 3.5840e-04
Loss = 3.2447e-03, PNorm = 50.6501, GNorm = 2.4947, lr_0 = 3.5621e-04
Loss = 3.2450e-03, PNorm = 50.6548, GNorm = 1.3479, lr_0 = 3.5403e-04
Loss = 3.5755e-03, PNorm = 50.6616, GNorm = 1.9737, lr_0 = 3.5186e-04
Loss = 4.5882e-03, PNorm = 50.6688, GNorm = 2.1645, lr_0 = 3.4971e-04
Loss = 4.0659e-03, PNorm = 50.6734, GNorm = 1.5399, lr_0 = 3.4757e-04
Loss = 2.9297e-03, PNorm = 50.6811, GNorm = 1.0666, lr_0 = 3.4545e-04
Loss = 3.4855e-03, PNorm = 50.6881, GNorm = 1.5281, lr_0 = 3.4333e-04
Loss = 2.8799e-03, PNorm = 50.6958, GNorm = 2.6115, lr_0 = 3.4123e-04
Validation rmse = 1.183637
Epoch 15
Loss = 4.2967e-03, PNorm = 50.7027, GNorm = 1.8995, lr_0 = 3.3914e-04
Loss = 3.4949e-03, PNorm = 50.7153, GNorm = 1.4395, lr_0 = 3.3707e-04
Loss = 3.2096e-03, PNorm = 50.7261, GNorm = 3.1685, lr_0 = 3.3501e-04
Loss = 2.9946e-03, PNorm = 50.7311, GNorm = 1.7568, lr_0 = 3.3296e-04
Loss = 3.5949e-03, PNorm = 50.7405, GNorm = 0.9870, lr_0 = 3.3092e-04
Loss = 2.9012e-03, PNorm = 50.7483, GNorm = 0.7806, lr_0 = 3.2890e-04
Loss = 3.5241e-03, PNorm = 50.7570, GNorm = 2.0094, lr_0 = 3.2688e-04
Loss = 3.3116e-03, PNorm = 50.7633, GNorm = 1.4371, lr_0 = 3.2488e-04
Loss = 3.1458e-03, PNorm = 50.7617, GNorm = 0.6966, lr_0 = 3.2290e-04
Loss = 3.0773e-03, PNorm = 50.7696, GNorm = 1.0118, lr_0 = 3.2092e-04
Loss = 3.2551e-03, PNorm = 50.7747, GNorm = 0.9675, lr_0 = 3.1896e-04
Loss = 3.4517e-03, PNorm = 50.7805, GNorm = 1.1136, lr_0 = 3.1700e-04
Loss = 3.1352e-03, PNorm = 50.7855, GNorm = 1.9253, lr_0 = 3.1507e-04
Loss = 2.7682e-03, PNorm = 50.7915, GNorm = 0.9887, lr_0 = 3.1314e-04
Loss = 6.3904e-03, PNorm = 50.7922, GNorm = 1.2248, lr_0 = 3.1295e-04
Validation rmse = 0.997297
Epoch 16
Loss = 2.5213e-03, PNorm = 50.8003, GNorm = 0.8711, lr_0 = 3.1103e-04
Loss = 3.4898e-03, PNorm = 50.8068, GNorm = 1.2200, lr_0 = 3.0913e-04
Loss = 2.8048e-03, PNorm = 50.8128, GNorm = 1.1147, lr_0 = 3.0724e-04
Loss = 3.6754e-03, PNorm = 50.8191, GNorm = 1.6669, lr_0 = 3.0536e-04
Loss = 2.7826e-03, PNorm = 50.8226, GNorm = 1.1320, lr_0 = 3.0349e-04
Loss = 3.1597e-03, PNorm = 50.8270, GNorm = 0.8182, lr_0 = 3.0163e-04
Loss = 2.9855e-03, PNorm = 50.8296, GNorm = 1.8543, lr_0 = 2.9979e-04
Loss = 3.2321e-03, PNorm = 50.8311, GNorm = 1.8900, lr_0 = 2.9795e-04
Loss = 3.0107e-03, PNorm = 50.8396, GNorm = 1.0902, lr_0 = 2.9613e-04
Loss = 3.0264e-03, PNorm = 50.8465, GNorm = 1.4645, lr_0 = 2.9432e-04
Loss = 2.8161e-03, PNorm = 50.8511, GNorm = 1.6290, lr_0 = 2.9252e-04
Loss = 3.3743e-03, PNorm = 50.8586, GNorm = 1.4184, lr_0 = 2.9073e-04
Loss = 3.2013e-03, PNorm = 50.8652, GNorm = 1.4225, lr_0 = 2.8895e-04
Validation rmse = 1.048423
Epoch 17
Loss = 3.1317e-03, PNorm = 50.8676, GNorm = 1.0556, lr_0 = 2.8700e-04
Loss = 2.9394e-03, PNorm = 50.8729, GNorm = 0.8257, lr_0 = 2.8525e-04
Loss = 3.1069e-03, PNorm = 50.8778, GNorm = 1.8046, lr_0 = 2.8350e-04
Loss = 2.8809e-03, PNorm = 50.8808, GNorm = 1.3336, lr_0 = 2.8177e-04
Loss = 3.0553e-03, PNorm = 50.8847, GNorm = 2.2237, lr_0 = 2.8005e-04
Loss = 3.0286e-03, PNorm = 50.8885, GNorm = 1.1031, lr_0 = 2.7833e-04
Loss = 3.2784e-03, PNorm = 50.8952, GNorm = 1.3990, lr_0 = 2.7663e-04
Loss = 3.7890e-03, PNorm = 50.9013, GNorm = 2.6881, lr_0 = 2.7494e-04
Loss = 3.4011e-03, PNorm = 50.9093, GNorm = 3.0809, lr_0 = 2.7325e-04
Loss = 3.1909e-03, PNorm = 50.9166, GNorm = 1.0928, lr_0 = 2.7158e-04
Loss = 3.1293e-03, PNorm = 50.9177, GNorm = 1.3783, lr_0 = 2.6992e-04
Loss = 3.5288e-03, PNorm = 50.9259, GNorm = 3.2576, lr_0 = 2.6827e-04
Loss = 2.9705e-03, PNorm = 50.9334, GNorm = 0.8152, lr_0 = 2.6663e-04
Validation rmse = 1.002415
Epoch 18
Loss = 2.7013e-03, PNorm = 50.9364, GNorm = 1.7867, lr_0 = 2.6500e-04
Loss = 2.9542e-03, PNorm = 50.9402, GNorm = 0.8188, lr_0 = 2.6338e-04
Loss = 2.8168e-03, PNorm = 50.9467, GNorm = 0.9365, lr_0 = 2.6176e-04
Loss = 2.9896e-03, PNorm = 50.9528, GNorm = 1.5373, lr_0 = 2.6016e-04
Loss = 3.1178e-03, PNorm = 50.9585, GNorm = 1.2148, lr_0 = 2.5857e-04
Loss = 2.9781e-03, PNorm = 50.9655, GNorm = 1.0766, lr_0 = 2.5699e-04
Loss = 2.8907e-03, PNorm = 50.9693, GNorm = 1.6772, lr_0 = 2.5542e-04
Loss = 2.9753e-03, PNorm = 50.9734, GNorm = 1.0423, lr_0 = 2.5385e-04
Loss = 2.6708e-03, PNorm = 50.9725, GNorm = 1.6693, lr_0 = 2.5230e-04
Loss = 3.4376e-03, PNorm = 50.9761, GNorm = 1.2123, lr_0 = 2.5076e-04
Loss = 3.1047e-03, PNorm = 50.9814, GNorm = 1.4738, lr_0 = 2.4922e-04
Loss = 2.7781e-03, PNorm = 50.9866, GNorm = 1.4184, lr_0 = 2.4770e-04
Loss = 3.3542e-03, PNorm = 50.9929, GNorm = 0.9674, lr_0 = 2.4618e-04
Loss = 3.1440e-03, PNorm = 50.9966, GNorm = 1.0730, lr_0 = 2.4468e-04
Validation rmse = 1.053300
Epoch 19
Loss = 2.7808e-03, PNorm = 51.0020, GNorm = 1.6075, lr_0 = 2.4303e-04
Loss = 2.5948e-03, PNorm = 51.0070, GNorm = 1.0919, lr_0 = 2.4154e-04
Loss = 2.7813e-03, PNorm = 51.0113, GNorm = 0.9164, lr_0 = 2.4007e-04
Loss = 3.1977e-03, PNorm = 51.0157, GNorm = 1.1848, lr_0 = 2.3860e-04
Loss = 3.0257e-03, PNorm = 51.0197, GNorm = 1.1956, lr_0 = 2.3714e-04
Loss = 3.1148e-03, PNorm = 51.0201, GNorm = 1.3140, lr_0 = 2.3569e-04
Loss = 2.6345e-03, PNorm = 51.0230, GNorm = 0.7191, lr_0 = 2.3424e-04
Loss = 2.9617e-03, PNorm = 51.0288, GNorm = 1.9966, lr_0 = 2.3281e-04
Loss = 3.2642e-03, PNorm = 51.0322, GNorm = 1.0316, lr_0 = 2.3139e-04
Loss = 3.0071e-03, PNorm = 51.0372, GNorm = 1.4844, lr_0 = 2.2997e-04
Loss = 3.1479e-03, PNorm = 51.0429, GNorm = 1.3860, lr_0 = 2.2856e-04
Loss = 3.0825e-03, PNorm = 51.0466, GNorm = 1.6444, lr_0 = 2.2717e-04
Loss = 2.3344e-03, PNorm = 51.0512, GNorm = 1.0575, lr_0 = 2.2578e-04
Validation rmse = 1.084797
Epoch 20
Loss = 2.7654e-03, PNorm = 51.0559, GNorm = 0.8120, lr_0 = 2.2439e-04
Loss = 2.3698e-03, PNorm = 51.0601, GNorm = 1.4141, lr_0 = 2.2302e-04
Loss = 2.5897e-03, PNorm = 51.0611, GNorm = 1.9878, lr_0 = 2.2166e-04
Loss = 3.2551e-03, PNorm = 51.0632, GNorm = 1.7048, lr_0 = 2.2030e-04
Loss = 3.3640e-03, PNorm = 51.0691, GNorm = 1.8100, lr_0 = 2.1895e-04
Loss = 2.7888e-03, PNorm = 51.0724, GNorm = 0.8654, lr_0 = 2.1761e-04
Loss = 2.9644e-03, PNorm = 51.0786, GNorm = 0.8849, lr_0 = 2.1628e-04
Loss = 3.2171e-03, PNorm = 51.0847, GNorm = 1.9694, lr_0 = 2.1496e-04
Loss = 2.7159e-03, PNorm = 51.0875, GNorm = 0.6186, lr_0 = 2.1364e-04
Loss = 3.0034e-03, PNorm = 51.0930, GNorm = 1.4933, lr_0 = 2.1234e-04
Loss = 2.6047e-03, PNorm = 51.0969, GNorm = 1.4038, lr_0 = 2.1104e-04
Loss = 2.5806e-03, PNorm = 51.1000, GNorm = 0.8103, lr_0 = 2.0975e-04
Loss = 2.8280e-03, PNorm = 51.1033, GNorm = 0.8806, lr_0 = 2.0846e-04
Loss = 2.7897e-03, PNorm = 51.1060, GNorm = 1.5369, lr_0 = 2.0719e-04
Validation rmse = 1.018662
Epoch 21
Loss = 2.6415e-03, PNorm = 51.1097, GNorm = 1.7110, lr_0 = 2.0579e-04
Loss = 2.6919e-03, PNorm = 51.1120, GNorm = 1.2116, lr_0 = 2.0453e-04
Loss = 2.9663e-03, PNorm = 51.1157, GNorm = 0.9023, lr_0 = 2.0328e-04
Loss = 2.9535e-03, PNorm = 51.1189, GNorm = 1.9520, lr_0 = 2.0204e-04
Loss = 2.8425e-03, PNorm = 51.1238, GNorm = 0.8597, lr_0 = 2.0080e-04
Loss = 2.7756e-03, PNorm = 51.1273, GNorm = 0.9528, lr_0 = 1.9958e-04
Loss = 2.5231e-03, PNorm = 51.1313, GNorm = 1.5120, lr_0 = 1.9835e-04
Loss = 2.7586e-03, PNorm = 51.1349, GNorm = 0.7639, lr_0 = 1.9714e-04
Loss = 2.7606e-03, PNorm = 51.1384, GNorm = 1.6405, lr_0 = 1.9593e-04
Loss = 2.9116e-03, PNorm = 51.1410, GNorm = 1.1279, lr_0 = 1.9474e-04
Loss = 2.6991e-03, PNorm = 51.1431, GNorm = 0.9410, lr_0 = 1.9354e-04
Loss = 2.7526e-03, PNorm = 51.1477, GNorm = 1.8018, lr_0 = 1.9236e-04
Loss = 2.9628e-03, PNorm = 51.1510, GNorm = 1.4099, lr_0 = 1.9118e-04
Validation rmse = 1.074684
Epoch 22
Loss = 2.6558e-03, PNorm = 51.1547, GNorm = 1.3163, lr_0 = 1.8990e-04
Loss = 2.8469e-03, PNorm = 51.1588, GNorm = 1.2502, lr_0 = 1.8874e-04
Loss = 2.7604e-03, PNorm = 51.1620, GNorm = 1.2916, lr_0 = 1.8758e-04
Loss = 2.4173e-03, PNorm = 51.1635, GNorm = 0.6695, lr_0 = 1.8643e-04
Loss = 2.4152e-03, PNorm = 51.1676, GNorm = 1.5235, lr_0 = 1.8529e-04
Loss = 3.3201e-03, PNorm = 51.1706, GNorm = 1.5144, lr_0 = 1.8416e-04
Loss = 2.5587e-03, PNorm = 51.1755, GNorm = 0.8317, lr_0 = 1.8303e-04
Loss = 2.2949e-03, PNorm = 51.1779, GNorm = 1.1474, lr_0 = 1.8191e-04
Loss = 2.6367e-03, PNorm = 51.1802, GNorm = 0.7854, lr_0 = 1.8080e-04
Loss = 3.1231e-03, PNorm = 51.1835, GNorm = 1.6644, lr_0 = 1.7969e-04
Loss = 2.7281e-03, PNorm = 51.1869, GNorm = 1.6188, lr_0 = 1.7859e-04
Loss = 2.8768e-03, PNorm = 51.1891, GNorm = 1.2729, lr_0 = 1.7750e-04
Loss = 2.4674e-03, PNorm = 51.1936, GNorm = 0.7311, lr_0 = 1.7641e-04
Loss = 2.5809e-03, PNorm = 51.1964, GNorm = 1.5951, lr_0 = 1.7534e-04
Validation rmse = 1.063812
Epoch 23
Loss = 2.6636e-03, PNorm = 51.1982, GNorm = 0.9586, lr_0 = 1.7426e-04
Loss = 2.5670e-03, PNorm = 51.2012, GNorm = 0.8588, lr_0 = 1.7320e-04
Loss = 2.8454e-03, PNorm = 51.2038, GNorm = 0.8233, lr_0 = 1.7214e-04
Loss = 3.0188e-03, PNorm = 51.2076, GNorm = 0.9022, lr_0 = 1.7108e-04
Loss = 2.7187e-03, PNorm = 51.2147, GNorm = 1.0305, lr_0 = 1.7004e-04
Loss = 2.4938e-03, PNorm = 51.2150, GNorm = 1.3958, lr_0 = 1.6900e-04
Loss = 2.7100e-03, PNorm = 51.2180, GNorm = 1.9210, lr_0 = 1.6796e-04
Loss = 2.9933e-03, PNorm = 51.2218, GNorm = 0.8198, lr_0 = 1.6694e-04
Loss = 2.6672e-03, PNorm = 51.2223, GNorm = 2.3041, lr_0 = 1.6591e-04
Loss = 2.6702e-03, PNorm = 51.2240, GNorm = 0.9579, lr_0 = 1.6490e-04
Loss = 2.9562e-03, PNorm = 51.2253, GNorm = 1.0887, lr_0 = 1.6389e-04
Loss = 2.9310e-03, PNorm = 51.2275, GNorm = 2.9216, lr_0 = 1.6289e-04
Loss = 3.0421e-03, PNorm = 51.2323, GNorm = 0.9661, lr_0 = 1.6189e-04
Validation rmse = 1.033236
Epoch 24
Loss = 2.2118e-03, PNorm = 51.2344, GNorm = 1.5012, lr_0 = 1.6080e-04
Loss = 2.1251e-03, PNorm = 51.2368, GNorm = 1.4447, lr_0 = 1.5982e-04
Loss = 2.8715e-03, PNorm = 51.2405, GNorm = 2.0080, lr_0 = 1.5884e-04
Loss = 2.8085e-03, PNorm = 51.2447, GNorm = 0.7738, lr_0 = 1.5787e-04
Loss = 2.8817e-03, PNorm = 51.2490, GNorm = 1.0289, lr_0 = 1.5690e-04
Loss = 2.4926e-03, PNorm = 51.2512, GNorm = 1.0707, lr_0 = 1.5594e-04
Loss = 2.4704e-03, PNorm = 51.2534, GNorm = 1.1227, lr_0 = 1.5499e-04
Loss = 2.3346e-03, PNorm = 51.2553, GNorm = 1.9852, lr_0 = 1.5404e-04
Loss = 2.6643e-03, PNorm = 51.2561, GNorm = 1.8533, lr_0 = 1.5310e-04
Loss = 3.1527e-03, PNorm = 51.2595, GNorm = 1.5508, lr_0 = 1.5216e-04
Loss = 2.8764e-03, PNorm = 51.2636, GNorm = 1.2567, lr_0 = 1.5123e-04
Loss = 2.8789e-03, PNorm = 51.2637, GNorm = 0.9143, lr_0 = 1.5030e-04
Loss = 3.0951e-03, PNorm = 51.2664, GNorm = 1.6222, lr_0 = 1.4939e-04
Loss = 3.0450e-03, PNorm = 51.2686, GNorm = 1.4742, lr_0 = 1.4847e-04
Validation rmse = 1.016678
Epoch 25
Loss = 2.6751e-03, PNorm = 51.2725, GNorm = 1.1823, lr_0 = 1.4756e-04
Loss = 2.6440e-03, PNorm = 51.2750, GNorm = 1.1894, lr_0 = 1.4666e-04
Loss = 2.5037e-03, PNorm = 51.2760, GNorm = 0.9039, lr_0 = 1.4576e-04
Loss = 2.5050e-03, PNorm = 51.2787, GNorm = 0.9867, lr_0 = 1.4487e-04
Loss = 2.9244e-03, PNorm = 51.2799, GNorm = 1.1306, lr_0 = 1.4398e-04
Loss = 2.7831e-03, PNorm = 51.2830, GNorm = 0.9715, lr_0 = 1.4310e-04
Loss = 2.5268e-03, PNorm = 51.2868, GNorm = 1.1665, lr_0 = 1.4223e-04
Loss = 2.1478e-03, PNorm = 51.2897, GNorm = 1.6209, lr_0 = 1.4136e-04
Loss = 3.1806e-03, PNorm = 51.2920, GNorm = 1.3846, lr_0 = 1.4049e-04
Loss = 2.3890e-03, PNorm = 51.2940, GNorm = 1.7563, lr_0 = 1.3963e-04
Loss = 2.6465e-03, PNorm = 51.2990, GNorm = 1.4084, lr_0 = 1.3878e-04
Loss = 2.9345e-03, PNorm = 51.3006, GNorm = 1.3029, lr_0 = 1.3793e-04
Loss = 2.8697e-03, PNorm = 51.3035, GNorm = 1.1094, lr_0 = 1.3709e-04
Validation rmse = 1.028714
Epoch 26
Loss = 2.7005e-03, PNorm = 51.3062, GNorm = 1.4959, lr_0 = 1.3616e-04
Loss = 2.9120e-03, PNorm = 51.3100, GNorm = 0.7872, lr_0 = 1.3533e-04
Loss = 2.3706e-03, PNorm = 51.3126, GNorm = 1.1619, lr_0 = 1.3450e-04
Loss = 2.6732e-03, PNorm = 51.3130, GNorm = 1.1015, lr_0 = 1.3368e-04
Loss = 2.8569e-03, PNorm = 51.3164, GNorm = 0.8611, lr_0 = 1.3286e-04
Loss = 2.6214e-03, PNorm = 51.3183, GNorm = 0.9110, lr_0 = 1.3205e-04
Loss = 2.5345e-03, PNorm = 51.3196, GNorm = 0.8522, lr_0 = 1.3124e-04
Loss = 2.5348e-03, PNorm = 51.3225, GNorm = 1.2087, lr_0 = 1.3044e-04
Loss = 2.8034e-03, PNorm = 51.3257, GNorm = 2.6551, lr_0 = 1.2964e-04
Loss = 2.4634e-03, PNorm = 51.3259, GNorm = 0.7182, lr_0 = 1.2885e-04
Loss = 3.0300e-03, PNorm = 51.3281, GNorm = 0.8942, lr_0 = 1.2806e-04
Loss = 2.3629e-03, PNorm = 51.3299, GNorm = 0.7208, lr_0 = 1.2728e-04
Loss = 2.5011e-03, PNorm = 51.3324, GNorm = 0.8792, lr_0 = 1.2650e-04
Validation rmse = 1.058378
Epoch 27
Loss = 1.9898e-03, PNorm = 51.3350, GNorm = 0.7576, lr_0 = 1.2565e-04
Loss = 2.5482e-03, PNorm = 51.3373, GNorm = 2.2311, lr_0 = 1.2488e-04
Loss = 2.7983e-03, PNorm = 51.3383, GNorm = 1.8561, lr_0 = 1.2411e-04
Loss = 2.8194e-03, PNorm = 51.3387, GNorm = 0.9195, lr_0 = 1.2335e-04
Loss = 2.4551e-03, PNorm = 51.3396, GNorm = 1.6583, lr_0 = 1.2260e-04
Loss = 2.6130e-03, PNorm = 51.3423, GNorm = 0.9540, lr_0 = 1.2185e-04
Loss = 2.5507e-03, PNorm = 51.3443, GNorm = 1.0147, lr_0 = 1.2110e-04
Loss = 2.6478e-03, PNorm = 51.3473, GNorm = 1.5042, lr_0 = 1.2036e-04
Loss = 2.4367e-03, PNorm = 51.3487, GNorm = 1.2088, lr_0 = 1.1963e-04
Loss = 3.0714e-03, PNorm = 51.3512, GNorm = 1.9238, lr_0 = 1.1889e-04
Loss = 2.4075e-03, PNorm = 51.3536, GNorm = 1.5056, lr_0 = 1.1817e-04
Loss = 2.4918e-03, PNorm = 51.3561, GNorm = 1.4162, lr_0 = 1.1744e-04
Loss = 2.4343e-03, PNorm = 51.3586, GNorm = 1.1925, lr_0 = 1.1673e-04
Loss = 2.8117e-03, PNorm = 51.3615, GNorm = 1.1932, lr_0 = 1.1601e-04
Validation rmse = 1.057322
Epoch 28
Loss = 2.2142e-03, PNorm = 51.3632, GNorm = 1.2658, lr_0 = 1.1530e-04
Loss = 2.6314e-03, PNorm = 51.3636, GNorm = 0.7103, lr_0 = 1.1460e-04
Loss = 2.6391e-03, PNorm = 51.3647, GNorm = 1.0310, lr_0 = 1.1389e-04
Loss = 2.6670e-03, PNorm = 51.3666, GNorm = 0.8937, lr_0 = 1.1320e-04
Loss = 2.4211e-03, PNorm = 51.3677, GNorm = 1.8356, lr_0 = 1.1251e-04
Loss = 2.8482e-03, PNorm = 51.3690, GNorm = 0.9147, lr_0 = 1.1182e-04
Loss = 2.5578e-03, PNorm = 51.3709, GNorm = 1.3914, lr_0 = 1.1113e-04
Loss = 2.8074e-03, PNorm = 51.3734, GNorm = 1.2265, lr_0 = 1.1045e-04
Loss = 2.3053e-03, PNorm = 51.3763, GNorm = 1.7128, lr_0 = 1.0978e-04
Loss = 2.8801e-03, PNorm = 51.3780, GNorm = 0.9715, lr_0 = 1.0911e-04
Loss = 2.4468e-03, PNorm = 51.3798, GNorm = 1.6683, lr_0 = 1.0844e-04
Loss = 2.7001e-03, PNorm = 51.3814, GNorm = 1.3474, lr_0 = 1.0777e-04
Loss = 2.3466e-03, PNorm = 51.3835, GNorm = 1.7918, lr_0 = 1.0712e-04
Validation rmse = 1.095594
Epoch 29
Loss = 1.7703e-03, PNorm = 51.3858, GNorm = 0.8621, lr_0 = 1.0639e-04
Loss = 2.9036e-03, PNorm = 51.3871, GNorm = 1.7892, lr_0 = 1.0574e-04
Loss = 3.0232e-03, PNorm = 51.3901, GNorm = 1.4674, lr_0 = 1.0510e-04
Loss = 2.5454e-03, PNorm = 51.3912, GNorm = 1.5886, lr_0 = 1.0445e-04
Loss = 2.4297e-03, PNorm = 51.3920, GNorm = 1.9036, lr_0 = 1.0381e-04
Loss = 2.2445e-03, PNorm = 51.3943, GNorm = 0.9649, lr_0 = 1.0318e-04
Loss = 2.8101e-03, PNorm = 51.3963, GNorm = 0.9301, lr_0 = 1.0255e-04
Loss = 3.0428e-03, PNorm = 51.3974, GNorm = 0.7051, lr_0 = 1.0192e-04
Loss = 2.5373e-03, PNorm = 51.3998, GNorm = 1.3241, lr_0 = 1.0130e-04
Loss = 2.3549e-03, PNorm = 51.4020, GNorm = 0.7227, lr_0 = 1.0068e-04
Loss = 2.4152e-03, PNorm = 51.4036, GNorm = 0.9083, lr_0 = 1.0006e-04
Loss = 2.4552e-03, PNorm = 51.4056, GNorm = 1.2237, lr_0 = 1.0000e-04
Loss = 2.5258e-03, PNorm = 51.4060, GNorm = 1.0799, lr_0 = 1.0000e-04
Loss = 2.2567e-03, PNorm = 51.4073, GNorm = 0.9368, lr_0 = 1.0000e-04
Validation rmse = 1.061954
Model 0 best validation rmse = 0.997297 on epoch 15
Loading pretrained parameter "encoder.encoder.cached_zero_vector".
Loading pretrained parameter "encoder.encoder.W_i.weight".
Loading pretrained parameter "encoder.encoder.W_h.weight".
Loading pretrained parameter "encoder.encoder.W_o.weight".
Loading pretrained parameter "encoder.encoder.W_o.bias".
Loading pretrained parameter "ffn.1.weight".
Loading pretrained parameter "ffn.1.bias".
Loading pretrained parameter "ffn.4.weight".
Loading pretrained parameter "ffn.4.bias".
Loading pretrained parameter "ffn.7.weight".
Loading pretrained parameter "ffn.7.bias".
Moving model to cuda
Model 0 test rmse = 1.231444
Ensemble test rmse = 1.231444
1-fold cross validation
	Seed 0 ==> test rmse = 1.231444
Overall test rmse = 1.231444 +/- 0.000000
Elapsed time = 0:03:15
